#
# There is insufficient memory for the Java Runtime Environment to continue.
# Native memory allocation (malloc) failed to allocate 32744 bytes for ChunkPool::allocate
# Possible reasons:
#   The system is out of physical RAM or swap space
#   The process is running with CompressedOops enabled, and the Java Heap may be blocking the growth of the native heap
# Possible solutions:
#   Reduce memory load on the system
#   Increase physical memory or swap space
#   Check if swap backing store is full
#   Decrease Java heap size (-Xmx/-Xms)
#   Decrease number of Java threads
#   Decrease Java thread stack sizes (-Xss)
#   Set larger code cache with -XX:ReservedCodeCacheSize=
#   JVM is running with Unscaled Compressed Oops mode in which the Java heap is
#     placed in the first 4GB address space. The Java Heap base address is the
#     maximum limit for the native heap growth. Please use -XX:HeapBaseMinAddress
#     to set the Java Heap base and to place the Java Heap above 4GB virtual address.
# This output file may be truncated or incomplete.
#
#  Out of Memory Error (arena.cpp:78), pid=42612, tid=22192
#
# JRE version: Java(TM) SE Runtime Environment (17.0.10+11) (build 17.0.10+11-LTS-240)
# Java VM: Java HotSpot(TM) 64-Bit Server VM (17.0.10+11-LTS-240, mixed mode, sharing, tiered, compressed oops, compressed class ptrs, g1 gc, windows-amd64)
# No core dump will be written. Minidumps are not enabled by default on client versions of Windows
#

---------------  S U M M A R Y ------------

Command Line: --add-opens=java.base/java.util=ALL-UNNAMED --add-opens=java.base/java.lang=ALL-UNNAMED --add-opens=java.base/java.lang.invoke=ALL-UNNAMED --add-opens=java.prefs/java.util.prefs=ALL-UNNAMED --add-opens=java.base/java.nio.charset=ALL-UNNAMED --add-opens=java.base/java.net=ALL-UNNAMED --add-opens=java.base/java.util.concurrent.atomic=ALL-UNNAMED -XX:MaxMetaspaceSize=384m -XX:+HeapDumpOnOutOfMemoryError -Xms256m -Xmx512m -Dfile.encoding=x-windows-949 -Duser.country=KR -Duser.language=ko -Duser.variant -javaagent:C:\Users\user\.gradle\wrapper\dists\gradle-8.5-bin\5t9huq95ubn472n8rpzujfbqh\gradle-8.5\lib\agents\gradle-instrumentation-agent-8.5.jar org.gradle.launcher.daemon.bootstrap.GradleDaemon 8.5

Host: Intel(R) Core(TM) i5-1035G7 CPU @ 1.20GHz, 8 cores, 7G,  Windows 11 , 64 bit Build 22621 (10.0.22621.2506)
Time: Sat Mar  2 10:31:40 2024  Windows 11 , 64 bit Build 22621 (10.0.22621.2506) elapsed time: 225.729762 seconds (0d 0h 3m 45s)

---------------  T H R E A D  ---------------

Current thread (0x0000022b7fa78510):  JavaThread "C1 CompilerThread0" daemon [_thread_in_native, id=22192, stack(0x000000900b700000,0x000000900b800000)]


Current CompileTask:
C1: 225757 4345       3       sun.security.provider.MD5::implCompress0 (1407 bytes)

Stack: [0x000000900b700000,0x000000900b800000]
Native frames: (J=compiled Java code, j=interpreted, Vv=VM code, C=native code)
V  [jvm.dll+0x677a5a]
V  [jvm.dll+0x7d8b2d]
V  [jvm.dll+0x7da48e]
V  [jvm.dll+0x7daaf3]
V  [jvm.dll+0x2455ff]
V  [jvm.dll+0xaad50]
V  [jvm.dll+0xab09c]
V  [jvm.dll+0x11c015]
V  [jvm.dll+0x1798c1]
V  [jvm.dll+0x179eb3]
V  [jvm.dll+0x134e33]
V  [jvm.dll+0x13474f]
V  [jvm.dll+0x134988]
V  [jvm.dll+0x133e21]
V  [jvm.dll+0x135abd]
V  [jvm.dll+0x226aeb]
V  [jvm.dll+0x224cab]
V  [jvm.dll+0x78e45c]
V  [jvm.dll+0x78888a]
V  [jvm.dll+0x676935]
C  [ucrtbase.dll+0x29363]
C  [KERNEL32.DLL+0x1257d]
C  [ntdll.dll+0x5aa58]


---------------  P R O C E S S  ---------------

Threads class SMR info:
_java_thread_list=0x0000022b1d4ca280, length=40, elements={
0x0000022b67060e20, 0x0000022b7f945490, 0x0000022b7f949210, 0x0000022b7f9648d0,
0x0000022b7f965490, 0x0000022b7f967f60, 0x0000022b7f96a930, 0x0000022b7f96b620,
0x0000022b7fa78510, 0x0000022b7f9bea10, 0x0000022b7fb0c2c0, 0x0000022b7fbbbe90,
0x0000022b1bebe8c0, 0x0000022b1b624490, 0x0000022b1ba9b180, 0x0000022b1b473e70,
0x0000022b1b80e0b0, 0x0000022b7fdb8460, 0x0000022b7fdb8970, 0x0000022b7fdb8e80,
0x0000022b7fdb98a0, 0x0000022b7fdba2c0, 0x0000022b7fdb9db0, 0x0000022b7fdba7d0,
0x0000022b7fdb7f50, 0x0000022b7fdb7020, 0x0000022b7fdb7530, 0x0000022b7fdb7a40,
0x0000022b1c849000, 0x0000022b1c845850, 0x0000022b1c84b370, 0x0000022b1c848af0,
0x0000022b1c845d60, 0x0000022b1c847bc0, 0x0000022b1c84ae60, 0x0000022b1c8485e0,
0x0000022b1c84ccc0, 0x0000022b1c849510, 0x0000022b1c8480d0, 0x0000022b1c84b880
}

Java Threads: ( => current thread )
  0x0000022b67060e20 JavaThread "main" [_thread_blocked, id=5432, stack(0x000000900a900000,0x000000900aa00000)]
  0x0000022b7f945490 JavaThread "Reference Handler" daemon [_thread_blocked, id=28620, stack(0x000000900b000000,0x000000900b100000)]
  0x0000022b7f949210 JavaThread "Finalizer" daemon [_thread_blocked, id=18840, stack(0x000000900b100000,0x000000900b200000)]
  0x0000022b7f9648d0 JavaThread "Signal Dispatcher" daemon [_thread_blocked, id=31564, stack(0x000000900b200000,0x000000900b300000)]
  0x0000022b7f965490 JavaThread "Attach Listener" daemon [_thread_blocked, id=1632, stack(0x000000900b300000,0x000000900b400000)]
  0x0000022b7f967f60 JavaThread "Service Thread" daemon [_thread_blocked, id=2344, stack(0x000000900b400000,0x000000900b500000)]
  0x0000022b7f96a930 JavaThread "Monitor Deflation Thread" daemon [_thread_blocked, id=33544, stack(0x000000900b500000,0x000000900b600000)]
  0x0000022b7f96b620 JavaThread "C2 CompilerThread0" daemon [_thread_in_native, id=31236, stack(0x000000900b600000,0x000000900b700000)]
=>0x0000022b7fa78510 JavaThread "C1 CompilerThread0" daemon [_thread_in_native, id=22192, stack(0x000000900b700000,0x000000900b800000)]
  0x0000022b7f9bea10 JavaThread "Sweeper thread" daemon [_thread_blocked, id=36828, stack(0x000000900b800000,0x000000900b900000)]
  0x0000022b7fb0c2c0 JavaThread "Common-Cleaner" daemon [_thread_blocked, id=19360, stack(0x000000900b900000,0x000000900ba00000)]
  0x0000022b7fbbbe90 JavaThread "Notification Thread" daemon [_thread_blocked, id=23928, stack(0x000000900ba00000,0x000000900bb00000)]
  0x0000022b1bebe8c0 JavaThread "Daemon health stats" [_thread_blocked, id=20440, stack(0x000000900a700000,0x000000900a800000)]
  0x0000022b1b624490 JavaThread "Incoming local TCP Connector on port 60594" [_thread_in_native, id=38584, stack(0x000000900c200000,0x000000900c300000)]
  0x0000022b1ba9b180 JavaThread "Daemon periodic checks" [_thread_blocked, id=40004, stack(0x000000900c300000,0x000000900c400000)]
  0x0000022b1b473e70 JavaThread "Daemon" [_thread_blocked, id=40216, stack(0x000000900c500000,0x000000900c600000)]
  0x0000022b1b80e0b0 JavaThread "Handler for socket connection from /127.0.0.1:60594 to /127.0.0.1:60599" [_thread_in_native, id=42344, stack(0x000000900c600000,0x000000900c700000)]
  0x0000022b7fdb8460 JavaThread "Cancel handler" [_thread_blocked, id=1488, stack(0x000000900c700000,0x000000900c800000)]
  0x0000022b7fdb8970 JavaThread "Daemon worker" [_thread_blocked, id=37084, stack(0x000000900c800000,0x000000900c900000)]
  0x0000022b7fdb8e80 JavaThread "Asynchronous log dispatcher for DefaultDaemonConnection: socket connection from /127.0.0.1:60594 to /127.0.0.1:60599" [_thread_blocked, id=17616, stack(0x000000900c900000,0x000000900ca00000)]
  0x0000022b7fdb98a0 JavaThread "Stdin handler" [_thread_blocked, id=6604, stack(0x000000900ca00000,0x000000900cb00000)]
  0x0000022b7fdba2c0 JavaThread "Daemon client event forwarder" [_thread_blocked, id=10388, stack(0x000000900cb00000,0x000000900cc00000)]
  0x0000022b7fdb9db0 JavaThread "Cache worker for journal cache (C:\Users\user\.gradle\caches\journal-1)" [_thread_blocked, id=9840, stack(0x000000900cc00000,0x000000900cd00000)]
  0x0000022b7fdba7d0 JavaThread "File lock request listener" [_thread_in_native, id=28548, stack(0x000000900cd00000,0x000000900ce00000)]
  0x0000022b7fdb7f50 JavaThread "File lock release action executor" [_thread_blocked, id=24784, stack(0x000000900ce00000,0x000000900cf00000)]
  0x0000022b7fdb7020 JavaThread "Cache worker for file hash cache (C:\Users\user\.gradle\caches\8.5\fileHashes)" [_thread_blocked, id=21764, stack(0x000000900cf00000,0x000000900d000000)]
  0x0000022b7fdb7530 JavaThread "File watcher server" daemon [_thread_in_native, id=4348, stack(0x000000900d200000,0x000000900d300000)]
  0x0000022b7fdb7a40 JavaThread "File watcher consumer" daemon [_thread_blocked, id=33628, stack(0x000000900d300000,0x000000900d400000)]
  0x0000022b1c849000 JavaThread "Cache worker for checksums cache (C:\basket\.gradle\8.5\checksums)" [_thread_blocked, id=29896, stack(0x000000900d700000,0x000000900d800000)]
  0x0000022b1c845850 JavaThread "Cache worker for file hash cache (C:\basket\.gradle\8.5\fileHashes)" [_thread_blocked, id=9316, stack(0x000000900d800000,0x000000900d900000)]
  0x0000022b1c84b370 JavaThread "Cache worker for cache directory md-supplier (C:\Users\user\.gradle\caches\8.5\md-supplier)" [_thread_blocked, id=25488, stack(0x000000900d900000,0x000000900da00000)]
  0x0000022b1c848af0 JavaThread "Cache worker for cache directory md-rule (C:\Users\user\.gradle\caches\8.5\md-rule)" [_thread_blocked, id=17868, stack(0x000000900da00000,0x000000900db00000)]
  0x0000022b1c845d60 JavaThread "Cache worker for file content cache (C:\Users\user\.gradle\caches\8.5\fileContent)" [_thread_blocked, id=28024, stack(0x000000900db00000,0x000000900dc00000)]
  0x0000022b1c847bc0 JavaThread "Cache worker for execution history cache (C:\Users\user\.gradle\caches\8.5\executionHistory)" [_thread_blocked, id=22376, stack(0x000000900dc00000,0x000000900dd00000)]
  0x0000022b1c84ae60 JavaThread "jar transforms" [_thread_blocked, id=33872, stack(0x000000900dd00000,0x000000900de00000)]
  0x0000022b1c8485e0 JavaThread "jar transforms Thread 2" [_thread_blocked, id=21936, stack(0x000000900de00000,0x000000900df00000)]
  0x0000022b1c84ccc0 JavaThread "jar transforms Thread 3" [_thread_blocked, id=23832, stack(0x000000900a800000,0x000000900a900000)]
  0x0000022b1c849510 JavaThread "jar transforms Thread 4" [_thread_blocked, id=17996, stack(0x000000900c100000,0x000000900c200000)]
  0x0000022b1c8480d0 JavaThread "jar transforms Thread 5" [_thread_blocked, id=36972, stack(0x000000900c400000,0x000000900c500000)]
  0x0000022b1c84b880 JavaThread "jar transforms Thread 6" [_thread_blocked, id=5772, stack(0x000000900d000000,0x000000900d100000)]

Other Threads:
  0x0000022b7f940ab0 VMThread "VM Thread" [stack: 0x000000900af00000,0x000000900b000000] [id=9972]
  0x0000022b7fbbc370 WatcherThread [stack: 0x000000900bb00000,0x000000900bc00000] [id=33208]
  0x0000022b67090e70 GCTaskThread "GC Thread#0" [stack: 0x000000900aa00000,0x000000900ab00000] [id=23260]
  0x0000022b1b054630 GCTaskThread "GC Thread#1" [stack: 0x000000900bc00000,0x000000900bd00000] [id=22932]
  0x0000022b1b054d00 GCTaskThread "GC Thread#2" [stack: 0x000000900bd00000,0x000000900be00000] [id=5424]
  0x0000022b7fd82d70 GCTaskThread "GC Thread#3" [stack: 0x000000900be00000,0x000000900bf00000] [id=26636]
  0x0000022b7fd83030 GCTaskThread "GC Thread#4" [stack: 0x000000900bf00000,0x000000900c000000] [id=8324]
  0x0000022b7fd83b00 GCTaskThread "GC Thread#5" [stack: 0x000000900c000000,0x000000900c100000] [id=16832]
  0x0000022b1b4d4b30 GCTaskThread "GC Thread#6" [stack: 0x000000900d400000,0x000000900d500000] [id=19448]
  0x0000022b1b4d50b0 GCTaskThread "GC Thread#7" [stack: 0x000000900d500000,0x000000900d600000] [id=30236]
  0x0000022b67095dc0 ConcurrentGCThread "G1 Main Marker" [stack: 0x000000900ab00000,0x000000900ac00000] [id=828]
  0x0000022b670967d0 ConcurrentGCThread "G1 Conc#0" [stack: 0x000000900ac00000,0x000000900ad00000] [id=34028]
  0x0000022b1b4d5370 ConcurrentGCThread "G1 Conc#1" [stack: 0x000000900d600000,0x000000900d700000] [id=41828]
  0x0000022b6712dd90 ConcurrentGCThread "G1 Refine#0" [stack: 0x000000900ad00000,0x000000900ae00000] [id=18764]
  0x0000022b6712e7c0 ConcurrentGCThread "G1 Service" [stack: 0x000000900ae00000,0x000000900af00000] [id=20024]

Threads with active compile tasks:
C2 CompilerThread0   226184 4347       4       java.util.HashMap::afterNodeRemoval (1 bytes)
C1 CompilerThread0   226185 4345       3       sun.security.provider.MD5::implCompress0 (1407 bytes)

VM state: not at safepoint (normal execution)

VM Mutex/Monitor currently owned by a thread: None

Heap address: 0x00000000e0000000, size: 512 MB, Compressed Oops mode: 32-bit

CDS archive(s) mapped at: [0x0000022b02000000-0x0000022b02bd0000-0x0000022b02bd0000), size 12386304, SharedBaseAddress: 0x0000022b02000000, ArchiveRelocationMode: 1.
Compressed class space mapped at: 0x0000022b03000000-0x0000022b17000000, reserved size: 335544320
Narrow klass base: 0x0000022b02000000, Narrow klass shift: 0, Narrow klass range: 0x100000000

GC Precious Log:
 CPUs: 8 total, 8 available
 Memory: 7901M
 Large Page Support: Disabled
 NUMA Support: Disabled
 Compressed Oops: Enabled (32-bit)
 Heap Region Size: 1M
 Heap Min Capacity: 256M
 Heap Initial Capacity: 256M
 Heap Max Capacity: 512M
 Pre-touch: Disabled
 Parallel Workers: 8
 Concurrent Workers: 2
 Concurrent Refinement Workers: 8
 Periodic GC: Disabled

Heap:
 garbage-first heap   total 262144K, used 40561K [0x00000000e0000000, 0x0000000100000000)
  region size 1024K, 14 young (14336K), 3 survivors (3072K)
 Metaspace       used 33972K, committed 34368K, reserved 393216K
  class space    used 4682K, committed 4864K, reserved 327680K

Heap Regions: E=young(eden), S=young(survivor), O=old, HS=humongous(starts), HC=humongous(continues), CS=collection set, F=free, OA=open archive, CA=closed archive, TAMS=top-at-mark-start (previous, next)
|   0|0x00000000e0000000, 0x00000000e0100000, 0x00000000e0100000|100%|HS|  |TAMS 0x00000000e0100000, 0x00000000e0000000| Complete 
|   1|0x00000000e0100000, 0x00000000e0200000, 0x00000000e0200000|100%|HC|  |TAMS 0x00000000e0200000, 0x00000000e0100000| Complete 
|   2|0x00000000e0200000, 0x00000000e0300000, 0x00000000e0300000|100%|HC|  |TAMS 0x00000000e0300000, 0x00000000e0200000| Complete 
|   3|0x00000000e0300000, 0x00000000e0400000, 0x00000000e0400000|100%|HC|  |TAMS 0x00000000e0400000, 0x00000000e0300000| Complete 
|   4|0x00000000e0400000, 0x00000000e0500000, 0x00000000e0500000|100%| O|  |TAMS 0x00000000e0400000, 0x00000000e0400000| Untracked 
|   5|0x00000000e0500000, 0x00000000e0600000, 0x00000000e0600000|100%| O|  |TAMS 0x00000000e0600000, 0x00000000e0500000| Untracked 
|   6|0x00000000e0600000, 0x00000000e0700000, 0x00000000e0700000|100%| O|  |TAMS 0x00000000e0700000, 0x00000000e0600000| Untracked 
|   7|0x00000000e0700000, 0x00000000e0800000, 0x00000000e0800000|100%| O|  |TAMS 0x00000000e0800000, 0x00000000e0700000| Untracked 
|   8|0x00000000e0800000, 0x00000000e0900000, 0x00000000e0900000|100%| O|  |TAMS 0x00000000e0900000, 0x00000000e0800000| Untracked 
|   9|0x00000000e0900000, 0x00000000e0a00000, 0x00000000e0a00000|100%| O|  |TAMS 0x00000000e0a00000, 0x00000000e0900000| Untracked 
|  10|0x00000000e0a00000, 0x00000000e0b00000, 0x00000000e0b00000|100%| O|  |TAMS 0x00000000e0ac5400, 0x00000000e0a00000| Untracked 
|  11|0x00000000e0b00000, 0x00000000e0c00000, 0x00000000e0c00000|100%| O|  |TAMS 0x00000000e0b00000, 0x00000000e0b00000| Untracked 
|  12|0x00000000e0c00000, 0x00000000e0d00000, 0x00000000e0d00000|100%| O|  |TAMS 0x00000000e0c00000, 0x00000000e0c00000| Untracked 
|  13|0x00000000e0d00000, 0x00000000e0e00000, 0x00000000e0e00000|100%| O|  |TAMS 0x00000000e0d00000, 0x00000000e0d00000| Untracked 
|  14|0x00000000e0e00000, 0x00000000e0f00000, 0x00000000e0f00000|100%| O|  |TAMS 0x00000000e0e00000, 0x00000000e0e00000| Untracked 
|  15|0x00000000e0f00000, 0x00000000e1000000, 0x00000000e1000000|100%| O|  |TAMS 0x00000000e0f00000, 0x00000000e0f00000| Untracked 
|  16|0x00000000e1000000, 0x00000000e1100000, 0x00000000e1100000|100%| O|  |TAMS 0x00000000e1000000, 0x00000000e1000000| Untracked 
|  17|0x00000000e1100000, 0x00000000e1200000, 0x00000000e1200000|100%| O|  |TAMS 0x00000000e1100000, 0x00000000e1100000| Untracked 
|  18|0x00000000e1200000, 0x00000000e1300000, 0x00000000e1300000|100%| O|  |TAMS 0x00000000e1200000, 0x00000000e1200000| Untracked 
|  19|0x00000000e1300000, 0x00000000e1400000, 0x00000000e1400000|100%| O|  |TAMS 0x00000000e1300000, 0x00000000e1300000| Untracked 
|  20|0x00000000e1400000, 0x00000000e1500000, 0x00000000e1500000|100%| O|  |TAMS 0x00000000e1400000, 0x00000000e1400000| Untracked 
|  21|0x00000000e1500000, 0x00000000e1600000, 0x00000000e1600000|100%| O|  |TAMS 0x00000000e1500000, 0x00000000e1500000| Untracked 
|  22|0x00000000e1600000, 0x00000000e1700000, 0x00000000e1700000|100%| O|  |TAMS 0x00000000e1600000, 0x00000000e1600000| Untracked 
|  23|0x00000000e1700000, 0x00000000e1800000, 0x00000000e1800000|100%| O|  |TAMS 0x00000000e1700000, 0x00000000e1700000| Untracked 
|  24|0x00000000e1800000, 0x00000000e1900000, 0x00000000e1900000|100%| O|  |TAMS 0x00000000e1800000, 0x00000000e1800000| Untracked 
|  25|0x00000000e1900000, 0x00000000e1a00000, 0x00000000e1a00000|100%| O|  |TAMS 0x00000000e1900000, 0x00000000e1900000| Untracked 
|  26|0x00000000e1a00000, 0x00000000e1a9c600, 0x00000000e1b00000| 61%| O|  |TAMS 0x00000000e1a00000, 0x00000000e1a00000| Untracked 
|  27|0x00000000e1b00000, 0x00000000e1b00000, 0x00000000e1c00000|  0%| F|  |TAMS 0x00000000e1b00000, 0x00000000e1b00000| Untracked 
|  28|0x00000000e1c00000, 0x00000000e1c00000, 0x00000000e1d00000|  0%| F|  |TAMS 0x00000000e1c00000, 0x00000000e1c00000| Untracked 
|  29|0x00000000e1d00000, 0x00000000e1d00000, 0x00000000e1e00000|  0%| F|  |TAMS 0x00000000e1d00000, 0x00000000e1d00000| Untracked 
|  30|0x00000000e1e00000, 0x00000000e1e00000, 0x00000000e1f00000|  0%| F|  |TAMS 0x00000000e1e00000, 0x00000000e1e00000| Untracked 
|  31|0x00000000e1f00000, 0x00000000e1f00000, 0x00000000e2000000|  0%| F|  |TAMS 0x00000000e1f00000, 0x00000000e1f00000| Untracked 
|  32|0x00000000e2000000, 0x00000000e2000000, 0x00000000e2100000|  0%| F|  |TAMS 0x00000000e2000000, 0x00000000e2000000| Untracked 
|  33|0x00000000e2100000, 0x00000000e2100000, 0x00000000e2200000|  0%| F|  |TAMS 0x00000000e2100000, 0x00000000e2100000| Untracked 
|  34|0x00000000e2200000, 0x00000000e2200000, 0x00000000e2300000|  0%| F|  |TAMS 0x00000000e2200000, 0x00000000e2200000| Untracked 
|  35|0x00000000e2300000, 0x00000000e2300000, 0x00000000e2400000|  0%| F|  |TAMS 0x00000000e2300000, 0x00000000e2300000| Untracked 
|  36|0x00000000e2400000, 0x00000000e2400000, 0x00000000e2500000|  0%| F|  |TAMS 0x00000000e2400000, 0x00000000e2400000| Untracked 
|  37|0x00000000e2500000, 0x00000000e2500000, 0x00000000e2600000|  0%| F|  |TAMS 0x00000000e2500000, 0x00000000e2500000| Untracked 
|  38|0x00000000e2600000, 0x00000000e2600000, 0x00000000e2700000|  0%| F|  |TAMS 0x00000000e2600000, 0x00000000e2600000| Untracked 
|  39|0x00000000e2700000, 0x00000000e2700000, 0x00000000e2800000|  0%| F|  |TAMS 0x00000000e2700000, 0x00000000e2700000| Untracked 
|  40|0x00000000e2800000, 0x00000000e2800000, 0x00000000e2900000|  0%| F|  |TAMS 0x00000000e2800000, 0x00000000e2800000| Untracked 
|  41|0x00000000e2900000, 0x00000000e2900000, 0x00000000e2a00000|  0%| F|  |TAMS 0x00000000e2900000, 0x00000000e2900000| Untracked 
|  42|0x00000000e2a00000, 0x00000000e2a00000, 0x00000000e2b00000|  0%| F|  |TAMS 0x00000000e2a00000, 0x00000000e2a00000| Untracked 
|  43|0x00000000e2b00000, 0x00000000e2b00000, 0x00000000e2c00000|  0%| F|  |TAMS 0x00000000e2b00000, 0x00000000e2b00000| Untracked 
|  44|0x00000000e2c00000, 0x00000000e2c00000, 0x00000000e2d00000|  0%| F|  |TAMS 0x00000000e2c00000, 0x00000000e2c00000| Untracked 
|  45|0x00000000e2d00000, 0x00000000e2d00000, 0x00000000e2e00000|  0%| F|  |TAMS 0x00000000e2d00000, 0x00000000e2d00000| Untracked 
|  46|0x00000000e2e00000, 0x00000000e2e00000, 0x00000000e2f00000|  0%| F|  |TAMS 0x00000000e2e00000, 0x00000000e2e00000| Untracked 
|  47|0x00000000e2f00000, 0x00000000e2f00000, 0x00000000e3000000|  0%| F|  |TAMS 0x00000000e2f00000, 0x00000000e2f00000| Untracked 
|  48|0x00000000e3000000, 0x00000000e3000000, 0x00000000e3100000|  0%| F|  |TAMS 0x00000000e3000000, 0x00000000e3000000| Untracked 
|  49|0x00000000e3100000, 0x00000000e3100000, 0x00000000e3200000|  0%| F|  |TAMS 0x00000000e3100000, 0x00000000e3100000| Untracked 
|  50|0x00000000e3200000, 0x00000000e3200000, 0x00000000e3300000|  0%| F|  |TAMS 0x00000000e3200000, 0x00000000e3200000| Untracked 
|  51|0x00000000e3300000, 0x00000000e3300000, 0x00000000e3400000|  0%| F|  |TAMS 0x00000000e3300000, 0x00000000e3300000| Untracked 
|  52|0x00000000e3400000, 0x00000000e3400000, 0x00000000e3500000|  0%| F|  |TAMS 0x00000000e3400000, 0x00000000e3400000| Untracked 
|  53|0x00000000e3500000, 0x00000000e3500000, 0x00000000e3600000|  0%| F|  |TAMS 0x00000000e3500000, 0x00000000e3500000| Untracked 
|  54|0x00000000e3600000, 0x00000000e3600000, 0x00000000e3700000|  0%| F|  |TAMS 0x00000000e3600000, 0x00000000e3600000| Untracked 
|  55|0x00000000e3700000, 0x00000000e3700000, 0x00000000e3800000|  0%| F|  |TAMS 0x00000000e3700000, 0x00000000e3700000| Untracked 
|  56|0x00000000e3800000, 0x00000000e3800000, 0x00000000e3900000|  0%| F|  |TAMS 0x00000000e3800000, 0x00000000e3800000| Untracked 
|  57|0x00000000e3900000, 0x00000000e3900000, 0x00000000e3a00000|  0%| F|  |TAMS 0x00000000e3900000, 0x00000000e3900000| Untracked 
|  58|0x00000000e3a00000, 0x00000000e3a00000, 0x00000000e3b00000|  0%| F|  |TAMS 0x00000000e3a00000, 0x00000000e3a00000| Untracked 
|  59|0x00000000e3b00000, 0x00000000e3b00000, 0x00000000e3c00000|  0%| F|  |TAMS 0x00000000e3b00000, 0x00000000e3b00000| Untracked 
|  60|0x00000000e3c00000, 0x00000000e3c00000, 0x00000000e3d00000|  0%| F|  |TAMS 0x00000000e3c00000, 0x00000000e3c00000| Untracked 
|  61|0x00000000e3d00000, 0x00000000e3d00000, 0x00000000e3e00000|  0%| F|  |TAMS 0x00000000e3d00000, 0x00000000e3d00000| Untracked 
|  62|0x00000000e3e00000, 0x00000000e3e00000, 0x00000000e3f00000|  0%| F|  |TAMS 0x00000000e3e00000, 0x00000000e3e00000| Untracked 
|  63|0x00000000e3f00000, 0x00000000e3f00000, 0x00000000e4000000|  0%| F|  |TAMS 0x00000000e3f00000, 0x00000000e3f00000| Untracked 
|  64|0x00000000e4000000, 0x00000000e4000000, 0x00000000e4100000|  0%| F|  |TAMS 0x00000000e4000000, 0x00000000e4000000| Untracked 
|  65|0x00000000e4100000, 0x00000000e4100000, 0x00000000e4200000|  0%| F|  |TAMS 0x00000000e4100000, 0x00000000e4100000| Untracked 
|  66|0x00000000e4200000, 0x00000000e4200000, 0x00000000e4300000|  0%| F|  |TAMS 0x00000000e4200000, 0x00000000e4200000| Untracked 
|  67|0x00000000e4300000, 0x00000000e4300000, 0x00000000e4400000|  0%| F|  |TAMS 0x00000000e4300000, 0x00000000e4300000| Untracked 
|  68|0x00000000e4400000, 0x00000000e4400000, 0x00000000e4500000|  0%| F|  |TAMS 0x00000000e4400000, 0x00000000e4400000| Untracked 
|  69|0x00000000e4500000, 0x00000000e4500000, 0x00000000e4600000|  0%| F|  |TAMS 0x00000000e4500000, 0x00000000e4500000| Untracked 
|  70|0x00000000e4600000, 0x00000000e4600000, 0x00000000e4700000|  0%| F|  |TAMS 0x00000000e4600000, 0x00000000e4600000| Untracked 
|  71|0x00000000e4700000, 0x00000000e4700000, 0x00000000e4800000|  0%| F|  |TAMS 0x00000000e4700000, 0x00000000e4700000| Untracked 
|  72|0x00000000e4800000, 0x00000000e4800000, 0x00000000e4900000|  0%| F|  |TAMS 0x00000000e4800000, 0x00000000e4800000| Untracked 
|  73|0x00000000e4900000, 0x00000000e4900000, 0x00000000e4a00000|  0%| F|  |TAMS 0x00000000e4900000, 0x00000000e4900000| Untracked 
|  74|0x00000000e4a00000, 0x00000000e4a00000, 0x00000000e4b00000|  0%| F|  |TAMS 0x00000000e4a00000, 0x00000000e4a00000| Untracked 
|  75|0x00000000e4b00000, 0x00000000e4b00000, 0x00000000e4c00000|  0%| F|  |TAMS 0x00000000e4b00000, 0x00000000e4b00000| Untracked 
|  76|0x00000000e4c00000, 0x00000000e4c00000, 0x00000000e4d00000|  0%| F|  |TAMS 0x00000000e4c00000, 0x00000000e4c00000| Untracked 
|  77|0x00000000e4d00000, 0x00000000e4d00000, 0x00000000e4e00000|  0%| F|  |TAMS 0x00000000e4d00000, 0x00000000e4d00000| Untracked 
|  78|0x00000000e4e00000, 0x00000000e4e00000, 0x00000000e4f00000|  0%| F|  |TAMS 0x00000000e4e00000, 0x00000000e4e00000| Untracked 
|  79|0x00000000e4f00000, 0x00000000e4f00000, 0x00000000e5000000|  0%| F|  |TAMS 0x00000000e4f00000, 0x00000000e4f00000| Untracked 
|  80|0x00000000e5000000, 0x00000000e5000000, 0x00000000e5100000|  0%| F|  |TAMS 0x00000000e5000000, 0x00000000e5000000| Untracked 
|  81|0x00000000e5100000, 0x00000000e5100000, 0x00000000e5200000|  0%| F|  |TAMS 0x00000000e5100000, 0x00000000e5100000| Untracked 
|  82|0x00000000e5200000, 0x00000000e5200000, 0x00000000e5300000|  0%| F|  |TAMS 0x00000000e5200000, 0x00000000e5200000| Untracked 
|  83|0x00000000e5300000, 0x00000000e5300000, 0x00000000e5400000|  0%| F|  |TAMS 0x00000000e5300000, 0x00000000e5300000| Untracked 
|  84|0x00000000e5400000, 0x00000000e5400000, 0x00000000e5500000|  0%| F|  |TAMS 0x00000000e5400000, 0x00000000e5400000| Untracked 
|  85|0x00000000e5500000, 0x00000000e5500000, 0x00000000e5600000|  0%| F|  |TAMS 0x00000000e5500000, 0x00000000e5500000| Untracked 
|  86|0x00000000e5600000, 0x00000000e5600000, 0x00000000e5700000|  0%| F|  |TAMS 0x00000000e5600000, 0x00000000e5600000| Untracked 
|  87|0x00000000e5700000, 0x00000000e5700000, 0x00000000e5800000|  0%| F|  |TAMS 0x00000000e5700000, 0x00000000e5700000| Untracked 
|  88|0x00000000e5800000, 0x00000000e5800000, 0x00000000e5900000|  0%| F|  |TAMS 0x00000000e5800000, 0x00000000e5800000| Untracked 
|  89|0x00000000e5900000, 0x00000000e5900000, 0x00000000e5a00000|  0%| F|  |TAMS 0x00000000e5900000, 0x00000000e5900000| Untracked 
|  90|0x00000000e5a00000, 0x00000000e5a00000, 0x00000000e5b00000|  0%| F|  |TAMS 0x00000000e5a00000, 0x00000000e5a00000| Untracked 
|  91|0x00000000e5b00000, 0x00000000e5b00000, 0x00000000e5c00000|  0%| F|  |TAMS 0x00000000e5b00000, 0x00000000e5b00000| Untracked 
|  92|0x00000000e5c00000, 0x00000000e5c00000, 0x00000000e5d00000|  0%| F|  |TAMS 0x00000000e5c00000, 0x00000000e5c00000| Untracked 
|  93|0x00000000e5d00000, 0x00000000e5d00000, 0x00000000e5e00000|  0%| F|  |TAMS 0x00000000e5d00000, 0x00000000e5d00000| Untracked 
|  94|0x00000000e5e00000, 0x00000000e5e00000, 0x00000000e5f00000|  0%| F|  |TAMS 0x00000000e5e00000, 0x00000000e5e00000| Untracked 
|  95|0x00000000e5f00000, 0x00000000e5f00000, 0x00000000e6000000|  0%| F|  |TAMS 0x00000000e5f00000, 0x00000000e5f00000| Untracked 
|  96|0x00000000e6000000, 0x00000000e6000000, 0x00000000e6100000|  0%| F|  |TAMS 0x00000000e6000000, 0x00000000e6000000| Untracked 
|  97|0x00000000e6100000, 0x00000000e6100000, 0x00000000e6200000|  0%| F|  |TAMS 0x00000000e6100000, 0x00000000e6100000| Untracked 
|  98|0x00000000e6200000, 0x00000000e6200000, 0x00000000e6300000|  0%| F|  |TAMS 0x00000000e6200000, 0x00000000e6200000| Untracked 
|  99|0x00000000e6300000, 0x00000000e6300000, 0x00000000e6400000|  0%| F|  |TAMS 0x00000000e6300000, 0x00000000e6300000| Untracked 
| 100|0x00000000e6400000, 0x00000000e6400000, 0x00000000e6500000|  0%| F|  |TAMS 0x00000000e6400000, 0x00000000e6400000| Untracked 
| 101|0x00000000e6500000, 0x00000000e6500000, 0x00000000e6600000|  0%| F|  |TAMS 0x00000000e6500000, 0x00000000e6500000| Untracked 
| 102|0x00000000e6600000, 0x00000000e6600000, 0x00000000e6700000|  0%| F|  |TAMS 0x00000000e6600000, 0x00000000e6600000| Untracked 
| 103|0x00000000e6700000, 0x00000000e6700000, 0x00000000e6800000|  0%| F|  |TAMS 0x00000000e6700000, 0x00000000e6700000| Untracked 
| 104|0x00000000e6800000, 0x00000000e6800000, 0x00000000e6900000|  0%| F|  |TAMS 0x00000000e6800000, 0x00000000e6800000| Untracked 
| 105|0x00000000e6900000, 0x00000000e6900000, 0x00000000e6a00000|  0%| F|  |TAMS 0x00000000e6900000, 0x00000000e6900000| Untracked 
| 106|0x00000000e6a00000, 0x00000000e6a00000, 0x00000000e6b00000|  0%| F|  |TAMS 0x00000000e6a00000, 0x00000000e6a00000| Untracked 
| 107|0x00000000e6b00000, 0x00000000e6b00000, 0x00000000e6c00000|  0%| F|  |TAMS 0x00000000e6b00000, 0x00000000e6b00000| Untracked 
| 108|0x00000000e6c00000, 0x00000000e6c00000, 0x00000000e6d00000|  0%| F|  |TAMS 0x00000000e6c00000, 0x00000000e6c00000| Untracked 
| 109|0x00000000e6d00000, 0x00000000e6d00000, 0x00000000e6e00000|  0%| F|  |TAMS 0x00000000e6d00000, 0x00000000e6d00000| Untracked 
| 110|0x00000000e6e00000, 0x00000000e6e00000, 0x00000000e6f00000|  0%| F|  |TAMS 0x00000000e6e00000, 0x00000000e6e00000| Untracked 
| 111|0x00000000e6f00000, 0x00000000e6f00000, 0x00000000e7000000|  0%| F|  |TAMS 0x00000000e6f00000, 0x00000000e6f00000| Untracked 
| 112|0x00000000e7000000, 0x00000000e7000000, 0x00000000e7100000|  0%| F|  |TAMS 0x00000000e7000000, 0x00000000e7000000| Untracked 
| 113|0x00000000e7100000, 0x00000000e7100000, 0x00000000e7200000|  0%| F|  |TAMS 0x00000000e7100000, 0x00000000e7100000| Untracked 
| 114|0x00000000e7200000, 0x00000000e7200000, 0x00000000e7300000|  0%| F|  |TAMS 0x00000000e7200000, 0x00000000e7200000| Untracked 
| 115|0x00000000e7300000, 0x00000000e7300000, 0x00000000e7400000|  0%| F|  |TAMS 0x00000000e7300000, 0x00000000e7300000| Untracked 
| 116|0x00000000e7400000, 0x00000000e7400000, 0x00000000e7500000|  0%| F|  |TAMS 0x00000000e7400000, 0x00000000e7400000| Untracked 
| 117|0x00000000e7500000, 0x00000000e7500000, 0x00000000e7600000|  0%| F|  |TAMS 0x00000000e7500000, 0x00000000e7500000| Untracked 
| 118|0x00000000e7600000, 0x00000000e7600000, 0x00000000e7700000|  0%| F|  |TAMS 0x00000000e7600000, 0x00000000e7600000| Untracked 
| 119|0x00000000e7700000, 0x00000000e7700000, 0x00000000e7800000|  0%| F|  |TAMS 0x00000000e7700000, 0x00000000e7700000| Untracked 
| 120|0x00000000e7800000, 0x00000000e7800000, 0x00000000e7900000|  0%| F|  |TAMS 0x00000000e7800000, 0x00000000e7800000| Untracked 
| 121|0x00000000e7900000, 0x00000000e7900000, 0x00000000e7a00000|  0%| F|  |TAMS 0x00000000e7900000, 0x00000000e7900000| Untracked 
| 122|0x00000000e7a00000, 0x00000000e7a00000, 0x00000000e7b00000|  0%| F|  |TAMS 0x00000000e7a00000, 0x00000000e7a00000| Untracked 
| 123|0x00000000e7b00000, 0x00000000e7b00000, 0x00000000e7c00000|  0%| F|  |TAMS 0x00000000e7b00000, 0x00000000e7b00000| Untracked 
| 124|0x00000000e7c00000, 0x00000000e7c00000, 0x00000000e7d00000|  0%| F|  |TAMS 0x00000000e7c00000, 0x00000000e7c00000| Untracked 
| 125|0x00000000e7d00000, 0x00000000e7d00000, 0x00000000e7e00000|  0%| F|  |TAMS 0x00000000e7d00000, 0x00000000e7d00000| Untracked 
| 126|0x00000000e7e00000, 0x00000000e7e00000, 0x00000000e7f00000|  0%| F|  |TAMS 0x00000000e7e00000, 0x00000000e7e00000| Untracked 
| 127|0x00000000e7f00000, 0x00000000e7f00000, 0x00000000e8000000|  0%| F|  |TAMS 0x00000000e7f00000, 0x00000000e7f00000| Untracked 
| 128|0x00000000e8000000, 0x00000000e8000000, 0x00000000e8100000|  0%| F|  |TAMS 0x00000000e8000000, 0x00000000e8000000| Untracked 
| 129|0x00000000e8100000, 0x00000000e8100000, 0x00000000e8200000|  0%| F|  |TAMS 0x00000000e8100000, 0x00000000e8100000| Untracked 
| 130|0x00000000e8200000, 0x00000000e8200000, 0x00000000e8300000|  0%| F|  |TAMS 0x00000000e8200000, 0x00000000e8200000| Untracked 
| 131|0x00000000e8300000, 0x00000000e8300000, 0x00000000e8400000|  0%| F|  |TAMS 0x00000000e8300000, 0x00000000e8300000| Untracked 
| 132|0x00000000e8400000, 0x00000000e8400000, 0x00000000e8500000|  0%| F|  |TAMS 0x00000000e8400000, 0x00000000e8400000| Untracked 
| 133|0x00000000e8500000, 0x00000000e8500000, 0x00000000e8600000|  0%| F|  |TAMS 0x00000000e8500000, 0x00000000e8500000| Untracked 
| 134|0x00000000e8600000, 0x00000000e8600000, 0x00000000e8700000|  0%| F|  |TAMS 0x00000000e8600000, 0x00000000e8600000| Untracked 
| 135|0x00000000e8700000, 0x00000000e8700000, 0x00000000e8800000|  0%| F|  |TAMS 0x00000000e8700000, 0x00000000e8700000| Untracked 
| 136|0x00000000e8800000, 0x00000000e8800000, 0x00000000e8900000|  0%| F|  |TAMS 0x00000000e8800000, 0x00000000e8800000| Untracked 
| 137|0x00000000e8900000, 0x00000000e8900000, 0x00000000e8a00000|  0%| F|  |TAMS 0x00000000e8900000, 0x00000000e8900000| Untracked 
| 138|0x00000000e8a00000, 0x00000000e8a00000, 0x00000000e8b00000|  0%| F|  |TAMS 0x00000000e8a00000, 0x00000000e8a00000| Untracked 
| 139|0x00000000e8b00000, 0x00000000e8b00000, 0x00000000e8c00000|  0%| F|  |TAMS 0x00000000e8b00000, 0x00000000e8b00000| Untracked 
| 140|0x00000000e8c00000, 0x00000000e8c00000, 0x00000000e8d00000|  0%| F|  |TAMS 0x00000000e8c00000, 0x00000000e8c00000| Untracked 
| 141|0x00000000e8d00000, 0x00000000e8d00000, 0x00000000e8e00000|  0%| F|  |TAMS 0x00000000e8d00000, 0x00000000e8d00000| Untracked 
| 142|0x00000000e8e00000, 0x00000000e8e00000, 0x00000000e8f00000|  0%| F|  |TAMS 0x00000000e8e00000, 0x00000000e8e00000| Untracked 
| 143|0x00000000e8f00000, 0x00000000e8f00000, 0x00000000e9000000|  0%| F|  |TAMS 0x00000000e8f00000, 0x00000000e8f00000| Untracked 
| 144|0x00000000e9000000, 0x00000000e9000000, 0x00000000e9100000|  0%| F|  |TAMS 0x00000000e9000000, 0x00000000e9000000| Untracked 
| 145|0x00000000e9100000, 0x00000000e9100000, 0x00000000e9200000|  0%| F|  |TAMS 0x00000000e9100000, 0x00000000e9100000| Untracked 
| 146|0x00000000e9200000, 0x00000000e9200000, 0x00000000e9300000|  0%| F|  |TAMS 0x00000000e9200000, 0x00000000e9200000| Untracked 
| 147|0x00000000e9300000, 0x00000000e9300000, 0x00000000e9400000|  0%| F|  |TAMS 0x00000000e9300000, 0x00000000e9300000| Untracked 
| 148|0x00000000e9400000, 0x00000000e9400000, 0x00000000e9500000|  0%| F|  |TAMS 0x00000000e9400000, 0x00000000e9400000| Untracked 
| 149|0x00000000e9500000, 0x00000000e9500000, 0x00000000e9600000|  0%| F|  |TAMS 0x00000000e9500000, 0x00000000e9500000| Untracked 
| 150|0x00000000e9600000, 0x00000000e9600000, 0x00000000e9700000|  0%| F|  |TAMS 0x00000000e9600000, 0x00000000e9600000| Untracked 
| 151|0x00000000e9700000, 0x00000000e9700000, 0x00000000e9800000|  0%| F|  |TAMS 0x00000000e9700000, 0x00000000e9700000| Untracked 
| 152|0x00000000e9800000, 0x00000000e9800000, 0x00000000e9900000|  0%| F|  |TAMS 0x00000000e9800000, 0x00000000e9800000| Untracked 
| 153|0x00000000e9900000, 0x00000000e9900000, 0x00000000e9a00000|  0%| F|  |TAMS 0x00000000e9900000, 0x00000000e9900000| Untracked 
| 154|0x00000000e9a00000, 0x00000000e9a00000, 0x00000000e9b00000|  0%| F|  |TAMS 0x00000000e9a00000, 0x00000000e9a00000| Untracked 
| 155|0x00000000e9b00000, 0x00000000e9b00000, 0x00000000e9c00000|  0%| F|  |TAMS 0x00000000e9b00000, 0x00000000e9b00000| Untracked 
| 156|0x00000000e9c00000, 0x00000000e9c00000, 0x00000000e9d00000|  0%| F|  |TAMS 0x00000000e9c00000, 0x00000000e9c00000| Untracked 
| 157|0x00000000e9d00000, 0x00000000e9d00000, 0x00000000e9e00000|  0%| F|  |TAMS 0x00000000e9d00000, 0x00000000e9d00000| Untracked 
| 158|0x00000000e9e00000, 0x00000000e9e00000, 0x00000000e9f00000|  0%| F|  |TAMS 0x00000000e9e00000, 0x00000000e9e00000| Untracked 
| 159|0x00000000e9f00000, 0x00000000e9f00000, 0x00000000ea000000|  0%| F|  |TAMS 0x00000000e9f00000, 0x00000000e9f00000| Untracked 
| 160|0x00000000ea000000, 0x00000000ea000000, 0x00000000ea100000|  0%| F|  |TAMS 0x00000000ea000000, 0x00000000ea000000| Untracked 
| 161|0x00000000ea100000, 0x00000000ea100000, 0x00000000ea200000|  0%| F|  |TAMS 0x00000000ea100000, 0x00000000ea100000| Untracked 
| 162|0x00000000ea200000, 0x00000000ea200000, 0x00000000ea300000|  0%| F|  |TAMS 0x00000000ea200000, 0x00000000ea200000| Untracked 
| 163|0x00000000ea300000, 0x00000000ea300000, 0x00000000ea400000|  0%| F|  |TAMS 0x00000000ea300000, 0x00000000ea300000| Untracked 
| 164|0x00000000ea400000, 0x00000000ea400000, 0x00000000ea500000|  0%| F|  |TAMS 0x00000000ea400000, 0x00000000ea400000| Untracked 
| 165|0x00000000ea500000, 0x00000000ea500000, 0x00000000ea600000|  0%| F|  |TAMS 0x00000000ea500000, 0x00000000ea500000| Untracked 
| 166|0x00000000ea600000, 0x00000000ea600000, 0x00000000ea700000|  0%| F|  |TAMS 0x00000000ea600000, 0x00000000ea600000| Untracked 
| 167|0x00000000ea700000, 0x00000000ea700000, 0x00000000ea800000|  0%| F|  |TAMS 0x00000000ea700000, 0x00000000ea700000| Untracked 
| 168|0x00000000ea800000, 0x00000000ea800000, 0x00000000ea900000|  0%| F|  |TAMS 0x00000000ea800000, 0x00000000ea800000| Untracked 
| 169|0x00000000ea900000, 0x00000000ea900000, 0x00000000eaa00000|  0%| F|  |TAMS 0x00000000ea900000, 0x00000000ea900000| Untracked 
| 170|0x00000000eaa00000, 0x00000000eaa00000, 0x00000000eab00000|  0%| F|  |TAMS 0x00000000eaa00000, 0x00000000eaa00000| Untracked 
| 171|0x00000000eab00000, 0x00000000eab00000, 0x00000000eac00000|  0%| F|  |TAMS 0x00000000eab00000, 0x00000000eab00000| Untracked 
| 172|0x00000000eac00000, 0x00000000eac00000, 0x00000000ead00000|  0%| F|  |TAMS 0x00000000eac00000, 0x00000000eac00000| Untracked 
| 173|0x00000000ead00000, 0x00000000ead00000, 0x00000000eae00000|  0%| F|  |TAMS 0x00000000ead00000, 0x00000000ead00000| Untracked 
| 174|0x00000000eae00000, 0x00000000eae00000, 0x00000000eaf00000|  0%| F|  |TAMS 0x00000000eae00000, 0x00000000eae00000| Untracked 
| 175|0x00000000eaf00000, 0x00000000eaf00000, 0x00000000eb000000|  0%| F|  |TAMS 0x00000000eaf00000, 0x00000000eaf00000| Untracked 
| 176|0x00000000eb000000, 0x00000000eb000000, 0x00000000eb100000|  0%| F|  |TAMS 0x00000000eb000000, 0x00000000eb000000| Untracked 
| 177|0x00000000eb100000, 0x00000000eb100000, 0x00000000eb200000|  0%| F|  |TAMS 0x00000000eb100000, 0x00000000eb100000| Untracked 
| 178|0x00000000eb200000, 0x00000000eb200000, 0x00000000eb300000|  0%| F|  |TAMS 0x00000000eb200000, 0x00000000eb200000| Untracked 
| 179|0x00000000eb300000, 0x00000000eb300000, 0x00000000eb400000|  0%| F|  |TAMS 0x00000000eb300000, 0x00000000eb300000| Untracked 
| 180|0x00000000eb400000, 0x00000000eb400000, 0x00000000eb500000|  0%| F|  |TAMS 0x00000000eb400000, 0x00000000eb400000| Untracked 
| 181|0x00000000eb500000, 0x00000000eb500000, 0x00000000eb600000|  0%| F|  |TAMS 0x00000000eb500000, 0x00000000eb500000| Untracked 
| 182|0x00000000eb600000, 0x00000000eb600000, 0x00000000eb700000|  0%| F|  |TAMS 0x00000000eb600000, 0x00000000eb600000| Untracked 
| 183|0x00000000eb700000, 0x00000000eb700000, 0x00000000eb800000|  0%| F|  |TAMS 0x00000000eb700000, 0x00000000eb700000| Untracked 
| 184|0x00000000eb800000, 0x00000000eb800000, 0x00000000eb900000|  0%| F|  |TAMS 0x00000000eb800000, 0x00000000eb800000| Untracked 
| 185|0x00000000eb900000, 0x00000000eb900000, 0x00000000eba00000|  0%| F|  |TAMS 0x00000000eb900000, 0x00000000eb900000| Untracked 
| 186|0x00000000eba00000, 0x00000000eba00000, 0x00000000ebb00000|  0%| F|  |TAMS 0x00000000eba00000, 0x00000000eba00000| Untracked 
| 187|0x00000000ebb00000, 0x00000000ebb00000, 0x00000000ebc00000|  0%| F|  |TAMS 0x00000000ebb00000, 0x00000000ebb00000| Untracked 
| 188|0x00000000ebc00000, 0x00000000ebc00000, 0x00000000ebd00000|  0%| F|  |TAMS 0x00000000ebc00000, 0x00000000ebc00000| Untracked 
| 189|0x00000000ebd00000, 0x00000000ebd00000, 0x00000000ebe00000|  0%| F|  |TAMS 0x00000000ebd00000, 0x00000000ebd00000| Untracked 
| 190|0x00000000ebe00000, 0x00000000ebe00000, 0x00000000ebf00000|  0%| F|  |TAMS 0x00000000ebe00000, 0x00000000ebe00000| Untracked 
| 191|0x00000000ebf00000, 0x00000000ebf00000, 0x00000000ec000000|  0%| F|  |TAMS 0x00000000ebf00000, 0x00000000ebf00000| Untracked 
| 192|0x00000000ec000000, 0x00000000ec000000, 0x00000000ec100000|  0%| F|  |TAMS 0x00000000ec000000, 0x00000000ec000000| Untracked 
| 193|0x00000000ec100000, 0x00000000ec100000, 0x00000000ec200000|  0%| F|  |TAMS 0x00000000ec100000, 0x00000000ec100000| Untracked 
| 194|0x00000000ec200000, 0x00000000ec200000, 0x00000000ec300000|  0%| F|  |TAMS 0x00000000ec200000, 0x00000000ec200000| Untracked 
| 195|0x00000000ec300000, 0x00000000ec300000, 0x00000000ec400000|  0%| F|  |TAMS 0x00000000ec300000, 0x00000000ec300000| Untracked 
| 196|0x00000000ec400000, 0x00000000ec400000, 0x00000000ec500000|  0%| F|  |TAMS 0x00000000ec400000, 0x00000000ec400000| Untracked 
| 197|0x00000000ec500000, 0x00000000ec500000, 0x00000000ec600000|  0%| F|  |TAMS 0x00000000ec500000, 0x00000000ec500000| Untracked 
| 198|0x00000000ec600000, 0x00000000ec600000, 0x00000000ec700000|  0%| F|  |TAMS 0x00000000ec600000, 0x00000000ec600000| Untracked 
| 199|0x00000000ec700000, 0x00000000ec700000, 0x00000000ec800000|  0%| F|  |TAMS 0x00000000ec700000, 0x00000000ec700000| Untracked 
| 200|0x00000000ec800000, 0x00000000ec800000, 0x00000000ec900000|  0%| F|  |TAMS 0x00000000ec800000, 0x00000000ec800000| Untracked 
| 201|0x00000000ec900000, 0x00000000ec900000, 0x00000000eca00000|  0%| F|  |TAMS 0x00000000ec900000, 0x00000000ec900000| Untracked 
| 202|0x00000000eca00000, 0x00000000eca00000, 0x00000000ecb00000|  0%| F|  |TAMS 0x00000000eca00000, 0x00000000eca00000| Untracked 
| 203|0x00000000ecb00000, 0x00000000ecb00000, 0x00000000ecc00000|  0%| F|  |TAMS 0x00000000ecb00000, 0x00000000ecb00000| Untracked 
| 204|0x00000000ecc00000, 0x00000000ecc00000, 0x00000000ecd00000|  0%| F|  |TAMS 0x00000000ecc00000, 0x00000000ecc00000| Untracked 
| 205|0x00000000ecd00000, 0x00000000ecd00000, 0x00000000ece00000|  0%| F|  |TAMS 0x00000000ecd00000, 0x00000000ecd00000| Untracked 
| 206|0x00000000ece00000, 0x00000000ece00000, 0x00000000ecf00000|  0%| F|  |TAMS 0x00000000ece00000, 0x00000000ece00000| Untracked 
| 207|0x00000000ecf00000, 0x00000000ecf00000, 0x00000000ed000000|  0%| F|  |TAMS 0x00000000ecf00000, 0x00000000ecf00000| Untracked 
| 208|0x00000000ed000000, 0x00000000ed000000, 0x00000000ed100000|  0%| F|  |TAMS 0x00000000ed000000, 0x00000000ed000000| Untracked 
| 209|0x00000000ed100000, 0x00000000ed100000, 0x00000000ed200000|  0%| F|  |TAMS 0x00000000ed100000, 0x00000000ed100000| Untracked 
| 210|0x00000000ed200000, 0x00000000ed200000, 0x00000000ed300000|  0%| F|  |TAMS 0x00000000ed200000, 0x00000000ed200000| Untracked 
| 211|0x00000000ed300000, 0x00000000ed300000, 0x00000000ed400000|  0%| F|  |TAMS 0x00000000ed300000, 0x00000000ed300000| Untracked 
| 212|0x00000000ed400000, 0x00000000ed400000, 0x00000000ed500000|  0%| F|  |TAMS 0x00000000ed400000, 0x00000000ed400000| Untracked 
| 213|0x00000000ed500000, 0x00000000ed500000, 0x00000000ed600000|  0%| F|  |TAMS 0x00000000ed500000, 0x00000000ed500000| Untracked 
| 214|0x00000000ed600000, 0x00000000ed600000, 0x00000000ed700000|  0%| F|  |TAMS 0x00000000ed600000, 0x00000000ed600000| Untracked 
| 215|0x00000000ed700000, 0x00000000ed700000, 0x00000000ed800000|  0%| F|  |TAMS 0x00000000ed700000, 0x00000000ed700000| Untracked 
| 216|0x00000000ed800000, 0x00000000ed800000, 0x00000000ed900000|  0%| F|  |TAMS 0x00000000ed800000, 0x00000000ed800000| Untracked 
| 217|0x00000000ed900000, 0x00000000ed900000, 0x00000000eda00000|  0%| F|  |TAMS 0x00000000ed900000, 0x00000000ed900000| Untracked 
| 218|0x00000000eda00000, 0x00000000eda00000, 0x00000000edb00000|  0%| F|  |TAMS 0x00000000eda00000, 0x00000000eda00000| Untracked 
| 219|0x00000000edb00000, 0x00000000edb00000, 0x00000000edc00000|  0%| F|  |TAMS 0x00000000edb00000, 0x00000000edb00000| Untracked 
| 220|0x00000000edc00000, 0x00000000edc00000, 0x00000000edd00000|  0%| F|  |TAMS 0x00000000edc00000, 0x00000000edc00000| Untracked 
| 221|0x00000000edd00000, 0x00000000edd00000, 0x00000000ede00000|  0%| F|  |TAMS 0x00000000edd00000, 0x00000000edd00000| Untracked 
| 222|0x00000000ede00000, 0x00000000ede00000, 0x00000000edf00000|  0%| F|  |TAMS 0x00000000ede00000, 0x00000000ede00000| Untracked 
| 223|0x00000000edf00000, 0x00000000edf00000, 0x00000000ee000000|  0%| F|  |TAMS 0x00000000edf00000, 0x00000000edf00000| Untracked 
| 224|0x00000000ee000000, 0x00000000ee000000, 0x00000000ee100000|  0%| F|  |TAMS 0x00000000ee000000, 0x00000000ee000000| Untracked 
| 225|0x00000000ee100000, 0x00000000ee100000, 0x00000000ee200000|  0%| F|  |TAMS 0x00000000ee100000, 0x00000000ee100000| Untracked 
| 226|0x00000000ee200000, 0x00000000ee200000, 0x00000000ee300000|  0%| F|  |TAMS 0x00000000ee200000, 0x00000000ee200000| Untracked 
| 227|0x00000000ee300000, 0x00000000ee300000, 0x00000000ee400000|  0%| F|  |TAMS 0x00000000ee300000, 0x00000000ee300000| Untracked 
| 228|0x00000000ee400000, 0x00000000ee400000, 0x00000000ee500000|  0%| F|  |TAMS 0x00000000ee400000, 0x00000000ee400000| Untracked 
| 229|0x00000000ee500000, 0x00000000ee500000, 0x00000000ee600000|  0%| F|  |TAMS 0x00000000ee500000, 0x00000000ee500000| Untracked 
| 230|0x00000000ee600000, 0x00000000ee600000, 0x00000000ee700000|  0%| F|  |TAMS 0x00000000ee600000, 0x00000000ee600000| Untracked 
| 231|0x00000000ee700000, 0x00000000ee700000, 0x00000000ee800000|  0%| F|  |TAMS 0x00000000ee700000, 0x00000000ee700000| Untracked 
| 232|0x00000000ee800000, 0x00000000ee800000, 0x00000000ee900000|  0%| F|  |TAMS 0x00000000ee800000, 0x00000000ee800000| Untracked 
| 233|0x00000000ee900000, 0x00000000ee900000, 0x00000000eea00000|  0%| F|  |TAMS 0x00000000ee900000, 0x00000000ee900000| Untracked 
| 234|0x00000000eea00000, 0x00000000eea00000, 0x00000000eeb00000|  0%| F|  |TAMS 0x00000000eea00000, 0x00000000eea00000| Untracked 
| 235|0x00000000eeb00000, 0x00000000eeb00000, 0x00000000eec00000|  0%| F|  |TAMS 0x00000000eeb00000, 0x00000000eeb00000| Untracked 
| 236|0x00000000eec00000, 0x00000000eed00000, 0x00000000eed00000|100%| S|CS|TAMS 0x00000000eec00000, 0x00000000eec00000| Complete 
| 237|0x00000000eed00000, 0x00000000eee00000, 0x00000000eee00000|100%| S|CS|TAMS 0x00000000eed00000, 0x00000000eed00000| Complete 
| 238|0x00000000eee00000, 0x00000000eef00000, 0x00000000eef00000|100%| S|CS|TAMS 0x00000000eee00000, 0x00000000eee00000| Complete 
| 239|0x00000000eef00000, 0x00000000eef00000, 0x00000000ef000000|  0%| F|  |TAMS 0x00000000eef00000, 0x00000000eef00000| Untracked 
| 240|0x00000000ef000000, 0x00000000ef000000, 0x00000000ef100000|  0%| F|  |TAMS 0x00000000ef000000, 0x00000000ef000000| Untracked 
| 241|0x00000000ef100000, 0x00000000ef100000, 0x00000000ef200000|  0%| F|  |TAMS 0x00000000ef100000, 0x00000000ef100000| Untracked 
| 242|0x00000000ef200000, 0x00000000ef200000, 0x00000000ef300000|  0%| F|  |TAMS 0x00000000ef200000, 0x00000000ef200000| Untracked 
| 243|0x00000000ef300000, 0x00000000ef300000, 0x00000000ef400000|  0%| F|  |TAMS 0x00000000ef300000, 0x00000000ef300000| Untracked 
| 244|0x00000000ef400000, 0x00000000ef44ad50, 0x00000000ef500000| 29%| E|  |TAMS 0x00000000ef400000, 0x00000000ef400000| Complete 
| 245|0x00000000ef500000, 0x00000000ef600000, 0x00000000ef600000|100%| E|CS|TAMS 0x00000000ef500000, 0x00000000ef500000| Complete 
| 246|0x00000000ef600000, 0x00000000ef700000, 0x00000000ef700000|100%| E|CS|TAMS 0x00000000ef600000, 0x00000000ef600000| Complete 
| 247|0x00000000ef700000, 0x00000000ef800000, 0x00000000ef800000|100%| E|CS|TAMS 0x00000000ef700000, 0x00000000ef700000| Complete 
| 248|0x00000000ef800000, 0x00000000ef900000, 0x00000000ef900000|100%| E|CS|TAMS 0x00000000ef800000, 0x00000000ef800000| Complete 
| 249|0x00000000ef900000, 0x00000000efa00000, 0x00000000efa00000|100%| E|CS|TAMS 0x00000000ef900000, 0x00000000ef900000| Complete 
| 250|0x00000000efa00000, 0x00000000efb00000, 0x00000000efb00000|100%| E|CS|TAMS 0x00000000efa00000, 0x00000000efa00000| Complete 
| 251|0x00000000efb00000, 0x00000000efc00000, 0x00000000efc00000|100%| E|CS|TAMS 0x00000000efb00000, 0x00000000efb00000| Complete 
| 252|0x00000000efc00000, 0x00000000efd00000, 0x00000000efd00000|100%| E|CS|TAMS 0x00000000efc00000, 0x00000000efc00000| Complete 
| 253|0x00000000efd00000, 0x00000000efe00000, 0x00000000efe00000|100%| E|CS|TAMS 0x00000000efd00000, 0x00000000efd00000| Complete 
| 254|0x00000000efe00000, 0x00000000eff00000, 0x00000000eff00000|100%| E|CS|TAMS 0x00000000efe00000, 0x00000000efe00000| Complete 
| 255|0x00000000eff00000, 0x00000000f0000000, 0x00000000f0000000|100%| E|CS|TAMS 0x00000000eff00000, 0x00000000eff00000| Complete 

Card table byte_map: [0x0000022b7dd40000,0x0000022b7de40000] _byte_map_base: 0x0000022b7d640000

Marking Bits (Prev, Next): (CMBitMap*) 0x0000022b670914d0, (CMBitMap*) 0x0000022b67091490
 Prev Bits: [0x0000022b7e740000, 0x0000022b7ef40000)
 Next Bits: [0x0000022b7df40000, 0x0000022b7e740000)

Polling page: 0x0000022b66830000

Metaspace:

Usage:
  Non-class:     28.61 MB used.
      Class:      4.57 MB used.
       Both:     33.19 MB used.

Virtual space:
  Non-class space:       64.00 MB reserved,      28.81 MB ( 45%) committed,  1 nodes.
      Class space:      320.00 MB reserved,       4.75 MB (  1%) committed,  1 nodes.
             Both:      384.00 MB reserved,      33.56 MB (  9%) committed. 

Chunk freelists:
   Non-Class:  2.64 MB
       Class:  11.29 MB
        Both:  13.93 MB

MaxMetaspaceSize: 384.00 MB
CompressedClassSpaceSize: 320.00 MB
Initial GC threshold: 21.00 MB
Current GC threshold: 35.31 MB
CDS: on
MetaspaceReclaimPolicy: balanced
 - commit_granule_bytes: 65536.
 - commit_granule_words: 8192.
 - virtual_space_node_default_size: 8388608.
 - enlarge_chunks_in_place: 1.
 - new_chunks_are_fully_committed: 0.
 - uncommit_free_chunks: 1.
 - use_allocation_guard: 0.
 - handle_deallocations: 1.


Internal statistics:

num_allocs_failed_limit: 3.
num_arena_births: 342.
num_arena_deaths: 0.
num_vsnodes_births: 2.
num_vsnodes_deaths: 0.
num_space_committed: 537.
num_space_uncommitted: 0.
num_chunks_returned_to_freelist: 3.
num_chunks_taken_from_freelist: 1523.
num_chunk_merges: 3.
num_chunk_splits: 1038.
num_chunks_enlarged: 762.
num_inconsistent_stats: 0.

CodeHeap 'non-profiled nmethods': size=120000Kb used=2683Kb max_used=2683Kb free=117316Kb
 bounds [0x0000022b763e0000, 0x0000022b76680000, 0x0000022b7d910000]
CodeHeap 'profiled nmethods': size=120000Kb used=8905Kb max_used=8905Kb free=111094Kb
 bounds [0x0000022b6e910000, 0x0000022b6f1d0000, 0x0000022b75e40000]
CodeHeap 'non-nmethods': size=5760Kb used=2301Kb max_used=2341Kb free=3458Kb
 bounds [0x0000022b75e40000, 0x0000022b760b0000, 0x0000022b763e0000]
 total_blobs=5132 nmethods=4335 adapters=709
 compilation: enabled
              stopped_count=0, restarted_count=0
 full_count=0

Compilation events (20 events):
Event: 223.459 Thread 0x0000022b7fa78510 nmethod 4337 0x0000022b6f1bf710 code [0x0000022b6f1bf920, 0x0000022b6f1c0018]
Event: 223.459 Thread 0x0000022b7fa78510 4335       3       sun.nio.ch.Net::checkAddress (34 bytes)
Event: 223.497 Thread 0x0000022b7f96b620 4340       4       jdk.internal.misc.Unsafe::putByte (8 bytes)
Event: 223.505 Thread 0x0000022b7f96b620 nmethod 4340 0x0000022b7667e190 code [0x0000022b7667e300, 0x0000022b7667e378]
Event: 223.546 Thread 0x0000022b7fa78510 nmethod 4335 0x0000022b6f1c0190 code [0x0000022b6f1c0360, 0x0000022b6f1c06f8]
Event: 223.546 Thread 0x0000022b7fa78510 4339       3       com.google.common.collect.RegularImmutableList::get (7 bytes)
Event: 223.547 Thread 0x0000022b7fa78510 nmethod 4339 0x0000022b6f1c0890 code [0x0000022b6f1c0a20, 0x0000022b6f1c0b58]
Event: 223.547 Thread 0x0000022b7fa78510 4336       3       sun.nio.ch.Net::checkAddress (78 bytes)
Event: 223.548 Thread 0x0000022b7fa78510 nmethod 4336 0x0000022b6f1c0c10 code [0x0000022b6f1c0e40, 0x0000022b6f1c1858]
Event: 223.548 Thread 0x0000022b7fa78510 4338       3       sun.nio.ch.NativeSocketAddress::equals (26 bytes)
Event: 223.548 Thread 0x0000022b7fa78510 nmethod 4338 0x0000022b6f1c1b10 code [0x0000022b6f1c1cc0, 0x0000022b6f1c20c8]
Event: 224.406 Thread 0x0000022b7fa78510 4341       1       com.google.common.cache.LocalCache$2::peek (2 bytes)
Event: 224.407 Thread 0x0000022b7fa78510 nmethod 4341 0x0000022b7667e490 code [0x0000022b7667e620, 0x0000022b7667e6f8]
Event: 224.407 Thread 0x0000022b7fa78510 4342       1       com.google.common.cache.LocalCache$StrongEntry::getKey (5 bytes)
Event: 224.407 Thread 0x0000022b7fa78510 nmethod 4342 0x0000022b7667e790 code [0x0000022b7667e920, 0x0000022b7667e9f8]
Event: 224.408 Thread 0x0000022b7fa78510 4343       3       com.google.common.base.MoreObjects::firstNonNull (22 bytes)
Event: 224.408 Thread 0x0000022b7fa78510 nmethod 4343 0x0000022b6f1c2190 code [0x0000022b6f1c2340, 0x0000022b6f1c25a8]
Event: 224.833 Thread 0x0000022b7f96b620 4344       4       org.gradle.cache.internal.btree.BlockPointer::pos (56 bytes)
Event: 224.835 Thread 0x0000022b7f96b620 nmethod 4344 0x0000022b7667ea90 code [0x0000022b7667ec20, 0x0000022b7667ed18]
Event: 224.977 Thread 0x0000022b7fa78510 4345       3       sun.security.provider.MD5::implCompress0 (1407 bytes)

GC Heap History (20 events):
Event: 125.965 GC heap before
{Heap before GC invocations=2 (full 0):
 garbage-first heap   total 262144K, used 131647K [0x00000000e0000000, 0x0000000100000000)
  region size 1024K, 119 young (121856K), 1 survivors (1024K)
 Metaspace       used 21248K, committed 21504K, reserved 393216K
  class space    used 3107K, committed 3264K, reserved 327680K
}
Event: 127.653 GC heap after
{Heap after GC invocations=3 (full 0):
 garbage-first heap   total 262144K, used 22936K [0x00000000e0000000, 0x0000000100000000)
  region size 1024K, 12 young (12288K), 12 survivors (12288K)
 Metaspace       used 21248K, committed 21504K, reserved 393216K
  class space    used 3107K, committed 3264K, reserved 327680K
}
Event: 128.011 GC heap before
{Heap before GC invocations=3 (full 0):
 garbage-first heap   total 262144K, used 23960K [0x00000000e0000000, 0x0000000100000000)
  region size 1024K, 13 young (13312K), 12 survivors (12288K)
 Metaspace       used 21358K, committed 21696K, reserved 393216K
  class space    used 3121K, committed 3264K, reserved 327680K
}
Event: 128.299 GC heap after
{Heap after GC invocations=4 (full 0):
 garbage-first heap   total 262144K, used 23952K [0x00000000e0000000, 0x0000000100000000)
  region size 1024K, 2 young (2048K), 2 survivors (2048K)
 Metaspace       used 21358K, committed 21696K, reserved 393216K
  class space    used 3121K, committed 3264K, reserved 327680K
}
Event: 133.311 GC heap before
{Heap before GC invocations=5 (full 0):
 garbage-first heap   total 262144K, used 34192K [0x00000000e0000000, 0x0000000100000000)
  region size 1024K, 12 young (12288K), 2 survivors (2048K)
 Metaspace       used 22382K, committed 22656K, reserved 393216K
  class space    used 3314K, committed 3456K, reserved 327680K
}
Event: 133.415 GC heap after
{Heap after GC invocations=6 (full 0):
 garbage-first heap   total 262144K, used 23645K [0x00000000e0000000, 0x0000000100000000)
  region size 1024K, 1 young (1024K), 1 survivors (1024K)
 Metaspace       used 22382K, committed 22656K, reserved 393216K
  class space    used 3314K, committed 3456K, reserved 327680K
}
Event: 136.792 GC heap before
{Heap before GC invocations=6 (full 0):
 garbage-first heap   total 262144K, used 34909K [0x00000000e0000000, 0x0000000100000000)
  region size 1024K, 12 young (12288K), 1 survivors (1024K)
 Metaspace       used 23729K, committed 24064K, reserved 393216K
  class space    used 3518K, committed 3648K, reserved 327680K
}
Event: 136.970 GC heap after
{Heap after GC invocations=7 (full 0):
 garbage-first heap   total 262144K, used 23738K [0x00000000e0000000, 0x0000000100000000)
  region size 1024K, 1 young (1024K), 1 survivors (1024K)
 Metaspace       used 23729K, committed 24064K, reserved 393216K
  class space    used 3518K, committed 3648K, reserved 327680K
}
Event: 140.775 GC heap before
{Heap before GC invocations=7 (full 0):
 garbage-first heap   total 262144K, used 35002K [0x00000000e0000000, 0x0000000100000000)
  region size 1024K, 12 young (12288K), 1 survivors (1024K)
 Metaspace       used 25488K, committed 25792K, reserved 393216K
  class space    used 3775K, committed 3904K, reserved 327680K
}
Event: 140.964 GC heap after
{Heap after GC invocations=8 (full 0):
 garbage-first heap   total 262144K, used 24141K [0x00000000e0000000, 0x0000000100000000)
  region size 1024K, 2 young (2048K), 2 survivors (2048K)
 Metaspace       used 25488K, committed 25792K, reserved 393216K
  class space    used 3775K, committed 3904K, reserved 327680K
}
Event: 147.515 GC heap before
{Heap before GC invocations=8 (full 0):
 garbage-first heap   total 262144K, used 34381K [0x00000000e0000000, 0x0000000100000000)
  region size 1024K, 12 young (12288K), 2 survivors (2048K)
 Metaspace       used 27075K, committed 27392K, reserved 393216K
  class space    used 4032K, committed 4160K, reserved 327680K
}
Event: 147.524 GC heap after
{Heap after GC invocations=9 (full 0):
 garbage-first heap   total 262144K, used 25005K [0x00000000e0000000, 0x0000000100000000)
  region size 1024K, 2 young (2048K), 2 survivors (2048K)
 Metaspace       used 27075K, committed 27392K, reserved 393216K
  class space    used 4032K, committed 4160K, reserved 327680K
}
Event: 153.681 GC heap before
{Heap before GC invocations=9 (full 0):
 garbage-first heap   total 262144K, used 34221K [0x00000000e0000000, 0x0000000100000000)
  region size 1024K, 12 young (12288K), 2 survivors (2048K)
 Metaspace       used 30062K, committed 30464K, reserved 393216K
  class space    used 4306K, committed 4480K, reserved 327680K
}
Event: 153.692 GC heap after
{Heap after GC invocations=10 (full 0):
 garbage-first heap   total 262144K, used 26268K [0x00000000e0000000, 0x0000000100000000)
  region size 1024K, 2 young (2048K), 2 survivors (2048K)
 Metaspace       used 30062K, committed 30464K, reserved 393216K
  class space    used 4306K, committed 4480K, reserved 327680K
}
Event: 157.469 GC heap before
{Heap before GC invocations=10 (full 0):
 garbage-first heap   total 262144K, used 35484K [0x00000000e0000000, 0x0000000100000000)
  region size 1024K, 12 young (12288K), 2 survivors (2048K)
 Metaspace       used 31774K, committed 32128K, reserved 393216K
  class space    used 4491K, committed 4672K, reserved 327680K
}
Event: 157.478 GC heap after
{Heap after GC invocations=11 (full 0):
 garbage-first heap   total 262144K, used 27781K [0x00000000e0000000, 0x0000000100000000)
  region size 1024K, 2 young (2048K), 2 survivors (2048K)
 Metaspace       used 31774K, committed 32128K, reserved 393216K
  class space    used 4491K, committed 4672K, reserved 327680K
}
Event: 158.506 GC heap before
{Heap before GC invocations=11 (full 0):
 garbage-first heap   total 262144K, used 38021K [0x00000000e0000000, 0x0000000100000000)
  region size 1024K, 12 young (12288K), 2 survivors (2048K)
 Metaspace       used 31814K, committed 32192K, reserved 393216K
  class space    used 4491K, committed 4672K, reserved 327680K
}
Event: 158.568 GC heap after
{Heap after GC invocations=12 (full 0):
 garbage-first heap   total 262144K, used 28567K [0x00000000e0000000, 0x0000000100000000)
  region size 1024K, 2 young (2048K), 2 survivors (2048K)
 Metaspace       used 31814K, committed 32192K, reserved 393216K
  class space    used 4491K, committed 4672K, reserved 327680K
}
Event: 163.513 GC heap before
{Heap before GC invocations=12 (full 0):
 garbage-first heap   total 262144K, used 49047K [0x00000000e0000000, 0x0000000100000000)
  region size 1024K, 17 young (17408K), 2 survivors (2048K)
 Metaspace       used 33349K, committed 33664K, reserved 393216K
  class space    used 4583K, committed 4736K, reserved 327680K
}
Event: 163.536 GC heap after
{Heap after GC invocations=13 (full 0):
 garbage-first heap   total 262144K, used 30321K [0x00000000e0000000, 0x0000000100000000)
  region size 1024K, 3 young (3072K), 3 survivors (3072K)
 Metaspace       used 33349K, committed 33664K, reserved 393216K
  class space    used 4583K, committed 4736K, reserved 327680K
}

Deoptimization events (20 events):
Event: 162.672 Thread 0x0000022b7fdb8970 DEOPT PACKING pc=0x0000022b7660e570 sp=0x000000900c8f8e60
Event: 162.672 Thread 0x0000022b7fdb8970 DEOPT UNPACKING pc=0x0000022b75e95ba3 sp=0x000000900c8f8d28 mode 2
Event: 162.675 Thread 0x0000022b7fdb8970 Uncommon trap: trap_request=0xffffffde fr.pc=0x0000022b766087d0 relative=0x00000000000003f0
Event: 162.675 Thread 0x0000022b7fdb8970 Uncommon trap: reason=class_check action=maybe_recompile pc=0x0000022b766087d0 method=java.util.regex.Pattern$Start.match(Ljava/util/regex/Matcher;ILjava/lang/CharSequence;)Z @ 44 c2
Event: 162.675 Thread 0x0000022b7fdb8970 DEOPT PACKING pc=0x0000022b766087d0 sp=0x000000900c8f8df0
Event: 162.675 Thread 0x0000022b7fdb8970 DEOPT UNPACKING pc=0x0000022b75e95ba3 sp=0x000000900c8f8d30 mode 2
Event: 176.360 Thread 0x0000022b7fdb8970 Uncommon trap: trap_request=0xffffffde fr.pc=0x0000022b76541098 relative=0x0000000000000078
Event: 176.360 Thread 0x0000022b7fdb8970 Uncommon trap: reason=class_check action=maybe_recompile pc=0x0000022b76541098 method=java.util.Collections$SetFromMap.remove(Ljava/lang/Object;)Z @ 5 c2
Event: 176.360 Thread 0x0000022b7fdb8970 DEOPT PACKING pc=0x0000022b76541098 sp=0x000000900c8fad40
Event: 176.360 Thread 0x0000022b7fdb8970 DEOPT UNPACKING pc=0x0000022b75e95ba3 sp=0x000000900c8facd8 mode 2
Event: 182.631 Thread 0x0000022b1ba9b180 Uncommon trap: trap_request=0xffffff45 fr.pc=0x0000022b7642054c relative=0x000000000000068c
Event: 182.631 Thread 0x0000022b1ba9b180 Uncommon trap: reason=unstable_if action=reinterpret pc=0x0000022b7642054c method=java.lang.AbstractStringBuilder.append(Ljava/lang/String;)Ljava/lang/AbstractStringBuilder; @ 1 c2
Event: 182.632 Thread 0x0000022b1ba9b180 DEOPT PACKING pc=0x0000022b7642054c sp=0x000000900c3fe4a0
Event: 182.632 Thread 0x0000022b1ba9b180 DEOPT UNPACKING pc=0x0000022b75e95ba3 sp=0x000000900c3fe420 mode 2
Event: 182.686 Thread 0x0000022b1ba9b180 Uncommon trap: trap_request=0xffffff45 fr.pc=0x0000022b76432d60 relative=0x00000000000006a0
Event: 182.686 Thread 0x0000022b1ba9b180 Uncommon trap: reason=unstable_if action=reinterpret pc=0x0000022b76432d60 method=java.lang.AbstractStringBuilder.append(Ljava/lang/String;)Ljava/lang/AbstractStringBuilder; @ 1 c2
Event: 182.686 Thread 0x0000022b1ba9b180 DEOPT PACKING pc=0x0000022b76432d60 sp=0x000000900c3fe430
Event: 182.686 Thread 0x0000022b1ba9b180 DEOPT UNPACKING pc=0x0000022b75e95ba3 sp=0x000000900c3fe418 mode 2
Event: 223.305 Thread 0x0000022b7fdb8970 DEOPT PACKING pc=0x0000022b6eda235c sp=0x000000900c8f8d00
Event: 223.305 Thread 0x0000022b7fdb8970 DEOPT UNPACKING pc=0x0000022b75e966e3 sp=0x000000900c8f8280 mode 0

Classes unloaded (0 events):
No events

Classes redefined (0 events):
No events

Internal exceptions (20 events):
Event: 161.020 Thread 0x0000022b7fdb8970 Exception <a 'java/lang/ClassNotFoundException'{0x00000000ef665628}: org/gradle/invocation/DefaultGradleCustomizer> (0x00000000ef665628) 
thrown [s\open\src\hotspot\share\classfile\systemDictionary.cpp, line 256]
Event: 161.132 Thread 0x0000022b7fdb8970 Exception <a 'java/lang/ClassNotFoundException'{0x00000000ef6a46b8}: org/gradle/invocation/DefaultGradle_DecoratedCustomizer> (0x00000000ef6a46b8) 
thrown [s\open\src\hotspot\share\classfile\systemDictionary.cpp, line 256]
Event: 162.648 Thread 0x0000022b7fdb8970 Exception <a 'java/lang/ClassNotFoundException'{0x00000000ef084868}: groovy/lang/Closure$1BeanInfo> (0x00000000ef084868) 
thrown [s\open\src\hotspot\share\classfile\systemDictionary.cpp, line 256]
Event: 162.656 Thread 0x0000022b7fdb8970 Exception <a 'java/lang/ClassNotFoundException'{0x00000000ef0a7160}: groovy/lang/ClosureBeanInfo> (0x00000000ef0a7160) 
thrown [s\open\src\hotspot\share\classfile\systemDictionary.cpp, line 256]
Event: 162.663 Thread 0x0000022b7fdb8970 Exception <a 'java/lang/ClassNotFoundException'{0x00000000ef0c99d0}: groovy/lang/ClosureCustomizer> (0x00000000ef0c99d0) 
thrown [s\open\src\hotspot\share\classfile\systemDictionary.cpp, line 256]
Event: 162.684 Thread 0x0000022b7fdb8970 Exception <a 'java/lang/ClassNotFoundException'{0x00000000eef0fbf0}: groovy/lang/Closure$1Customizer> (0x00000000eef0fbf0) 
thrown [s\open\src\hotspot\share\classfile\systemDictionary.cpp, line 256]
Event: 176.081 Thread 0x0000022b7fdb8970 Exception <a 'java/lang/ClassNotFoundException'{0x00000000efd15788}: ijresolvers1_5fwfkmhltlox5s0ema87djrzgBeanInfo> (0x00000000efd15788) 
thrown [s\open\src\hotspot\share\classfile\systemDictionary.cpp, line 256]
Event: 176.082 Thread 0x0000022b7fdb8970 Exception <a 'java/lang/ClassNotFoundException'{0x00000000efd1b3e8}: ijresolvers1_5fwfkmhltlox5s0ema87djrzgCustomizer> (0x00000000efd1b3e8) 
thrown [s\open\src\hotspot\share\classfile\systemDictionary.cpp, line 256]
Event: 176.193 Thread 0x0000022b7fdb8970 Exception <a 'java/lang/ClassNotFoundException'{0x00000000efdd1380}: org/gradle/execution/taskgraph/DefaultTaskExecutionGraphBeanInfo> (0x00000000efdd1380) 
thrown [s\open\src\hotspot\share\classfile\systemDictionary.cpp, line 256]
Event: 176.195 Thread 0x0000022b7fdb8970 Exception <a 'java/lang/ClassNotFoundException'{0x00000000efddfe50}: org/gradle/execution/taskgraph/DefaultTaskExecutionGraphCustomizer> (0x00000000efddfe50) 
thrown [s\open\src\hotspot\share\classfile\systemDictionary.cpp, line 256]
Event: 176.353 Thread 0x0000022b7fdb8970 Exception <a 'java/lang/ClassNotFoundException'{0x00000000efb02068}: org/gradle/configuration/internal/DefaultListenerBuildOperationDecorator$BuildOperationEmittingClosureBeanInfo> (0x00000000efb02068) 
thrown [s\open\src\hotspot\share\classfile\systemDictionary.cpp, line 256]
Event: 176.355 Thread 0x0000022b7fdb8970 Exception <a 'java/lang/ClassNotFoundException'{0x00000000efb115e0}: org/gradle/configuration/internal/DefaultListenerBuildOperationDecorator$BuildOperationEmittingClosureCustomizer> (0x00000000efb115e0) 
thrown [s\open\src\hotspot\share\classfile\systemDictionary.cpp, line 256]
Event: 176.526 Thread 0x0000022b7fdb8970 Exception <a 'java/lang/NoSuchMethodError'{0x00000000efa6fe50}: 'java.lang.Object java.lang.invoke.DirectMethodHandle$Holder.newInvokeSpecial(java.lang.Object, java.lang.Object, int, int)'> (0x00000000efa6fe50) 
thrown [s\open\src\hotspot\share\interpreter\linkResolver.cpp, line 759]
Event: 176.748 Thread 0x0000022b7fdb8970 Exception <a 'sun/nio/fs/WindowsException'{0x00000000efadd048}> (0x00000000efadd048) 
thrown [s\open\src\hotspot\share\prims\jni.cpp, line 516]
Event: 176.753 Thread 0x0000022b7fdb8970 Exception <a 'sun/nio/fs/WindowsException'{0x00000000efade5f8}> (0x00000000efade5f8) 
thrown [s\open\src\hotspot\share\prims\jni.cpp, line 516]
Event: 176.758 Thread 0x0000022b7fdb8970 Exception <a 'sun/nio/fs/WindowsException'{0x00000000efadfe40}> (0x00000000efadfe40) 
thrown [s\open\src\hotspot\share\prims\jni.cpp, line 516]
Event: 176.761 Thread 0x0000022b7fdb8970 Exception <a 'sun/nio/fs/WindowsException'{0x00000000efae13c8}> (0x00000000efae13c8) 
thrown [s\open\src\hotspot\share\prims\jni.cpp, line 516]
Event: 182.631 Thread 0x0000022b1ba9b180 Implicit null exception at 0x0000022b7641fef2 to 0x0000022b76420534
Event: 182.686 Thread 0x0000022b1ba9b180 Implicit null exception at 0x0000022b764326f2 to 0x0000022b76432d48
Event: 192.240 Thread 0x0000022b7fdb8970 Exception <a 'java/lang/IncompatibleClassChangeError'{0x00000000ef83b8a8}: Found class java.lang.Object, but interface was expected> (0x00000000ef83b8a8) 
thrown [s\open\src\hotspot\share\interpreter\linkResolver.cpp, line 826]

VM Operations (20 events):
Event: 180.892 Executing VM operation: HandshakeAllThreads
Event: 180.892 Executing VM operation: HandshakeAllThreads done
Event: 182.931 Executing VM operation: Cleanup
Event: 182.931 Executing VM operation: Cleanup done
Event: 186.978 Executing VM operation: Cleanup
Event: 186.979 Executing VM operation: Cleanup done
Event: 189.993 Executing VM operation: Cleanup
Event: 189.993 Executing VM operation: Cleanup done
Event: 192.005 Executing VM operation: Cleanup
Event: 192.005 Executing VM operation: Cleanup done
Event: 193.008 Executing VM operation: Cleanup
Event: 193.109 Executing VM operation: Cleanup done
Event: 212.272 Executing VM operation: Cleanup
Event: 212.272 Executing VM operation: Cleanup done
Event: 213.280 Executing VM operation: Cleanup
Event: 213.281 Executing VM operation: Cleanup done
Event: 223.372 Executing VM operation: Cleanup
Event: 223.407 Executing VM operation: Cleanup done
Event: 224.419 Executing VM operation: Cleanup
Event: 224.419 Executing VM operation: Cleanup done

Events (20 events):
Event: 161.895 loading class sun/reflect/MagicAccessorImpl
Event: 161.895 loading class sun/reflect/MagicAccessorImpl done
Event: 162.684 loading class com/sun/beans/finder/MethodFinder
Event: 162.685 loading class com/sun/beans/finder/AbstractFinder
Event: 162.685 loading class com/sun/beans/finder/AbstractFinder done
Event: 162.685 loading class com/sun/beans/finder/MethodFinder done
Event: 162.685 loading class com/sun/beans/finder/MethodFinder$1
Event: 162.686 loading class com/sun/beans/finder/MethodFinder$1 done
Event: 162.686 loading class com/sun/beans/finder/FinderUtils
Event: 162.686 loading class com/sun/beans/finder/FinderUtils done
Event: 163.010 Thread 0x0000022b1c84ccc0 Thread added: 0x0000022b1c84ccc0
Event: 169.150 Thread 0x0000022b1c849510 Thread added: 0x0000022b1c849510
Event: 176.510 loading class java/util/BitSet$1BitSetSpliterator
Event: 176.511 loading class java/util/BitSet$1BitSetSpliterator done
Event: 176.585 loading class jdk/internal/reflect/UnsafeStaticIntegerFieldAccessorImpl
Event: 176.596 loading class jdk/internal/reflect/UnsafeStaticIntegerFieldAccessorImpl done
Event: 176.743 loading class sun/nio/fs/WindowsException
Event: 176.747 loading class sun/nio/fs/WindowsException done
Event: 191.280 Thread 0x0000022b1c8480d0 Thread added: 0x0000022b1c8480d0
Event: 224.976 Thread 0x0000022b1c84b880 Thread added: 0x0000022b1c84b880


Dynamic libraries:
0x00007ff6d2d40000 - 0x00007ff6d2d50000 	C:\Program Files\Java\jdk-17\bin\java.exe
0x00007fff176b0000 - 0x00007fff178c7000 	C:\WINDOWS\SYSTEM32\ntdll.dll
0x00007fff16220000 - 0x00007fff162e4000 	C:\WINDOWS\System32\KERNEL32.DLL
0x00007fff14d80000 - 0x00007fff15126000 	C:\WINDOWS\System32\KERNELBASE.dll
0x00007fff149f0000 - 0x00007fff14b01000 	C:\WINDOWS\System32\ucrtbase.dll
0x00007ffef5840000 - 0x00007ffef5859000 	C:\Program Files\Java\jdk-17\bin\jli.dll
0x00007fff16ac0000 - 0x00007fff16b73000 	C:\WINDOWS\System32\ADVAPI32.dll
0x00007fff16bb0000 - 0x00007fff16c57000 	C:\WINDOWS\System32\msvcrt.dll
0x00007fff16100000 - 0x00007fff161a8000 	C:\WINDOWS\System32\sechost.dll
0x00007fff14b80000 - 0x00007fff14ba8000 	C:\WINDOWS\System32\bcrypt.dll
0x00007fff15e40000 - 0x00007fff15f57000 	C:\WINDOWS\System32\RPCRT4.dll
0x00007fff16530000 - 0x00007fff166de000 	C:\WINDOWS\System32\USER32.dll
0x00007fff14d50000 - 0x00007fff14d76000 	C:\WINDOWS\System32\win32u.dll
0x00007fff16070000 - 0x00007fff16099000 	C:\WINDOWS\System32\GDI32.dll
0x00007fff14bb0000 - 0x00007fff14cc8000 	C:\WINDOWS\System32\gdi32full.dll
0x00007fff15360000 - 0x00007fff153fa000 	C:\WINDOWS\System32\msvcp_win.dll
0x00007ffeee4b0000 - 0x00007ffeee4cb000 	C:\Program Files\Java\jdk-17\bin\VCRUNTIME140.dll
0x00007ffef76c0000 - 0x00007ffef7953000 	C:\WINDOWS\WinSxS\amd64_microsoft.windows.common-controls_6595b64144ccf1df_6.0.22621.2506_none_270c5ae97388e100\COMCTL32.dll
0x00007fff0b1b0000 - 0x00007fff0b1ba000 	C:\WINDOWS\SYSTEM32\VERSION.dll
0x00007fff166e0000 - 0x00007fff16711000 	C:\WINDOWS\System32\IMM32.DLL
0x00007fff013a0000 - 0x00007fff013ac000 	C:\Program Files\Java\jdk-17\bin\vcruntime140_1.dll
0x00007ffed02b0000 - 0x00007ffed033e000 	C:\Program Files\Java\jdk-17\bin\msvcp140.dll
0x00007ffe67680000 - 0x00007ffe6825f000 	C:\Program Files\Java\jdk-17\bin\server\jvm.dll
0x00007fff16ba0000 - 0x00007fff16ba8000 	C:\WINDOWS\System32\PSAPI.DLL
0x00007fff06290000 - 0x00007fff06299000 	C:\WINDOWS\SYSTEM32\WSOCK32.dll
0x00007fff15450000 - 0x00007fff154c1000 	C:\WINDOWS\System32\WS2_32.dll
0x00007fff0c8d0000 - 0x00007fff0c904000 	C:\WINDOWS\SYSTEM32\WINMM.dll
0x00007fff139f0000 - 0x00007fff13a08000 	C:\WINDOWS\SYSTEM32\kernel.appcore.dll
0x00007fff012a0000 - 0x00007fff012aa000 	C:\Program Files\Java\jdk-17\bin\jimage.dll
0x00007fff12110000 - 0x00007fff12343000 	C:\WINDOWS\SYSTEM32\DBGHELP.DLL
0x00007fff16730000 - 0x00007fff16ab9000 	C:\WINDOWS\System32\combase.dll
0x00007fff158e0000 - 0x00007fff159b7000 	C:\WINDOWS\System32\OLEAUT32.dll
0x00007fff0e350000 - 0x00007fff0e382000 	C:\WINDOWS\SYSTEM32\dbgcore.DLL
0x00007fff14cd0000 - 0x00007fff14d4a000 	C:\WINDOWS\System32\bcryptPrimitives.dll
0x00007ffef7440000 - 0x00007ffef744e000 	C:\Program Files\Java\jdk-17\bin\instrument.dll
0x00007ffeed270000 - 0x00007ffeed295000 	C:\Program Files\Java\jdk-17\bin\java.dll
0x00007ffecfd60000 - 0x00007ffecfe37000 	C:\Program Files\Java\jdk-17\bin\jsvml.dll
0x00007fff16c60000 - 0x00007fff174ba000 	C:\WINDOWS\System32\SHELL32.dll
0x00007fff128f0000 - 0x00007fff131e6000 	C:\WINDOWS\SYSTEM32\windows.storage.dll
0x00007fff127b0000 - 0x00007fff128ee000 	C:\WINDOWS\SYSTEM32\wintypes.dll
0x00007fff16420000 - 0x00007fff16513000 	C:\WINDOWS\System32\SHCORE.dll
0x00007fff174c0000 - 0x00007fff1751e000 	C:\WINDOWS\System32\shlwapi.dll
0x00007fff14920000 - 0x00007fff14946000 	C:\WINDOWS\SYSTEM32\profapi.dll
0x00007ffeed8c0000 - 0x00007ffeed8d8000 	C:\Program Files\Java\jdk-17\bin\zip.dll
0x00007ffeed1d0000 - 0x00007ffeed1e9000 	C:\Program Files\Java\jdk-17\bin\net.dll
0x00007fff0e820000 - 0x00007fff0e957000 	C:\WINDOWS\SYSTEM32\WINHTTP.dll
0x00007fff13e80000 - 0x00007fff13ee9000 	C:\WINDOWS\system32\mswsock.dll
0x00007ffeed180000 - 0x00007ffeed196000 	C:\Program Files\Java\jdk-17\bin\nio.dll
0x00007ffef76b0000 - 0x00007ffef76c0000 	C:\Program Files\Java\jdk-17\bin\verify.dll
0x00007ffeebdf0000 - 0x00007ffeebe17000 	C:\Users\user\.gradle\native\c067742578af261105cb4f569cf0c3c89f3d7b1fecec35dd04571415982c5e48\windows-amd64\native-platform.dll
0x00007ffec81d0000 - 0x00007ffec8314000 	C:\Users\user\.gradle\native\38dada09dfb8b06ba9b0570ebf7e218e3eb74d4ef43ca46872605cf95ebc2f47\windows-amd64\native-platform-file-events.dll
0x00007ffef6fc0000 - 0x00007ffef6fca000 	C:\Program Files\Java\jdk-17\bin\management.dll
0x00007ffef6530000 - 0x00007ffef653b000 	C:\Program Files\Java\jdk-17\bin\management_ext.dll
0x00007fff140f0000 - 0x00007fff1410b000 	C:\WINDOWS\SYSTEM32\CRYPTSP.dll
0x00007fff13950000 - 0x00007fff13985000 	C:\WINDOWS\system32\rsaenh.dll
0x00007fff13f90000 - 0x00007fff13fbc000 	C:\WINDOWS\SYSTEM32\USERENV.dll
0x00007fff14110000 - 0x00007fff1411c000 	C:\WINDOWS\SYSTEM32\CRYPTBASE.dll
0x00007fff13450000 - 0x00007fff1347d000 	C:\WINDOWS\SYSTEM32\IPHLPAPI.DLL
0x00007fff16520000 - 0x00007fff16529000 	C:\WINDOWS\System32\NSI.dll
0x00007fff0e670000 - 0x00007fff0e689000 	C:\WINDOWS\SYSTEM32\dhcpcsvc6.DLL
0x00007fff0e390000 - 0x00007fff0e3af000 	C:\WINDOWS\SYSTEM32\dhcpcsvc.DLL
0x00007fff134c0000 - 0x00007fff135b9000 	C:\WINDOWS\SYSTEM32\DNSAPI.dll
0x00007ffef5f60000 - 0x00007ffef5f6e000 	C:\Program Files\Java\jdk-17\bin\sunmscapi.dll
0x00007fff15130000 - 0x00007fff15296000 	C:\WINDOWS\System32\CRYPT32.dll
0x00007fff142b0000 - 0x00007fff142de000 	C:\WINDOWS\SYSTEM32\ncrypt.dll
0x00007fff14270000 - 0x00007fff142a7000 	C:\WINDOWS\SYSTEM32\NTASN1.dll
0x00007fff01a00000 - 0x00007fff01a08000 	C:\WINDOWS\system32\wshunix.dll

dbghelp: loaded successfully - version: 4.0.5 - missing functions: none
symbol engine: initialized successfully - sym options: 0x614 - pdb path: .;C:\Program Files\Java\jdk-17\bin;C:\WINDOWS\SYSTEM32;C:\WINDOWS\WinSxS\amd64_microsoft.windows.common-controls_6595b64144ccf1df_6.0.22621.2506_none_270c5ae97388e100;C:\Program Files\Java\jdk-17\bin\server;C:\Users\user\.gradle\native\c067742578af261105cb4f569cf0c3c89f3d7b1fecec35dd04571415982c5e48\windows-amd64;C:\Users\user\.gradle\native\38dada09dfb8b06ba9b0570ebf7e218e3eb74d4ef43ca46872605cf95ebc2f47\windows-amd64

VM Arguments:
jvm_args: --add-opens=java.base/java.util=ALL-UNNAMED --add-opens=java.base/java.lang=ALL-UNNAMED --add-opens=java.base/java.lang.invoke=ALL-UNNAMED --add-opens=java.prefs/java.util.prefs=ALL-UNNAMED --add-opens=java.base/java.nio.charset=ALL-UNNAMED --add-opens=java.base/java.net=ALL-UNNAMED --add-opens=java.base/java.util.concurrent.atomic=ALL-UNNAMED -XX:MaxMetaspaceSize=384m -XX:+HeapDumpOnOutOfMemoryError -Xms256m -Xmx512m -Dfile.encoding=x-windows-949 -Duser.country=KR -Duser.language=ko -Duser.variant -javaagent:C:\Users\user\.gradle\wrapper\dists\gradle-8.5-bin\5t9huq95ubn472n8rpzujfbqh\gradle-8.5\lib\agents\gradle-instrumentation-agent-8.5.jar 
java_command: org.gradle.launcher.daemon.bootstrap.GradleDaemon 8.5
java_class_path (initial): C:\Users\user\.gradle\wrapper\dists\gradle-8.5-bin\5t9huq95ubn472n8rpzujfbqh\gradle-8.5\lib\gradle-launcher-8.5.jar
Launcher Type: SUN_STANDARD

[Global flags]
     intx CICompilerCount                          = 4                                         {product} {ergonomic}
   size_t CompressedClassSpaceSize                 = 335544320                                 {product} {ergonomic}
     uint ConcGCThreads                            = 2                                         {product} {ergonomic}
     uint G1ConcRefinementThreads                  = 8                                         {product} {ergonomic}
   size_t G1HeapRegionSize                         = 1048576                                   {product} {ergonomic}
    uintx GCDrainStackTargetSize                   = 64                                        {product} {ergonomic}
     bool HeapDumpOnOutOfMemoryError               = true                                   {manageable} {command line}
   size_t InitialHeapSize                          = 268435456                                 {product} {command line}
   size_t MarkStackSize                            = 4194304                                   {product} {ergonomic}
   size_t MaxHeapSize                              = 536870912                                 {product} {command line}
   size_t MaxMetaspaceSize                         = 402653184                                 {product} {command line}
   size_t MaxNewSize                               = 321912832                                 {product} {ergonomic}
   size_t MinHeapDeltaBytes                        = 1048576                                   {product} {ergonomic}
   size_t MinHeapSize                              = 268435456                                 {product} {command line}
    uintx NonNMethodCodeHeapSize                   = 5839372                                {pd product} {ergonomic}
    uintx NonProfiledCodeHeapSize                  = 122909434                              {pd product} {ergonomic}
    uintx ProfiledCodeHeapSize                     = 122909434                              {pd product} {ergonomic}
    uintx ReservedCodeCacheSize                    = 251658240                              {pd product} {ergonomic}
     bool SegmentedCodeCache                       = true                                      {product} {ergonomic}
   size_t SoftMaxHeapSize                          = 536870912                              {manageable} {ergonomic}
     bool UseCompressedClassPointers               = true                           {product lp64_product} {ergonomic}
     bool UseCompressedOops                        = true                           {product lp64_product} {ergonomic}
     bool UseG1GC                                  = true                                      {product} {ergonomic}
     bool UseLargePagesIndividualAllocation        = false                                  {pd product} {ergonomic}

Logging:
Log output configuration:
 #0: stdout all=warning uptime,level,tags
 #1: stderr all=off uptime,level,tags

Environment Variables:
JAVA_HOME=C:\Program Files\Java\jdk-17
PATH=C:\Program Files\Common Files\Oracle\Java\javapath;C:\Program Files (x86)\Windows Resource Kits\Tools\;C:\app\user\product\21c\dbhomeXE\bin;C:\WINDOWS\system32;C:\WINDOWS;C:\WINDOWS\System32\Wbem;C:\WINDOWS\System32\WindowsPowerShell\v1.0\;C:\WINDOWS\System32\OpenSSH\;C:\Program Files\Java\jdk-11\bin;C:\Program Files\Bandizip\;%MAVEN_HOME%\bin;C:\Program Files\nodejs\;C:\Program Files\Git\cmd;C:\Users\user\AppData\Local\Microsoft\WindowsApps;;C:\Program Files\JetBrains\IntelliJ IDEA 2023.3.2\bin;;C:\Users\user\AppData\Roaming\npm
USERNAME=user
OS=Windows_NT
PROCESSOR_IDENTIFIER=Intel64 Family 6 Model 126 Stepping 5, GenuineIntel



---------------  S Y S T E M  ---------------

OS:
 Windows 11 , 64 bit Build 22621 (10.0.22621.2506)
OS uptime: 41 days 23:26 hours
Hyper-V role detected

CPU: total 8 (initial active 8) (4 cores per cpu, 2 threads per core) family 6 model 126 stepping 5 microcode 0x86, cx8, cmov, fxsr, ht, mmx, 3dnowpref, sse, sse2, sse3, ssse3, sse4.1, sse4.2, popcnt, lzcnt, tsc, tscinvbit, avx, avx2, aes, erms, clmul, bmi1, bmi2, adx, avx512f, avx512dq, avx512cd, avx512bw, avx512vl, sha, fma, vzeroupper, avx512_vpopcntdq, avx512_vpclmulqdq, avx512_vaes, avx512_vnni, clflush, clflushopt, avx512_vbmi2, avx512_vbmi, hv

Memory: 4k page, system-wide physical 7901M (948M free)
TotalPageFile size 32477M (AvailPageFile size 0M)
current process WorkingSet (physical memory assigned to process): 58M, peak: 198M
current process commit charge ("private bytes"): 421M, peak: 436M

vm_info: Java HotSpot(TM) 64-Bit Server VM (17.0.10+11-LTS-240) for windows-amd64 JRE (17.0.10+11-LTS-240), built on Dec 19 2023 21:47:25 by "mach5one" with MS VC++ 17.1 (VS2022)

END.
