#
# There is insufficient memory for the Java Runtime Environment to continue.
# Native memory allocation (malloc) failed to allocate 32744 bytes for ChunkPool::allocate
# Possible reasons:
#   The system is out of physical RAM or swap space
#   The process is running with CompressedOops enabled, and the Java Heap may be blocking the growth of the native heap
# Possible solutions:
#   Reduce memory load on the system
#   Increase physical memory or swap space
#   Check if swap backing store is full
#   Decrease Java heap size (-Xmx/-Xms)
#   Decrease number of Java threads
#   Decrease Java thread stack sizes (-Xss)
#   Set larger code cache with -XX:ReservedCodeCacheSize=
#   JVM is running with Unscaled Compressed Oops mode in which the Java heap is
#     placed in the first 4GB address space. The Java Heap base address is the
#     maximum limit for the native heap growth. Please use -XX:HeapBaseMinAddress
#     to set the Java Heap base and to place the Java Heap above 4GB virtual address.
# This output file may be truncated or incomplete.
#
#  Out of Memory Error (arena.cpp:78), pid=4800, tid=24048
#
# JRE version: Java(TM) SE Runtime Environment (17.0.10+11) (build 17.0.10+11-LTS-240)
# Java VM: Java HotSpot(TM) 64-Bit Server VM (17.0.10+11-LTS-240, mixed mode, sharing, tiered, compressed oops, compressed class ptrs, g1 gc, windows-amd64)
# No core dump will be written. Minidumps are not enabled by default on client versions of Windows
#

---------------  S U M M A R Y ------------

Command Line: --add-opens=java.base/java.util=ALL-UNNAMED --add-opens=java.base/java.lang=ALL-UNNAMED --add-opens=java.base/java.lang.invoke=ALL-UNNAMED --add-opens=java.prefs/java.util.prefs=ALL-UNNAMED --add-opens=java.base/java.nio.charset=ALL-UNNAMED --add-opens=java.base/java.net=ALL-UNNAMED --add-opens=java.base/java.util.concurrent.atomic=ALL-UNNAMED -XX:MaxMetaspaceSize=384m -XX:+HeapDumpOnOutOfMemoryError -Xms256m -Xmx512m -Dfile.encoding=x-windows-949 -Duser.country=KR -Duser.language=ko -Duser.variant -javaagent:C:\Users\user\.gradle\wrapper\dists\gradle-8.5-bin\5t9huq95ubn472n8rpzujfbqh\gradle-8.5\lib\agents\gradle-instrumentation-agent-8.5.jar org.gradle.launcher.daemon.bootstrap.GradleDaemon 8.5

Host: Intel(R) Core(TM) i5-1035G7 CPU @ 1.20GHz, 8 cores, 7G,  Windows 11 , 64 bit Build 22621 (10.0.22621.2506)
Time: Sat Mar  2 10:31:41 2024  Windows 11 , 64 bit Build 22621 (10.0.22621.2506) elapsed time: 787.298993 seconds (0d 0h 13m 7s)

---------------  T H R E A D  ---------------

Current thread (0x000001e941d5f430):  JavaThread "C2 CompilerThread0" daemon [_thread_in_native, id=24048, stack(0x000000a73a600000,0x000000a73a700000)]


Current CompileTask:
C2: 787299 4933       4       java.util.concurrent.locks.AbstractQueuedSynchronizer$ConditionObject::await (203 bytes)

Stack: [0x000000a73a600000,0x000000a73a700000]
Native frames: (J=compiled Java code, j=interpreted, Vv=VM code, C=native code)
V  [jvm.dll+0x677a5a]
V  [jvm.dll+0x7d8b2d]
V  [jvm.dll+0x7da48e]
V  [jvm.dll+0x7daaf3]
V  [jvm.dll+0x2455ff]
V  [jvm.dll+0xaad50]
V  [jvm.dll+0xab09c]
V  [jvm.dll+0x604f7e]
V  [jvm.dll+0x60511f]
V  [jvm.dll+0x60a9bc]
V  [jvm.dll+0x60b8dc]
V  [jvm.dll+0x609db4]
V  [jvm.dll+0x2177ce]
V  [jvm.dll+0x216d81]
V  [jvm.dll+0x1a3410]
V  [jvm.dll+0x226aeb]
V  [jvm.dll+0x224cab]
V  [jvm.dll+0x78e45c]
V  [jvm.dll+0x78888a]
V  [jvm.dll+0x676935]
C  [ucrtbase.dll+0x29363]
C  [KERNEL32.DLL+0x1257d]
C  [ntdll.dll+0x5aa58]


---------------  P R O C E S S  ---------------

Threads class SMR info:
_java_thread_list=0x000001e95d6392c0, length=42, elements={
0x000001e927450e30, 0x000001e941d38600, 0x000001e941d395d0, 0x000001e941d55090,
0x000001e941d56970, 0x000001e941d57df0, 0x000001e941d5e370, 0x000001e941d5f430,
0x000001e95b018050, 0x000001e95b018570, 0x000001e95b06a630, 0x000001e95b169f10,
0x000001e95d304270, 0x000001e95bbde960, 0x000001e95b189e90, 0x000001e95d5a7820,
0x000001e95d30c3f0, 0x000001e95b4e7a20, 0x000001e95b4e9880, 0x000001e95b4e7510,
0x000001e95b4e7f30, 0x000001e95b4eacc0, 0x000001e95b4ea2a0, 0x000001e95b4e9d90,
0x000001e95b4e9370, 0x000001e95b36a8d0, 0x000001e95b36b800, 0x000001e95b368a70,
0x000001e95b36cc40, 0x000001e95b369490, 0x000001e95b36c220, 0x000001e95b36c730,
0x000001e95b36b2f0, 0x000001e95b36e590, 0x000001e95b3699a0, 0x000001e95b36d150,
0x000001e95b36d660, 0x000001e95b36bd10, 0x000001e95b36eaa0, 0x000001e95b36f9d0,
0x000001e95b36fee0, 0x000001e95b368f80
}

Java Threads: ( => current thread )
  0x000001e927450e30 JavaThread "main" [_thread_blocked, id=37272, stack(0x000000a739900000,0x000000a739a00000)]
  0x000001e941d38600 JavaThread "Reference Handler" daemon [_thread_blocked, id=26076, stack(0x000000a73a000000,0x000000a73a100000)]
  0x000001e941d395d0 JavaThread "Finalizer" daemon [_thread_blocked, id=42088, stack(0x000000a73a100000,0x000000a73a200000)]
  0x000001e941d55090 JavaThread "Signal Dispatcher" daemon [_thread_blocked, id=41272, stack(0x000000a73a200000,0x000000a73a300000)]
  0x000001e941d56970 JavaThread "Attach Listener" daemon [_thread_blocked, id=40016, stack(0x000000a73a300000,0x000000a73a400000)]
  0x000001e941d57df0 JavaThread "Service Thread" daemon [_thread_blocked, id=43280, stack(0x000000a73a400000,0x000000a73a500000)]
  0x000001e941d5e370 JavaThread "Monitor Deflation Thread" daemon [_thread_blocked, id=29988, stack(0x000000a73a500000,0x000000a73a600000)]
=>0x000001e941d5f430 JavaThread "C2 CompilerThread0" daemon [_thread_in_native, id=24048, stack(0x000000a73a600000,0x000000a73a700000)]
  0x000001e95b018050 JavaThread "C1 CompilerThread0" daemon [_thread_blocked, id=9468, stack(0x000000a73a700000,0x000000a73a800000)]
  0x000001e95b018570 JavaThread "Sweeper thread" daemon [_thread_blocked, id=20068, stack(0x000000a73a800000,0x000000a73a900000)]
  0x000001e95b06a630 JavaThread "Common-Cleaner" daemon [_thread_blocked, id=28312, stack(0x000000a73a900000,0x000000a73aa00000)]
  0x000001e95b169f10 JavaThread "Notification Thread" daemon [_thread_blocked, id=8864, stack(0x000000a73aa00000,0x000000a73ab00000)]
  0x000001e95d304270 JavaThread "Daemon health stats" [_thread_blocked, id=24400, stack(0x000000a73ac00000,0x000000a73ad00000)]
  0x000001e95bbde960 JavaThread "Incoming local TCP Connector on port 60346" [_thread_in_native, id=41196, stack(0x000000a739600000,0x000000a739700000)]
  0x000001e95b189e90 JavaThread "Daemon periodic checks" [_thread_blocked, id=31560, stack(0x000000a73b200000,0x000000a73b300000)]
  0x000001e95d5a7820 JavaThread "Daemon" [_thread_blocked, id=41596, stack(0x000000a73b300000,0x000000a73b400000)]
  0x000001e95d30c3f0 JavaThread "Handler for socket connection from /127.0.0.1:60346 to /127.0.0.1:60348" [_thread_in_native, id=32348, stack(0x000000a73b400000,0x000000a73b500000)]
  0x000001e95b4e7a20 JavaThread "Cancel handler" [_thread_blocked, id=43928, stack(0x000000a73b500000,0x000000a73b600000)]
  0x000001e95b4e9880 JavaThread "Daemon worker" [_thread_in_native, id=36888, stack(0x000000a73b600000,0x000000a73b700000)]
  0x000001e95b4e7510 JavaThread "Asynchronous log dispatcher for DefaultDaemonConnection: socket connection from /127.0.0.1:60346 to /127.0.0.1:60348" [_thread_blocked, id=32620, stack(0x000000a73b700000,0x000000a73b800000)]
  0x000001e95b4e7f30 JavaThread "Stdin handler" [_thread_blocked, id=40924, stack(0x000000a73b800000,0x000000a73b900000)]
  0x000001e95b4eacc0 JavaThread "Daemon client event forwarder" [_thread_blocked, id=22740, stack(0x000000a73b900000,0x000000a73ba00000)]
  0x000001e95b4ea2a0 JavaThread "Cache worker for journal cache (C:\Users\user\.gradle\caches\journal-1)" [_thread_blocked, id=22640, stack(0x000000a73ba00000,0x000000a73bb00000)]
  0x000001e95b4e9d90 JavaThread "File lock request listener" [_thread_in_native, id=28972, stack(0x000000a73bb00000,0x000000a73bc00000)]
  0x000001e95b4e9370 JavaThread "Cache worker for file hash cache (C:\Users\user\.gradle\caches\8.5\fileHashes)" [_thread_blocked, id=8960, stack(0x000000a73bc00000,0x000000a73bd00000)]
  0x000001e95b36a8d0 JavaThread "File watcher server" daemon [_thread_in_native, id=10908, stack(0x000000a73c000000,0x000000a73c100000)]
  0x000001e95b36b800 JavaThread "File watcher consumer" daemon [_thread_blocked, id=19696, stack(0x000000a73c100000,0x000000a73c200000)]
  0x000001e95b368a70 JavaThread "Cache worker for checksums cache (C:\basket\.gradle\8.5\checksums)" [_thread_blocked, id=37948, stack(0x000000a73c500000,0x000000a73c600000)]
  0x000001e95b36cc40 JavaThread "Cache worker for file hash cache (C:\basket\.gradle\8.5\fileHashes)" [_thread_blocked, id=33496, stack(0x000000a73c600000,0x000000a73c700000)]
  0x000001e95b369490 JavaThread "Cache worker for cache directory md-supplier (C:\Users\user\.gradle\caches\8.5\md-supplier)" [_thread_blocked, id=42196, stack(0x000000a73c700000,0x000000a73c800000)]
  0x000001e95b36c220 JavaThread "Cache worker for cache directory md-rule (C:\Users\user\.gradle\caches\8.5\md-rule)" [_thread_blocked, id=10656, stack(0x000000a73c800000,0x000000a73c900000)]
  0x000001e95b36c730 JavaThread "Cache worker for file content cache (C:\Users\user\.gradle\caches\8.5\fileContent)" [_thread_blocked, id=8908, stack(0x000000a73c900000,0x000000a73ca00000)]
  0x000001e95b36b2f0 JavaThread "Cache worker for execution history cache (C:\Users\user\.gradle\caches\8.5\executionHistory)" [_thread_blocked, id=22520, stack(0x000000a73ca00000,0x000000a73cb00000)]
  0x000001e95b36e590 JavaThread "jar transforms" [_thread_blocked, id=40512, stack(0x000000a739700000,0x000000a739800000)]
  0x000001e95b3699a0 JavaThread "jar transforms Thread 2" [_thread_blocked, id=11944, stack(0x000000a739800000,0x000000a739900000)]
  0x000001e95b36d150 JavaThread "jar transforms Thread 3" [_thread_blocked, id=36148, stack(0x000000a73cb00000,0x000000a73cc00000)]
  0x000001e95b36d660 JavaThread "jar transforms Thread 4" [_thread_blocked, id=16376, stack(0x000000a73bd00000,0x000000a73be00000)]
  0x000001e95b36bd10 JavaThread "jar transforms Thread 5" [_thread_blocked, id=7472, stack(0x000000a73cc00000,0x000000a73cd00000)]
  0x000001e95b36eaa0 JavaThread "jar transforms Thread 6" [_thread_blocked, id=11976, stack(0x000000a73be00000,0x000000a73bf00000)]
  0x000001e95b36f9d0 JavaThread "Cache worker for dependencies-accessors (C:\basket\.gradle\8.5\dependencies-accessors)" [_thread_blocked, id=36272, stack(0x000000a73cd00000,0x000000a73ce00000)]
  0x000001e95b36fee0 JavaThread "jar transforms Thread 7" [_thread_blocked, id=13932, stack(0x000000a73ce00000,0x000000a73cf00000)]
  0x000001e95b368f80 JavaThread "File lock release action executor Thread 3" [_thread_blocked, id=26736, stack(0x000000a73cf00000,0x000000a73d000000)]

Other Threads:
  0x000001e941d340c0 VMThread "VM Thread" [stack: 0x000000a739f00000,0x000000a73a000000] [id=22892]
  0x000001e95b12e420 WatcherThread [stack: 0x000000a73ab00000,0x000000a73ac00000] [id=29500]
  0x000001e927481e00 GCTaskThread "GC Thread#0" [stack: 0x000000a739a00000,0x000000a739b00000] [id=36744]
  0x000001e95b27e440 GCTaskThread "GC Thread#1" [stack: 0x000000a73ad00000,0x000000a73ae00000] [id=43264]
  0x000001e95bcb9d30 GCTaskThread "GC Thread#2" [stack: 0x000000a73ae00000,0x000000a73af00000] [id=11168]
  0x000001e95c135420 GCTaskThread "GC Thread#3" [stack: 0x000000a73af00000,0x000000a73b000000] [id=33584]
  0x000001e95c1356e0 GCTaskThread "GC Thread#4" [stack: 0x000000a73b000000,0x000000a73b100000] [id=40620]
  0x000001e95b3a6eb0 GCTaskThread "GC Thread#5" [stack: 0x000000a73b100000,0x000000a73b200000] [id=17640]
  0x000001e95cf9aff0 GCTaskThread "GC Thread#6" [stack: 0x000000a73c200000,0x000000a73c300000] [id=27612]
  0x000001e95cf9b2b0 GCTaskThread "GC Thread#7" [stack: 0x000000a73c300000,0x000000a73c400000] [id=35628]
  0x000001e927486cd0 ConcurrentGCThread "G1 Main Marker" [stack: 0x000000a739b00000,0x000000a739c00000] [id=30752]
  0x000001e9274875e0 ConcurrentGCThread "G1 Conc#0" [stack: 0x000000a739c00000,0x000000a739d00000] [id=43248]
  0x000001e95d35ba60 ConcurrentGCThread "G1 Conc#1" [stack: 0x000000a73c400000,0x000000a73c500000] [id=19476]
  0x000001e92751eaa0 ConcurrentGCThread "G1 Refine#0" [stack: 0x000000a739d00000,0x000000a739e00000] [id=38380]
  0x000001e941bf4630 ConcurrentGCThread "G1 Service" [stack: 0x000000a739e00000,0x000000a739f00000] [id=10696]

Threads with active compile tasks:
C2 CompilerThread0   787653 4933       4       java.util.concurrent.locks.AbstractQueuedSynchronizer$ConditionObject::await (203 bytes)

VM state: not at safepoint (normal execution)

VM Mutex/Monitor currently owned by a thread: None

Heap address: 0x00000000e0000000, size: 512 MB, Compressed Oops mode: 32-bit

CDS archive(s) mapped at: [0x000001e942000000-0x000001e942bd0000-0x000001e942bd0000), size 12386304, SharedBaseAddress: 0x000001e942000000, ArchiveRelocationMode: 1.
Compressed class space mapped at: 0x000001e943000000-0x000001e957000000, reserved size: 335544320
Narrow klass base: 0x000001e942000000, Narrow klass shift: 0, Narrow klass range: 0x100000000

GC Precious Log:
 CPUs: 8 total, 8 available
 Memory: 7901M
 Large Page Support: Disabled
 NUMA Support: Disabled
 Compressed Oops: Enabled (32-bit)
 Heap Region Size: 1M
 Heap Min Capacity: 256M
 Heap Initial Capacity: 256M
 Heap Max Capacity: 512M
 Pre-touch: Disabled
 Parallel Workers: 8
 Concurrent Workers: 2
 Concurrent Refinement Workers: 8
 Periodic GC: Disabled

Heap:
 garbage-first heap   total 262144K, used 36652K [0x00000000e0000000, 0x0000000100000000)
  region size 1024K, 8 young (8192K), 2 survivors (2048K)
 Metaspace       used 41278K, committed 41728K, reserved 393216K
  class space    used 5729K, committed 5952K, reserved 327680K

Heap Regions: E=young(eden), S=young(survivor), O=old, HS=humongous(starts), HC=humongous(continues), CS=collection set, F=free, OA=open archive, CA=closed archive, TAMS=top-at-mark-start (previous, next)
|   0|0x00000000e0000000, 0x00000000e0100000, 0x00000000e0100000|100%|HS|  |TAMS 0x00000000e0100000, 0x00000000e0000000| Complete 
|   1|0x00000000e0100000, 0x00000000e0200000, 0x00000000e0200000|100%|HC|  |TAMS 0x00000000e0200000, 0x00000000e0100000| Complete 
|   2|0x00000000e0200000, 0x00000000e0300000, 0x00000000e0300000|100%|HC|  |TAMS 0x00000000e0300000, 0x00000000e0200000| Complete 
|   3|0x00000000e0300000, 0x00000000e0400000, 0x00000000e0400000|100%|HC|  |TAMS 0x00000000e0400000, 0x00000000e0300000| Complete 
|   4|0x00000000e0400000, 0x00000000e0500000, 0x00000000e0500000|100%| O|  |TAMS 0x00000000e0500000, 0x00000000e0400000| Untracked 
|   5|0x00000000e0500000, 0x00000000e0600000, 0x00000000e0600000|100%| O|  |TAMS 0x00000000e0600000, 0x00000000e0500000| Untracked 
|   6|0x00000000e0600000, 0x00000000e0700000, 0x00000000e0700000|100%| O|  |TAMS 0x00000000e0700000, 0x00000000e0600000| Untracked 
|   7|0x00000000e0700000, 0x00000000e0800000, 0x00000000e0800000|100%| O|  |TAMS 0x00000000e0800000, 0x00000000e0700000| Untracked 
|   8|0x00000000e0800000, 0x00000000e0900000, 0x00000000e0900000|100%| O|  |TAMS 0x00000000e0900000, 0x00000000e0800000| Untracked 
|   9|0x00000000e0900000, 0x00000000e0a00000, 0x00000000e0a00000|100%| O|  |TAMS 0x00000000e0a00000, 0x00000000e0900000| Untracked 
|  10|0x00000000e0a00000, 0x00000000e0b00000, 0x00000000e0b00000|100%| O|  |TAMS 0x00000000e0a77600, 0x00000000e0a00000| Untracked 
|  11|0x00000000e0b00000, 0x00000000e0c00000, 0x00000000e0c00000|100%| O|  |TAMS 0x00000000e0b00000, 0x00000000e0b00000| Untracked 
|  12|0x00000000e0c00000, 0x00000000e0d00000, 0x00000000e0d00000|100%| O|  |TAMS 0x00000000e0c00000, 0x00000000e0c00000| Untracked 
|  13|0x00000000e0d00000, 0x00000000e0e00000, 0x00000000e0e00000|100%| O|  |TAMS 0x00000000e0d00000, 0x00000000e0d00000| Untracked 
|  14|0x00000000e0e00000, 0x00000000e0f00000, 0x00000000e0f00000|100%| O|  |TAMS 0x00000000e0e00000, 0x00000000e0e00000| Untracked 
|  15|0x00000000e0f00000, 0x00000000e1000000, 0x00000000e1000000|100%| O|  |TAMS 0x00000000e0f00000, 0x00000000e0f00000| Untracked 
|  16|0x00000000e1000000, 0x00000000e1100000, 0x00000000e1100000|100%| O|  |TAMS 0x00000000e1000000, 0x00000000e1000000| Untracked 
|  17|0x00000000e1100000, 0x00000000e1200000, 0x00000000e1200000|100%| O|  |TAMS 0x00000000e1100000, 0x00000000e1100000| Untracked 
|  18|0x00000000e1200000, 0x00000000e1300000, 0x00000000e1300000|100%| O|  |TAMS 0x00000000e1200000, 0x00000000e1200000| Untracked 
|  19|0x00000000e1300000, 0x00000000e1400000, 0x00000000e1400000|100%| O|  |TAMS 0x00000000e1300000, 0x00000000e1300000| Untracked 
|  20|0x00000000e1400000, 0x00000000e1500000, 0x00000000e1500000|100%| O|  |TAMS 0x00000000e1400000, 0x00000000e1400000| Untracked 
|  21|0x00000000e1500000, 0x00000000e1600000, 0x00000000e1600000|100%| O|  |TAMS 0x00000000e1500000, 0x00000000e1500000| Untracked 
|  22|0x00000000e1600000, 0x00000000e1700000, 0x00000000e1700000|100%| O|  |TAMS 0x00000000e1600000, 0x00000000e1600000| Untracked 
|  23|0x00000000e1700000, 0x00000000e1800000, 0x00000000e1800000|100%| O|  |TAMS 0x00000000e1700000, 0x00000000e1700000| Untracked 
|  24|0x00000000e1800000, 0x00000000e1900000, 0x00000000e1900000|100%| O|  |TAMS 0x00000000e1800000, 0x00000000e1800000| Untracked 
|  25|0x00000000e1900000, 0x00000000e1a00000, 0x00000000e1a00000|100%| O|  |TAMS 0x00000000e1900000, 0x00000000e1900000| Untracked 
|  26|0x00000000e1a00000, 0x00000000e1b00000, 0x00000000e1b00000|100%| O|  |TAMS 0x00000000e1a00000, 0x00000000e1a00000| Untracked 
|  27|0x00000000e1b00000, 0x00000000e1c00000, 0x00000000e1c00000|100%| O|  |TAMS 0x00000000e1b00000, 0x00000000e1b00000| Untracked 
|  28|0x00000000e1c00000, 0x00000000e1d00000, 0x00000000e1d00000|100%| O|  |TAMS 0x00000000e1c00000, 0x00000000e1c00000| Untracked 
|  29|0x00000000e1d00000, 0x00000000e1e00000, 0x00000000e1e00000|100%| O|  |TAMS 0x00000000e1d00000, 0x00000000e1d00000| Untracked 
|  30|0x00000000e1e00000, 0x00000000e1e80400, 0x00000000e1f00000| 50%| O|  |TAMS 0x00000000e1e00000, 0x00000000e1e00000| Untracked 
|  31|0x00000000e1f00000, 0x00000000e1f00000, 0x00000000e2000000|  0%| F|  |TAMS 0x00000000e1f00000, 0x00000000e1f00000| Untracked 
|  32|0x00000000e2000000, 0x00000000e2000000, 0x00000000e2100000|  0%| F|  |TAMS 0x00000000e2000000, 0x00000000e2000000| Untracked 
|  33|0x00000000e2100000, 0x00000000e2100000, 0x00000000e2200000|  0%| F|  |TAMS 0x00000000e2100000, 0x00000000e2100000| Untracked 
|  34|0x00000000e2200000, 0x00000000e2200000, 0x00000000e2300000|  0%| F|  |TAMS 0x00000000e2200000, 0x00000000e2200000| Untracked 
|  35|0x00000000e2300000, 0x00000000e2300000, 0x00000000e2400000|  0%| F|  |TAMS 0x00000000e2300000, 0x00000000e2300000| Untracked 
|  36|0x00000000e2400000, 0x00000000e2400000, 0x00000000e2500000|  0%| F|  |TAMS 0x00000000e2400000, 0x00000000e2400000| Untracked 
|  37|0x00000000e2500000, 0x00000000e2500000, 0x00000000e2600000|  0%| F|  |TAMS 0x00000000e2500000, 0x00000000e2500000| Untracked 
|  38|0x00000000e2600000, 0x00000000e2600000, 0x00000000e2700000|  0%| F|  |TAMS 0x00000000e2600000, 0x00000000e2600000| Untracked 
|  39|0x00000000e2700000, 0x00000000e2700000, 0x00000000e2800000|  0%| F|  |TAMS 0x00000000e2700000, 0x00000000e2700000| Untracked 
|  40|0x00000000e2800000, 0x00000000e2800000, 0x00000000e2900000|  0%| F|  |TAMS 0x00000000e2800000, 0x00000000e2800000| Untracked 
|  41|0x00000000e2900000, 0x00000000e2900000, 0x00000000e2a00000|  0%| F|  |TAMS 0x00000000e2900000, 0x00000000e2900000| Untracked 
|  42|0x00000000e2a00000, 0x00000000e2a00000, 0x00000000e2b00000|  0%| F|  |TAMS 0x00000000e2a00000, 0x00000000e2a00000| Untracked 
|  43|0x00000000e2b00000, 0x00000000e2b00000, 0x00000000e2c00000|  0%| F|  |TAMS 0x00000000e2b00000, 0x00000000e2b00000| Untracked 
|  44|0x00000000e2c00000, 0x00000000e2c00000, 0x00000000e2d00000|  0%| F|  |TAMS 0x00000000e2c00000, 0x00000000e2c00000| Untracked 
|  45|0x00000000e2d00000, 0x00000000e2d00000, 0x00000000e2e00000|  0%| F|  |TAMS 0x00000000e2d00000, 0x00000000e2d00000| Untracked 
|  46|0x00000000e2e00000, 0x00000000e2e00000, 0x00000000e2f00000|  0%| F|  |TAMS 0x00000000e2e00000, 0x00000000e2e00000| Untracked 
|  47|0x00000000e2f00000, 0x00000000e2f00000, 0x00000000e3000000|  0%| F|  |TAMS 0x00000000e2f00000, 0x00000000e2f00000| Untracked 
|  48|0x00000000e3000000, 0x00000000e3000000, 0x00000000e3100000|  0%| F|  |TAMS 0x00000000e3000000, 0x00000000e3000000| Untracked 
|  49|0x00000000e3100000, 0x00000000e3100000, 0x00000000e3200000|  0%| F|  |TAMS 0x00000000e3100000, 0x00000000e3100000| Untracked 
|  50|0x00000000e3200000, 0x00000000e3200000, 0x00000000e3300000|  0%| F|  |TAMS 0x00000000e3200000, 0x00000000e3200000| Untracked 
|  51|0x00000000e3300000, 0x00000000e3300000, 0x00000000e3400000|  0%| F|  |TAMS 0x00000000e3300000, 0x00000000e3300000| Untracked 
|  52|0x00000000e3400000, 0x00000000e3400000, 0x00000000e3500000|  0%| F|  |TAMS 0x00000000e3400000, 0x00000000e3400000| Untracked 
|  53|0x00000000e3500000, 0x00000000e3500000, 0x00000000e3600000|  0%| F|  |TAMS 0x00000000e3500000, 0x00000000e3500000| Untracked 
|  54|0x00000000e3600000, 0x00000000e3600000, 0x00000000e3700000|  0%| F|  |TAMS 0x00000000e3600000, 0x00000000e3600000| Untracked 
|  55|0x00000000e3700000, 0x00000000e3700000, 0x00000000e3800000|  0%| F|  |TAMS 0x00000000e3700000, 0x00000000e3700000| Untracked 
|  56|0x00000000e3800000, 0x00000000e3800000, 0x00000000e3900000|  0%| F|  |TAMS 0x00000000e3800000, 0x00000000e3800000| Untracked 
|  57|0x00000000e3900000, 0x00000000e3900000, 0x00000000e3a00000|  0%| F|  |TAMS 0x00000000e3900000, 0x00000000e3900000| Untracked 
|  58|0x00000000e3a00000, 0x00000000e3a00000, 0x00000000e3b00000|  0%| F|  |TAMS 0x00000000e3a00000, 0x00000000e3a00000| Untracked 
|  59|0x00000000e3b00000, 0x00000000e3b00000, 0x00000000e3c00000|  0%| F|  |TAMS 0x00000000e3b00000, 0x00000000e3b00000| Untracked 
|  60|0x00000000e3c00000, 0x00000000e3c00000, 0x00000000e3d00000|  0%| F|  |TAMS 0x00000000e3c00000, 0x00000000e3c00000| Untracked 
|  61|0x00000000e3d00000, 0x00000000e3d00000, 0x00000000e3e00000|  0%| F|  |TAMS 0x00000000e3d00000, 0x00000000e3d00000| Untracked 
|  62|0x00000000e3e00000, 0x00000000e3e00000, 0x00000000e3f00000|  0%| F|  |TAMS 0x00000000e3e00000, 0x00000000e3e00000| Untracked 
|  63|0x00000000e3f00000, 0x00000000e3f00000, 0x00000000e4000000|  0%| F|  |TAMS 0x00000000e3f00000, 0x00000000e3f00000| Untracked 
|  64|0x00000000e4000000, 0x00000000e4000000, 0x00000000e4100000|  0%| F|  |TAMS 0x00000000e4000000, 0x00000000e4000000| Untracked 
|  65|0x00000000e4100000, 0x00000000e4100000, 0x00000000e4200000|  0%| F|  |TAMS 0x00000000e4100000, 0x00000000e4100000| Untracked 
|  66|0x00000000e4200000, 0x00000000e4200000, 0x00000000e4300000|  0%| F|  |TAMS 0x00000000e4200000, 0x00000000e4200000| Untracked 
|  67|0x00000000e4300000, 0x00000000e4300000, 0x00000000e4400000|  0%| F|  |TAMS 0x00000000e4300000, 0x00000000e4300000| Untracked 
|  68|0x00000000e4400000, 0x00000000e4400000, 0x00000000e4500000|  0%| F|  |TAMS 0x00000000e4400000, 0x00000000e4400000| Untracked 
|  69|0x00000000e4500000, 0x00000000e4500000, 0x00000000e4600000|  0%| F|  |TAMS 0x00000000e4500000, 0x00000000e4500000| Untracked 
|  70|0x00000000e4600000, 0x00000000e4600000, 0x00000000e4700000|  0%| F|  |TAMS 0x00000000e4600000, 0x00000000e4600000| Untracked 
|  71|0x00000000e4700000, 0x00000000e4700000, 0x00000000e4800000|  0%| F|  |TAMS 0x00000000e4700000, 0x00000000e4700000| Untracked 
|  72|0x00000000e4800000, 0x00000000e4800000, 0x00000000e4900000|  0%| F|  |TAMS 0x00000000e4800000, 0x00000000e4800000| Untracked 
|  73|0x00000000e4900000, 0x00000000e4900000, 0x00000000e4a00000|  0%| F|  |TAMS 0x00000000e4900000, 0x00000000e4900000| Untracked 
|  74|0x00000000e4a00000, 0x00000000e4a00000, 0x00000000e4b00000|  0%| F|  |TAMS 0x00000000e4a00000, 0x00000000e4a00000| Untracked 
|  75|0x00000000e4b00000, 0x00000000e4b00000, 0x00000000e4c00000|  0%| F|  |TAMS 0x00000000e4b00000, 0x00000000e4b00000| Untracked 
|  76|0x00000000e4c00000, 0x00000000e4c00000, 0x00000000e4d00000|  0%| F|  |TAMS 0x00000000e4c00000, 0x00000000e4c00000| Untracked 
|  77|0x00000000e4d00000, 0x00000000e4d00000, 0x00000000e4e00000|  0%| F|  |TAMS 0x00000000e4d00000, 0x00000000e4d00000| Untracked 
|  78|0x00000000e4e00000, 0x00000000e4e00000, 0x00000000e4f00000|  0%| F|  |TAMS 0x00000000e4e00000, 0x00000000e4e00000| Untracked 
|  79|0x00000000e4f00000, 0x00000000e4f00000, 0x00000000e5000000|  0%| F|  |TAMS 0x00000000e4f00000, 0x00000000e4f00000| Untracked 
|  80|0x00000000e5000000, 0x00000000e5000000, 0x00000000e5100000|  0%| F|  |TAMS 0x00000000e5000000, 0x00000000e5000000| Untracked 
|  81|0x00000000e5100000, 0x00000000e5100000, 0x00000000e5200000|  0%| F|  |TAMS 0x00000000e5100000, 0x00000000e5100000| Untracked 
|  82|0x00000000e5200000, 0x00000000e5200000, 0x00000000e5300000|  0%| F|  |TAMS 0x00000000e5200000, 0x00000000e5200000| Untracked 
|  83|0x00000000e5300000, 0x00000000e5300000, 0x00000000e5400000|  0%| F|  |TAMS 0x00000000e5300000, 0x00000000e5300000| Untracked 
|  84|0x00000000e5400000, 0x00000000e5400000, 0x00000000e5500000|  0%| F|  |TAMS 0x00000000e5400000, 0x00000000e5400000| Untracked 
|  85|0x00000000e5500000, 0x00000000e5500000, 0x00000000e5600000|  0%| F|  |TAMS 0x00000000e5500000, 0x00000000e5500000| Untracked 
|  86|0x00000000e5600000, 0x00000000e5600000, 0x00000000e5700000|  0%| F|  |TAMS 0x00000000e5600000, 0x00000000e5600000| Untracked 
|  87|0x00000000e5700000, 0x00000000e5700000, 0x00000000e5800000|  0%| F|  |TAMS 0x00000000e5700000, 0x00000000e5700000| Untracked 
|  88|0x00000000e5800000, 0x00000000e5800000, 0x00000000e5900000|  0%| F|  |TAMS 0x00000000e5800000, 0x00000000e5800000| Untracked 
|  89|0x00000000e5900000, 0x00000000e5900000, 0x00000000e5a00000|  0%| F|  |TAMS 0x00000000e5900000, 0x00000000e5900000| Untracked 
|  90|0x00000000e5a00000, 0x00000000e5a00000, 0x00000000e5b00000|  0%| F|  |TAMS 0x00000000e5a00000, 0x00000000e5a00000| Untracked 
|  91|0x00000000e5b00000, 0x00000000e5b00000, 0x00000000e5c00000|  0%| F|  |TAMS 0x00000000e5b00000, 0x00000000e5b00000| Untracked 
|  92|0x00000000e5c00000, 0x00000000e5c00000, 0x00000000e5d00000|  0%| F|  |TAMS 0x00000000e5c00000, 0x00000000e5c00000| Untracked 
|  93|0x00000000e5d00000, 0x00000000e5d00000, 0x00000000e5e00000|  0%| F|  |TAMS 0x00000000e5d00000, 0x00000000e5d00000| Untracked 
|  94|0x00000000e5e00000, 0x00000000e5e00000, 0x00000000e5f00000|  0%| F|  |TAMS 0x00000000e5e00000, 0x00000000e5e00000| Untracked 
|  95|0x00000000e5f00000, 0x00000000e5f00000, 0x00000000e6000000|  0%| F|  |TAMS 0x00000000e5f00000, 0x00000000e5f00000| Untracked 
|  96|0x00000000e6000000, 0x00000000e6000000, 0x00000000e6100000|  0%| F|  |TAMS 0x00000000e6000000, 0x00000000e6000000| Untracked 
|  97|0x00000000e6100000, 0x00000000e6100000, 0x00000000e6200000|  0%| F|  |TAMS 0x00000000e6100000, 0x00000000e6100000| Untracked 
|  98|0x00000000e6200000, 0x00000000e6200000, 0x00000000e6300000|  0%| F|  |TAMS 0x00000000e6200000, 0x00000000e6200000| Untracked 
|  99|0x00000000e6300000, 0x00000000e6300000, 0x00000000e6400000|  0%| F|  |TAMS 0x00000000e6300000, 0x00000000e6300000| Untracked 
| 100|0x00000000e6400000, 0x00000000e6400000, 0x00000000e6500000|  0%| F|  |TAMS 0x00000000e6400000, 0x00000000e6400000| Untracked 
| 101|0x00000000e6500000, 0x00000000e6500000, 0x00000000e6600000|  0%| F|  |TAMS 0x00000000e6500000, 0x00000000e6500000| Untracked 
| 102|0x00000000e6600000, 0x00000000e6600000, 0x00000000e6700000|  0%| F|  |TAMS 0x00000000e6600000, 0x00000000e6600000| Untracked 
| 103|0x00000000e6700000, 0x00000000e6700000, 0x00000000e6800000|  0%| F|  |TAMS 0x00000000e6700000, 0x00000000e6700000| Untracked 
| 104|0x00000000e6800000, 0x00000000e6800000, 0x00000000e6900000|  0%| F|  |TAMS 0x00000000e6800000, 0x00000000e6800000| Untracked 
| 105|0x00000000e6900000, 0x00000000e6900000, 0x00000000e6a00000|  0%| F|  |TAMS 0x00000000e6900000, 0x00000000e6900000| Untracked 
| 106|0x00000000e6a00000, 0x00000000e6a00000, 0x00000000e6b00000|  0%| F|  |TAMS 0x00000000e6a00000, 0x00000000e6a00000| Untracked 
| 107|0x00000000e6b00000, 0x00000000e6b00000, 0x00000000e6c00000|  0%| F|  |TAMS 0x00000000e6b00000, 0x00000000e6b00000| Untracked 
| 108|0x00000000e6c00000, 0x00000000e6c00000, 0x00000000e6d00000|  0%| F|  |TAMS 0x00000000e6c00000, 0x00000000e6c00000| Untracked 
| 109|0x00000000e6d00000, 0x00000000e6d00000, 0x00000000e6e00000|  0%| F|  |TAMS 0x00000000e6d00000, 0x00000000e6d00000| Untracked 
| 110|0x00000000e6e00000, 0x00000000e6e00000, 0x00000000e6f00000|  0%| F|  |TAMS 0x00000000e6e00000, 0x00000000e6e00000| Untracked 
| 111|0x00000000e6f00000, 0x00000000e6f00000, 0x00000000e7000000|  0%| F|  |TAMS 0x00000000e6f00000, 0x00000000e6f00000| Untracked 
| 112|0x00000000e7000000, 0x00000000e7000000, 0x00000000e7100000|  0%| F|  |TAMS 0x00000000e7000000, 0x00000000e7000000| Untracked 
| 113|0x00000000e7100000, 0x00000000e7100000, 0x00000000e7200000|  0%| F|  |TAMS 0x00000000e7100000, 0x00000000e7100000| Untracked 
| 114|0x00000000e7200000, 0x00000000e7200000, 0x00000000e7300000|  0%| F|  |TAMS 0x00000000e7200000, 0x00000000e7200000| Untracked 
| 115|0x00000000e7300000, 0x00000000e7300000, 0x00000000e7400000|  0%| F|  |TAMS 0x00000000e7300000, 0x00000000e7300000| Untracked 
| 116|0x00000000e7400000, 0x00000000e7400000, 0x00000000e7500000|  0%| F|  |TAMS 0x00000000e7400000, 0x00000000e7400000| Untracked 
| 117|0x00000000e7500000, 0x00000000e7500000, 0x00000000e7600000|  0%| F|  |TAMS 0x00000000e7500000, 0x00000000e7500000| Untracked 
| 118|0x00000000e7600000, 0x00000000e7600000, 0x00000000e7700000|  0%| F|  |TAMS 0x00000000e7600000, 0x00000000e7600000| Untracked 
| 119|0x00000000e7700000, 0x00000000e7700000, 0x00000000e7800000|  0%| F|  |TAMS 0x00000000e7700000, 0x00000000e7700000| Untracked 
| 120|0x00000000e7800000, 0x00000000e7800000, 0x00000000e7900000|  0%| F|  |TAMS 0x00000000e7800000, 0x00000000e7800000| Untracked 
| 121|0x00000000e7900000, 0x00000000e7900000, 0x00000000e7a00000|  0%| F|  |TAMS 0x00000000e7900000, 0x00000000e7900000| Untracked 
| 122|0x00000000e7a00000, 0x00000000e7a00000, 0x00000000e7b00000|  0%| F|  |TAMS 0x00000000e7a00000, 0x00000000e7a00000| Untracked 
| 123|0x00000000e7b00000, 0x00000000e7b00000, 0x00000000e7c00000|  0%| F|  |TAMS 0x00000000e7b00000, 0x00000000e7b00000| Untracked 
| 124|0x00000000e7c00000, 0x00000000e7c00000, 0x00000000e7d00000|  0%| F|  |TAMS 0x00000000e7c00000, 0x00000000e7c00000| Untracked 
| 125|0x00000000e7d00000, 0x00000000e7d00000, 0x00000000e7e00000|  0%| F|  |TAMS 0x00000000e7d00000, 0x00000000e7d00000| Untracked 
| 126|0x00000000e7e00000, 0x00000000e7e00000, 0x00000000e7f00000|  0%| F|  |TAMS 0x00000000e7e00000, 0x00000000e7e00000| Untracked 
| 127|0x00000000e7f00000, 0x00000000e7f00000, 0x00000000e8000000|  0%| F|  |TAMS 0x00000000e7f00000, 0x00000000e7f00000| Untracked 
| 128|0x00000000e8000000, 0x00000000e8000000, 0x00000000e8100000|  0%| F|  |TAMS 0x00000000e8000000, 0x00000000e8000000| Untracked 
| 129|0x00000000e8100000, 0x00000000e8100000, 0x00000000e8200000|  0%| F|  |TAMS 0x00000000e8100000, 0x00000000e8100000| Untracked 
| 130|0x00000000e8200000, 0x00000000e8200000, 0x00000000e8300000|  0%| F|  |TAMS 0x00000000e8200000, 0x00000000e8200000| Untracked 
| 131|0x00000000e8300000, 0x00000000e8300000, 0x00000000e8400000|  0%| F|  |TAMS 0x00000000e8300000, 0x00000000e8300000| Untracked 
| 132|0x00000000e8400000, 0x00000000e8400000, 0x00000000e8500000|  0%| F|  |TAMS 0x00000000e8400000, 0x00000000e8400000| Untracked 
| 133|0x00000000e8500000, 0x00000000e8500000, 0x00000000e8600000|  0%| F|  |TAMS 0x00000000e8500000, 0x00000000e8500000| Untracked 
| 134|0x00000000e8600000, 0x00000000e8600000, 0x00000000e8700000|  0%| F|  |TAMS 0x00000000e8600000, 0x00000000e8600000| Untracked 
| 135|0x00000000e8700000, 0x00000000e8700000, 0x00000000e8800000|  0%| F|  |TAMS 0x00000000e8700000, 0x00000000e8700000| Untracked 
| 136|0x00000000e8800000, 0x00000000e8800000, 0x00000000e8900000|  0%| F|  |TAMS 0x00000000e8800000, 0x00000000e8800000| Untracked 
| 137|0x00000000e8900000, 0x00000000e8900000, 0x00000000e8a00000|  0%| F|  |TAMS 0x00000000e8900000, 0x00000000e8900000| Untracked 
| 138|0x00000000e8a00000, 0x00000000e8a00000, 0x00000000e8b00000|  0%| F|  |TAMS 0x00000000e8a00000, 0x00000000e8a00000| Untracked 
| 139|0x00000000e8b00000, 0x00000000e8b00000, 0x00000000e8c00000|  0%| F|  |TAMS 0x00000000e8b00000, 0x00000000e8b00000| Untracked 
| 140|0x00000000e8c00000, 0x00000000e8c00000, 0x00000000e8d00000|  0%| F|  |TAMS 0x00000000e8c00000, 0x00000000e8c00000| Untracked 
| 141|0x00000000e8d00000, 0x00000000e8d00000, 0x00000000e8e00000|  0%| F|  |TAMS 0x00000000e8d00000, 0x00000000e8d00000| Untracked 
| 142|0x00000000e8e00000, 0x00000000e8e00000, 0x00000000e8f00000|  0%| F|  |TAMS 0x00000000e8e00000, 0x00000000e8e00000| Untracked 
| 143|0x00000000e8f00000, 0x00000000e8f00000, 0x00000000e9000000|  0%| F|  |TAMS 0x00000000e8f00000, 0x00000000e8f00000| Untracked 
| 144|0x00000000e9000000, 0x00000000e9000000, 0x00000000e9100000|  0%| F|  |TAMS 0x00000000e9000000, 0x00000000e9000000| Untracked 
| 145|0x00000000e9100000, 0x00000000e9100000, 0x00000000e9200000|  0%| F|  |TAMS 0x00000000e9100000, 0x00000000e9100000| Untracked 
| 146|0x00000000e9200000, 0x00000000e9200000, 0x00000000e9300000|  0%| F|  |TAMS 0x00000000e9200000, 0x00000000e9200000| Untracked 
| 147|0x00000000e9300000, 0x00000000e9300000, 0x00000000e9400000|  0%| F|  |TAMS 0x00000000e9300000, 0x00000000e9300000| Untracked 
| 148|0x00000000e9400000, 0x00000000e9400000, 0x00000000e9500000|  0%| F|  |TAMS 0x00000000e9400000, 0x00000000e9400000| Untracked 
| 149|0x00000000e9500000, 0x00000000e9500000, 0x00000000e9600000|  0%| F|  |TAMS 0x00000000e9500000, 0x00000000e9500000| Untracked 
| 150|0x00000000e9600000, 0x00000000e9600000, 0x00000000e9700000|  0%| F|  |TAMS 0x00000000e9600000, 0x00000000e9600000| Untracked 
| 151|0x00000000e9700000, 0x00000000e9700000, 0x00000000e9800000|  0%| F|  |TAMS 0x00000000e9700000, 0x00000000e9700000| Untracked 
| 152|0x00000000e9800000, 0x00000000e9800000, 0x00000000e9900000|  0%| F|  |TAMS 0x00000000e9800000, 0x00000000e9800000| Untracked 
| 153|0x00000000e9900000, 0x00000000e9900000, 0x00000000e9a00000|  0%| F|  |TAMS 0x00000000e9900000, 0x00000000e9900000| Untracked 
| 154|0x00000000e9a00000, 0x00000000e9a00000, 0x00000000e9b00000|  0%| F|  |TAMS 0x00000000e9a00000, 0x00000000e9a00000| Untracked 
| 155|0x00000000e9b00000, 0x00000000e9b00000, 0x00000000e9c00000|  0%| F|  |TAMS 0x00000000e9b00000, 0x00000000e9b00000| Untracked 
| 156|0x00000000e9c00000, 0x00000000e9c00000, 0x00000000e9d00000|  0%| F|  |TAMS 0x00000000e9c00000, 0x00000000e9c00000| Untracked 
| 157|0x00000000e9d00000, 0x00000000e9d00000, 0x00000000e9e00000|  0%| F|  |TAMS 0x00000000e9d00000, 0x00000000e9d00000| Untracked 
| 158|0x00000000e9e00000, 0x00000000e9e00000, 0x00000000e9f00000|  0%| F|  |TAMS 0x00000000e9e00000, 0x00000000e9e00000| Untracked 
| 159|0x00000000e9f00000, 0x00000000e9f00000, 0x00000000ea000000|  0%| F|  |TAMS 0x00000000e9f00000, 0x00000000e9f00000| Untracked 
| 160|0x00000000ea000000, 0x00000000ea000000, 0x00000000ea100000|  0%| F|  |TAMS 0x00000000ea000000, 0x00000000ea000000| Untracked 
| 161|0x00000000ea100000, 0x00000000ea100000, 0x00000000ea200000|  0%| F|  |TAMS 0x00000000ea100000, 0x00000000ea100000| Untracked 
| 162|0x00000000ea200000, 0x00000000ea200000, 0x00000000ea300000|  0%| F|  |TAMS 0x00000000ea200000, 0x00000000ea200000| Untracked 
| 163|0x00000000ea300000, 0x00000000ea300000, 0x00000000ea400000|  0%| F|  |TAMS 0x00000000ea300000, 0x00000000ea300000| Untracked 
| 164|0x00000000ea400000, 0x00000000ea400000, 0x00000000ea500000|  0%| F|  |TAMS 0x00000000ea400000, 0x00000000ea400000| Untracked 
| 165|0x00000000ea500000, 0x00000000ea500000, 0x00000000ea600000|  0%| F|  |TAMS 0x00000000ea500000, 0x00000000ea500000| Untracked 
| 166|0x00000000ea600000, 0x00000000ea600000, 0x00000000ea700000|  0%| F|  |TAMS 0x00000000ea600000, 0x00000000ea600000| Untracked 
| 167|0x00000000ea700000, 0x00000000ea700000, 0x00000000ea800000|  0%| F|  |TAMS 0x00000000ea700000, 0x00000000ea700000| Untracked 
| 168|0x00000000ea800000, 0x00000000ea800000, 0x00000000ea900000|  0%| F|  |TAMS 0x00000000ea800000, 0x00000000ea800000| Untracked 
| 169|0x00000000ea900000, 0x00000000ea900000, 0x00000000eaa00000|  0%| F|  |TAMS 0x00000000ea900000, 0x00000000ea900000| Untracked 
| 170|0x00000000eaa00000, 0x00000000eaa00000, 0x00000000eab00000|  0%| F|  |TAMS 0x00000000eaa00000, 0x00000000eaa00000| Untracked 
| 171|0x00000000eab00000, 0x00000000eab00000, 0x00000000eac00000|  0%| F|  |TAMS 0x00000000eab00000, 0x00000000eab00000| Untracked 
| 172|0x00000000eac00000, 0x00000000eac00000, 0x00000000ead00000|  0%| F|  |TAMS 0x00000000eac00000, 0x00000000eac00000| Untracked 
| 173|0x00000000ead00000, 0x00000000ead00000, 0x00000000eae00000|  0%| F|  |TAMS 0x00000000ead00000, 0x00000000ead00000| Untracked 
| 174|0x00000000eae00000, 0x00000000eae00000, 0x00000000eaf00000|  0%| F|  |TAMS 0x00000000eae00000, 0x00000000eae00000| Untracked 
| 175|0x00000000eaf00000, 0x00000000eaf00000, 0x00000000eb000000|  0%| F|  |TAMS 0x00000000eaf00000, 0x00000000eaf00000| Untracked 
| 176|0x00000000eb000000, 0x00000000eb000000, 0x00000000eb100000|  0%| F|  |TAMS 0x00000000eb000000, 0x00000000eb000000| Untracked 
| 177|0x00000000eb100000, 0x00000000eb100000, 0x00000000eb200000|  0%| F|  |TAMS 0x00000000eb100000, 0x00000000eb100000| Untracked 
| 178|0x00000000eb200000, 0x00000000eb200000, 0x00000000eb300000|  0%| F|  |TAMS 0x00000000eb200000, 0x00000000eb200000| Untracked 
| 179|0x00000000eb300000, 0x00000000eb300000, 0x00000000eb400000|  0%| F|  |TAMS 0x00000000eb300000, 0x00000000eb300000| Untracked 
| 180|0x00000000eb400000, 0x00000000eb400000, 0x00000000eb500000|  0%| F|  |TAMS 0x00000000eb400000, 0x00000000eb400000| Untracked 
| 181|0x00000000eb500000, 0x00000000eb500000, 0x00000000eb600000|  0%| F|  |TAMS 0x00000000eb500000, 0x00000000eb500000| Untracked 
| 182|0x00000000eb600000, 0x00000000eb600000, 0x00000000eb700000|  0%| F|  |TAMS 0x00000000eb600000, 0x00000000eb600000| Untracked 
| 183|0x00000000eb700000, 0x00000000eb700000, 0x00000000eb800000|  0%| F|  |TAMS 0x00000000eb700000, 0x00000000eb700000| Untracked 
| 184|0x00000000eb800000, 0x00000000eb800000, 0x00000000eb900000|  0%| F|  |TAMS 0x00000000eb800000, 0x00000000eb800000| Untracked 
| 185|0x00000000eb900000, 0x00000000eb900000, 0x00000000eba00000|  0%| F|  |TAMS 0x00000000eb900000, 0x00000000eb900000| Untracked 
| 186|0x00000000eba00000, 0x00000000eba00000, 0x00000000ebb00000|  0%| F|  |TAMS 0x00000000eba00000, 0x00000000eba00000| Untracked 
| 187|0x00000000ebb00000, 0x00000000ebb00000, 0x00000000ebc00000|  0%| F|  |TAMS 0x00000000ebb00000, 0x00000000ebb00000| Untracked 
| 188|0x00000000ebc00000, 0x00000000ebc00000, 0x00000000ebd00000|  0%| F|  |TAMS 0x00000000ebc00000, 0x00000000ebc00000| Untracked 
| 189|0x00000000ebd00000, 0x00000000ebd00000, 0x00000000ebe00000|  0%| F|  |TAMS 0x00000000ebd00000, 0x00000000ebd00000| Untracked 
| 190|0x00000000ebe00000, 0x00000000ebe00000, 0x00000000ebf00000|  0%| F|  |TAMS 0x00000000ebe00000, 0x00000000ebe00000| Untracked 
| 191|0x00000000ebf00000, 0x00000000ebf00000, 0x00000000ec000000|  0%| F|  |TAMS 0x00000000ebf00000, 0x00000000ebf00000| Untracked 
| 192|0x00000000ec000000, 0x00000000ec000000, 0x00000000ec100000|  0%| F|  |TAMS 0x00000000ec000000, 0x00000000ec000000| Untracked 
| 193|0x00000000ec100000, 0x00000000ec100000, 0x00000000ec200000|  0%| F|  |TAMS 0x00000000ec100000, 0x00000000ec100000| Untracked 
| 194|0x00000000ec200000, 0x00000000ec200000, 0x00000000ec300000|  0%| F|  |TAMS 0x00000000ec200000, 0x00000000ec200000| Untracked 
| 195|0x00000000ec300000, 0x00000000ec300000, 0x00000000ec400000|  0%| F|  |TAMS 0x00000000ec300000, 0x00000000ec300000| Untracked 
| 196|0x00000000ec400000, 0x00000000ec400000, 0x00000000ec500000|  0%| F|  |TAMS 0x00000000ec400000, 0x00000000ec400000| Untracked 
| 197|0x00000000ec500000, 0x00000000ec500000, 0x00000000ec600000|  0%| F|  |TAMS 0x00000000ec500000, 0x00000000ec500000| Untracked 
| 198|0x00000000ec600000, 0x00000000ec600000, 0x00000000ec700000|  0%| F|  |TAMS 0x00000000ec600000, 0x00000000ec600000| Untracked 
| 199|0x00000000ec700000, 0x00000000ec700000, 0x00000000ec800000|  0%| F|  |TAMS 0x00000000ec700000, 0x00000000ec700000| Untracked 
| 200|0x00000000ec800000, 0x00000000ec800000, 0x00000000ec900000|  0%| F|  |TAMS 0x00000000ec800000, 0x00000000ec800000| Untracked 
| 201|0x00000000ec900000, 0x00000000ec900000, 0x00000000eca00000|  0%| F|  |TAMS 0x00000000ec900000, 0x00000000ec900000| Untracked 
| 202|0x00000000eca00000, 0x00000000eca00000, 0x00000000ecb00000|  0%| F|  |TAMS 0x00000000eca00000, 0x00000000eca00000| Untracked 
| 203|0x00000000ecb00000, 0x00000000ecb00000, 0x00000000ecc00000|  0%| F|  |TAMS 0x00000000ecb00000, 0x00000000ecb00000| Untracked 
| 204|0x00000000ecc00000, 0x00000000ecc00000, 0x00000000ecd00000|  0%| F|  |TAMS 0x00000000ecc00000, 0x00000000ecc00000| Untracked 
| 205|0x00000000ecd00000, 0x00000000ecd00000, 0x00000000ece00000|  0%| F|  |TAMS 0x00000000ecd00000, 0x00000000ecd00000| Untracked 
| 206|0x00000000ece00000, 0x00000000ece00000, 0x00000000ecf00000|  0%| F|  |TAMS 0x00000000ece00000, 0x00000000ece00000| Untracked 
| 207|0x00000000ecf00000, 0x00000000ecf00000, 0x00000000ed000000|  0%| F|  |TAMS 0x00000000ecf00000, 0x00000000ecf00000| Untracked 
| 208|0x00000000ed000000, 0x00000000ed000000, 0x00000000ed100000|  0%| F|  |TAMS 0x00000000ed000000, 0x00000000ed000000| Untracked 
| 209|0x00000000ed100000, 0x00000000ed100000, 0x00000000ed200000|  0%| F|  |TAMS 0x00000000ed100000, 0x00000000ed100000| Untracked 
| 210|0x00000000ed200000, 0x00000000ed200000, 0x00000000ed300000|  0%| F|  |TAMS 0x00000000ed200000, 0x00000000ed200000| Untracked 
| 211|0x00000000ed300000, 0x00000000ed300000, 0x00000000ed400000|  0%| F|  |TAMS 0x00000000ed300000, 0x00000000ed300000| Untracked 
| 212|0x00000000ed400000, 0x00000000ed400000, 0x00000000ed500000|  0%| F|  |TAMS 0x00000000ed400000, 0x00000000ed400000| Untracked 
| 213|0x00000000ed500000, 0x00000000ed500000, 0x00000000ed600000|  0%| F|  |TAMS 0x00000000ed500000, 0x00000000ed500000| Untracked 
| 214|0x00000000ed600000, 0x00000000ed600000, 0x00000000ed700000|  0%| F|  |TAMS 0x00000000ed600000, 0x00000000ed600000| Untracked 
| 215|0x00000000ed700000, 0x00000000ed700000, 0x00000000ed800000|  0%| F|  |TAMS 0x00000000ed700000, 0x00000000ed700000| Untracked 
| 216|0x00000000ed800000, 0x00000000ed800000, 0x00000000ed900000|  0%| F|  |TAMS 0x00000000ed800000, 0x00000000ed800000| Untracked 
| 217|0x00000000ed900000, 0x00000000ed900000, 0x00000000eda00000|  0%| F|  |TAMS 0x00000000ed900000, 0x00000000ed900000| Untracked 
| 218|0x00000000eda00000, 0x00000000eda00000, 0x00000000edb00000|  0%| F|  |TAMS 0x00000000eda00000, 0x00000000eda00000| Untracked 
| 219|0x00000000edb00000, 0x00000000edb00000, 0x00000000edc00000|  0%| F|  |TAMS 0x00000000edb00000, 0x00000000edb00000| Untracked 
| 220|0x00000000edc00000, 0x00000000edc00000, 0x00000000edd00000|  0%| F|  |TAMS 0x00000000edc00000, 0x00000000edc00000| Untracked 
| 221|0x00000000edd00000, 0x00000000edd00000, 0x00000000ede00000|  0%| F|  |TAMS 0x00000000edd00000, 0x00000000edd00000| Untracked 
| 222|0x00000000ede00000, 0x00000000ede00000, 0x00000000edf00000|  0%| F|  |TAMS 0x00000000ede00000, 0x00000000ede00000| Untracked 
| 223|0x00000000edf00000, 0x00000000edf00000, 0x00000000ee000000|  0%| F|  |TAMS 0x00000000edf00000, 0x00000000edf00000| Untracked 
| 224|0x00000000ee000000, 0x00000000ee000000, 0x00000000ee100000|  0%| F|  |TAMS 0x00000000ee000000, 0x00000000ee000000| Untracked 
| 225|0x00000000ee100000, 0x00000000ee100000, 0x00000000ee200000|  0%| F|  |TAMS 0x00000000ee100000, 0x00000000ee100000| Untracked 
| 226|0x00000000ee200000, 0x00000000ee200000, 0x00000000ee300000|  0%| F|  |TAMS 0x00000000ee200000, 0x00000000ee200000| Untracked 
| 227|0x00000000ee300000, 0x00000000ee300000, 0x00000000ee400000|  0%| F|  |TAMS 0x00000000ee300000, 0x00000000ee300000| Untracked 
| 228|0x00000000ee400000, 0x00000000ee400000, 0x00000000ee500000|  0%| F|  |TAMS 0x00000000ee400000, 0x00000000ee400000| Untracked 
| 229|0x00000000ee500000, 0x00000000ee500000, 0x00000000ee600000|  0%| F|  |TAMS 0x00000000ee500000, 0x00000000ee500000| Untracked 
| 230|0x00000000ee600000, 0x00000000ee600000, 0x00000000ee700000|  0%| F|  |TAMS 0x00000000ee600000, 0x00000000ee600000| Untracked 
| 231|0x00000000ee700000, 0x00000000ee700000, 0x00000000ee800000|  0%| F|  |TAMS 0x00000000ee700000, 0x00000000ee700000| Untracked 
| 232|0x00000000ee800000, 0x00000000ee800000, 0x00000000ee900000|  0%| F|  |TAMS 0x00000000ee800000, 0x00000000ee800000| Untracked 
| 233|0x00000000ee900000, 0x00000000ee900000, 0x00000000eea00000|  0%| F|  |TAMS 0x00000000ee900000, 0x00000000ee900000| Untracked 
| 234|0x00000000eea00000, 0x00000000eea00000, 0x00000000eeb00000|  0%| F|  |TAMS 0x00000000eea00000, 0x00000000eea00000| Untracked 
| 235|0x00000000eeb00000, 0x00000000eeb00000, 0x00000000eec00000|  0%| F|  |TAMS 0x00000000eeb00000, 0x00000000eeb00000| Untracked 
| 236|0x00000000eec00000, 0x00000000eec00000, 0x00000000eed00000|  0%| F|  |TAMS 0x00000000eec00000, 0x00000000eec00000| Untracked 
| 237|0x00000000eed00000, 0x00000000eed00000, 0x00000000eee00000|  0%| F|  |TAMS 0x00000000eed00000, 0x00000000eed00000| Untracked 
| 238|0x00000000eee00000, 0x00000000eee00000, 0x00000000eef00000|  0%| F|  |TAMS 0x00000000eee00000, 0x00000000eee00000| Untracked 
| 239|0x00000000eef00000, 0x00000000eef00000, 0x00000000ef000000|  0%| F|  |TAMS 0x00000000eef00000, 0x00000000eef00000| Untracked 
| 240|0x00000000ef000000, 0x00000000ef000000, 0x00000000ef100000|  0%| F|  |TAMS 0x00000000ef000000, 0x00000000ef000000| Untracked 
| 241|0x00000000ef100000, 0x00000000ef100000, 0x00000000ef200000|  0%| F|  |TAMS 0x00000000ef100000, 0x00000000ef100000| Untracked 
| 242|0x00000000ef200000, 0x00000000ef24af00, 0x00000000ef300000| 29%| S|CS|TAMS 0x00000000ef200000, 0x00000000ef200000| Complete 
| 243|0x00000000ef300000, 0x00000000ef400000, 0x00000000ef400000|100%| S|CS|TAMS 0x00000000ef300000, 0x00000000ef300000| Complete 
| 244|0x00000000ef400000, 0x00000000ef400000, 0x00000000ef500000|  0%| F|  |TAMS 0x00000000ef400000, 0x00000000ef400000| Untracked 
| 245|0x00000000ef500000, 0x00000000ef500000, 0x00000000ef600000|  0%| F|  |TAMS 0x00000000ef500000, 0x00000000ef500000| Untracked 
| 246|0x00000000ef600000, 0x00000000ef600000, 0x00000000ef700000|  0%| F|  |TAMS 0x00000000ef600000, 0x00000000ef600000| Untracked 
| 247|0x00000000ef700000, 0x00000000ef700000, 0x00000000ef800000|  0%| F|  |TAMS 0x00000000ef700000, 0x00000000ef700000| Untracked 
| 248|0x00000000ef800000, 0x00000000ef800000, 0x00000000ef900000|  0%| F|  |TAMS 0x00000000ef800000, 0x00000000ef800000| Untracked 
| 249|0x00000000ef900000, 0x00000000ef900000, 0x00000000efa00000|  0%| F|  |TAMS 0x00000000ef900000, 0x00000000ef900000| Untracked 
| 250|0x00000000efa00000, 0x00000000efa72178, 0x00000000efb00000| 44%| E|  |TAMS 0x00000000efa00000, 0x00000000efa00000| Complete 
| 251|0x00000000efb00000, 0x00000000efc00000, 0x00000000efc00000|100%| E|CS|TAMS 0x00000000efb00000, 0x00000000efb00000| Complete 
| 252|0x00000000efc00000, 0x00000000efd00000, 0x00000000efd00000|100%| E|  |TAMS 0x00000000efc00000, 0x00000000efc00000| Complete 
| 253|0x00000000efd00000, 0x00000000efe00000, 0x00000000efe00000|100%| E|CS|TAMS 0x00000000efd00000, 0x00000000efd00000| Complete 
| 254|0x00000000efe00000, 0x00000000eff00000, 0x00000000eff00000|100%| E|CS|TAMS 0x00000000efe00000, 0x00000000efe00000| Complete 
| 255|0x00000000eff00000, 0x00000000f0000000, 0x00000000f0000000|100%| E|CS|TAMS 0x00000000eff00000, 0x00000000eff00000| Complete 

Card table byte_map: [0x000001e93e130000,0x000001e93e230000] _byte_map_base: 0x000001e93da30000

Marking Bits (Prev, Next): (CMBitMap*) 0x000001e927482320, (CMBitMap*) 0x000001e927482360
 Prev Bits: [0x000001e93e330000, 0x000001e93eb30000)
 Next Bits: [0x000001e93eb30000, 0x000001e93f330000)

Polling page: 0x000001e926c20000

Metaspace:

Usage:
  Non-class:     34.72 MB used.
      Class:      5.59 MB used.
       Both:     40.31 MB used.

Virtual space:
  Non-class space:       64.00 MB reserved,      34.94 MB ( 55%) committed,  1 nodes.
      Class space:      320.00 MB reserved,       5.81 MB (  2%) committed,  1 nodes.
             Both:      384.00 MB reserved,      40.75 MB ( 11%) committed. 

Chunk freelists:
   Non-Class:  12.66 MB
       Class:  10.23 MB
        Both:  22.89 MB

MaxMetaspaceSize: 384.00 MB
CompressedClassSpaceSize: 320.00 MB
Initial GC threshold: 21.00 MB
Current GC threshold: 58.88 MB
CDS: on
MetaspaceReclaimPolicy: balanced
 - commit_granule_bytes: 65536.
 - commit_granule_words: 8192.
 - virtual_space_node_default_size: 8388608.
 - enlarge_chunks_in_place: 1.
 - new_chunks_are_fully_committed: 0.
 - uncommit_free_chunks: 1.
 - use_allocation_guard: 0.
 - handle_deallocations: 1.


Internal statistics:

num_allocs_failed_limit: 6.
num_arena_births: 380.
num_arena_deaths: 0.
num_vsnodes_births: 2.
num_vsnodes_deaths: 0.
num_space_committed: 652.
num_space_uncommitted: 0.
num_chunks_returned_to_freelist: 6.
num_chunks_taken_from_freelist: 1895.
num_chunk_merges: 6.
num_chunk_splits: 1292.
num_chunks_enlarged: 921.
num_inconsistent_stats: 0.

CodeHeap 'non-profiled nmethods': size=120000Kb used=3053Kb max_used=3053Kb free=116946Kb
 bounds [0x000001e9367d0000, 0x000001e936ad0000, 0x000001e93dd00000]
CodeHeap 'profiled nmethods': size=120000Kb used=10019Kb max_used=10019Kb free=109980Kb
 bounds [0x000001e92ed00000, 0x000001e92f6d0000, 0x000001e936230000]
CodeHeap 'non-nmethods': size=5760Kb used=2323Kb max_used=2381Kb free=3436Kb
 bounds [0x000001e936230000, 0x000001e9364a0000, 0x000001e9367d0000]
 total_blobs=5723 nmethods=4897 adapters=738
 compilation: enabled
              stopped_count=0, restarted_count=0
 full_count=0

Compilation events (20 events):
Event: 756.761 Thread 0x000001e95b018050 4923       3       jdk.internal.misc.Unsafe::setMemoryChecks (13 bytes)
Event: 756.763 Thread 0x000001e95b018050 nmethod 4923 0x000001e92f6c6990 code [0x000001e92f6c6bc0, 0x000001e92f6c73e8]
Event: 758.601 Thread 0x000001e95b018050 4925       3       java.util.concurrent.atomic.AtomicLong::<init> (10 bytes)
Event: 758.609 Thread 0x000001e95b018050 nmethod 4925 0x000001e92f6c7790 code [0x000001e92f6c7940, 0x000001e92f6c7b18]
Event: 758.859 Thread 0x000001e941d5f430 4926       4       org.gradle.internal.serialize.InputStreamBackedDecoder::readBytes (11 bytes)
Event: 758.871 Thread 0x000001e941d5f430 nmethod 4926 0x000001e936ac8e90 code [0x000001e936ac9020, 0x000001e936ac91d8]
Event: 763.668 Thread 0x000001e941d5f430 4927       4       java.util.concurrent.TimeUnit::toMillis (69 bytes)
Event: 763.911 Thread 0x000001e941d5f430 nmethod 4927 0x000001e936ac9390 code [0x000001e936ac9500, 0x000001e936ac9638]
Event: 768.192 Thread 0x000001e95b018050 4928       3       java.util.Random::<init> (53 bytes)
Event: 768.203 Thread 0x000001e941d5f430 4929       4       java.lang.String::toLowerCase (8 bytes)
Event: 768.326 Thread 0x000001e95b018050 nmethod 4928 0x000001e92f6c7c10 code [0x000001e92f6c7e00, 0x000001e92f6c84e8]
Event: 769.806 Thread 0x000001e941d5f430 nmethod 4929 0x000001e936ac9710 code [0x000001e936ac98c0, 0x000001e936aca1d8]
Event: 776.557 Thread 0x000001e941d5f430 4930       4       java.util.Collections$SingletonSet::contains (9 bytes)
Event: 776.665 Thread 0x000001e941d5f430 nmethod 4930 0x000001e936aca690 code [0x000001e936aca820, 0x000001e936acaa58]
Event: 778.909 Thread 0x000001e941d5f430 4931       4       org.gradle.internal.serialize.AbstractDecoder::readBinary (16 bytes)
Event: 778.932 Thread 0x000001e941d5f430 nmethod 4931 0x000001e936acab90 code [0x000001e936acad40, 0x000001e936acb0f8]
Event: 781.632 Thread 0x000001e95b018050 4932       3       jdk.internal.misc.Unsafe::weakCompareAndSetLong (11 bytes)
Event: 781.656 Thread 0x000001e95b018050 nmethod 4932 0x000001e92f6c8710 code [0x000001e92f6c88a0, 0x000001e92f6c89d8]
Event: 786.024 Thread 0x000001e941d5f430 4933       4       java.util.concurrent.locks.AbstractQueuedSynchronizer$ConditionObject::await (203 bytes)
Event: 787.151 Thread 0x000001e95b018050 4934       3       org.gradle.cache.internal.filelock.DefaultLockStateSerializer$SequenceNumberLockState::<init> (21 bytes)

GC Heap History (20 events):
Event: 7.587 GC heap before
{Heap before GC invocations=0 (full 0):
 garbage-first heap   total 262144K, used 26624K [0x00000000e0000000, 0x0000000100000000)
  region size 1024K, 23 young (23552K), 0 survivors (0K)
 Metaspace       used 3031K, committed 3200K, reserved 393216K
  class space    used 388K, committed 448K, reserved 327680K
}
Event: 7.650 GC heap after
{Heap after GC invocations=1 (full 0):
 garbage-first heap   total 262144K, used 10466K [0x00000000e0000000, 0x0000000100000000)
  region size 1024K, 3 young (3072K), 3 survivors (3072K)
 Metaspace       used 3031K, committed 3200K, reserved 393216K
  class space    used 388K, committed 448K, reserved 327680K
}
Event: 21.941 GC heap before
{Heap before GC invocations=1 (full 0):
 garbage-first heap   total 262144K, used 38114K [0x00000000e0000000, 0x0000000100000000)
  region size 1024K, 30 young (30720K), 3 survivors (3072K)
 Metaspace       used 4035K, committed 4160K, reserved 393216K
  class space    used 496K, committed 576K, reserved 327680K
}
Event: 21.952 GC heap after
{Heap after GC invocations=2 (full 0):
 garbage-first heap   total 262144K, used 11457K [0x00000000e0000000, 0x0000000100000000)
  region size 1024K, 1 young (1024K), 1 survivors (1024K)
 Metaspace       used 4035K, committed 4160K, reserved 393216K
  class space    used 496K, committed 576K, reserved 327680K
}
Event: 68.971 GC heap before
{Heap before GC invocations=2 (full 0):
 garbage-first heap   total 262144K, used 130241K [0x00000000e0000000, 0x0000000100000000)
  region size 1024K, 117 young (119808K), 1 survivors (1024K)
 Metaspace       used 21214K, committed 21504K, reserved 393216K
  class space    used 3115K, committed 3264K, reserved 327680K
}
Event: 69.052 GC heap after
{Heap after GC invocations=3 (full 0):
 garbage-first heap   total 262144K, used 22522K [0x00000000e0000000, 0x0000000100000000)
  region size 1024K, 12 young (12288K), 12 survivors (12288K)
 Metaspace       used 21214K, committed 21504K, reserved 393216K
  class space    used 3115K, committed 3264K, reserved 327680K
}
Event: 308.841 GC heap before
{Heap before GC invocations=4 (full 0):
 garbage-first heap   total 262144K, used 147450K [0x00000000e0000000, 0x0000000100000000)
  region size 1024K, 131 young (134144K), 12 survivors (12288K)
 Metaspace       used 35687K, committed 36096K, reserved 393216K
  class space    used 4965K, committed 5184K, reserved 327680K
}
Event: 310.785 GC heap after
{Heap after GC invocations=5 (full 0):
 garbage-first heap   total 262144K, used 31889K [0x00000000e0000000, 0x0000000100000000)
  region size 1024K, 10 young (10240K), 10 survivors (10240K)
 Metaspace       used 35687K, committed 36096K, reserved 393216K
  class space    used 4965K, committed 5184K, reserved 327680K
}
Event: 329.321 GC heap before
{Heap before GC invocations=6 (full 0):
 garbage-first heap   total 262144K, used 33937K [0x00000000e0000000, 0x0000000100000000)
  region size 1024K, 12 young (12288K), 10 survivors (10240K)
 Metaspace       used 35858K, committed 36288K, reserved 393216K
  class space    used 4998K, committed 5184K, reserved 327680K
}
Event: 330.963 GC heap after
{Heap after GC invocations=7 (full 0):
 garbage-first heap   total 262144K, used 32413K [0x00000000e0000000, 0x0000000100000000)
  region size 1024K, 2 young (2048K), 2 survivors (2048K)
 Metaspace       used 35858K, committed 36288K, reserved 393216K
  class space    used 4998K, committed 5184K, reserved 327680K
}
Event: 379.344 GC heap before
{Heap before GC invocations=7 (full 0):
 garbage-first heap   total 262144K, used 43677K [0x00000000e0000000, 0x0000000100000000)
  region size 1024K, 12 young (12288K), 2 survivors (2048K)
 Metaspace       used 37466K, committed 37824K, reserved 393216K
  class space    used 5132K, committed 5312K, reserved 327680K
}
Event: 379.388 GC heap after
{Heap after GC invocations=8 (full 0):
 garbage-first heap   total 262144K, used 31547K [0x00000000e0000000, 0x0000000100000000)
  region size 1024K, 1 young (1024K), 1 survivors (1024K)
 Metaspace       used 37466K, committed 37824K, reserved 393216K
  class space    used 5132K, committed 5312K, reserved 327680K
}
Event: 550.697 GC heap before
{Heap before GC invocations=8 (full 0):
 garbage-first heap   total 262144K, used 41787K [0x00000000e0000000, 0x0000000100000000)
  region size 1024K, 12 young (12288K), 1 survivors (1024K)
 Metaspace       used 37907K, committed 38336K, reserved 393216K
  class space    used 5211K, committed 5376K, reserved 327680K
}
Event: 551.096 GC heap after
{Heap after GC invocations=9 (full 0):
 garbage-first heap   total 262144K, used 31645K [0x00000000e0000000, 0x0000000100000000)
  region size 1024K, 1 young (1024K), 1 survivors (1024K)
 Metaspace       used 37907K, committed 38336K, reserved 393216K
  class space    used 5211K, committed 5376K, reserved 327680K
}
Event: 627.773 GC heap before
{Heap before GC invocations=9 (full 0):
 garbage-first heap   total 262144K, used 41885K [0x00000000e0000000, 0x0000000100000000)
  region size 1024K, 12 young (12288K), 1 survivors (1024K)
 Metaspace       used 38883K, committed 39296K, reserved 393216K
  class space    used 5377K, committed 5568K, reserved 327680K
}
Event: 627.956 GC heap after
{Heap after GC invocations=10 (full 0):
 garbage-first heap   total 262144K, used 32093K [0x00000000e0000000, 0x0000000100000000)
  region size 1024K, 2 young (2048K), 2 survivors (2048K)
 Metaspace       used 38883K, committed 39296K, reserved 393216K
  class space    used 5377K, committed 5568K, reserved 327680K
}
Event: 699.663 GC heap before
{Heap before GC invocations=10 (full 0):
 garbage-first heap   total 262144K, used 42333K [0x00000000e0000000, 0x0000000100000000)
  region size 1024K, 12 young (12288K), 2 survivors (2048K)
 Metaspace       used 39748K, committed 40128K, reserved 393216K
  class space    used 5498K, committed 5696K, reserved 327680K
}
Event: 699.756 GC heap after
{Heap after GC invocations=11 (full 0):
 garbage-first heap   total 262144K, used 32359K [0x00000000e0000000, 0x0000000100000000)
  region size 1024K, 2 young (2048K), 2 survivors (2048K)
 Metaspace       used 39748K, committed 40128K, reserved 393216K
  class space    used 5498K, committed 5696K, reserved 327680K
}
Event: 735.802 GC heap before
{Heap before GC invocations=11 (full 0):
 garbage-first heap   total 262144K, used 42599K [0x00000000e0000000, 0x0000000100000000)
  region size 1024K, 12 young (12288K), 2 survivors (2048K)
 Metaspace       used 40929K, committed 41408K, reserved 393216K
  class space    used 5663K, committed 5888K, reserved 327680K
}
Event: 735.819 GC heap after
{Heap after GC invocations=12 (full 0):
 garbage-first heap   total 262144K, used 32556K [0x00000000e0000000, 0x0000000100000000)
  region size 1024K, 2 young (2048K), 2 survivors (2048K)
 Metaspace       used 40929K, committed 41408K, reserved 393216K
  class space    used 5663K, committed 5888K, reserved 327680K
}

Deoptimization events (20 events):
Event: 737.376 Thread 0x000001e95b4e9880 Uncommon trap: trap_request=0xffffffde fr.pc=0x000001e936a92740 relative=0x00000000000001a0
Event: 737.376 Thread 0x000001e95b4e9880 Uncommon trap: reason=class_check action=maybe_recompile pc=0x000001e936a92740 method=java.util.Collections.eq(Ljava/lang/Object;Ljava/lang/Object;)Z @ 18 c2
Event: 737.377 Thread 0x000001e95b4e9880 DEOPT PACKING pc=0x000001e936a92740 sp=0x000000a73b6f7ce0
Event: 737.377 Thread 0x000001e95b4e9880 DEOPT UNPACKING pc=0x000001e936285ba3 sp=0x000000a73b6f7c20 mode 2
Event: 737.377 Thread 0x000001e95b4e9880 Uncommon trap: trap_request=0xffffffde fr.pc=0x000001e936a92740 relative=0x00000000000001a0
Event: 737.377 Thread 0x000001e95b4e9880 Uncommon trap: reason=class_check action=maybe_recompile pc=0x000001e936a92740 method=java.util.Collections.eq(Ljava/lang/Object;Ljava/lang/Object;)Z @ 18 c2
Event: 737.377 Thread 0x000001e95b4e9880 DEOPT PACKING pc=0x000001e936a92740 sp=0x000000a73b6f7ce0
Event: 737.377 Thread 0x000001e95b4e9880 DEOPT UNPACKING pc=0x000001e936285ba3 sp=0x000000a73b6f7c20 mode 2
Event: 737.377 Thread 0x000001e95b4e9880 Uncommon trap: trap_request=0xffffffde fr.pc=0x000001e936a92740 relative=0x00000000000001a0
Event: 737.377 Thread 0x000001e95b4e9880 Uncommon trap: reason=class_check action=maybe_recompile pc=0x000001e936a92740 method=java.util.Collections.eq(Ljava/lang/Object;Ljava/lang/Object;)Z @ 18 c2
Event: 737.377 Thread 0x000001e95b4e9880 DEOPT PACKING pc=0x000001e936a92740 sp=0x000000a73b6f7ce0
Event: 737.377 Thread 0x000001e95b4e9880 DEOPT UNPACKING pc=0x000001e936285ba3 sp=0x000000a73b6f7c20 mode 2
Event: 740.651 Thread 0x000001e95b4e9880 Uncommon trap: trap_request=0xffffffde fr.pc=0x000001e9368e15d0 relative=0x00000000000003f0
Event: 740.651 Thread 0x000001e95b4e9880 Uncommon trap: reason=class_check action=maybe_recompile pc=0x000001e9368e15d0 method=java.util.Collections$SetFromMap.remove(Ljava/lang/Object;)Z @ 5 c2
Event: 740.651 Thread 0x000001e95b4e9880 DEOPT PACKING pc=0x000001e9368e15d0 sp=0x000000a73b6f8880
Event: 740.651 Thread 0x000001e95b4e9880 DEOPT UNPACKING pc=0x000001e936285ba3 sp=0x000000a73b6f8868 mode 2
Event: 751.382 Thread 0x000001e95b4e9880 Uncommon trap: trap_request=0xffffffc6 fr.pc=0x000001e936995080 relative=0x0000000000000a60
Event: 751.382 Thread 0x000001e95b4e9880 Uncommon trap: reason=bimorphic_or_optimized_type_check action=maybe_recompile pc=0x000001e936995080 method=java.io.BufferedInputStream.read([BII)I @ 101 c2
Event: 751.390 Thread 0x000001e95b4e9880 DEOPT PACKING pc=0x000001e936995080 sp=0x000000a73b6f76f0
Event: 751.439 Thread 0x000001e95b4e9880 DEOPT UNPACKING pc=0x000001e936285ba3 sp=0x000000a73b6f76a8 mode 2

Classes unloaded (0 events):
No events

Classes redefined (0 events):
No events

Internal exceptions (20 events):
Event: 332.694 Thread 0x000001e95b4e9880 Exception <a 'java/lang/NoSuchMethodError'{0x00000000eff72790}: 'long java.lang.invoke.DirectMethodHandle$Holder.invokeStatic(java.lang.Object, long)'> (0x00000000eff72790) 
thrown [s\open\src\hotspot\share\interpreter\linkResolver.cpp, line 759]
Event: 387.615 Thread 0x000001e95b4e9880 Exception <a 'java/lang/NoSuchMethodError'{0x00000000efdc25a8}: 'void java.lang.invoke.DirectMethodHandle$Holder.invokeStatic(java.lang.Object, java.lang.Object, java.lang.Object, java.lang.Object, java.lang.Object, java.lang.Object)'> (0x00000000efdc25a8) 
thrown [s\open\src\hotspot\share\interpreter\linkResolver.cpp, line 759]
Event: 480.317 Thread 0x000001e95b4e9880 Exception <a 'java/lang/ClassNotFoundException'{0x00000000ef7acf90}: build_3enoqu3ix1dets5g83uc7gp64BeanInfo> (0x00000000ef7acf90) 
thrown [s\open\src\hotspot\share\classfile\systemDictionary.cpp, line 256]
Event: 480.324 Thread 0x000001e95b4e9880 Exception <a 'java/lang/ClassNotFoundException'{0x00000000ef7b7750}: org/gradle/api/internal/project/ProjectScriptBeanInfo> (0x00000000ef7b7750) 
thrown [s\open\src\hotspot\share\classfile\systemDictionary.cpp, line 256]
Event: 480.331 Thread 0x000001e95b4e9880 Exception <a 'java/lang/ClassNotFoundException'{0x00000000ef7c1f80}: org/gradle/api/internal/project/ProjectScriptCustomizer> (0x00000000ef7c1f80) 
thrown [s\open\src\hotspot\share\classfile\systemDictionary.cpp, line 256]
Event: 497.373 Thread 0x000001e95b4e9880 Exception <a 'java/lang/ClassNotFoundException'{0x00000000ef7eb270}: build_3enoqu3ix1dets5g83uc7gp64Customizer> (0x00000000ef7eb270) 
thrown [s\open\src\hotspot\share\classfile\systemDictionary.cpp, line 256]
Event: 547.493 Thread 0x000001e95b4e9880 Exception <a 'java/lang/ClassNotFoundException'{0x00000000ef587180}: org/gradle/internal/metaobject/ConfigureDelegateBeanInfo> (0x00000000ef587180) 
thrown [s\open\src\hotspot\share\classfile\systemDictionary.cpp, line 256]
Event: 548.076 Thread 0x000001e95b4e9880 Exception <a 'java/lang/ClassNotFoundException'{0x00000000ef5cc6e0}: org/gradle/internal/metaobject/ConfigureDelegateCustomizer> (0x00000000ef5cc6e0) 
thrown [s\open\src\hotspot\share\classfile\systemDictionary.cpp, line 256]
Event: 575.102 Thread 0x000001e95b4e9880 Exception <a 'java/lang/ClassNotFoundException'{0x00000000efe4a078}: org/gradle/plugin/use/internal/PluginRequestCollector$PluginDependenciesSpecImplBeanInfo> (0x00000000efe4a078) 
thrown [s\open\src\hotspot\share\classfile\systemDictionary.cpp, line 256]
Event: 575.476 Thread 0x000001e95b4e9880 Exception <a 'java/lang/ClassNotFoundException'{0x00000000efe5ad10}: org/gradle/plugin/use/internal/PluginRequestCollector$PluginDependenciesSpecImplCustomizer> (0x00000000efe5ad10) 
thrown [s\open\src\hotspot\share\classfile\systemDictionary.cpp, line 256]
Event: 578.216 Thread 0x000001e95b4e9880 Exception <a 'java/lang/ClassNotFoundException'{0x00000000efea4f30}: org/gradle/plugin/use/internal/PluginRequestCollector$PluginDependencySpecImplBeanInfo> (0x00000000efea4f30) 
thrown [s\open\src\hotspot\share\classfile\systemDictionary.cpp, line 256]
Event: 578.221 Thread 0x000001e95b4e9880 Exception <a 'java/lang/ClassNotFoundException'{0x00000000efeb5b70}: org/gradle/plugin/use/internal/PluginRequestCollector$PluginDependencySpecImplCustomizer> (0x00000000efeb5b70) 
thrown [s\open\src\hotspot\share\classfile\systemDictionary.cpp, line 256]
Event: 663.928 Thread 0x000001e95b4e9880 Exception <a 'java/lang/NoSuchMethodError'{0x00000000efb559a8}: 'java.lang.Object java.lang.invoke.DirectMethodHandle$Holder.newInvokeSpecial(java.lang.Object, int, java.lang.Object)'> (0x00000000efb559a8) 
thrown [s\open\src\hotspot\share\interpreter\linkResolver.cpp, line 759]
Event: 724.064 Thread 0x000001e95b4e9880 Exception <a 'java/lang/NoSuchMethodError'{0x00000000efad7700}: 'int java.lang.invoke.DirectMethodHandle$Holder.invokeSpecialIFC(java.lang.Object, java.lang.Object, java.lang.Object)'> (0x00000000efad7700) 
thrown [s\open\src\hotspot\share\interpreter\linkResolver.cpp, line 759]
Event: 735.253 Thread 0x000001e95b4e9880 Exception <a 'java/lang/NoSuchMethodError'{0x00000000ef6979d0}: 'int java.lang.invoke.DirectMethodHandle$Holder.invokeStatic(java.lang.Object)'> (0x00000000ef6979d0) 
thrown [s\open\src\hotspot\share\interpreter\linkResolver.cpp, line 759]
Event: 735.254 Thread 0x000001e95b4e9880 Exception <a 'java/lang/NoSuchMethodError'{0x00000000ef69c068}: 'int java.lang.invoke.DirectMethodHandle$Holder.invokeStaticInit(java.lang.Object)'> (0x00000000ef69c068) 
thrown [s\open\src\hotspot\share\interpreter\linkResolver.cpp, line 759]
Event: 737.934 Thread 0x000001e95b4e9880 Exception <a 'java/lang/NoSuchMethodError'{0x00000000eff386a0}: 'java.lang.Object java.lang.invoke.DirectMethodHandle$Holder.newInvokeSpecial(java.lang.Object, java.lang.Object, java.lang.Object, java.lang.Object, java.lang.Object, int)'> (0x00000000eff386a0) 
thrown [s\open\src\hotspot\share\interpreter\linkResolver.cpp, line 759]
Event: 737.952 Thread 0x000001e95b4e9880 Exception <a 'java/lang/NoSuchMethodError'{0x00000000eff3dcf8}: 'java.lang.Object java.lang.invoke.DirectMethodHandle$Holder.invokeSpecial(java.lang.Object, java.lang.Object, java.lang.Object, java.lang.Object, java.lang.Object, java.lang.Object, int)'> (0x00000000eff3dcf8) 
thrown [s\open\src\hotspot\share\interpreter\linkResolver.cpp, line 759]
Event: 739.580 Thread 0x000001e95b4e9880 Exception <a 'java/lang/NoSuchMethodError'{0x00000000effc3b80}: 'java.lang.Object java.lang.invoke.DirectMethodHandle$Holder.invokeSpecial(java.lang.Object, java.lang.Object, java.lang.Object, java.lang.Object, java.lang.Object, long)'> (0x00000000effc3b80) 
thrown [s\open\src\hotspot\share\interpreter\linkResolver.cpp, line 759]
Event: 739.593 Thread 0x000001e95b4e9880 Exception <a 'java/lang/NoSuchMethodError'{0x00000000efff3e10}: 'void java.lang.invoke.DirectMethodHandle$Holder.invokeStatic(java.lang.Object, java.lang.Object, java.lang.Object, int, java.lang.Object)'> (0x00000000efff3e10) 
thrown [s\open\src\hotspot\share\interpreter\linkResolver.cpp, line 759]

VM Operations (20 events):
Event: 737.828 Executing VM operation: Cleanup
Event: 737.889 Executing VM operation: Cleanup done
Event: 739.912 Executing VM operation: Cleanup
Event: 740.088 Executing VM operation: Cleanup done
Event: 742.102 Executing VM operation: Cleanup
Event: 742.103 Executing VM operation: Cleanup done
Event: 745.133 Executing VM operation: Cleanup
Event: 745.134 Executing VM operation: Cleanup done
Event: 746.163 Executing VM operation: Cleanup
Event: 747.056 Executing VM operation: Cleanup done
Event: 749.067 Executing VM operation: Cleanup
Event: 749.316 Executing VM operation: Cleanup done
Event: 750.319 Executing VM operation: Cleanup
Event: 750.564 Executing VM operation: Cleanup done
Event: 775.892 Executing VM operation: Cleanup
Event: 775.923 Executing VM operation: Cleanup done
Event: 779.966 Executing VM operation: Cleanup
Event: 780.045 Executing VM operation: Cleanup done
Event: 781.636 Executing VM operation: HandshakeAllThreads
Event: 781.667 Executing VM operation: HandshakeAllThreads done

Events (20 events):
Event: 383.020 loading class javax/net/ssl/SSLPeerUnverifiedException
Event: 383.022 loading class javax/net/ssl/SSLPeerUnverifiedException done
Event: 383.023 loading class javax/naming/NamingException
Event: 383.028 loading class javax/naming/NamingException done
Event: 383.028 loading class javax/naming/InvalidNameException
Event: 383.029 loading class javax/naming/InvalidNameException done
Event: 383.029 loading class java/security/cert/CertificateParsingException
Event: 383.033 loading class java/security/cert/CertificateException
Event: 383.045 loading class java/security/cert/CertificateException done
Event: 383.045 loading class java/security/cert/CertificateParsingException done
Event: 446.448 Thread 0x000001e95b36efb0 Thread added: 0x000001e95b36efb0
Event: 454.813 Thread 0x000001e95b36fee0 Thread added: 0x000001e95b36fee0
Event: 523.146 Thread 0x000001e95b36efb0 Thread exited: 0x000001e95b36efb0
Event: 572.193 loading class java/util/function/IntBinaryOperator
Event: 572.753 loading class java/util/function/IntBinaryOperator done
Event: 636.034 loading class java/io/DeleteOnExitHook
Event: 636.040 loading class java/io/DeleteOnExitHook done
Event: 636.045 loading class java/io/DeleteOnExitHook$1
Event: 636.047 loading class java/io/DeleteOnExitHook$1 done
Event: 712.918 Thread 0x000001e95b368f80 Thread added: 0x000001e95b368f80


Dynamic libraries:
0x00007ff6d2d40000 - 0x00007ff6d2d50000 	C:\Program Files\Java\jdk-17\bin\java.exe
0x00007fff176b0000 - 0x00007fff178c7000 	C:\WINDOWS\SYSTEM32\ntdll.dll
0x00007fff16220000 - 0x00007fff162e4000 	C:\WINDOWS\System32\KERNEL32.DLL
0x00007fff14d80000 - 0x00007fff15126000 	C:\WINDOWS\System32\KERNELBASE.dll
0x00007fff149f0000 - 0x00007fff14b01000 	C:\WINDOWS\System32\ucrtbase.dll
0x00007ffeee4b0000 - 0x00007ffeee4cb000 	C:\Program Files\Java\jdk-17\bin\VCRUNTIME140.dll
0x00007ffef5840000 - 0x00007ffef5859000 	C:\Program Files\Java\jdk-17\bin\jli.dll
0x00007fff16ac0000 - 0x00007fff16b73000 	C:\WINDOWS\System32\ADVAPI32.dll
0x00007fff16bb0000 - 0x00007fff16c57000 	C:\WINDOWS\System32\msvcrt.dll
0x00007fff16100000 - 0x00007fff161a8000 	C:\WINDOWS\System32\sechost.dll
0x00007fff14b80000 - 0x00007fff14ba8000 	C:\WINDOWS\System32\bcrypt.dll
0x00007fff15e40000 - 0x00007fff15f57000 	C:\WINDOWS\System32\RPCRT4.dll
0x00007fff16530000 - 0x00007fff166de000 	C:\WINDOWS\System32\USER32.dll
0x00007fff14d50000 - 0x00007fff14d76000 	C:\WINDOWS\System32\win32u.dll
0x00007fff16070000 - 0x00007fff16099000 	C:\WINDOWS\System32\GDI32.dll
0x00007fff14bb0000 - 0x00007fff14cc8000 	C:\WINDOWS\System32\gdi32full.dll
0x00007fff15360000 - 0x00007fff153fa000 	C:\WINDOWS\System32\msvcp_win.dll
0x00007ffef76c0000 - 0x00007ffef7953000 	C:\WINDOWS\WinSxS\amd64_microsoft.windows.common-controls_6595b64144ccf1df_6.0.22621.2506_none_270c5ae97388e100\COMCTL32.dll
0x00007fff0b1b0000 - 0x00007fff0b1ba000 	C:\WINDOWS\SYSTEM32\VERSION.dll
0x00007fff166e0000 - 0x00007fff16711000 	C:\WINDOWS\System32\IMM32.DLL
0x00007fff013a0000 - 0x00007fff013ac000 	C:\Program Files\Java\jdk-17\bin\vcruntime140_1.dll
0x00007ffed02b0000 - 0x00007ffed033e000 	C:\Program Files\Java\jdk-17\bin\msvcp140.dll
0x00007ffe67680000 - 0x00007ffe6825f000 	C:\Program Files\Java\jdk-17\bin\server\jvm.dll
0x00007fff16ba0000 - 0x00007fff16ba8000 	C:\WINDOWS\System32\PSAPI.DLL
0x00007fff06290000 - 0x00007fff06299000 	C:\WINDOWS\SYSTEM32\WSOCK32.dll
0x00007fff15450000 - 0x00007fff154c1000 	C:\WINDOWS\System32\WS2_32.dll
0x00007fff0c8d0000 - 0x00007fff0c904000 	C:\WINDOWS\SYSTEM32\WINMM.dll
0x00007fff139f0000 - 0x00007fff13a08000 	C:\WINDOWS\SYSTEM32\kernel.appcore.dll
0x00007fff012a0000 - 0x00007fff012aa000 	C:\Program Files\Java\jdk-17\bin\jimage.dll
0x00007fff12110000 - 0x00007fff12343000 	C:\WINDOWS\SYSTEM32\DBGHELP.DLL
0x00007fff16730000 - 0x00007fff16ab9000 	C:\WINDOWS\System32\combase.dll
0x00007fff158e0000 - 0x00007fff159b7000 	C:\WINDOWS\System32\OLEAUT32.dll
0x00007fff0e350000 - 0x00007fff0e382000 	C:\WINDOWS\SYSTEM32\dbgcore.DLL
0x00007fff14cd0000 - 0x00007fff14d4a000 	C:\WINDOWS\System32\bcryptPrimitives.dll
0x00007ffef7440000 - 0x00007ffef744e000 	C:\Program Files\Java\jdk-17\bin\instrument.dll
0x00007ffeed270000 - 0x00007ffeed295000 	C:\Program Files\Java\jdk-17\bin\java.dll
0x00007ffecfd60000 - 0x00007ffecfe37000 	C:\Program Files\Java\jdk-17\bin\jsvml.dll
0x00007fff16c60000 - 0x00007fff174ba000 	C:\WINDOWS\System32\SHELL32.dll
0x00007fff128f0000 - 0x00007fff131e6000 	C:\WINDOWS\SYSTEM32\windows.storage.dll
0x00007fff127b0000 - 0x00007fff128ee000 	C:\WINDOWS\SYSTEM32\wintypes.dll
0x00007fff16420000 - 0x00007fff16513000 	C:\WINDOWS\System32\SHCORE.dll
0x00007fff174c0000 - 0x00007fff1751e000 	C:\WINDOWS\System32\shlwapi.dll
0x00007fff14920000 - 0x00007fff14946000 	C:\WINDOWS\SYSTEM32\profapi.dll
0x00007ffeed8c0000 - 0x00007ffeed8d8000 	C:\Program Files\Java\jdk-17\bin\zip.dll
0x00007ffeed1d0000 - 0x00007ffeed1e9000 	C:\Program Files\Java\jdk-17\bin\net.dll
0x00007fff0e820000 - 0x00007fff0e957000 	C:\WINDOWS\SYSTEM32\WINHTTP.dll
0x00007fff13e80000 - 0x00007fff13ee9000 	C:\WINDOWS\system32\mswsock.dll
0x00007ffeed180000 - 0x00007ffeed196000 	C:\Program Files\Java\jdk-17\bin\nio.dll
0x00007ffef76b0000 - 0x00007ffef76c0000 	C:\Program Files\Java\jdk-17\bin\verify.dll
0x00007ffeebdf0000 - 0x00007ffeebe17000 	C:\Users\user\.gradle\native\c067742578af261105cb4f569cf0c3c89f3d7b1fecec35dd04571415982c5e48\windows-amd64\native-platform.dll
0x00007ffec81d0000 - 0x00007ffec8314000 	C:\Users\user\.gradle\native\38dada09dfb8b06ba9b0570ebf7e218e3eb74d4ef43ca46872605cf95ebc2f47\windows-amd64\native-platform-file-events.dll
0x00007ffef6fc0000 - 0x00007ffef6fca000 	C:\Program Files\Java\jdk-17\bin\management.dll
0x00007ffef6530000 - 0x00007ffef653b000 	C:\Program Files\Java\jdk-17\bin\management_ext.dll
0x00007fff140f0000 - 0x00007fff1410b000 	C:\WINDOWS\SYSTEM32\CRYPTSP.dll
0x00007fff13950000 - 0x00007fff13985000 	C:\WINDOWS\system32\rsaenh.dll
0x00007fff13f90000 - 0x00007fff13fbc000 	C:\WINDOWS\SYSTEM32\USERENV.dll
0x00007fff14110000 - 0x00007fff1411c000 	C:\WINDOWS\SYSTEM32\CRYPTBASE.dll
0x00007fff13450000 - 0x00007fff1347d000 	C:\WINDOWS\SYSTEM32\IPHLPAPI.DLL
0x00007fff16520000 - 0x00007fff16529000 	C:\WINDOWS\System32\NSI.dll
0x00007fff0e670000 - 0x00007fff0e689000 	C:\WINDOWS\SYSTEM32\dhcpcsvc6.DLL
0x00007fff0e390000 - 0x00007fff0e3af000 	C:\WINDOWS\SYSTEM32\dhcpcsvc.DLL
0x00007fff134c0000 - 0x00007fff135b9000 	C:\WINDOWS\SYSTEM32\DNSAPI.dll
0x00007ffef5f60000 - 0x00007ffef5f6e000 	C:\Program Files\Java\jdk-17\bin\sunmscapi.dll
0x00007fff15130000 - 0x00007fff15296000 	C:\WINDOWS\System32\CRYPT32.dll
0x00007fff142b0000 - 0x00007fff142de000 	C:\WINDOWS\SYSTEM32\ncrypt.dll
0x00007fff14270000 - 0x00007fff142a7000 	C:\WINDOWS\SYSTEM32\NTASN1.dll
0x00007fff01a00000 - 0x00007fff01a08000 	C:\WINDOWS\system32\wshunix.dll

dbghelp: loaded successfully - version: 4.0.5 - missing functions: none
symbol engine: initialized successfully - sym options: 0x614 - pdb path: .;C:\Program Files\Java\jdk-17\bin;C:\WINDOWS\SYSTEM32;C:\WINDOWS\WinSxS\amd64_microsoft.windows.common-controls_6595b64144ccf1df_6.0.22621.2506_none_270c5ae97388e100;C:\Program Files\Java\jdk-17\bin\server;C:\Users\user\.gradle\native\c067742578af261105cb4f569cf0c3c89f3d7b1fecec35dd04571415982c5e48\windows-amd64;C:\Users\user\.gradle\native\38dada09dfb8b06ba9b0570ebf7e218e3eb74d4ef43ca46872605cf95ebc2f47\windows-amd64

VM Arguments:
jvm_args: --add-opens=java.base/java.util=ALL-UNNAMED --add-opens=java.base/java.lang=ALL-UNNAMED --add-opens=java.base/java.lang.invoke=ALL-UNNAMED --add-opens=java.prefs/java.util.prefs=ALL-UNNAMED --add-opens=java.base/java.nio.charset=ALL-UNNAMED --add-opens=java.base/java.net=ALL-UNNAMED --add-opens=java.base/java.util.concurrent.atomic=ALL-UNNAMED -XX:MaxMetaspaceSize=384m -XX:+HeapDumpOnOutOfMemoryError -Xms256m -Xmx512m -Dfile.encoding=x-windows-949 -Duser.country=KR -Duser.language=ko -Duser.variant -javaagent:C:\Users\user\.gradle\wrapper\dists\gradle-8.5-bin\5t9huq95ubn472n8rpzujfbqh\gradle-8.5\lib\agents\gradle-instrumentation-agent-8.5.jar 
java_command: org.gradle.launcher.daemon.bootstrap.GradleDaemon 8.5
java_class_path (initial): C:\Users\user\.gradle\wrapper\dists\gradle-8.5-bin\5t9huq95ubn472n8rpzujfbqh\gradle-8.5\lib\gradle-launcher-8.5.jar
Launcher Type: SUN_STANDARD

[Global flags]
     intx CICompilerCount                          = 4                                         {product} {ergonomic}
   size_t CompressedClassSpaceSize                 = 335544320                                 {product} {ergonomic}
     uint ConcGCThreads                            = 2                                         {product} {ergonomic}
     uint G1ConcRefinementThreads                  = 8                                         {product} {ergonomic}
   size_t G1HeapRegionSize                         = 1048576                                   {product} {ergonomic}
    uintx GCDrainStackTargetSize                   = 64                                        {product} {ergonomic}
     bool HeapDumpOnOutOfMemoryError               = true                                   {manageable} {command line}
   size_t InitialHeapSize                          = 268435456                                 {product} {command line}
   size_t MarkStackSize                            = 4194304                                   {product} {ergonomic}
   size_t MaxHeapSize                              = 536870912                                 {product} {command line}
   size_t MaxMetaspaceSize                         = 402653184                                 {product} {command line}
   size_t MaxNewSize                               = 321912832                                 {product} {ergonomic}
   size_t MinHeapDeltaBytes                        = 1048576                                   {product} {ergonomic}
   size_t MinHeapSize                              = 268435456                                 {product} {command line}
    uintx NonNMethodCodeHeapSize                   = 5839372                                {pd product} {ergonomic}
    uintx NonProfiledCodeHeapSize                  = 122909434                              {pd product} {ergonomic}
    uintx ProfiledCodeHeapSize                     = 122909434                              {pd product} {ergonomic}
    uintx ReservedCodeCacheSize                    = 251658240                              {pd product} {ergonomic}
     bool SegmentedCodeCache                       = true                                      {product} {ergonomic}
   size_t SoftMaxHeapSize                          = 536870912                              {manageable} {ergonomic}
     bool UseCompressedClassPointers               = true                           {product lp64_product} {ergonomic}
     bool UseCompressedOops                        = true                           {product lp64_product} {ergonomic}
     bool UseG1GC                                  = true                                      {product} {ergonomic}
     bool UseLargePagesIndividualAllocation        = false                                  {pd product} {ergonomic}

Logging:
Log output configuration:
 #0: stdout all=warning uptime,level,tags
 #1: stderr all=off uptime,level,tags

Environment Variables:
JAVA_HOME=C:\Program Files\Java\jdk-17
PATH=C:\Program Files\Common Files\Oracle\Java\javapath;C:\Program Files (x86)\Windows Resource Kits\Tools\;C:\app\user\product\21c\dbhomeXE\bin;C:\WINDOWS\system32;C:\WINDOWS;C:\WINDOWS\System32\Wbem;C:\WINDOWS\System32\WindowsPowerShell\v1.0\;C:\WINDOWS\System32\OpenSSH\;C:\Program Files\Java\jdk-11\bin;C:\Program Files\Bandizip\;%MAVEN_HOME%\bin;C:\Program Files\nodejs\;C:\Program Files\Git\cmd;C:\Users\user\AppData\Local\Microsoft\WindowsApps;;C:\Program Files\JetBrains\IntelliJ IDEA 2023.3.2\bin;;C:\Users\user\AppData\Roaming\npm
USERNAME=user
OS=Windows_NT
PROCESSOR_IDENTIFIER=Intel64 Family 6 Model 126 Stepping 5, GenuineIntel



---------------  S Y S T E M  ---------------

OS:
 Windows 11 , 64 bit Build 22621 (10.0.22621.2506)
OS uptime: 41 days 23:26 hours
Hyper-V role detected

CPU: total 8 (initial active 8) (4 cores per cpu, 2 threads per core) family 6 model 126 stepping 5 microcode 0x86, cx8, cmov, fxsr, ht, mmx, 3dnowpref, sse, sse2, sse3, ssse3, sse4.1, sse4.2, popcnt, lzcnt, tsc, tscinvbit, avx, avx2, aes, erms, clmul, bmi1, bmi2, adx, avx512f, avx512dq, avx512cd, avx512bw, avx512vl, sha, fma, vzeroupper, avx512_vpopcntdq, avx512_vpclmulqdq, avx512_vaes, avx512_vnni, clflush, clflushopt, avx512_vbmi2, avx512_vbmi, hv

Memory: 4k page, system-wide physical 7901M (918M free)
TotalPageFile size 32477M (AvailPageFile size 0M)
current process WorkingSet (physical memory assigned to process): 47M, peak: 236M
current process commit charge ("private bytes"): 434M, peak: 463M

vm_info: Java HotSpot(TM) 64-Bit Server VM (17.0.10+11-LTS-240) for windows-amd64 JRE (17.0.10+11-LTS-240), built on Dec 19 2023 21:47:25 by "mach5one" with MS VC++ 17.1 (VS2022)

END.
