#
# There is insufficient memory for the Java Runtime Environment to continue.
# Native memory allocation (malloc) failed to allocate 1425776 bytes for Chunk::new
# Possible reasons:
#   The system is out of physical RAM or swap space
#   The process is running with CompressedOops enabled, and the Java Heap may be blocking the growth of the native heap
# Possible solutions:
#   Reduce memory load on the system
#   Increase physical memory or swap space
#   Check if swap backing store is full
#   Decrease Java heap size (-Xmx/-Xms)
#   Decrease number of Java threads
#   Decrease Java thread stack sizes (-Xss)
#   Set larger code cache with -XX:ReservedCodeCacheSize=
#   JVM is running with Unscaled Compressed Oops mode in which the Java heap is
#     placed in the first 4GB address space. The Java Heap base address is the
#     maximum limit for the native heap growth. Please use -XX:HeapBaseMinAddress
#     to set the Java Heap base and to place the Java Heap above 4GB virtual address.
# This output file may be truncated or incomplete.
#
#  Out of Memory Error (arena.cpp:189), pid=12988, tid=40752
#
# JRE version: Java(TM) SE Runtime Environment (17.0.10+11) (build 17.0.10+11-LTS-240)
# Java VM: Java HotSpot(TM) 64-Bit Server VM (17.0.10+11-LTS-240, mixed mode, sharing, tiered, compressed oops, compressed class ptrs, g1 gc, windows-amd64)
# No core dump will be written. Minidumps are not enabled by default on client versions of Windows
#

---------------  S U M M A R Y ------------

Command Line: --add-opens=java.base/java.util=ALL-UNNAMED --add-opens=java.base/java.lang=ALL-UNNAMED --add-opens=java.base/java.lang.invoke=ALL-UNNAMED --add-opens=java.prefs/java.util.prefs=ALL-UNNAMED --add-opens=java.base/java.nio.charset=ALL-UNNAMED --add-opens=java.base/java.net=ALL-UNNAMED --add-opens=java.base/java.util.concurrent.atomic=ALL-UNNAMED -XX:MaxMetaspaceSize=384m -XX:+HeapDumpOnOutOfMemoryError -Xms256m -Xmx512m -Dfile.encoding=x-windows-949 -Duser.country=KR -Duser.language=ko -Duser.variant -javaagent:C:\Users\user\.gradle\wrapper\dists\gradle-8.5-bin\5t9huq95ubn472n8rpzujfbqh\gradle-8.5\lib\agents\gradle-instrumentation-agent-8.5.jar org.gradle.launcher.daemon.bootstrap.GradleDaemon 8.5

Host: Intel(R) Core(TM) i5-1035G7 CPU @ 1.20GHz, 8 cores, 7G,  Windows 11 , 64 bit Build 22621 (10.0.22621.2506)
Time: Sat Mar  2 10:32:35 2024  Windows 11 , 64 bit Build 22621 (10.0.22621.2506) elapsed time: 810.562025 seconds (0d 0h 13m 30s)

---------------  T H R E A D  ---------------

Current thread (0x0000023b47368a90):  JavaThread "C2 CompilerThread0" daemon [_thread_in_native, id=40752, stack(0x000000aa38c00000,0x000000aa38d00000)]


Current CompileTask:
C2: 810563 4908       4       org.objectweb.asm.Frame::execute (2318 bytes)

Stack: [0x000000aa38c00000,0x000000aa38d00000]
Native frames: (J=compiled Java code, j=interpreted, Vv=VM code, C=native code)
V  [jvm.dll+0x677a5a]
V  [jvm.dll+0x7d8b2d]
V  [jvm.dll+0x7da48e]
V  [jvm.dll+0x7daaf3]
V  [jvm.dll+0x2455ff]
V  [jvm.dll+0xaaafb]
V  [jvm.dll+0xab09c]
V  [jvm.dll+0x361b5f]
V  [jvm.dll+0x32c211]
V  [jvm.dll+0x32b6aa]
V  [jvm.dll+0x21794f]
V  [jvm.dll+0x216d81]
V  [jvm.dll+0x1a3410]
V  [jvm.dll+0x226aeb]
V  [jvm.dll+0x224cab]
V  [jvm.dll+0x78e45c]
V  [jvm.dll+0x78888a]
V  [jvm.dll+0x676935]
C  [ucrtbase.dll+0x29363]
C  [KERNEL32.DLL+0x1257d]
C  [ntdll.dll+0x5aa58]


---------------  P R O C E S S  ---------------

Threads class SMR info:
_java_thread_list=0x0000023b618b3420, length=42, elements={
0x0000023b2ca40ca0, 0x0000023b473478a0, 0x0000023b47348c00, 0x0000023b47361940,
0x0000023b47362500, 0x0000023b47364fd0, 0x0000023b47367da0, 0x0000023b47368a90,
0x0000023b473be770, 0x0000023b473dc490, 0x0000023b47333210, 0x0000023b47557530,
0x0000023b47d203c0, 0x0000023b616c3e40, 0x0000023b47c89730, 0x0000023b47be5180,
0x0000023b47392f60, 0x0000023b47393440, 0x0000023b47393920, 0x0000023b61c54dd0,
0x0000023b61e63840, 0x0000023b47fb27c0, 0x0000023b47fb2cd0, 0x0000023b47fb5040,
0x0000023b47fb1da0, 0x0000023b47fb4620, 0x0000023b47fb3c00, 0x0000023b47fb22b0,
0x0000023b47fb4b30, 0x0000023b47fb36f0, 0x0000023b47fb4110, 0x0000023b47c6a700,
0x0000023b47c70220, 0x0000023b47c6c050, 0x0000023b47c71150, 0x0000023b47c71b70,
0x0000023b47c6e3c0, 0x0000023b47c6d490, 0x0000023b47c71660, 0x0000023b47c72080,
0x0000023b47c6ca70, 0x0000023b47c70730
}

Java Threads: ( => current thread )
  0x0000023b2ca40ca0 JavaThread "main" [_thread_blocked, id=10076, stack(0x000000aa37f00000,0x000000aa38000000)]
  0x0000023b473478a0 JavaThread "Reference Handler" daemon [_thread_blocked, id=33408, stack(0x000000aa38600000,0x000000aa38700000)]
  0x0000023b47348c00 JavaThread "Finalizer" daemon [_thread_blocked, id=18248, stack(0x000000aa38700000,0x000000aa38800000)]
  0x0000023b47361940 JavaThread "Signal Dispatcher" daemon [_thread_blocked, id=1656, stack(0x000000aa38800000,0x000000aa38900000)]
  0x0000023b47362500 JavaThread "Attach Listener" daemon [_thread_blocked, id=29864, stack(0x000000aa38900000,0x000000aa38a00000)]
  0x0000023b47364fd0 JavaThread "Service Thread" daemon [_thread_blocked, id=28932, stack(0x000000aa38a00000,0x000000aa38b00000)]
  0x0000023b47367da0 JavaThread "Monitor Deflation Thread" daemon [_thread_blocked, id=24476, stack(0x000000aa38b00000,0x000000aa38c00000)]
=>0x0000023b47368a90 JavaThread "C2 CompilerThread0" daemon [_thread_in_native, id=40752, stack(0x000000aa38c00000,0x000000aa38d00000)]
  0x0000023b473be770 JavaThread "C1 CompilerThread0" daemon [_thread_blocked, id=25892, stack(0x000000aa38d00000,0x000000aa38e00000)]
  0x0000023b473dc490 JavaThread "Sweeper thread" daemon [_thread_blocked, id=41992, stack(0x000000aa38e00000,0x000000aa38f00000)]
  0x0000023b47333210 JavaThread "Common-Cleaner" daemon [_thread_blocked, id=19016, stack(0x000000aa38f00000,0x000000aa39000000)]
  0x0000023b47557530 JavaThread "Notification Thread" daemon [_thread_blocked, id=25372, stack(0x000000aa39000000,0x000000aa39100000)]
  0x0000023b47d203c0 JavaThread "Daemon health stats" [_thread_in_Java, id=25392, stack(0x000000aa39700000,0x000000aa39800000)]
  0x0000023b616c3e40 JavaThread "Incoming local TCP Connector on port 60383" [_thread_in_native, id=22904, stack(0x000000aa37e00000,0x000000aa37f00000)]
  0x0000023b47c89730 JavaThread "Daemon periodic checks" [_thread_blocked, id=15456, stack(0x000000aa39800000,0x000000aa39900000)]
  0x0000023b47be5180 JavaThread "Daemon" [_thread_blocked, id=40840, stack(0x000000aa39900000,0x000000aa39a00000)]
  0x0000023b47392f60 JavaThread "Handler for socket connection from /127.0.0.1:60383 to /127.0.0.1:60387" [_thread_in_native, id=16972, stack(0x000000aa39a00000,0x000000aa39b00000)]
  0x0000023b47393440 JavaThread "Cancel handler" [_thread_blocked, id=3492, stack(0x000000aa39b00000,0x000000aa39c00000)]
  0x0000023b47393920 JavaThread "Daemon worker" [_thread_in_Java, id=1168, stack(0x000000aa39c00000,0x000000aa39d00000)]
  0x0000023b61c54dd0 JavaThread "Asynchronous log dispatcher for DefaultDaemonConnection: socket connection from /127.0.0.1:60383 to /127.0.0.1:60387" [_thread_blocked, id=41084, stack(0x000000aa39d00000,0x000000aa39e00000)]
  0x0000023b61e63840 JavaThread "Stdin handler" [_thread_blocked, id=42488, stack(0x000000aa39e00000,0x000000aa39f00000)]
  0x0000023b47fb27c0 JavaThread "Daemon client event forwarder" [_thread_blocked, id=19404, stack(0x000000aa39f00000,0x000000aa3a000000)]
  0x0000023b47fb2cd0 JavaThread "Cache worker for journal cache (C:\Users\user\.gradle\caches\journal-1)" [_thread_blocked, id=15848, stack(0x000000aa3a000000,0x000000aa3a100000)]
  0x0000023b47fb5040 JavaThread "File lock request listener" [_thread_in_native, id=26460, stack(0x000000aa3a100000,0x000000aa3a200000)]
  0x0000023b47fb1da0 JavaThread "Cache worker for file hash cache (C:\Users\user\.gradle\caches\8.5\fileHashes)" [_thread_blocked, id=26108, stack(0x000000aa3a500000,0x000000aa3a600000)]
  0x0000023b47fb4620 JavaThread "File watcher server" daemon [_thread_in_native, id=35876, stack(0x000000aa3a600000,0x000000aa3a700000)]
  0x0000023b47fb3c00 JavaThread "File watcher consumer" daemon [_thread_blocked, id=24372, stack(0x000000aa3a700000,0x000000aa3a800000)]
  0x0000023b47fb22b0 JavaThread "Cache worker for checksums cache (C:\basket\.gradle\8.5\checksums)" [_thread_blocked, id=40516, stack(0x000000aa3ab00000,0x000000aa3ac00000)]
  0x0000023b47fb4b30 JavaThread "Cache worker for file hash cache (C:\basket\.gradle\8.5\fileHashes)" [_thread_blocked, id=23000, stack(0x000000aa3ac00000,0x000000aa3ad00000)]
  0x0000023b47fb36f0 JavaThread "Cache worker for cache directory md-supplier (C:\Users\user\.gradle\caches\8.5\md-supplier)" [_thread_blocked, id=41556, stack(0x000000aa3ad00000,0x000000aa3ae00000)]
  0x0000023b47fb4110 JavaThread "Cache worker for cache directory md-rule (C:\Users\user\.gradle\caches\8.5\md-rule)" [_thread_blocked, id=9532, stack(0x000000aa37c00000,0x000000aa37d00000)]
  0x0000023b47c6a700 JavaThread "Cache worker for file content cache (C:\Users\user\.gradle\caches\8.5\fileContent)" [_thread_blocked, id=4948, stack(0x000000aa37d00000,0x000000aa37e00000)]
  0x0000023b47c70220 JavaThread "Cache worker for execution history cache (C:\Users\user\.gradle\caches\8.5\executionHistory)" [_thread_blocked, id=34416, stack(0x000000aa3ae00000,0x000000aa3af00000)]
  0x0000023b47c6c050 JavaThread "jar transforms" [_thread_blocked, id=8984, stack(0x000000aa3af00000,0x000000aa3b000000)]
  0x0000023b47c71150 JavaThread "jar transforms Thread 2" [_thread_blocked, id=18096, stack(0x000000aa3b000000,0x000000aa3b100000)]
  0x0000023b47c71b70 JavaThread "jar transforms Thread 3" [_thread_blocked, id=32008, stack(0x000000aa3a400000,0x000000aa3a500000)]
  0x0000023b47c6e3c0 JavaThread "jar transforms Thread 4" [_thread_blocked, id=18612, stack(0x000000aa3a200000,0x000000aa3a300000)]
  0x0000023b47c6d490 JavaThread "jar transforms Thread 5" [_thread_blocked, id=36088, stack(0x000000aa3a300000,0x000000aa3a400000)]
  0x0000023b47c71660 JavaThread "jar transforms Thread 6" [_thread_blocked, id=36936, stack(0x000000aa3b200000,0x000000aa3b300000)]
  0x0000023b47c72080 JavaThread "Cache worker for dependencies-accessors (C:\basket\.gradle\8.5\dependencies-accessors)" [_thread_blocked, id=43180, stack(0x000000aa3b100000,0x000000aa3b200000)]
  0x0000023b47c6ca70 JavaThread "File lock release action executor Thread 4" [_thread_blocked, id=26648, stack(0x000000aa3b300000,0x000000aa3b400000)]
  0x0000023b47c70730 JavaThread "jar transforms Thread 7" [_thread_blocked, id=43004, stack(0x000000aa3b500000,0x000000aa3b600000)]

Other Threads:
  0x0000023b47343260 VMThread "VM Thread" [stack: 0x000000aa38500000,0x000000aa38600000] [id=12300]
  0x0000023b2ca41b20 WatcherThread [stack: 0x000000aa39100000,0x000000aa39200000] [id=31232]
  0x0000023b2ca70df0 GCTaskThread "GC Thread#0" [stack: 0x000000aa38000000,0x000000aa38100000] [id=42664]
  0x0000023b47ee08f0 GCTaskThread "GC Thread#1" [stack: 0x000000aa39200000,0x000000aa39300000] [id=29232]
  0x0000023b47ee0bb0 GCTaskThread "GC Thread#2" [stack: 0x000000aa39300000,0x000000aa39400000] [id=37576]
  0x0000023b47ee0e70 GCTaskThread "GC Thread#3" [stack: 0x000000aa39400000,0x000000aa39500000] [id=10896]
  0x0000023b47ee1130 GCTaskThread "GC Thread#4" [stack: 0x000000aa39500000,0x000000aa39600000] [id=16908]
  0x0000023b47ee13f0 GCTaskThread "GC Thread#5" [stack: 0x000000aa39600000,0x000000aa39700000] [id=21788]
  0x0000023b62111a20 GCTaskThread "GC Thread#6" [stack: 0x000000aa3a800000,0x000000aa3a900000] [id=43436]
  0x0000023b47d45350 GCTaskThread "GC Thread#7" [stack: 0x000000aa3a900000,0x000000aa3aa00000] [id=23152]
  0x0000023b2ca75d40 ConcurrentGCThread "G1 Main Marker" [stack: 0x000000aa38100000,0x000000aa38200000] [id=41712]
  0x0000023b2ca76750 ConcurrentGCThread "G1 Conc#0" [stack: 0x000000aa38200000,0x000000aa38300000] [id=41184]
  0x0000023b610cfe70 ConcurrentGCThread "G1 Conc#1" [stack: 0x000000aa3aa00000,0x000000aa3ab00000] [id=1996]
  0x0000023b2cb0dd10 ConcurrentGCThread "G1 Refine#0" [stack: 0x000000aa38300000,0x000000aa38400000] [id=39268]
  0x0000023b6366a6b0 ConcurrentGCThread "G1 Refine#1" [stack: 0x000000aa3b400000,0x000000aa3b500000] [id=26688]
  0x0000023b2cb0e740 ConcurrentGCThread "G1 Service" [stack: 0x000000aa38400000,0x000000aa38500000] [id=20368]

Threads with active compile tasks:
C2 CompilerThread0   810862 4908       4       org.objectweb.asm.Frame::execute (2318 bytes)

VM state: not at safepoint (normal execution)

VM Mutex/Monitor currently owned by a thread: None

Heap address: 0x00000000e0000000, size: 512 MB, Compressed Oops mode: 32-bit

CDS archive(s) mapped at: [0x0000023b48000000-0x0000023b48bd0000-0x0000023b48bd0000), size 12386304, SharedBaseAddress: 0x0000023b48000000, ArchiveRelocationMode: 1.
Compressed class space mapped at: 0x0000023b49000000-0x0000023b5d000000, reserved size: 335544320
Narrow klass base: 0x0000023b48000000, Narrow klass shift: 0, Narrow klass range: 0x100000000

GC Precious Log:
 CPUs: 8 total, 8 available
 Memory: 7901M
 Large Page Support: Disabled
 NUMA Support: Disabled
 Compressed Oops: Enabled (32-bit)
 Heap Region Size: 1M
 Heap Min Capacity: 256M
 Heap Initial Capacity: 256M
 Heap Max Capacity: 512M
 Pre-touch: Disabled
 Parallel Workers: 8
 Concurrent Workers: 2
 Concurrent Refinement Workers: 8
 Periodic GC: Disabled

Heap:
 garbage-first heap   total 262144K, used 62469K [0x00000000e0000000, 0x0000000100000000)
  region size 1024K, 31 young (31744K), 1 survivors (1024K)
 Metaspace       used 39265K, committed 39616K, reserved 393216K
  class space    used 5427K, committed 5568K, reserved 327680K

Heap Regions: E=young(eden), S=young(survivor), O=old, HS=humongous(starts), HC=humongous(continues), CS=collection set, F=free, OA=open archive, CA=closed archive, TAMS=top-at-mark-start (previous, next)
|   0|0x00000000e0000000, 0x00000000e0100000, 0x00000000e0100000|100%|HS|  |TAMS 0x00000000e0100000, 0x00000000e0000000| Complete 
|   1|0x00000000e0100000, 0x00000000e0200000, 0x00000000e0200000|100%|HC|  |TAMS 0x00000000e0200000, 0x00000000e0100000| Complete 
|   2|0x00000000e0200000, 0x00000000e0300000, 0x00000000e0300000|100%|HC|  |TAMS 0x00000000e0300000, 0x00000000e0200000| Complete 
|   3|0x00000000e0300000, 0x00000000e0400000, 0x00000000e0400000|100%|HC|  |TAMS 0x00000000e0400000, 0x00000000e0300000| Complete 
|   4|0x00000000e0400000, 0x00000000e0500000, 0x00000000e0500000|100%|HS|  |TAMS 0x00000000e0400000, 0x00000000e0400000| Complete 
|   5|0x00000000e0500000, 0x00000000e0600000, 0x00000000e0600000|100%| O|  |TAMS 0x00000000e0600000, 0x00000000e0500000| Untracked 
|   6|0x00000000e0600000, 0x00000000e0700000, 0x00000000e0700000|100%| O|  |TAMS 0x00000000e0700000, 0x00000000e0600000| Untracked 
|   7|0x00000000e0700000, 0x00000000e0800000, 0x00000000e0800000|100%| O|  |TAMS 0x00000000e0800000, 0x00000000e0700000| Untracked 
|   8|0x00000000e0800000, 0x00000000e0900000, 0x00000000e0900000|100%| O|  |TAMS 0x00000000e0900000, 0x00000000e0800000| Untracked 
|   9|0x00000000e0900000, 0x00000000e0a00000, 0x00000000e0a00000|100%| O|  |TAMS 0x00000000e0a00000, 0x00000000e0900000| Untracked 
|  10|0x00000000e0a00000, 0x00000000e0b00000, 0x00000000e0b00000|100%| O|  |TAMS 0x00000000e0b00000, 0x00000000e0a00000| Untracked 
|  11|0x00000000e0b00000, 0x00000000e0c00000, 0x00000000e0c00000|100%| O|  |TAMS 0x00000000e0c00000, 0x00000000e0b00000| Untracked 
|  12|0x00000000e0c00000, 0x00000000e0d00000, 0x00000000e0d00000|100%| O|  |TAMS 0x00000000e0d00000, 0x00000000e0c00000| Untracked 
|  13|0x00000000e0d00000, 0x00000000e0e00000, 0x00000000e0e00000|100%| O|  |TAMS 0x00000000e0e00000, 0x00000000e0d00000| Untracked 
|  14|0x00000000e0e00000, 0x00000000e0f00000, 0x00000000e0f00000|100%| O|  |TAMS 0x00000000e0f00000, 0x00000000e0e00000| Untracked 
|  15|0x00000000e0f00000, 0x00000000e1000000, 0x00000000e1000000|100%| O|  |TAMS 0x00000000e1000000, 0x00000000e0f00000| Untracked 
|  16|0x00000000e1000000, 0x00000000e1100000, 0x00000000e1100000|100%| O|  |TAMS 0x00000000e1100000, 0x00000000e1000000| Untracked 
|  17|0x00000000e1100000, 0x00000000e1200000, 0x00000000e1200000|100%| O|  |TAMS 0x00000000e1200000, 0x00000000e1100000| Untracked 
|  18|0x00000000e1200000, 0x00000000e1300000, 0x00000000e1300000|100%| O|  |TAMS 0x00000000e1300000, 0x00000000e1200000| Untracked 
|  19|0x00000000e1300000, 0x00000000e1400000, 0x00000000e1400000|100%| O|  |TAMS 0x00000000e1400000, 0x00000000e1300000| Untracked 
|  20|0x00000000e1400000, 0x00000000e1500000, 0x00000000e1500000|100%| O|  |TAMS 0x00000000e1500000, 0x00000000e1400000| Untracked 
|  21|0x00000000e1500000, 0x00000000e1600000, 0x00000000e1600000|100%| O|  |TAMS 0x00000000e1600000, 0x00000000e1500000| Untracked 
|  22|0x00000000e1600000, 0x00000000e1700000, 0x00000000e1700000|100%| O|  |TAMS 0x00000000e1700000, 0x00000000e1600000| Untracked 
|  23|0x00000000e1700000, 0x00000000e1800000, 0x00000000e1800000|100%| O|  |TAMS 0x00000000e1800000, 0x00000000e1700000| Untracked 
|  24|0x00000000e1800000, 0x00000000e1900000, 0x00000000e1900000|100%| O|  |TAMS 0x00000000e1900000, 0x00000000e1800000| Untracked 
|  25|0x00000000e1900000, 0x00000000e1a00000, 0x00000000e1a00000|100%| O|  |TAMS 0x00000000e1a00000, 0x00000000e1900000| Untracked 
|  26|0x00000000e1a00000, 0x00000000e1b00000, 0x00000000e1b00000|100%| O|  |TAMS 0x00000000e1b00000, 0x00000000e1a00000| Untracked 
|  27|0x00000000e1b00000, 0x00000000e1c00000, 0x00000000e1c00000|100%| O|  |TAMS 0x00000000e1c00000, 0x00000000e1b00000| Untracked 
|  28|0x00000000e1c00000, 0x00000000e1d00000, 0x00000000e1d00000|100%| O|  |TAMS 0x00000000e1d00000, 0x00000000e1c00000| Untracked 
|  29|0x00000000e1d00000, 0x00000000e1e00000, 0x00000000e1e00000|100%| O|  |TAMS 0x00000000e1e00000, 0x00000000e1d00000| Untracked 
|  30|0x00000000e1e00000, 0x00000000e1f00000, 0x00000000e1f00000|100%| O|  |TAMS 0x00000000e1f00000, 0x00000000e1e00000| Untracked 
|  31|0x00000000e1f00000, 0x00000000e1faf200, 0x00000000e2000000| 68%| O|  |TAMS 0x00000000e1faf200, 0x00000000e1f00000| Untracked 
|  32|0x00000000e2000000, 0x00000000e2100000, 0x00000000e2100000|100%|HS|  |TAMS 0x00000000e2000000, 0x00000000e2000000| Complete 
|  33|0x00000000e2100000, 0x00000000e2100000, 0x00000000e2200000|  0%| F|  |TAMS 0x00000000e2100000, 0x00000000e2100000| Untracked 
|  34|0x00000000e2200000, 0x00000000e2200000, 0x00000000e2300000|  0%| F|  |TAMS 0x00000000e2200000, 0x00000000e2200000| Untracked 
|  35|0x00000000e2300000, 0x00000000e2300000, 0x00000000e2400000|  0%| F|  |TAMS 0x00000000e2300000, 0x00000000e2300000| Untracked 
|  36|0x00000000e2400000, 0x00000000e2400000, 0x00000000e2500000|  0%| F|  |TAMS 0x00000000e2400000, 0x00000000e2400000| Untracked 
|  37|0x00000000e2500000, 0x00000000e2500000, 0x00000000e2600000|  0%| F|  |TAMS 0x00000000e2500000, 0x00000000e2500000| Untracked 
|  38|0x00000000e2600000, 0x00000000e2600000, 0x00000000e2700000|  0%| F|  |TAMS 0x00000000e2600000, 0x00000000e2600000| Untracked 
|  39|0x00000000e2700000, 0x00000000e2700000, 0x00000000e2800000|  0%| F|  |TAMS 0x00000000e2700000, 0x00000000e2700000| Untracked 
|  40|0x00000000e2800000, 0x00000000e2800000, 0x00000000e2900000|  0%| F|  |TAMS 0x00000000e2800000, 0x00000000e2800000| Untracked 
|  41|0x00000000e2900000, 0x00000000e2900000, 0x00000000e2a00000|  0%| F|  |TAMS 0x00000000e2900000, 0x00000000e2900000| Untracked 
|  42|0x00000000e2a00000, 0x00000000e2a00000, 0x00000000e2b00000|  0%| F|  |TAMS 0x00000000e2a00000, 0x00000000e2a00000| Untracked 
|  43|0x00000000e2b00000, 0x00000000e2b00000, 0x00000000e2c00000|  0%| F|  |TAMS 0x00000000e2b00000, 0x00000000e2b00000| Untracked 
|  44|0x00000000e2c00000, 0x00000000e2c00000, 0x00000000e2d00000|  0%| F|  |TAMS 0x00000000e2c00000, 0x00000000e2c00000| Untracked 
|  45|0x00000000e2d00000, 0x00000000e2d00000, 0x00000000e2e00000|  0%| F|  |TAMS 0x00000000e2d00000, 0x00000000e2d00000| Untracked 
|  46|0x00000000e2e00000, 0x00000000e2e00000, 0x00000000e2f00000|  0%| F|  |TAMS 0x00000000e2e00000, 0x00000000e2e00000| Untracked 
|  47|0x00000000e2f00000, 0x00000000e2f00000, 0x00000000e3000000|  0%| F|  |TAMS 0x00000000e2f00000, 0x00000000e2f00000| Untracked 
|  48|0x00000000e3000000, 0x00000000e3000000, 0x00000000e3100000|  0%| F|  |TAMS 0x00000000e3000000, 0x00000000e3000000| Untracked 
|  49|0x00000000e3100000, 0x00000000e3100000, 0x00000000e3200000|  0%| F|  |TAMS 0x00000000e3100000, 0x00000000e3100000| Untracked 
|  50|0x00000000e3200000, 0x00000000e3200000, 0x00000000e3300000|  0%| F|  |TAMS 0x00000000e3200000, 0x00000000e3200000| Untracked 
|  51|0x00000000e3300000, 0x00000000e3300000, 0x00000000e3400000|  0%| F|  |TAMS 0x00000000e3300000, 0x00000000e3300000| Untracked 
|  52|0x00000000e3400000, 0x00000000e3400000, 0x00000000e3500000|  0%| F|  |TAMS 0x00000000e3400000, 0x00000000e3400000| Untracked 
|  53|0x00000000e3500000, 0x00000000e3500000, 0x00000000e3600000|  0%| F|  |TAMS 0x00000000e3500000, 0x00000000e3500000| Untracked 
|  54|0x00000000e3600000, 0x00000000e3600000, 0x00000000e3700000|  0%| F|  |TAMS 0x00000000e3600000, 0x00000000e3600000| Untracked 
|  55|0x00000000e3700000, 0x00000000e3700000, 0x00000000e3800000|  0%| F|  |TAMS 0x00000000e3700000, 0x00000000e3700000| Untracked 
|  56|0x00000000e3800000, 0x00000000e3800000, 0x00000000e3900000|  0%| F|  |TAMS 0x00000000e3800000, 0x00000000e3800000| Untracked 
|  57|0x00000000e3900000, 0x00000000e3900000, 0x00000000e3a00000|  0%| F|  |TAMS 0x00000000e3900000, 0x00000000e3900000| Untracked 
|  58|0x00000000e3a00000, 0x00000000e3a00000, 0x00000000e3b00000|  0%| F|  |TAMS 0x00000000e3a00000, 0x00000000e3a00000| Untracked 
|  59|0x00000000e3b00000, 0x00000000e3b00000, 0x00000000e3c00000|  0%| F|  |TAMS 0x00000000e3b00000, 0x00000000e3b00000| Untracked 
|  60|0x00000000e3c00000, 0x00000000e3c00000, 0x00000000e3d00000|  0%| F|  |TAMS 0x00000000e3c00000, 0x00000000e3c00000| Untracked 
|  61|0x00000000e3d00000, 0x00000000e3d00000, 0x00000000e3e00000|  0%| F|  |TAMS 0x00000000e3d00000, 0x00000000e3d00000| Untracked 
|  62|0x00000000e3e00000, 0x00000000e3e00000, 0x00000000e3f00000|  0%| F|  |TAMS 0x00000000e3e00000, 0x00000000e3e00000| Untracked 
|  63|0x00000000e3f00000, 0x00000000e3f00000, 0x00000000e4000000|  0%| F|  |TAMS 0x00000000e3f00000, 0x00000000e3f00000| Untracked 
|  64|0x00000000e4000000, 0x00000000e4000000, 0x00000000e4100000|  0%| F|  |TAMS 0x00000000e4000000, 0x00000000e4000000| Untracked 
|  65|0x00000000e4100000, 0x00000000e4100000, 0x00000000e4200000|  0%| F|  |TAMS 0x00000000e4100000, 0x00000000e4100000| Untracked 
|  66|0x00000000e4200000, 0x00000000e4200000, 0x00000000e4300000|  0%| F|  |TAMS 0x00000000e4200000, 0x00000000e4200000| Untracked 
|  67|0x00000000e4300000, 0x00000000e4300000, 0x00000000e4400000|  0%| F|  |TAMS 0x00000000e4300000, 0x00000000e4300000| Untracked 
|  68|0x00000000e4400000, 0x00000000e4400000, 0x00000000e4500000|  0%| F|  |TAMS 0x00000000e4400000, 0x00000000e4400000| Untracked 
|  69|0x00000000e4500000, 0x00000000e4500000, 0x00000000e4600000|  0%| F|  |TAMS 0x00000000e4500000, 0x00000000e4500000| Untracked 
|  70|0x00000000e4600000, 0x00000000e4600000, 0x00000000e4700000|  0%| F|  |TAMS 0x00000000e4600000, 0x00000000e4600000| Untracked 
|  71|0x00000000e4700000, 0x00000000e4700000, 0x00000000e4800000|  0%| F|  |TAMS 0x00000000e4700000, 0x00000000e4700000| Untracked 
|  72|0x00000000e4800000, 0x00000000e4800000, 0x00000000e4900000|  0%| F|  |TAMS 0x00000000e4800000, 0x00000000e4800000| Untracked 
|  73|0x00000000e4900000, 0x00000000e4900000, 0x00000000e4a00000|  0%| F|  |TAMS 0x00000000e4900000, 0x00000000e4900000| Untracked 
|  74|0x00000000e4a00000, 0x00000000e4a00000, 0x00000000e4b00000|  0%| F|  |TAMS 0x00000000e4a00000, 0x00000000e4a00000| Untracked 
|  75|0x00000000e4b00000, 0x00000000e4b00000, 0x00000000e4c00000|  0%| F|  |TAMS 0x00000000e4b00000, 0x00000000e4b00000| Untracked 
|  76|0x00000000e4c00000, 0x00000000e4c00000, 0x00000000e4d00000|  0%| F|  |TAMS 0x00000000e4c00000, 0x00000000e4c00000| Untracked 
|  77|0x00000000e4d00000, 0x00000000e4d00000, 0x00000000e4e00000|  0%| F|  |TAMS 0x00000000e4d00000, 0x00000000e4d00000| Untracked 
|  78|0x00000000e4e00000, 0x00000000e4e00000, 0x00000000e4f00000|  0%| F|  |TAMS 0x00000000e4e00000, 0x00000000e4e00000| Untracked 
|  79|0x00000000e4f00000, 0x00000000e4f00000, 0x00000000e5000000|  0%| F|  |TAMS 0x00000000e4f00000, 0x00000000e4f00000| Untracked 
|  80|0x00000000e5000000, 0x00000000e5000000, 0x00000000e5100000|  0%| F|  |TAMS 0x00000000e5000000, 0x00000000e5000000| Untracked 
|  81|0x00000000e5100000, 0x00000000e5100000, 0x00000000e5200000|  0%| F|  |TAMS 0x00000000e5100000, 0x00000000e5100000| Untracked 
|  82|0x00000000e5200000, 0x00000000e5200000, 0x00000000e5300000|  0%| F|  |TAMS 0x00000000e5200000, 0x00000000e5200000| Untracked 
|  83|0x00000000e5300000, 0x00000000e5300000, 0x00000000e5400000|  0%| F|  |TAMS 0x00000000e5300000, 0x00000000e5300000| Untracked 
|  84|0x00000000e5400000, 0x00000000e5400000, 0x00000000e5500000|  0%| F|  |TAMS 0x00000000e5400000, 0x00000000e5400000| Untracked 
|  85|0x00000000e5500000, 0x00000000e5500000, 0x00000000e5600000|  0%| F|  |TAMS 0x00000000e5500000, 0x00000000e5500000| Untracked 
|  86|0x00000000e5600000, 0x00000000e5600000, 0x00000000e5700000|  0%| F|  |TAMS 0x00000000e5600000, 0x00000000e5600000| Untracked 
|  87|0x00000000e5700000, 0x00000000e5700000, 0x00000000e5800000|  0%| F|  |TAMS 0x00000000e5700000, 0x00000000e5700000| Untracked 
|  88|0x00000000e5800000, 0x00000000e5800000, 0x00000000e5900000|  0%| F|  |TAMS 0x00000000e5800000, 0x00000000e5800000| Untracked 
|  89|0x00000000e5900000, 0x00000000e5900000, 0x00000000e5a00000|  0%| F|  |TAMS 0x00000000e5900000, 0x00000000e5900000| Untracked 
|  90|0x00000000e5a00000, 0x00000000e5a00000, 0x00000000e5b00000|  0%| F|  |TAMS 0x00000000e5a00000, 0x00000000e5a00000| Untracked 
|  91|0x00000000e5b00000, 0x00000000e5b00000, 0x00000000e5c00000|  0%| F|  |TAMS 0x00000000e5b00000, 0x00000000e5b00000| Untracked 
|  92|0x00000000e5c00000, 0x00000000e5c00000, 0x00000000e5d00000|  0%| F|  |TAMS 0x00000000e5c00000, 0x00000000e5c00000| Untracked 
|  93|0x00000000e5d00000, 0x00000000e5d00000, 0x00000000e5e00000|  0%| F|  |TAMS 0x00000000e5d00000, 0x00000000e5d00000| Untracked 
|  94|0x00000000e5e00000, 0x00000000e5e00000, 0x00000000e5f00000|  0%| F|  |TAMS 0x00000000e5e00000, 0x00000000e5e00000| Untracked 
|  95|0x00000000e5f00000, 0x00000000e5f00000, 0x00000000e6000000|  0%| F|  |TAMS 0x00000000e5f00000, 0x00000000e5f00000| Untracked 
|  96|0x00000000e6000000, 0x00000000e6000000, 0x00000000e6100000|  0%| F|  |TAMS 0x00000000e6000000, 0x00000000e6000000| Untracked 
|  97|0x00000000e6100000, 0x00000000e6100000, 0x00000000e6200000|  0%| F|  |TAMS 0x00000000e6100000, 0x00000000e6100000| Untracked 
|  98|0x00000000e6200000, 0x00000000e6200000, 0x00000000e6300000|  0%| F|  |TAMS 0x00000000e6200000, 0x00000000e6200000| Untracked 
|  99|0x00000000e6300000, 0x00000000e6300000, 0x00000000e6400000|  0%| F|  |TAMS 0x00000000e6300000, 0x00000000e6300000| Untracked 
| 100|0x00000000e6400000, 0x00000000e6400000, 0x00000000e6500000|  0%| F|  |TAMS 0x00000000e6400000, 0x00000000e6400000| Untracked 
| 101|0x00000000e6500000, 0x00000000e6500000, 0x00000000e6600000|  0%| F|  |TAMS 0x00000000e6500000, 0x00000000e6500000| Untracked 
| 102|0x00000000e6600000, 0x00000000e6600000, 0x00000000e6700000|  0%| F|  |TAMS 0x00000000e6600000, 0x00000000e6600000| Untracked 
| 103|0x00000000e6700000, 0x00000000e6700000, 0x00000000e6800000|  0%| F|  |TAMS 0x00000000e6700000, 0x00000000e6700000| Untracked 
| 104|0x00000000e6800000, 0x00000000e6800000, 0x00000000e6900000|  0%| F|  |TAMS 0x00000000e6800000, 0x00000000e6800000| Untracked 
| 105|0x00000000e6900000, 0x00000000e6900000, 0x00000000e6a00000|  0%| F|  |TAMS 0x00000000e6900000, 0x00000000e6900000| Untracked 
| 106|0x00000000e6a00000, 0x00000000e6a00000, 0x00000000e6b00000|  0%| F|  |TAMS 0x00000000e6a00000, 0x00000000e6a00000| Untracked 
| 107|0x00000000e6b00000, 0x00000000e6b00000, 0x00000000e6c00000|  0%| F|  |TAMS 0x00000000e6b00000, 0x00000000e6b00000| Untracked 
| 108|0x00000000e6c00000, 0x00000000e6c00000, 0x00000000e6d00000|  0%| F|  |TAMS 0x00000000e6c00000, 0x00000000e6c00000| Untracked 
| 109|0x00000000e6d00000, 0x00000000e6d00000, 0x00000000e6e00000|  0%| F|  |TAMS 0x00000000e6d00000, 0x00000000e6d00000| Untracked 
| 110|0x00000000e6e00000, 0x00000000e6e00000, 0x00000000e6f00000|  0%| F|  |TAMS 0x00000000e6e00000, 0x00000000e6e00000| Untracked 
| 111|0x00000000e6f00000, 0x00000000e6f00000, 0x00000000e7000000|  0%| F|  |TAMS 0x00000000e6f00000, 0x00000000e6f00000| Untracked 
| 112|0x00000000e7000000, 0x00000000e7000000, 0x00000000e7100000|  0%| F|  |TAMS 0x00000000e7000000, 0x00000000e7000000| Untracked 
| 113|0x00000000e7100000, 0x00000000e7100000, 0x00000000e7200000|  0%| F|  |TAMS 0x00000000e7100000, 0x00000000e7100000| Untracked 
| 114|0x00000000e7200000, 0x00000000e7200000, 0x00000000e7300000|  0%| F|  |TAMS 0x00000000e7200000, 0x00000000e7200000| Untracked 
| 115|0x00000000e7300000, 0x00000000e7300000, 0x00000000e7400000|  0%| F|  |TAMS 0x00000000e7300000, 0x00000000e7300000| Untracked 
| 116|0x00000000e7400000, 0x00000000e7400000, 0x00000000e7500000|  0%| F|  |TAMS 0x00000000e7400000, 0x00000000e7400000| Untracked 
| 117|0x00000000e7500000, 0x00000000e7500000, 0x00000000e7600000|  0%| F|  |TAMS 0x00000000e7500000, 0x00000000e7500000| Untracked 
| 118|0x00000000e7600000, 0x00000000e7600000, 0x00000000e7700000|  0%| F|  |TAMS 0x00000000e7600000, 0x00000000e7600000| Untracked 
| 119|0x00000000e7700000, 0x00000000e7700000, 0x00000000e7800000|  0%| F|  |TAMS 0x00000000e7700000, 0x00000000e7700000| Untracked 
| 120|0x00000000e7800000, 0x00000000e7800000, 0x00000000e7900000|  0%| F|  |TAMS 0x00000000e7800000, 0x00000000e7800000| Untracked 
| 121|0x00000000e7900000, 0x00000000e7900000, 0x00000000e7a00000|  0%| F|  |TAMS 0x00000000e7900000, 0x00000000e7900000| Untracked 
| 122|0x00000000e7a00000, 0x00000000e7a00000, 0x00000000e7b00000|  0%| F|  |TAMS 0x00000000e7a00000, 0x00000000e7a00000| Untracked 
| 123|0x00000000e7b00000, 0x00000000e7b00000, 0x00000000e7c00000|  0%| F|  |TAMS 0x00000000e7b00000, 0x00000000e7b00000| Untracked 
| 124|0x00000000e7c00000, 0x00000000e7c00000, 0x00000000e7d00000|  0%| F|  |TAMS 0x00000000e7c00000, 0x00000000e7c00000| Untracked 
| 125|0x00000000e7d00000, 0x00000000e7d00000, 0x00000000e7e00000|  0%| F|  |TAMS 0x00000000e7d00000, 0x00000000e7d00000| Untracked 
| 126|0x00000000e7e00000, 0x00000000e7e00000, 0x00000000e7f00000|  0%| F|  |TAMS 0x00000000e7e00000, 0x00000000e7e00000| Untracked 
| 127|0x00000000e7f00000, 0x00000000e7f00000, 0x00000000e8000000|  0%| F|  |TAMS 0x00000000e7f00000, 0x00000000e7f00000| Untracked 
| 128|0x00000000e8000000, 0x00000000e8000000, 0x00000000e8100000|  0%| F|  |TAMS 0x00000000e8000000, 0x00000000e8000000| Untracked 
| 129|0x00000000e8100000, 0x00000000e8100000, 0x00000000e8200000|  0%| F|  |TAMS 0x00000000e8100000, 0x00000000e8100000| Untracked 
| 130|0x00000000e8200000, 0x00000000e8200000, 0x00000000e8300000|  0%| F|  |TAMS 0x00000000e8200000, 0x00000000e8200000| Untracked 
| 131|0x00000000e8300000, 0x00000000e8300000, 0x00000000e8400000|  0%| F|  |TAMS 0x00000000e8300000, 0x00000000e8300000| Untracked 
| 132|0x00000000e8400000, 0x00000000e8400000, 0x00000000e8500000|  0%| F|  |TAMS 0x00000000e8400000, 0x00000000e8400000| Untracked 
| 133|0x00000000e8500000, 0x00000000e8500000, 0x00000000e8600000|  0%| F|  |TAMS 0x00000000e8500000, 0x00000000e8500000| Untracked 
| 134|0x00000000e8600000, 0x00000000e8600000, 0x00000000e8700000|  0%| F|  |TAMS 0x00000000e8600000, 0x00000000e8600000| Untracked 
| 135|0x00000000e8700000, 0x00000000e8700000, 0x00000000e8800000|  0%| F|  |TAMS 0x00000000e8700000, 0x00000000e8700000| Untracked 
| 136|0x00000000e8800000, 0x00000000e8800000, 0x00000000e8900000|  0%| F|  |TAMS 0x00000000e8800000, 0x00000000e8800000| Untracked 
| 137|0x00000000e8900000, 0x00000000e8900000, 0x00000000e8a00000|  0%| F|  |TAMS 0x00000000e8900000, 0x00000000e8900000| Untracked 
| 138|0x00000000e8a00000, 0x00000000e8a00000, 0x00000000e8b00000|  0%| F|  |TAMS 0x00000000e8a00000, 0x00000000e8a00000| Untracked 
| 139|0x00000000e8b00000, 0x00000000e8b00000, 0x00000000e8c00000|  0%| F|  |TAMS 0x00000000e8b00000, 0x00000000e8b00000| Untracked 
| 140|0x00000000e8c00000, 0x00000000e8c00000, 0x00000000e8d00000|  0%| F|  |TAMS 0x00000000e8c00000, 0x00000000e8c00000| Untracked 
| 141|0x00000000e8d00000, 0x00000000e8d00000, 0x00000000e8e00000|  0%| F|  |TAMS 0x00000000e8d00000, 0x00000000e8d00000| Untracked 
| 142|0x00000000e8e00000, 0x00000000e8e00000, 0x00000000e8f00000|  0%| F|  |TAMS 0x00000000e8e00000, 0x00000000e8e00000| Untracked 
| 143|0x00000000e8f00000, 0x00000000e8f00000, 0x00000000e9000000|  0%| F|  |TAMS 0x00000000e8f00000, 0x00000000e8f00000| Untracked 
| 144|0x00000000e9000000, 0x00000000e9000000, 0x00000000e9100000|  0%| F|  |TAMS 0x00000000e9000000, 0x00000000e9000000| Untracked 
| 145|0x00000000e9100000, 0x00000000e9100000, 0x00000000e9200000|  0%| F|  |TAMS 0x00000000e9100000, 0x00000000e9100000| Untracked 
| 146|0x00000000e9200000, 0x00000000e9200000, 0x00000000e9300000|  0%| F|  |TAMS 0x00000000e9200000, 0x00000000e9200000| Untracked 
| 147|0x00000000e9300000, 0x00000000e9300000, 0x00000000e9400000|  0%| F|  |TAMS 0x00000000e9300000, 0x00000000e9300000| Untracked 
| 148|0x00000000e9400000, 0x00000000e9400000, 0x00000000e9500000|  0%| F|  |TAMS 0x00000000e9400000, 0x00000000e9400000| Untracked 
| 149|0x00000000e9500000, 0x00000000e9500000, 0x00000000e9600000|  0%| F|  |TAMS 0x00000000e9500000, 0x00000000e9500000| Untracked 
| 150|0x00000000e9600000, 0x00000000e9600000, 0x00000000e9700000|  0%| F|  |TAMS 0x00000000e9600000, 0x00000000e9600000| Untracked 
| 151|0x00000000e9700000, 0x00000000e9700000, 0x00000000e9800000|  0%| F|  |TAMS 0x00000000e9700000, 0x00000000e9700000| Untracked 
| 152|0x00000000e9800000, 0x00000000e9800000, 0x00000000e9900000|  0%| F|  |TAMS 0x00000000e9800000, 0x00000000e9800000| Untracked 
| 153|0x00000000e9900000, 0x00000000e9900000, 0x00000000e9a00000|  0%| F|  |TAMS 0x00000000e9900000, 0x00000000e9900000| Untracked 
| 154|0x00000000e9a00000, 0x00000000e9a00000, 0x00000000e9b00000|  0%| F|  |TAMS 0x00000000e9a00000, 0x00000000e9a00000| Untracked 
| 155|0x00000000e9b00000, 0x00000000e9b00000, 0x00000000e9c00000|  0%| F|  |TAMS 0x00000000e9b00000, 0x00000000e9b00000| Untracked 
| 156|0x00000000e9c00000, 0x00000000e9c00000, 0x00000000e9d00000|  0%| F|  |TAMS 0x00000000e9c00000, 0x00000000e9c00000| Untracked 
| 157|0x00000000e9d00000, 0x00000000e9d00000, 0x00000000e9e00000|  0%| F|  |TAMS 0x00000000e9d00000, 0x00000000e9d00000| Untracked 
| 158|0x00000000e9e00000, 0x00000000e9e00000, 0x00000000e9f00000|  0%| F|  |TAMS 0x00000000e9e00000, 0x00000000e9e00000| Untracked 
| 159|0x00000000e9f00000, 0x00000000e9f00000, 0x00000000ea000000|  0%| F|  |TAMS 0x00000000e9f00000, 0x00000000e9f00000| Untracked 
| 160|0x00000000ea000000, 0x00000000ea000000, 0x00000000ea100000|  0%| F|  |TAMS 0x00000000ea000000, 0x00000000ea000000| Untracked 
| 161|0x00000000ea100000, 0x00000000ea100000, 0x00000000ea200000|  0%| F|  |TAMS 0x00000000ea100000, 0x00000000ea100000| Untracked 
| 162|0x00000000ea200000, 0x00000000ea200000, 0x00000000ea300000|  0%| F|  |TAMS 0x00000000ea200000, 0x00000000ea200000| Untracked 
| 163|0x00000000ea300000, 0x00000000ea300000, 0x00000000ea400000|  0%| F|  |TAMS 0x00000000ea300000, 0x00000000ea300000| Untracked 
| 164|0x00000000ea400000, 0x00000000ea400000, 0x00000000ea500000|  0%| F|  |TAMS 0x00000000ea400000, 0x00000000ea400000| Untracked 
| 165|0x00000000ea500000, 0x00000000ea500000, 0x00000000ea600000|  0%| F|  |TAMS 0x00000000ea500000, 0x00000000ea500000| Untracked 
| 166|0x00000000ea600000, 0x00000000ea600000, 0x00000000ea700000|  0%| F|  |TAMS 0x00000000ea600000, 0x00000000ea600000| Untracked 
| 167|0x00000000ea700000, 0x00000000ea700000, 0x00000000ea800000|  0%| F|  |TAMS 0x00000000ea700000, 0x00000000ea700000| Untracked 
| 168|0x00000000ea800000, 0x00000000ea800000, 0x00000000ea900000|  0%| F|  |TAMS 0x00000000ea800000, 0x00000000ea800000| Untracked 
| 169|0x00000000ea900000, 0x00000000ea900000, 0x00000000eaa00000|  0%| F|  |TAMS 0x00000000ea900000, 0x00000000ea900000| Untracked 
| 170|0x00000000eaa00000, 0x00000000eaa00000, 0x00000000eab00000|  0%| F|  |TAMS 0x00000000eaa00000, 0x00000000eaa00000| Untracked 
| 171|0x00000000eab00000, 0x00000000eab00000, 0x00000000eac00000|  0%| F|  |TAMS 0x00000000eab00000, 0x00000000eab00000| Untracked 
| 172|0x00000000eac00000, 0x00000000eac00000, 0x00000000ead00000|  0%| F|  |TAMS 0x00000000eac00000, 0x00000000eac00000| Untracked 
| 173|0x00000000ead00000, 0x00000000ead00000, 0x00000000eae00000|  0%| F|  |TAMS 0x00000000ead00000, 0x00000000ead00000| Untracked 
| 174|0x00000000eae00000, 0x00000000eae00000, 0x00000000eaf00000|  0%| F|  |TAMS 0x00000000eae00000, 0x00000000eae00000| Untracked 
| 175|0x00000000eaf00000, 0x00000000eaf00000, 0x00000000eb000000|  0%| F|  |TAMS 0x00000000eaf00000, 0x00000000eaf00000| Untracked 
| 176|0x00000000eb000000, 0x00000000eb000000, 0x00000000eb100000|  0%| F|  |TAMS 0x00000000eb000000, 0x00000000eb000000| Untracked 
| 177|0x00000000eb100000, 0x00000000eb100000, 0x00000000eb200000|  0%| F|  |TAMS 0x00000000eb100000, 0x00000000eb100000| Untracked 
| 178|0x00000000eb200000, 0x00000000eb200000, 0x00000000eb300000|  0%| F|  |TAMS 0x00000000eb200000, 0x00000000eb200000| Untracked 
| 179|0x00000000eb300000, 0x00000000eb300000, 0x00000000eb400000|  0%| F|  |TAMS 0x00000000eb300000, 0x00000000eb300000| Untracked 
| 180|0x00000000eb400000, 0x00000000eb400000, 0x00000000eb500000|  0%| F|  |TAMS 0x00000000eb400000, 0x00000000eb400000| Untracked 
| 181|0x00000000eb500000, 0x00000000eb500000, 0x00000000eb600000|  0%| F|  |TAMS 0x00000000eb500000, 0x00000000eb500000| Untracked 
| 182|0x00000000eb600000, 0x00000000eb600000, 0x00000000eb700000|  0%| F|  |TAMS 0x00000000eb600000, 0x00000000eb600000| Untracked 
| 183|0x00000000eb700000, 0x00000000eb700000, 0x00000000eb800000|  0%| F|  |TAMS 0x00000000eb700000, 0x00000000eb700000| Untracked 
| 184|0x00000000eb800000, 0x00000000eb800000, 0x00000000eb900000|  0%| F|  |TAMS 0x00000000eb800000, 0x00000000eb800000| Untracked 
| 185|0x00000000eb900000, 0x00000000eb900000, 0x00000000eba00000|  0%| F|  |TAMS 0x00000000eb900000, 0x00000000eb900000| Untracked 
| 186|0x00000000eba00000, 0x00000000eba00000, 0x00000000ebb00000|  0%| F|  |TAMS 0x00000000eba00000, 0x00000000eba00000| Untracked 
| 187|0x00000000ebb00000, 0x00000000ebb00000, 0x00000000ebc00000|  0%| F|  |TAMS 0x00000000ebb00000, 0x00000000ebb00000| Untracked 
| 188|0x00000000ebc00000, 0x00000000ebc00000, 0x00000000ebd00000|  0%| F|  |TAMS 0x00000000ebc00000, 0x00000000ebc00000| Untracked 
| 189|0x00000000ebd00000, 0x00000000ebd00000, 0x00000000ebe00000|  0%| F|  |TAMS 0x00000000ebd00000, 0x00000000ebd00000| Untracked 
| 190|0x00000000ebe00000, 0x00000000ebe00000, 0x00000000ebf00000|  0%| F|  |TAMS 0x00000000ebe00000, 0x00000000ebe00000| Untracked 
| 191|0x00000000ebf00000, 0x00000000ebf00000, 0x00000000ec000000|  0%| F|  |TAMS 0x00000000ebf00000, 0x00000000ebf00000| Untracked 
| 192|0x00000000ec000000, 0x00000000ec000000, 0x00000000ec100000|  0%| F|  |TAMS 0x00000000ec000000, 0x00000000ec000000| Untracked 
| 193|0x00000000ec100000, 0x00000000ec100000, 0x00000000ec200000|  0%| F|  |TAMS 0x00000000ec100000, 0x00000000ec100000| Untracked 
| 194|0x00000000ec200000, 0x00000000ec200000, 0x00000000ec300000|  0%| F|  |TAMS 0x00000000ec200000, 0x00000000ec200000| Untracked 
| 195|0x00000000ec300000, 0x00000000ec300000, 0x00000000ec400000|  0%| F|  |TAMS 0x00000000ec300000, 0x00000000ec300000| Untracked 
| 196|0x00000000ec400000, 0x00000000ec400000, 0x00000000ec500000|  0%| F|  |TAMS 0x00000000ec400000, 0x00000000ec400000| Untracked 
| 197|0x00000000ec500000, 0x00000000ec500000, 0x00000000ec600000|  0%| F|  |TAMS 0x00000000ec500000, 0x00000000ec500000| Untracked 
| 198|0x00000000ec600000, 0x00000000ec600000, 0x00000000ec700000|  0%| F|  |TAMS 0x00000000ec600000, 0x00000000ec600000| Untracked 
| 199|0x00000000ec700000, 0x00000000ec700000, 0x00000000ec800000|  0%| F|  |TAMS 0x00000000ec700000, 0x00000000ec700000| Untracked 
| 200|0x00000000ec800000, 0x00000000ec800000, 0x00000000ec900000|  0%| F|  |TAMS 0x00000000ec800000, 0x00000000ec800000| Untracked 
| 201|0x00000000ec900000, 0x00000000ec900000, 0x00000000eca00000|  0%| F|  |TAMS 0x00000000ec900000, 0x00000000ec900000| Untracked 
| 202|0x00000000eca00000, 0x00000000eca00000, 0x00000000ecb00000|  0%| F|  |TAMS 0x00000000eca00000, 0x00000000eca00000| Untracked 
| 203|0x00000000ecb00000, 0x00000000ecb00000, 0x00000000ecc00000|  0%| F|  |TAMS 0x00000000ecb00000, 0x00000000ecb00000| Untracked 
| 204|0x00000000ecc00000, 0x00000000ecc00000, 0x00000000ecd00000|  0%| F|  |TAMS 0x00000000ecc00000, 0x00000000ecc00000| Untracked 
| 205|0x00000000ecd00000, 0x00000000ecd00000, 0x00000000ece00000|  0%| F|  |TAMS 0x00000000ecd00000, 0x00000000ecd00000| Untracked 
| 206|0x00000000ece00000, 0x00000000ece00000, 0x00000000ecf00000|  0%| F|  |TAMS 0x00000000ece00000, 0x00000000ece00000| Untracked 
| 207|0x00000000ecf00000, 0x00000000ecf00000, 0x00000000ed000000|  0%| F|  |TAMS 0x00000000ecf00000, 0x00000000ecf00000| Untracked 
| 208|0x00000000ed000000, 0x00000000ed000000, 0x00000000ed100000|  0%| F|  |TAMS 0x00000000ed000000, 0x00000000ed000000| Untracked 
| 209|0x00000000ed100000, 0x00000000ed100000, 0x00000000ed200000|  0%| F|  |TAMS 0x00000000ed100000, 0x00000000ed100000| Untracked 
| 210|0x00000000ed200000, 0x00000000ed200000, 0x00000000ed300000|  0%| F|  |TAMS 0x00000000ed200000, 0x00000000ed200000| Untracked 
| 211|0x00000000ed300000, 0x00000000ed300000, 0x00000000ed400000|  0%| F|  |TAMS 0x00000000ed300000, 0x00000000ed300000| Untracked 
| 212|0x00000000ed400000, 0x00000000ed400000, 0x00000000ed500000|  0%| F|  |TAMS 0x00000000ed400000, 0x00000000ed400000| Untracked 
| 213|0x00000000ed500000, 0x00000000ed500000, 0x00000000ed600000|  0%| F|  |TAMS 0x00000000ed500000, 0x00000000ed500000| Untracked 
| 214|0x00000000ed600000, 0x00000000ed600000, 0x00000000ed700000|  0%| F|  |TAMS 0x00000000ed600000, 0x00000000ed600000| Untracked 
| 215|0x00000000ed700000, 0x00000000ed700000, 0x00000000ed800000|  0%| F|  |TAMS 0x00000000ed700000, 0x00000000ed700000| Untracked 
| 216|0x00000000ed800000, 0x00000000ed800000, 0x00000000ed900000|  0%| F|  |TAMS 0x00000000ed800000, 0x00000000ed800000| Untracked 
| 217|0x00000000ed900000, 0x00000000ed900000, 0x00000000eda00000|  0%| F|  |TAMS 0x00000000ed900000, 0x00000000ed900000| Untracked 
| 218|0x00000000eda00000, 0x00000000eda00000, 0x00000000edb00000|  0%| F|  |TAMS 0x00000000eda00000, 0x00000000eda00000| Untracked 
| 219|0x00000000edb00000, 0x00000000edb00000, 0x00000000edc00000|  0%| F|  |TAMS 0x00000000edb00000, 0x00000000edb00000| Untracked 
| 220|0x00000000edc00000, 0x00000000edc00000, 0x00000000edd00000|  0%| F|  |TAMS 0x00000000edc00000, 0x00000000edc00000| Untracked 
| 221|0x00000000edd00000, 0x00000000edd00000, 0x00000000ede00000|  0%| F|  |TAMS 0x00000000edd00000, 0x00000000edd00000| Untracked 
| 222|0x00000000ede00000, 0x00000000ede00000, 0x00000000edf00000|  0%| F|  |TAMS 0x00000000ede00000, 0x00000000ede00000| Untracked 
| 223|0x00000000edf00000, 0x00000000edf00000, 0x00000000ee000000|  0%| F|  |TAMS 0x00000000edf00000, 0x00000000edf00000| Untracked 
| 224|0x00000000ee000000, 0x00000000ee000000, 0x00000000ee100000|  0%| F|  |TAMS 0x00000000ee000000, 0x00000000ee000000| Untracked 
| 225|0x00000000ee100000, 0x00000000ee200000, 0x00000000ee200000|100%| E|  |TAMS 0x00000000ee100000, 0x00000000ee100000| Complete 
| 226|0x00000000ee200000, 0x00000000ee300000, 0x00000000ee300000|100%| E|CS|TAMS 0x00000000ee200000, 0x00000000ee200000| Complete 
| 227|0x00000000ee300000, 0x00000000ee400000, 0x00000000ee400000|100%| E|CS|TAMS 0x00000000ee300000, 0x00000000ee300000| Complete 
| 228|0x00000000ee400000, 0x00000000ee500000, 0x00000000ee500000|100%| E|CS|TAMS 0x00000000ee400000, 0x00000000ee400000| Complete 
| 229|0x00000000ee500000, 0x00000000ee600000, 0x00000000ee600000|100%| E|CS|TAMS 0x00000000ee500000, 0x00000000ee500000| Complete 
| 230|0x00000000ee600000, 0x00000000ee700000, 0x00000000ee700000|100%| E|CS|TAMS 0x00000000ee600000, 0x00000000ee600000| Complete 
| 231|0x00000000ee700000, 0x00000000ee800000, 0x00000000ee800000|100%| E|CS|TAMS 0x00000000ee700000, 0x00000000ee700000| Complete 
| 232|0x00000000ee800000, 0x00000000ee900000, 0x00000000ee900000|100%| E|CS|TAMS 0x00000000ee800000, 0x00000000ee800000| Complete 
| 233|0x00000000ee900000, 0x00000000eea00000, 0x00000000eea00000|100%| E|CS|TAMS 0x00000000ee900000, 0x00000000ee900000| Complete 
| 234|0x00000000eea00000, 0x00000000eeb00000, 0x00000000eeb00000|100%| E|CS|TAMS 0x00000000eea00000, 0x00000000eea00000| Complete 
| 235|0x00000000eeb00000, 0x00000000eec00000, 0x00000000eec00000|100%| E|CS|TAMS 0x00000000eeb00000, 0x00000000eeb00000| Complete 
| 236|0x00000000eec00000, 0x00000000eed00000, 0x00000000eed00000|100%| E|CS|TAMS 0x00000000eec00000, 0x00000000eec00000| Complete 
| 237|0x00000000eed00000, 0x00000000eee00000, 0x00000000eee00000|100%| E|CS|TAMS 0x00000000eed00000, 0x00000000eed00000| Complete 
| 238|0x00000000eee00000, 0x00000000eef00000, 0x00000000eef00000|100%| E|CS|TAMS 0x00000000eee00000, 0x00000000eee00000| Complete 
| 239|0x00000000eef00000, 0x00000000ef000000, 0x00000000ef000000|100%| E|CS|TAMS 0x00000000eef00000, 0x00000000eef00000| Complete 
| 240|0x00000000ef000000, 0x00000000ef100000, 0x00000000ef100000|100%| E|CS|TAMS 0x00000000ef000000, 0x00000000ef000000| Complete 
| 241|0x00000000ef100000, 0x00000000ef200000, 0x00000000ef200000|100%| E|CS|TAMS 0x00000000ef100000, 0x00000000ef100000| Complete 
| 242|0x00000000ef200000, 0x00000000ef300000, 0x00000000ef300000|100%| E|CS|TAMS 0x00000000ef200000, 0x00000000ef200000| Complete 
| 243|0x00000000ef300000, 0x00000000ef400000, 0x00000000ef400000|100%| E|CS|TAMS 0x00000000ef300000, 0x00000000ef300000| Complete 
| 244|0x00000000ef400000, 0x00000000ef500000, 0x00000000ef500000|100%| E|CS|TAMS 0x00000000ef400000, 0x00000000ef400000| Complete 
| 245|0x00000000ef500000, 0x00000000ef600000, 0x00000000ef600000|100%| E|CS|TAMS 0x00000000ef500000, 0x00000000ef500000| Complete 
| 246|0x00000000ef600000, 0x00000000ef700000, 0x00000000ef700000|100%| E|  |TAMS 0x00000000ef600000, 0x00000000ef600000| Complete 
| 247|0x00000000ef700000, 0x00000000ef800000, 0x00000000ef800000|100%| E|CS|TAMS 0x00000000ef700000, 0x00000000ef700000| Complete 
| 248|0x00000000ef800000, 0x00000000ef900000, 0x00000000ef900000|100%| E|CS|TAMS 0x00000000ef800000, 0x00000000ef800000| Complete 
| 249|0x00000000ef900000, 0x00000000efa00000, 0x00000000efa00000|100%| E|CS|TAMS 0x00000000ef900000, 0x00000000ef900000| Complete 
| 250|0x00000000efa00000, 0x00000000efb00000, 0x00000000efb00000|100%| E|CS|TAMS 0x00000000efa00000, 0x00000000efa00000| Complete 
| 251|0x00000000efb00000, 0x00000000efc00000, 0x00000000efc00000|100%| E|CS|TAMS 0x00000000efb00000, 0x00000000efb00000| Complete 
| 252|0x00000000efc00000, 0x00000000efd00000, 0x00000000efd00000|100%| E|CS|TAMS 0x00000000efc00000, 0x00000000efc00000| Complete 
| 253|0x00000000efd00000, 0x00000000efe00000, 0x00000000efe00000|100%| E|CS|TAMS 0x00000000efd00000, 0x00000000efd00000| Complete 
| 254|0x00000000efe00000, 0x00000000efe524e0, 0x00000000eff00000| 32%| S|CS|TAMS 0x00000000efe00000, 0x00000000efe00000| Complete 
| 255|0x00000000eff00000, 0x00000000f0000000, 0x00000000f0000000|100%| E|CS|TAMS 0x00000000eff00000, 0x00000000eff00000| Complete 

Card table byte_map: [0x0000023b43730000,0x0000023b43830000] _byte_map_base: 0x0000023b43030000

Marking Bits (Prev, Next): (CMBitMap*) 0x0000023b2ca71410, (CMBitMap*) 0x0000023b2ca71450
 Prev Bits: [0x0000023b43930000, 0x0000023b44130000)
 Next Bits: [0x0000023b44130000, 0x0000023b44930000)

Polling page: 0x0000023b2aa00000

Metaspace:

Usage:
  Non-class:     33.07 MB used.
      Class:      5.30 MB used.
       Both:     38.37 MB used.

Virtual space:
  Non-class space:       64.00 MB reserved,      33.25 MB ( 52%) committed,  1 nodes.
      Class space:      320.00 MB reserved,       5.44 MB (  2%) committed,  1 nodes.
             Both:      384.00 MB reserved,      38.69 MB ( 10%) committed. 

Chunk freelists:
   Non-Class:  14.41 MB
       Class:  10.56 MB
        Both:  24.97 MB

MaxMetaspaceSize: 384.00 MB
CompressedClassSpaceSize: 320.00 MB
Initial GC threshold: 21.00 MB
Current GC threshold: 59.19 MB
CDS: on
MetaspaceReclaimPolicy: balanced
 - commit_granule_bytes: 65536.
 - commit_granule_words: 8192.
 - virtual_space_node_default_size: 8388608.
 - enlarge_chunks_in_place: 1.
 - new_chunks_are_fully_committed: 0.
 - uncommit_free_chunks: 1.
 - use_allocation_guard: 0.
 - handle_deallocations: 1.


Internal statistics:

num_allocs_failed_limit: 9.
num_arena_births: 362.
num_arena_deaths: 78.
num_vsnodes_births: 2.
num_vsnodes_deaths: 0.
num_space_committed: 619.
num_space_uncommitted: 0.
num_chunks_returned_to_freelist: 89.
num_chunks_taken_from_freelist: 1825.
num_chunk_merges: 31.
num_chunk_splits: 1214.
num_chunks_enlarged: 863.
num_inconsistent_stats: 0.

CodeHeap 'non-profiled nmethods': size=120000Kb used=2239Kb max_used=3141Kb free=117760Kb
 bounds [0x0000023b3bdc0000, 0x0000023b3c0e0000, 0x0000023b432f0000]
CodeHeap 'profiled nmethods': size=120000Kb used=7884Kb max_used=9897Kb free=112115Kb
 bounds [0x0000023b342f0000, 0x0000023b34ca0000, 0x0000023b3b820000]
CodeHeap 'non-nmethods': size=5760Kb used=2311Kb max_used=2381Kb free=3448Kb
 bounds [0x0000023b3b820000, 0x0000023b3ba90000, 0x0000023b3bdc0000]
 total_blobs=4887 nmethods=4078 adapters=721
 compilation: enabled
              stopped_count=0, restarted_count=0
 full_count=0

Compilation events (20 events):
Event: 809.551 Thread 0x0000023b473be770 nmethod 4898 0x0000023b3435df90 code [0x0000023b3435e140, 0x0000023b3435e338]
Event: 809.551 Thread 0x0000023b473be770 4899       3       java.util.TreeMap$PrivateEntryIterator::<init> (28 bytes)
Event: 809.552 Thread 0x0000023b473be770 nmethod 4899 0x0000023b3440eb90 code [0x0000023b3440ed40, 0x0000023b3440ef98]
Event: 809.563 Thread 0x0000023b47368a90 4900       4       org.objectweb.asm.ByteVector::put122 (93 bytes)
Event: 809.567 Thread 0x0000023b47368a90 nmethod 4900 0x0000023b3be2c490 code [0x0000023b3be2c620, 0x0000023b3be2c808]
Event: 809.568 Thread 0x0000023b473be770 4901       3       org.gradle.internal.instantiation.generator.AsmBackedClassGenerator$ClassBuilderImpl$$Lambda$152/0x0000023b491c2ca0::transform (8 bytes)
Event: 809.568 Thread 0x0000023b473be770 nmethod 4901 0x0000023b344d2990 code [0x0000023b344d2b40, 0x0000023b344d2d68]
Event: 809.569 Thread 0x0000023b47368a90 4902 %     4       jdk.internal.org.objectweb.asm.ClassReader::readUtf @ 18 (161 bytes)
Event: 809.594 Thread 0x0000023b47368a90 nmethod 4902% 0x0000023b3bf3c690 code [0x0000023b3bf3c840, 0x0000023b3bf3d098]
Event: 810.015 Thread 0x0000023b473be770 4903       3       org.gradle.internal.instantiation.generator.AbstractClassGenerator$ClassGenerationHandler::hasFields (1 bytes)
Event: 810.015 Thread 0x0000023b473be770 nmethod 4903 0x0000023b3430cb10 code [0x0000023b3430cca0, 0x0000023b3430cdb8]
Event: 810.018 Thread 0x0000023b47368a90 4904       4       org.objectweb.asm.Frame::pop (44 bytes)
Event: 810.019 Thread 0x0000023b47368a90 nmethod 4904 0x0000023b3be29210 code [0x0000023b3be29380, 0x0000023b3be29418]
Event: 810.029 Thread 0x0000023b473be770 4905       3       java.lang.invoke.LambdaFormEditor::bindArgumentType (101 bytes)
Event: 810.030 Thread 0x0000023b473be770 nmethod 4905 0x0000023b34545190 code [0x0000023b34545340, 0x0000023b34545568]
Event: 810.030 Thread 0x0000023b473be770 4906       3       java.lang.invoke.LambdaFormEditor::bindArgumentForm (269 bytes)
Event: 810.035 Thread 0x0000023b473be770 nmethod 4906 0x0000023b34319410 code [0x0000023b343197c0, 0x0000023b3431b088]
Event: 810.232 Thread 0x0000023b473be770 4907       3       org.gradle.internal.instantiation.generator.AsmBackedClassGenerator$ClassBuilderImpl::access$2600 (4 bytes)
Event: 810.232 Thread 0x0000023b473be770 nmethod 4907 0x0000023b342f4a10 code [0x0000023b342f4ba0, 0x0000023b342f4c98]
Event: 810.241 Thread 0x0000023b47368a90 4908       4       org.objectweb.asm.Frame::execute (2318 bytes)

GC Heap History (12 events):
Event: 24.479 GC heap before
{Heap before GC invocations=0 (full 0):
 garbage-first heap   total 262144K, used 26624K [0x00000000e0000000, 0x0000000100000000)
  region size 1024K, 23 young (23552K), 0 survivors (0K)
 Metaspace       used 3053K, committed 3200K, reserved 393216K
  class space    used 389K, committed 448K, reserved 327680K
}
Event: 24.798 GC heap after
{Heap after GC invocations=1 (full 0):
 garbage-first heap   total 262144K, used 10708K [0x00000000e0000000, 0x0000000100000000)
  region size 1024K, 3 young (3072K), 3 survivors (3072K)
 Metaspace       used 3053K, committed 3200K, reserved 393216K
  class space    used 389K, committed 448K, reserved 327680K
}
Event: 43.125 GC heap before
{Heap before GC invocations=1 (full 0):
 garbage-first heap   total 262144K, used 37332K [0x00000000e0000000, 0x0000000100000000)
  region size 1024K, 29 young (29696K), 3 survivors (3072K)
 Metaspace       used 4052K, committed 4224K, reserved 393216K
  class space    used 497K, committed 576K, reserved 327680K
}
Event: 43.130 GC heap after
{Heap after GC invocations=2 (full 0):
 garbage-first heap   total 262144K, used 11808K [0x00000000e0000000, 0x0000000100000000)
  region size 1024K, 1 young (1024K), 1 survivors (1024K)
 Metaspace       used 4052K, committed 4224K, reserved 393216K
  class space    used 497K, committed 576K, reserved 327680K
}
Event: 112.004 GC heap before
{Heap before GC invocations=2 (full 0):
 garbage-first heap   total 262144K, used 133664K [0x00000000e0000000, 0x0000000100000000)
  region size 1024K, 120 young (122880K), 1 survivors (1024K)
 Metaspace       used 21231K, committed 21504K, reserved 393216K
  class space    used 3110K, committed 3264K, reserved 327680K
}
Event: 112.053 GC heap after
{Heap after GC invocations=3 (full 0):
 garbage-first heap   total 262144K, used 22858K [0x00000000e0000000, 0x0000000100000000)
  region size 1024K, 12 young (12288K), 12 survivors (12288K)
 Metaspace       used 21231K, committed 21504K, reserved 393216K
  class space    used 3110K, committed 3264K, reserved 327680K
}
Event: 782.135 GC heap before
{Heap before GC invocations=4 (full 0):
 garbage-first heap   total 262144K, used 159050K [0x00000000e0000000, 0x0000000100000000)
  region size 1024K, 142 young (145408K), 12 survivors (12288K)
 Metaspace       used 35596K, committed 35968K, reserved 393216K
  class space    used 4935K, committed 5120K, reserved 327680K
}
Event: 782.407 GC heap after
{Heap after GC invocations=5 (full 0):
 garbage-first heap   total 262144K, used 32402K [0x00000000e0000000, 0x0000000100000000)
  region size 1024K, 10 young (10240K), 10 survivors (10240K)
 Metaspace       used 35596K, committed 35968K, reserved 393216K
  class space    used 4935K, committed 5120K, reserved 327680K
}
Event: 782.758 GC heap before
{Heap before GC invocations=5 (full 0):
 garbage-first heap   total 262144K, used 34450K [0x00000000e0000000, 0x0000000100000000)
  region size 1024K, 12 young (12288K), 10 survivors (10240K)
 Metaspace       used 35860K, committed 36288K, reserved 393216K
  class space    used 4988K, committed 5184K, reserved 327680K
}
Event: 782.777 GC heap after
{Heap after GC invocations=6 (full 0):
 garbage-first heap   total 262144K, used 32813K [0x00000000e0000000, 0x0000000100000000)
  region size 1024K, 2 young (2048K), 2 survivors (2048K)
 Metaspace       used 35860K, committed 36288K, reserved 393216K
  class space    used 4988K, committed 5184K, reserved 327680K
}
Event: 783.201 GC heap before
{Heap before GC invocations=6 (full 0):
 garbage-first heap   total 262144K, used 32813K [0x00000000e0000000, 0x0000000100000000)
  region size 1024K, 3 young (3072K), 2 survivors (2048K)
 Metaspace       used 35908K, committed 36288K, reserved 393216K
  class space    used 4997K, committed 5184K, reserved 327680K
}
Event: 783.205 GC heap after
{Heap after GC invocations=7 (full 0):
 garbage-first heap   total 262144K, used 31749K [0x00000000e0000000, 0x0000000100000000)
  region size 1024K, 1 young (1024K), 1 survivors (1024K)
 Metaspace       used 35908K, committed 36288K, reserved 393216K
  class space    used 4997K, committed 5184K, reserved 327680K
}

Deoptimization events (20 events):
Event: 803.979 Thread 0x0000023b47393920 Uncommon trap: trap_request=0xffffff45 fr.pc=0x0000023b3c04b820 relative=0x0000000000000880
Event: 803.979 Thread 0x0000023b47393920 Uncommon trap: reason=unstable_if action=reinterpret pc=0x0000023b3c04b820 method=java.lang.ref.SoftReference.get()Ljava/lang/Object; @ 6 c2
Event: 803.979 Thread 0x0000023b47393920 DEOPT PACKING pc=0x0000023b3c04b820 sp=0x000000aa39cf8710
Event: 803.979 Thread 0x0000023b47393920 DEOPT UNPACKING pc=0x0000023b3b875ba3 sp=0x000000aa39cf8620 mode 2
Event: 805.924 Thread 0x0000023b47393920 Uncommon trap: trap_request=0xffffffc6 fr.pc=0x0000023b3bf54de0 relative=0x0000000000000220
Event: 805.924 Thread 0x0000023b47393920 Uncommon trap: reason=bimorphic_or_optimized_type_check action=maybe_recompile pc=0x0000023b3bf54de0 method=com.google.common.base.CharMatcher.indexIn(Ljava/lang/CharSequence;I)I @ 31 c2
Event: 805.924 Thread 0x0000023b47393920 DEOPT PACKING pc=0x0000023b3bf54de0 sp=0x000000aa39cf7c80
Event: 805.924 Thread 0x0000023b47393920 DEOPT UNPACKING pc=0x0000023b3b875ba3 sp=0x000000aa39cf7c28 mode 2
Event: 805.924 Thread 0x0000023b47393920 Uncommon trap: trap_request=0xffffffc6 fr.pc=0x0000023b3bf54de0 relative=0x0000000000000220
Event: 805.924 Thread 0x0000023b47393920 Uncommon trap: reason=bimorphic_or_optimized_type_check action=maybe_recompile pc=0x0000023b3bf54de0 method=com.google.common.base.CharMatcher.indexIn(Ljava/lang/CharSequence;I)I @ 31 c2
Event: 805.924 Thread 0x0000023b47393920 DEOPT PACKING pc=0x0000023b3bf54de0 sp=0x000000aa39cf7c70
Event: 805.925 Thread 0x0000023b47393920 DEOPT UNPACKING pc=0x0000023b3b875ba3 sp=0x000000aa39cf7c18 mode 2
Event: 806.226 Thread 0x0000023b47393920 Uncommon trap: trap_request=0xffffffc6 fr.pc=0x0000023b3bf54de0 relative=0x0000000000000220
Event: 806.226 Thread 0x0000023b47393920 Uncommon trap: reason=bimorphic_or_optimized_type_check action=maybe_recompile pc=0x0000023b3bf54de0 method=com.google.common.base.CharMatcher.indexIn(Ljava/lang/CharSequence;I)I @ 31 c2
Event: 806.226 Thread 0x0000023b47393920 DEOPT PACKING pc=0x0000023b3bf54de0 sp=0x000000aa39cf7c70
Event: 806.227 Thread 0x0000023b47393920 DEOPT UNPACKING pc=0x0000023b3b875ba3 sp=0x000000aa39cf7c18 mode 2
Event: 807.116 Thread 0x0000023b47393920 Uncommon trap: trap_request=0xffffffc6 fr.pc=0x0000023b3bf54de0 relative=0x0000000000000220
Event: 807.116 Thread 0x0000023b47393920 Uncommon trap: reason=bimorphic_or_optimized_type_check action=maybe_recompile pc=0x0000023b3bf54de0 method=com.google.common.base.CharMatcher.indexIn(Ljava/lang/CharSequence;I)I @ 31 c2
Event: 807.116 Thread 0x0000023b47393920 DEOPT PACKING pc=0x0000023b3bf54de0 sp=0x000000aa39cf9600
Event: 807.116 Thread 0x0000023b47393920 DEOPT UNPACKING pc=0x0000023b3b875ba3 sp=0x000000aa39cf95a8 mode 2

Classes unloaded (20 events):
Event: 783.293 Thread 0x0000023b47343260 Unloading class 0x0000023b491d8400 'java/lang/invoke/LambdaForm$BMH+0x0000023b491d8400'
Event: 783.294 Thread 0x0000023b47343260 Unloading class 0x0000023b4910a400 'java/lang/invoke/LambdaForm$DMH+0x0000023b4910a400'
Event: 783.295 Thread 0x0000023b47343260 Unloading class 0x0000023b49109c00 'java/lang/invoke/LambdaForm$DMH+0x0000023b49109c00'
Event: 783.295 Thread 0x0000023b47343260 Unloading class 0x0000023b49109800 'java/lang/invoke/LambdaForm$MH+0x0000023b49109800'
Event: 783.295 Thread 0x0000023b47343260 Unloading class 0x0000023b49109400 'java/lang/invoke/LambdaForm$MH+0x0000023b49109400'
Event: 783.295 Thread 0x0000023b47343260 Unloading class 0x0000023b49109000 'java/lang/invoke/LambdaForm$MH+0x0000023b49109000'
Event: 783.295 Thread 0x0000023b47343260 Unloading class 0x0000023b49108c00 'java/lang/invoke/LambdaForm$MH+0x0000023b49108c00'
Event: 783.295 Thread 0x0000023b47343260 Unloading class 0x0000023b49108800 'java/lang/invoke/LambdaForm$MH+0x0000023b49108800'
Event: 783.295 Thread 0x0000023b47343260 Unloading class 0x0000023b49108400 'java/lang/invoke/LambdaForm$MH+0x0000023b49108400'
Event: 783.295 Thread 0x0000023b47343260 Unloading class 0x0000023b49108000 'java/lang/invoke/LambdaForm$MH+0x0000023b49108000'
Event: 783.295 Thread 0x0000023b47343260 Unloading class 0x0000023b490de400 'java/lang/invoke/LambdaForm$MH+0x0000023b490de400'
Event: 783.296 Thread 0x0000023b47343260 Unloading class 0x0000023b490ddc00 'java/lang/invoke/LambdaForm$MH+0x0000023b490ddc00'
Event: 783.296 Thread 0x0000023b47343260 Unloading class 0x0000023b490dd800 'java/lang/invoke/LambdaForm$MH+0x0000023b490dd800'
Event: 783.296 Thread 0x0000023b47343260 Unloading class 0x0000023b490dd400 'java/lang/invoke/LambdaForm$MH+0x0000023b490dd400'
Event: 783.296 Thread 0x0000023b47343260 Unloading class 0x0000023b490dd000 'java/lang/invoke/LambdaForm$MH+0x0000023b490dd000'
Event: 783.296 Thread 0x0000023b47343260 Unloading class 0x0000023b490dc800 'java/lang/invoke/LambdaForm$MH+0x0000023b490dc800'
Event: 783.296 Thread 0x0000023b47343260 Unloading class 0x0000023b4902ac00 'java/lang/invoke/LambdaForm$MH+0x0000023b4902ac00'
Event: 783.296 Thread 0x0000023b47343260 Unloading class 0x0000023b4902a800 'java/lang/invoke/LambdaForm$MH+0x0000023b4902a800'
Event: 783.296 Thread 0x0000023b47343260 Unloading class 0x0000023b4902a000 'java/lang/invoke/LambdaForm$MH+0x0000023b4902a000'
Event: 783.297 Thread 0x0000023b47343260 Unloading class 0x0000023b49028400 'java/lang/invoke/LambdaForm$MH+0x0000023b49028400'

Classes redefined (0 events):
No events

Internal exceptions (20 events):
Event: 646.645 Thread 0x0000023b47393920 Exception <a 'java/lang/ClassNotFoundException'{0x00000000e8fa6d90}: org/gradle/initialization/DefaultProjectDescriptorBeanInfo> (0x00000000e8fa6d90) 
thrown [s\open\src\hotspot\share\classfile\systemDictionary.cpp, line 256]
Event: 646.809 Thread 0x0000023b47393920 Exception <a 'java/lang/ClassNotFoundException'{0x00000000e8fb5700}: org/gradle/initialization/DefaultProjectDescriptorCustomizer> (0x00000000e8fb5700) 
thrown [s\open\src\hotspot\share\classfile\systemDictionary.cpp, line 256]
Event: 671.119 Thread 0x0000023b47393920 Exception <a 'java/lang/NoSuchMethodError'{0x00000000e8ffd778}: 'void java.lang.invoke.DirectMethodHandle$Holder.invokeInterface(java.lang.Object, java.lang.Object)'> (0x00000000e8ffd778) 
thrown [s\open\src\hotspot\share\interpreter\linkResolver.cpp, line 759]
Event: 690.300 Thread 0x0000023b47393920 Implicit null exception at 0x0000023b3bf809ec to 0x0000023b3bf80a9c
Event: 718.199 Thread 0x0000023b47c89730 Implicit null exception at 0x0000023b3be01bf2 to 0x0000023b3be02234
Event: 719.098 Thread 0x0000023b47c89730 Implicit null exception at 0x0000023b3be1fe72 to 0x0000023b3be204c8
Event: 783.749 Thread 0x0000023b47393920 Exception <a 'java/lang/NoSuchMethodError'{0x00000000efffc6e8}: 'long java.lang.invoke.DirectMethodHandle$Holder.invokeStatic(java.lang.Object, long)'> (0x00000000efffc6e8) 
thrown [s\open\src\hotspot\share\interpreter\linkResolver.cpp, line 759]
Event: 783.927 Thread 0x0000023b47393920 Implicit null exception at 0x0000023b3bfd36d2 to 0x0000023b3bfd38d0
Event: 784.145 Thread 0x0000023b47393920 Implicit null exception at 0x0000023b3c03b77e to 0x0000023b3c03bb80
Event: 794.644 Thread 0x0000023b47393920 Exception <a 'java/lang/NoSuchMethodError'{0x00000000ef29bdd8}: 'void java.lang.invoke.DirectMethodHandle$Holder.invokeStatic(java.lang.Object, java.lang.Object, java.lang.Object, java.lang.Object, java.lang.Object, java.lang.Object)'> (0x00000000ef29bdd8) 
thrown [s\open\src\hotspot\share\interpreter\linkResolver.cpp, line 759]
Event: 804.289 Thread 0x0000023b47393920 Exception <a 'java/lang/ClassNotFoundException'{0x00000000ef0f0340}: build_3enoqu3ix1dets5g83uc7gp64BeanInfo> (0x00000000ef0f0340) 
thrown [s\open\src\hotspot\share\classfile\systemDictionary.cpp, line 256]
Event: 804.291 Thread 0x0000023b47393920 Exception <a 'java/lang/ClassNotFoundException'{0x00000000ef0fab00}: org/gradle/api/internal/project/ProjectScriptBeanInfo> (0x00000000ef0fab00) 
thrown [s\open\src\hotspot\share\classfile\systemDictionary.cpp, line 256]
Event: 804.293 Thread 0x0000023b47393920 Exception <a 'java/lang/ClassNotFoundException'{0x00000000eef058a8}: org/gradle/api/internal/project/ProjectScriptCustomizer> (0x00000000eef058a8) 
thrown [s\open\src\hotspot\share\classfile\systemDictionary.cpp, line 256]
Event: 804.902 Thread 0x0000023b47393920 Exception <a 'java/lang/ClassNotFoundException'{0x00000000eefb90e8}: build_3enoqu3ix1dets5g83uc7gp64Customizer> (0x00000000eefb90e8) 
thrown [s\open\src\hotspot\share\classfile\systemDictionary.cpp, line 256]
Event: 805.411 Thread 0x0000023b47393920 Exception <a 'java/lang/ClassNotFoundException'{0x00000000eee3bcc8}: org/gradle/internal/metaobject/ConfigureDelegateBeanInfo> (0x00000000eee3bcc8) 
thrown [s\open\src\hotspot\share\classfile\systemDictionary.cpp, line 256]
Event: 805.429 Thread 0x0000023b47393920 Exception <a 'java/lang/ClassNotFoundException'{0x00000000eee4c348}: org/gradle/internal/metaobject/ConfigureDelegateCustomizer> (0x00000000eee4c348) 
thrown [s\open\src\hotspot\share\classfile\systemDictionary.cpp, line 256]
Event: 805.896 Thread 0x0000023b47393920 Exception <a 'java/lang/ClassNotFoundException'{0x00000000eed0f898}: org/gradle/plugin/use/internal/PluginRequestCollector$PluginDependenciesSpecImplBeanInfo> (0x00000000eed0f898) 
thrown [s\open\src\hotspot\share\classfile\systemDictionary.cpp, line 256]
Event: 805.906 Thread 0x0000023b47393920 Exception <a 'java/lang/ClassNotFoundException'{0x00000000eed20530}: org/gradle/plugin/use/internal/PluginRequestCollector$PluginDependenciesSpecImplCustomizer> (0x00000000eed20530) 
thrown [s\open\src\hotspot\share\classfile\systemDictionary.cpp, line 256]
Event: 805.943 Thread 0x0000023b47393920 Exception <a 'java/lang/ClassNotFoundException'{0x00000000eed640e8}: org/gradle/plugin/use/internal/PluginRequestCollector$PluginDependencySpecImplBeanInfo> (0x00000000eed640e8) 
thrown [s\open\src\hotspot\share\classfile\systemDictionary.cpp, line 256]
Event: 806.203 Thread 0x0000023b47393920 Exception <a 'java/lang/ClassNotFoundException'{0x00000000eed74d28}: org/gradle/plugin/use/internal/PluginRequestCollector$PluginDependencySpecImplCustomizer> (0x00000000eed74d28) 
thrown [s\open\src\hotspot\share\classfile\systemDictionary.cpp, line 256]

VM Operations (20 events):
Event: 800.905 Executing VM operation: Cleanup
Event: 800.905 Executing VM operation: Cleanup done
Event: 803.945 Executing VM operation: Cleanup
Event: 803.946 Executing VM operation: Cleanup done
Event: 804.963 Executing VM operation: Cleanup
Event: 804.981 Executing VM operation: Cleanup done
Event: 805.988 Executing VM operation: Cleanup
Event: 806.192 Executing VM operation: Cleanup done
Event: 807.202 Executing VM operation: Cleanup
Event: 807.202 Executing VM operation: Cleanup done
Event: 807.727 Executing VM operation: HandshakeAllThreads
Event: 807.748 Executing VM operation: HandshakeAllThreads done
Event: 808.196 Executing VM operation: HandshakeAllThreads
Event: 808.261 Executing VM operation: HandshakeAllThreads done
Event: 808.261 Executing VM operation: Cleanup
Event: 808.278 Executing VM operation: Cleanup done
Event: 808.322 Executing VM operation: HandshakeAllThreads
Event: 808.323 Executing VM operation: HandshakeAllThreads done
Event: 809.335 Executing VM operation: Cleanup
Event: 809.336 Executing VM operation: Cleanup done

Events (20 events):
Event: 808.337 Thread 0x0000023b473dc490 flushing nmethod 0x0000023b34aa1910
Event: 808.337 Thread 0x0000023b473dc490 flushing nmethod 0x0000023b34aa4a10
Event: 808.337 Thread 0x0000023b473dc490 flushing nmethod 0x0000023b34aafd10
Event: 808.337 Thread 0x0000023b473dc490 flushing nmethod 0x0000023b34ab3c90
Event: 808.337 Thread 0x0000023b473dc490 flushing nmethod 0x0000023b34afe290
Event: 808.338 Thread 0x0000023b473dc490 flushing nmethod 0x0000023b34ba3690
Event: 808.338 Thread 0x0000023b473dc490 flushing nmethod 0x0000023b34beb210
Event: 808.338 Thread 0x0000023b473dc490 flushing nmethod 0x0000023b34bed290
Event: 808.339 Thread 0x0000023b473dc490 flushing nmethod 0x0000023b34c13a10
Event: 808.339 Thread 0x0000023b473dc490 flushing nmethod 0x0000023b34c16610
Event: 808.339 Thread 0x0000023b473dc490 flushing nmethod 0x0000023b34c2b810
Event: 808.339 Thread 0x0000023b473dc490 flushing nmethod 0x0000023b34c31210
Event: 808.339 Thread 0x0000023b473dc490 flushing nmethod 0x0000023b34c31610
Event: 808.339 Thread 0x0000023b473dc490 flushing nmethod 0x0000023b34c32b90
Event: 808.339 Thread 0x0000023b473dc490 flushing nmethod 0x0000023b34c33510
Event: 808.339 Thread 0x0000023b473dc490 flushing nmethod 0x0000023b34c55c10
Event: 808.881 loading class java/io/DeleteOnExitHook
Event: 808.881 loading class java/io/DeleteOnExitHook done
Event: 808.882 loading class java/io/DeleteOnExitHook$1
Event: 808.882 loading class java/io/DeleteOnExitHook$1 done


Dynamic libraries:
0x00007ff6d2d40000 - 0x00007ff6d2d50000 	C:\Program Files\Java\jdk-17\bin\java.exe
0x00007fff176b0000 - 0x00007fff178c7000 	C:\WINDOWS\SYSTEM32\ntdll.dll
0x00007fff16220000 - 0x00007fff162e4000 	C:\WINDOWS\System32\KERNEL32.DLL
0x00007fff14d80000 - 0x00007fff15126000 	C:\WINDOWS\System32\KERNELBASE.dll
0x00007fff149f0000 - 0x00007fff14b01000 	C:\WINDOWS\System32\ucrtbase.dll
0x00007ffef5840000 - 0x00007ffef5859000 	C:\Program Files\Java\jdk-17\bin\jli.dll
0x00007fff16ac0000 - 0x00007fff16b73000 	C:\WINDOWS\System32\ADVAPI32.dll
0x00007fff16bb0000 - 0x00007fff16c57000 	C:\WINDOWS\System32\msvcrt.dll
0x00007fff16100000 - 0x00007fff161a8000 	C:\WINDOWS\System32\sechost.dll
0x00007fff14b80000 - 0x00007fff14ba8000 	C:\WINDOWS\System32\bcrypt.dll
0x00007fff15e40000 - 0x00007fff15f57000 	C:\WINDOWS\System32\RPCRT4.dll
0x00007fff16530000 - 0x00007fff166de000 	C:\WINDOWS\System32\USER32.dll
0x00007fff14d50000 - 0x00007fff14d76000 	C:\WINDOWS\System32\win32u.dll
0x00007fff16070000 - 0x00007fff16099000 	C:\WINDOWS\System32\GDI32.dll
0x00007fff14bb0000 - 0x00007fff14cc8000 	C:\WINDOWS\System32\gdi32full.dll
0x00007fff15360000 - 0x00007fff153fa000 	C:\WINDOWS\System32\msvcp_win.dll
0x00007ffef76c0000 - 0x00007ffef7953000 	C:\WINDOWS\WinSxS\amd64_microsoft.windows.common-controls_6595b64144ccf1df_6.0.22621.2506_none_270c5ae97388e100\COMCTL32.dll
0x00007fff0b1b0000 - 0x00007fff0b1ba000 	C:\WINDOWS\SYSTEM32\VERSION.dll
0x00007ffeee4b0000 - 0x00007ffeee4cb000 	C:\Program Files\Java\jdk-17\bin\VCRUNTIME140.dll
0x00007fff166e0000 - 0x00007fff16711000 	C:\WINDOWS\System32\IMM32.DLL
0x00007fff013a0000 - 0x00007fff013ac000 	C:\Program Files\Java\jdk-17\bin\vcruntime140_1.dll
0x00007ffed02b0000 - 0x00007ffed033e000 	C:\Program Files\Java\jdk-17\bin\msvcp140.dll
0x00007ffe67680000 - 0x00007ffe6825f000 	C:\Program Files\Java\jdk-17\bin\server\jvm.dll
0x00007fff16ba0000 - 0x00007fff16ba8000 	C:\WINDOWS\System32\PSAPI.DLL
0x00007fff06290000 - 0x00007fff06299000 	C:\WINDOWS\SYSTEM32\WSOCK32.dll
0x00007fff15450000 - 0x00007fff154c1000 	C:\WINDOWS\System32\WS2_32.dll
0x00007fff0c8d0000 - 0x00007fff0c904000 	C:\WINDOWS\SYSTEM32\WINMM.dll
0x00007fff139f0000 - 0x00007fff13a08000 	C:\WINDOWS\SYSTEM32\kernel.appcore.dll
0x00007fff012a0000 - 0x00007fff012aa000 	C:\Program Files\Java\jdk-17\bin\jimage.dll
0x00007fff12110000 - 0x00007fff12343000 	C:\WINDOWS\SYSTEM32\DBGHELP.DLL
0x00007fff16730000 - 0x00007fff16ab9000 	C:\WINDOWS\System32\combase.dll
0x00007fff158e0000 - 0x00007fff159b7000 	C:\WINDOWS\System32\OLEAUT32.dll
0x00007fff0e350000 - 0x00007fff0e382000 	C:\WINDOWS\SYSTEM32\dbgcore.DLL
0x00007fff14cd0000 - 0x00007fff14d4a000 	C:\WINDOWS\System32\bcryptPrimitives.dll
0x00007ffef7440000 - 0x00007ffef744e000 	C:\Program Files\Java\jdk-17\bin\instrument.dll
0x00007ffeed270000 - 0x00007ffeed295000 	C:\Program Files\Java\jdk-17\bin\java.dll
0x00007ffecfd60000 - 0x00007ffecfe37000 	C:\Program Files\Java\jdk-17\bin\jsvml.dll
0x00007fff16c60000 - 0x00007fff174ba000 	C:\WINDOWS\System32\SHELL32.dll
0x00007fff128f0000 - 0x00007fff131e6000 	C:\WINDOWS\SYSTEM32\windows.storage.dll
0x00007fff127b0000 - 0x00007fff128ee000 	C:\WINDOWS\SYSTEM32\wintypes.dll
0x00007fff16420000 - 0x00007fff16513000 	C:\WINDOWS\System32\SHCORE.dll
0x00007fff174c0000 - 0x00007fff1751e000 	C:\WINDOWS\System32\shlwapi.dll
0x00007fff14920000 - 0x00007fff14946000 	C:\WINDOWS\SYSTEM32\profapi.dll
0x00007ffeed8c0000 - 0x00007ffeed8d8000 	C:\Program Files\Java\jdk-17\bin\zip.dll
0x00007ffeed1d0000 - 0x00007ffeed1e9000 	C:\Program Files\Java\jdk-17\bin\net.dll
0x00007fff0e820000 - 0x00007fff0e957000 	C:\WINDOWS\SYSTEM32\WINHTTP.dll
0x00007fff13e80000 - 0x00007fff13ee9000 	C:\WINDOWS\system32\mswsock.dll
0x00007ffeed180000 - 0x00007ffeed196000 	C:\Program Files\Java\jdk-17\bin\nio.dll
0x00007ffef76b0000 - 0x00007ffef76c0000 	C:\Program Files\Java\jdk-17\bin\verify.dll
0x00007ffeebdf0000 - 0x00007ffeebe17000 	C:\Users\user\.gradle\native\c067742578af261105cb4f569cf0c3c89f3d7b1fecec35dd04571415982c5e48\windows-amd64\native-platform.dll
0x00007ffec81d0000 - 0x00007ffec8314000 	C:\Users\user\.gradle\native\38dada09dfb8b06ba9b0570ebf7e218e3eb74d4ef43ca46872605cf95ebc2f47\windows-amd64\native-platform-file-events.dll
0x00007ffef6fc0000 - 0x00007ffef6fca000 	C:\Program Files\Java\jdk-17\bin\management.dll
0x00007ffef6530000 - 0x00007ffef653b000 	C:\Program Files\Java\jdk-17\bin\management_ext.dll
0x00007fff140f0000 - 0x00007fff1410b000 	C:\WINDOWS\SYSTEM32\CRYPTSP.dll
0x00007fff13950000 - 0x00007fff13985000 	C:\WINDOWS\system32\rsaenh.dll
0x00007fff13f90000 - 0x00007fff13fbc000 	C:\WINDOWS\SYSTEM32\USERENV.dll
0x00007fff14110000 - 0x00007fff1411c000 	C:\WINDOWS\SYSTEM32\CRYPTBASE.dll
0x00007fff13450000 - 0x00007fff1347d000 	C:\WINDOWS\SYSTEM32\IPHLPAPI.DLL
0x00007fff16520000 - 0x00007fff16529000 	C:\WINDOWS\System32\NSI.dll
0x00007fff0e670000 - 0x00007fff0e689000 	C:\WINDOWS\SYSTEM32\dhcpcsvc6.DLL
0x00007fff0e390000 - 0x00007fff0e3af000 	C:\WINDOWS\SYSTEM32\dhcpcsvc.DLL
0x00007fff134c0000 - 0x00007fff135b9000 	C:\WINDOWS\SYSTEM32\DNSAPI.dll
0x00007ffef5f60000 - 0x00007ffef5f6e000 	C:\Program Files\Java\jdk-17\bin\sunmscapi.dll
0x00007fff15130000 - 0x00007fff15296000 	C:\WINDOWS\System32\CRYPT32.dll
0x00007fff142b0000 - 0x00007fff142de000 	C:\WINDOWS\SYSTEM32\ncrypt.dll
0x00007fff14270000 - 0x00007fff142a7000 	C:\WINDOWS\SYSTEM32\NTASN1.dll
0x00007fff01a00000 - 0x00007fff01a08000 	C:\WINDOWS\system32\wshunix.dll

dbghelp: loaded successfully - version: 4.0.5 - missing functions: none
symbol engine: initialized successfully - sym options: 0x614 - pdb path: .;C:\Program Files\Java\jdk-17\bin;C:\WINDOWS\SYSTEM32;C:\WINDOWS\WinSxS\amd64_microsoft.windows.common-controls_6595b64144ccf1df_6.0.22621.2506_none_270c5ae97388e100;C:\Program Files\Java\jdk-17\bin\server;C:\Users\user\.gradle\native\c067742578af261105cb4f569cf0c3c89f3d7b1fecec35dd04571415982c5e48\windows-amd64;C:\Users\user\.gradle\native\38dada09dfb8b06ba9b0570ebf7e218e3eb74d4ef43ca46872605cf95ebc2f47\windows-amd64

VM Arguments:
jvm_args: --add-opens=java.base/java.util=ALL-UNNAMED --add-opens=java.base/java.lang=ALL-UNNAMED --add-opens=java.base/java.lang.invoke=ALL-UNNAMED --add-opens=java.prefs/java.util.prefs=ALL-UNNAMED --add-opens=java.base/java.nio.charset=ALL-UNNAMED --add-opens=java.base/java.net=ALL-UNNAMED --add-opens=java.base/java.util.concurrent.atomic=ALL-UNNAMED -XX:MaxMetaspaceSize=384m -XX:+HeapDumpOnOutOfMemoryError -Xms256m -Xmx512m -Dfile.encoding=x-windows-949 -Duser.country=KR -Duser.language=ko -Duser.variant -javaagent:C:\Users\user\.gradle\wrapper\dists\gradle-8.5-bin\5t9huq95ubn472n8rpzujfbqh\gradle-8.5\lib\agents\gradle-instrumentation-agent-8.5.jar 
java_command: org.gradle.launcher.daemon.bootstrap.GradleDaemon 8.5
java_class_path (initial): C:\Users\user\.gradle\wrapper\dists\gradle-8.5-bin\5t9huq95ubn472n8rpzujfbqh\gradle-8.5\lib\gradle-launcher-8.5.jar
Launcher Type: SUN_STANDARD

[Global flags]
     intx CICompilerCount                          = 4                                         {product} {ergonomic}
   size_t CompressedClassSpaceSize                 = 335544320                                 {product} {ergonomic}
     uint ConcGCThreads                            = 2                                         {product} {ergonomic}
     uint G1ConcRefinementThreads                  = 8                                         {product} {ergonomic}
   size_t G1HeapRegionSize                         = 1048576                                   {product} {ergonomic}
    uintx GCDrainStackTargetSize                   = 64                                        {product} {ergonomic}
     bool HeapDumpOnOutOfMemoryError               = true                                   {manageable} {command line}
   size_t InitialHeapSize                          = 268435456                                 {product} {command line}
   size_t MarkStackSize                            = 4194304                                   {product} {ergonomic}
   size_t MaxHeapSize                              = 536870912                                 {product} {command line}
   size_t MaxMetaspaceSize                         = 402653184                                 {product} {command line}
   size_t MaxNewSize                               = 321912832                                 {product} {ergonomic}
   size_t MinHeapDeltaBytes                        = 1048576                                   {product} {ergonomic}
   size_t MinHeapSize                              = 268435456                                 {product} {command line}
    uintx NonNMethodCodeHeapSize                   = 5839372                                {pd product} {ergonomic}
    uintx NonProfiledCodeHeapSize                  = 122909434                              {pd product} {ergonomic}
    uintx ProfiledCodeHeapSize                     = 122909434                              {pd product} {ergonomic}
    uintx ReservedCodeCacheSize                    = 251658240                              {pd product} {ergonomic}
     bool SegmentedCodeCache                       = true                                      {product} {ergonomic}
   size_t SoftMaxHeapSize                          = 536870912                              {manageable} {ergonomic}
     bool UseCompressedClassPointers               = true                           {product lp64_product} {ergonomic}
     bool UseCompressedOops                        = true                           {product lp64_product} {ergonomic}
     bool UseG1GC                                  = true                                      {product} {ergonomic}
     bool UseLargePagesIndividualAllocation        = false                                  {pd product} {ergonomic}

Logging:
Log output configuration:
 #0: stdout all=warning uptime,level,tags
 #1: stderr all=off uptime,level,tags

Environment Variables:
JAVA_HOME=C:\Program Files\Java\jdk-17
PATH=C:\Program Files\Common Files\Oracle\Java\javapath;C:\Program Files (x86)\Windows Resource Kits\Tools\;C:\app\user\product\21c\dbhomeXE\bin;C:\WINDOWS\system32;C:\WINDOWS;C:\WINDOWS\System32\Wbem;C:\WINDOWS\System32\WindowsPowerShell\v1.0\;C:\WINDOWS\System32\OpenSSH\;C:\Program Files\Java\jdk-11\bin;C:\Program Files\Bandizip\;%MAVEN_HOME%\bin;C:\Program Files\nodejs\;C:\Program Files\Git\cmd;C:\Users\user\AppData\Local\Microsoft\WindowsApps;;C:\Program Files\JetBrains\IntelliJ IDEA 2023.3.2\bin;;C:\Users\user\AppData\Roaming\npm
USERNAME=user
OS=Windows_NT
PROCESSOR_IDENTIFIER=Intel64 Family 6 Model 126 Stepping 5, GenuineIntel



---------------  S Y S T E M  ---------------

OS:
 Windows 11 , 64 bit Build 22621 (10.0.22621.2506)
OS uptime: 41 days 23:27 hours
Hyper-V role detected

CPU: total 8 (initial active 8) (4 cores per cpu, 2 threads per core) family 6 model 126 stepping 5 microcode 0x86, cx8, cmov, fxsr, ht, mmx, 3dnowpref, sse, sse2, sse3, ssse3, sse4.1, sse4.2, popcnt, lzcnt, tsc, tscinvbit, avx, avx2, aes, erms, clmul, bmi1, bmi2, adx, avx512f, avx512dq, avx512cd, avx512bw, avx512vl, sha, fma, vzeroupper, avx512_vpopcntdq, avx512_vpclmulqdq, avx512_vaes, avx512_vnni, clflush, clflushopt, avx512_vbmi2, avx512_vbmi, hv

Memory: 4k page, system-wide physical 7901M (135M free)
TotalPageFile size 32477M (AvailPageFile size 3M)
current process WorkingSet (physical memory assigned to process): 208M, peak: 239M
current process commit charge ("private bytes"): 435M, peak: 464M

vm_info: Java HotSpot(TM) 64-Bit Server VM (17.0.10+11-LTS-240) for windows-amd64 JRE (17.0.10+11-LTS-240), built on Dec 19 2023 21:47:25 by "mach5one" with MS VC++ 17.1 (VS2022)

END.
