#
# There is insufficient memory for the Java Runtime Environment to continue.
# Native memory allocation (malloc) failed to allocate 32744 bytes for ChunkPool::allocate
# Possible reasons:
#   The system is out of physical RAM or swap space
#   The process is running with CompressedOops enabled, and the Java Heap may be blocking the growth of the native heap
# Possible solutions:
#   Reduce memory load on the system
#   Increase physical memory or swap space
#   Check if swap backing store is full
#   Decrease Java heap size (-Xmx/-Xms)
#   Decrease number of Java threads
#   Decrease Java thread stack sizes (-Xss)
#   Set larger code cache with -XX:ReservedCodeCacheSize=
#   JVM is running with Unscaled Compressed Oops mode in which the Java heap is
#     placed in the first 4GB address space. The Java Heap base address is the
#     maximum limit for the native heap growth. Please use -XX:HeapBaseMinAddress
#     to set the Java Heap base and to place the Java Heap above 4GB virtual address.
# This output file may be truncated or incomplete.
#
#  Out of Memory Error (arena.cpp:78), pid=41012, tid=30948
#
# JRE version: Java(TM) SE Runtime Environment (17.0.10+11) (build 17.0.10+11-LTS-240)
# Java VM: Java HotSpot(TM) 64-Bit Server VM (17.0.10+11-LTS-240, mixed mode, sharing, tiered, compressed oops, compressed class ptrs, g1 gc, windows-amd64)
# No core dump will be written. Minidumps are not enabled by default on client versions of Windows
#

---------------  S U M M A R Y ------------

Command Line: --add-opens=java.base/java.util=ALL-UNNAMED --add-opens=java.base/java.lang=ALL-UNNAMED --add-opens=java.base/java.lang.invoke=ALL-UNNAMED --add-opens=java.prefs/java.util.prefs=ALL-UNNAMED --add-opens=java.base/java.nio.charset=ALL-UNNAMED --add-opens=java.base/java.net=ALL-UNNAMED --add-opens=java.base/java.util.concurrent.atomic=ALL-UNNAMED -XX:MaxMetaspaceSize=384m -XX:+HeapDumpOnOutOfMemoryError -Xms256m -Xmx512m -Dfile.encoding=x-windows-949 -Duser.country=KR -Duser.language=ko -Duser.variant -javaagent:C:\Users\user\.gradle\wrapper\dists\gradle-8.5-bin\5t9huq95ubn472n8rpzujfbqh\gradle-8.5\lib\agents\gradle-instrumentation-agent-8.5.jar org.gradle.launcher.daemon.bootstrap.GradleDaemon 8.5

Host: Intel(R) Core(TM) i5-1035G7 CPU @ 1.20GHz, 8 cores, 7G,  Windows 11 , 64 bit Build 22621 (10.0.22621.2506)
Time: Sat Mar  2 10:31:41 2024  Windows 11 , 64 bit Build 22621 (10.0.22621.2506) elapsed time: 354.725274 seconds (0d 0h 5m 54s)

---------------  T H R E A D  ---------------

Current thread (0x00000240346fd4b0):  JavaThread "Daemon worker" [_thread_in_vm, id=30948, stack(0x0000004628100000,0x0000004628200000)]

Stack: [0x0000004628100000,0x0000004628200000]
Native frames: (J=compiled Java code, j=interpreted, Vv=VM code, C=native code)
V  [jvm.dll+0x677a5a]
V  [jvm.dll+0x7d8b2d]
V  [jvm.dll+0x7da48e]
V  [jvm.dll+0x7daaf3]
V  [jvm.dll+0x2455ff]
V  [jvm.dll+0xaad50]
V  [jvm.dll+0xab09c]
V  [jvm.dll+0x6f3cd2]
V  [jvm.dll+0x7c6017]
V  [jvm.dll+0x7c93bd]
V  [jvm.dll+0x7ccf10]
V  [jvm.dll+0x7c654c]
V  [jvm.dll+0x36e7ba]
V  [jvm.dll+0x7536ac]
V  [jvm.dll+0x75351a]
V  [jvm.dll+0x40c173]
V  [jvm.dll+0x41f60c]
C  [java.dll+0x1657]

Java frames: (J=compiled Java code, j=interpreted, Vv=VM code)
J 2902  java.lang.ClassLoader.defineClass0(Ljava/lang/ClassLoader;Ljava/lang/Class;Ljava/lang/String;[BIILjava/security/ProtectionDomain;ZILjava/lang/Object;)Ljava/lang/Class; java.base@17.0.10 (0 bytes) @ 0x000002400f52f911 [0x000002400f52f820+0x00000000000000f1]
J 2901 c1 java.lang.System$2.defineClass(Ljava/lang/ClassLoader;Ljava/lang/Class;Ljava/lang/String;[BLjava/security/ProtectionDomain;ZILjava/lang/Object;)Ljava/lang/Class; java.base@17.0.10 (21 bytes) @ 0x0000024007ec88ec [0x0000024007ec8840+0x00000000000000ac]
J 2900 c1 java.lang.invoke.MethodHandles$Lookup$ClassDefiner.defineClass(ZLjava/lang/Object;)Ljava/lang/Class; java.base@17.0.10 (97 bytes) @ 0x0000024007ec7dc4 [0x0000024007ec72a0+0x0000000000000b24]
J 4231 c1 java.lang.invoke.MethodHandles$Lookup$ClassDefiner.defineClassAsLookup(Z)Ljava/lang/invoke/MethodHandles$Lookup; java.base@17.0.10 (19 bytes) @ 0x00000240081506bc [0x0000024008150640+0x000000000000007c]
J 3214 c1 java.lang.invoke.MethodHandles$Lookup.defineHiddenClass([BZ[Ljava/lang/invoke/MethodHandles$Lookup$ClassOption;)Ljava/lang/invoke/MethodHandles$Lookup; java.base@17.0.10 (69 bytes) @ 0x0000024007f819dc [0x0000024007f81100+0x00000000000008dc]
J 2875 c1 java.lang.invoke.InnerClassLambdaMetafactory.generateInnerClass()Ljava/lang/Class; java.base@17.0.10 (618 bytes) @ 0x0000024007eb17dc [0x0000024007eaf7a0+0x000000000000203c]
J 3617 c1 java.lang.invoke.InnerClassLambdaMetafactory.spinInnerClass()Ljava/lang/Class; java.base@17.0.10 (118 bytes) @ 0x0000024008026f24 [0x0000024008026d60+0x00000000000001c4]
J 3166 c1 java.lang.invoke.InnerClassLambdaMetafactory.buildCallSite()Ljava/lang/invoke/CallSite; java.base@17.0.10 (201 bytes) @ 0x0000024007f68be4 [0x0000024007f68b60+0x0000000000000084]
J 3751 c1 java.lang.invoke.LambdaMetafactory.metafactory(Ljava/lang/invoke/MethodHandles$Lookup;Ljava/lang/String;Ljava/lang/invoke/MethodType;Ljava/lang/invoke/MethodType;Ljava/lang/invoke/MethodHandle;Ljava/lang/invoke/MethodType;)Ljava/lang/invoke/CallSite; java.base@17.0.10 (71 bytes) @ 0x000002400805ab5c [0x000002400805a6a0+0x00000000000004bc]
J 3178 c1 java.lang.invoke.LambdaForm$DMH+0x000002401c1c0000.invokeStatic(Ljava/lang/Object;Ljava/lang/Object;Ljava/lang/Object;Ljava/lang/Object;Ljava/lang/Object;Ljava/lang/Object;Ljava/lang/Object;)Ljava/lang/Object; java.base@17.0.10 (31 bytes) @ 0x0000024007f7530c [0x0000024007f74fe0+0x000000000000032c]
J 3133 c1 java.lang.invoke.BootstrapMethodInvoker.invoke(Ljava/lang/Class;Ljava/lang/invoke/MethodHandle;Ljava/lang/String;Ljava/lang/Object;Ljava/lang/Object;Ljava/lang/Class;)Ljava/lang/Object; java.base@17.0.10 (974 bytes) @ 0x0000024007f41b6c [0x0000024007f3b5a0+0x00000000000065cc]
J 2813 c1 java.lang.invoke.CallSite.makeSite(Ljava/lang/invoke/MethodHandle;Ljava/lang/String;Ljava/lang/invoke/MethodType;Ljava/lang/Object;Ljava/lang/Class;)Ljava/lang/invoke/CallSite; java.base@17.0.10 (91 bytes) @ 0x0000024007e7af44 [0x0000024007e7aec0+0x0000000000000084]
J 2812 c1 java.lang.invoke.MethodHandleNatives.linkCallSiteImpl(Ljava/lang/Class;Ljava/lang/invoke/MethodHandle;Ljava/lang/String;Ljava/lang/invoke/MethodType;Ljava/lang/Object;[Ljava/lang/Object;)Ljava/lang/invoke/MemberName; java.base@17.0.10 (44 bytes) @ 0x0000024007e79f2c [0x0000024007e79ec0+0x000000000000006c]
J 2811 c1 java.lang.invoke.MethodHandleNatives.linkCallSite(Ljava/lang/Object;ILjava/lang/Object;Ljava/lang/Object;Ljava/lang/Object;Ljava/lang/Object;[Ljava/lang/Object;)Ljava/lang/invoke/MemberName; java.base@17.0.10 (66 bytes) @ 0x0000024007e799a4 [0x0000024007e79560+0x0000000000000444]
v  ~StubRoutines::call_stub
j  org.gradle.internal.watch.registry.impl.WatchableHierarchies.removeUnwatchedSnapshots(Lorg/gradle/internal/snapshot/SnapshotHierarchy;Lorg/gradle/internal/watch/registry/impl/WatchableHierarchies$Invalidator;)Lorg/gradle/internal/snapshot/SnapshotHierarchy;+18
j  org.gradle.internal.watch.registry.impl.WatchableHierarchies.removeUnwatchableContentOnBuildFinished(Lorg/gradle/internal/snapshot/SnapshotHierarchy;Ljava/util/function/Predicate;ILjava/util/List;Lorg/gradle/internal/watch/registry/impl/WatchableHierarchies$Invalidator;)Lorg/gradle/internal/snapshot/SnapshotHierarchy;+16
j  org.gradle.internal.watch.registry.impl.AbstractFileWatcherUpdater.updateVfsOnBuildFinished(Lorg/gradle/internal/snapshot/SnapshotHierarchy;Lorg/gradle/internal/watch/registry/WatchMode;ILjava/util/List;)Lorg/gradle/internal/snapshot/SnapshotHierarchy;+26
j  org.gradle.internal.watch.registry.impl.HierarchicalFileWatcherUpdater.updateVfsOnBuildFinished(Lorg/gradle/internal/snapshot/SnapshotHierarchy;Lorg/gradle/internal/watch/registry/WatchMode;ILjava/util/List;)Lorg/gradle/internal/snapshot/SnapshotHierarchy;+6
j  org.gradle.internal.watch.registry.impl.DefaultFileWatcherRegistry.updateVfsOnBuildFinished(Lorg/gradle/internal/snapshot/SnapshotHierarchy;Lorg/gradle/internal/watch/registry/WatchMode;ILjava/util/List;)Lorg/gradle/internal/snapshot/SnapshotHierarchy;+9
j  org.gradle.internal.watch.vfs.impl.WatchingVirtualFileSystem$2.lambda$call$0(Lorg/gradle/internal/snapshot/SnapshotHierarchy;Lorg/gradle/internal/watch/registry/WatchMode;I)Lorg/gradle/internal/snapshot/SnapshotHierarchy;+17
j  org.gradle.internal.watch.vfs.impl.WatchingVirtualFileSystem$2$$Lambda$570+0x000002401c4bb7f8.get()Ljava/lang/Object;+16
j  org.gradle.internal.watch.vfs.impl.WatchingVirtualFileSystem.withWatcherChangeErrorHandling(Lorg/gradle/internal/snapshot/SnapshotHierarchy;Ljava/util/function/Supplier;)Lorg/gradle/internal/snapshot/SnapshotHierarchy;+1
j  org.gradle.internal.watch.vfs.impl.WatchingVirtualFileSystem.access$1200(Lorg/gradle/internal/watch/vfs/impl/WatchingVirtualFileSystem;Lorg/gradle/internal/snapshot/SnapshotHierarchy;Ljava/util/function/Supplier;)Lorg/gradle/internal/snapshot/SnapshotHierarchy;+3
j  org.gradle.internal.watch.vfs.impl.WatchingVirtualFileSystem$2.call(Lorg/gradle/internal/operations/BuildOperationContext;)Lorg/gradle/internal/snapshot/SnapshotHierarchy;+153
j  org.gradle.internal.watch.vfs.impl.WatchingVirtualFileSystem$2.call(Lorg/gradle/internal/operations/BuildOperationContext;)Ljava/lang/Object;+2
j  org.gradle.internal.operations.DefaultBuildOperationRunner$CallableBuildOperationWorker.execute(Lorg/gradle/internal/operations/CallableBuildOperation;Lorg/gradle/internal/operations/BuildOperationContext;)V+3
j  org.gradle.internal.operations.DefaultBuildOperationRunner$CallableBuildOperationWorker.execute(Lorg/gradle/internal/operations/BuildOperation;Lorg/gradle/internal/operations/BuildOperationContext;)V+6
j  org.gradle.internal.operations.DefaultBuildOperationRunner$2.execute(Lorg/gradle/internal/operations/BuildOperationDescriptor;Lorg/gradle/internal/operations/BuildOperationState;Lorg/gradle/internal/operations/BuildOperationState;Lorg/gradle/internal/operations/DefaultBuildOperationRunner$ReadableBuildOperationContext;Lorg/gradle/internal/operations/DefaultBuildOperationRunner$BuildOperationExecutionListener;)Lorg/gradle/internal/operations/BuildOperation;+22
j  org.gradle.internal.operations.DefaultBuildOperationRunner$2.execute(Lorg/gradle/internal/operations/BuildOperationDescriptor;Lorg/gradle/internal/operations/BuildOperationState;Lorg/gradle/internal/operations/BuildOperationState;Lorg/gradle/internal/operations/DefaultBuildOperationRunner$ReadableBuildOperationContext;Lorg/gradle/internal/operations/DefaultBuildOperationRunner$BuildOperationExecutionListener;)Ljava/lang/Object;+8
j  org.gradle.internal.operations.DefaultBuildOperationRunner.execute(Lorg/gradle/internal/operations/BuildOperationDescriptor$Builder;Lorg/gradle/internal/operations/BuildOperationState;Lorg/gradle/internal/operations/DefaultBuildOperationRunner$BuildOperationExecution;)Ljava/lang/Object;+141
j  org.gradle.internal.operations.DefaultBuildOperationRunner.execute(Lorg/gradle/internal/operations/BuildOperation;Lorg/gradle/internal/operations/BuildOperationWorker;Lorg/gradle/internal/operations/BuildOperationState;)V+18
j  org.gradle.internal.operations.DefaultBuildOperationRunner.call(Lorg/gradle/internal/operations/CallableBuildOperation;)Ljava/lang/Object;+16
j  org.gradle.internal.operations.DefaultBuildOperationExecutor.call(Lorg/gradle/internal/operations/CallableBuildOperation;)Ljava/lang/Object;+5
j  org.gradle.internal.watch.vfs.impl.WatchingVirtualFileSystem.lambda$beforeBuildFinished$5(Lorg/gradle/internal/operations/BuildOperationRunner;Lorg/gradle/internal/watch/registry/WatchMode;ILorg/gradle/internal/watch/vfs/VfsLogging;Lorg/gradle/internal/snapshot/SnapshotHierarchy;)Lorg/gradle/internal/snapshot/SnapshotHierarchy;+15
j  org.gradle.internal.watch.vfs.impl.WatchingVirtualFileSystem$$Lambda$568+0x000002401c4baae0.apply(Ljava/lang/Object;)Ljava/lang/Object;+24
j  org.gradle.internal.vfs.impl.AbstractVirtualFileSystem.lambda$updateRootUnderLock$0(Ljava/util/function/UnaryOperator;)V+8
j  org.gradle.internal.vfs.impl.AbstractVirtualFileSystem$$Lambda$235+0x000002401c2edbd8.run()V+8
j  org.gradle.internal.vfs.impl.AbstractVirtualFileSystem.underLock(Ljava/lang/Runnable;)V+8
j  org.gradle.internal.vfs.impl.AbstractVirtualFileSystem.updateRootUnderLock(Ljava/util/function/UnaryOperator;)V+8
j  org.gradle.internal.watch.vfs.impl.WatchingVirtualFileSystem.beforeBuildFinished(Lorg/gradle/internal/watch/registry/WatchMode;Lorg/gradle/internal/watch/vfs/VfsLogging;Lorg/gradle/internal/watch/vfs/WatchLogging;Lorg/gradle/internal/operations/BuildOperationRunner;I)V+13
j  org.gradle.tooling.internal.provider.FileSystemWatchingBuildActionRunner.run(Lorg/gradle/internal/invocation/BuildAction;Lorg/gradle/internal/buildtree/BuildTreeLifecycleController;)Lorg/gradle/internal/buildtree/BuildActionRunner$Result;+367
j  org.gradle.launcher.exec.BuildCompletionNotifyingBuildActionRunner.run(Lorg/gradle/internal/invocation/BuildAction;Lorg/gradle/internal/buildtree/BuildTreeLifecycleController;)Lorg/gradle/internal/buildtree/BuildActionRunner$Result;+6
j  org.gradle.launcher.exec.RootBuildLifecycleBuildActionExecutor.lambda$execute$0(Lorg/gradle/internal/invocation/BuildAction;Lorg/gradle/internal/buildtree/BuildTreeLifecycleController;)Lorg/gradle/internal/buildtree/BuildActionRunner$Result;+6
j  org.gradle.launcher.exec.RootBuildLifecycleBuildActionExecutor$$Lambda$236+0x000002401c2edff8.apply(Ljava/lang/Object;)Ljava/lang/Object;+12
j  org.gradle.composite.internal.DefaultRootBuildState.run(Ljava/util/function/Function;)Ljava/lang/Object;+87
j  org.gradle.launcher.exec.RootBuildLifecycleBuildActionExecutor.execute(Lorg/gradle/internal/invocation/BuildAction;Lorg/gradle/internal/buildtree/BuildTreeContext;)Lorg/gradle/internal/buildtree/BuildActionRunner$Result;+28
j  org.gradle.internal.buildtree.InitDeprecationLoggingActionExecutor.execute(Lorg/gradle/internal/invocation/BuildAction;Lorg/gradle/internal/buildtree/BuildTreeContext;)Lorg/gradle/internal/buildtree/BuildActionRunner$Result;+83
j  org.gradle.internal.buildtree.InitProblems.execute(Lorg/gradle/internal/invocation/BuildAction;Lorg/gradle/internal/buildtree/BuildTreeContext;)Lorg/gradle/internal/buildtree/BuildActionRunner$Result;+13
j  org.gradle.internal.buildtree.DefaultBuildTreeContext.execute(Lorg/gradle/internal/invocation/BuildAction;)Lorg/gradle/internal/buildtree/BuildActionRunner$Result;+64
j  org.gradle.launcher.exec.BuildTreeLifecycleBuildActionExecutor.lambda$execute$0(Lorg/gradle/internal/invocation/BuildAction;Lorg/gradle/internal/buildtree/BuildTreeContext;)Lorg/gradle/internal/buildtree/BuildActionRunner$Result;+2
j  org.gradle.launcher.exec.BuildTreeLifecycleBuildActionExecutor$$Lambda$188+0x000002401c24ec80.apply(Ljava/lang/Object;)Ljava/lang/Object;+8
j  org.gradle.internal.buildtree.BuildTreeState.run(Ljava/util/function/Function;)Ljava/lang/Object;+45
j  org.gradle.launcher.exec.BuildTreeLifecycleBuildActionExecutor.execute(Lorg/gradle/internal/invocation/BuildAction;Lorg/gradle/internal/session/BuildSessionContext;)Lorg/gradle/internal/buildtree/BuildActionRunner$Result;+59
j  org.gradle.launcher.exec.RunAsBuildOperationBuildActionExecutor$3.call(Lorg/gradle/internal/operations/BuildOperationContext;)Lorg/gradle/internal/buildtree/BuildActionRunner$Result;+25
j  org.gradle.launcher.exec.RunAsBuildOperationBuildActionExecutor$3.call(Lorg/gradle/internal/operations/BuildOperationContext;)Ljava/lang/Object;+2
j  org.gradle.internal.operations.DefaultBuildOperationRunner$CallableBuildOperationWorker.execute(Lorg/gradle/internal/operations/CallableBuildOperation;Lorg/gradle/internal/operations/BuildOperationContext;)V+3
j  org.gradle.internal.operations.DefaultBuildOperationRunner$CallableBuildOperationWorker.execute(Lorg/gradle/internal/operations/BuildOperation;Lorg/gradle/internal/operations/BuildOperationContext;)V+6
j  org.gradle.internal.operations.DefaultBuildOperationRunner$2.execute(Lorg/gradle/internal/operations/BuildOperationDescriptor;Lorg/gradle/internal/operations/BuildOperationState;Lorg/gradle/internal/operations/BuildOperationState;Lorg/gradle/internal/operations/DefaultBuildOperationRunner$ReadableBuildOperationContext;Lorg/gradle/internal/operations/DefaultBuildOperationRunner$BuildOperationExecutionListener;)Lorg/gradle/internal/operations/BuildOperation;+22
j  org.gradle.internal.operations.DefaultBuildOperationRunner$2.execute(Lorg/gradle/internal/operations/BuildOperationDescriptor;Lorg/gradle/internal/operations/BuildOperationState;Lorg/gradle/internal/operations/BuildOperationState;Lorg/gradle/internal/operations/DefaultBuildOperationRunner$ReadableBuildOperationContext;Lorg/gradle/internal/operations/DefaultBuildOperationRunner$BuildOperationExecutionListener;)Ljava/lang/Object;+8
j  org.gradle.internal.operations.DefaultBuildOperationRunner.execute(Lorg/gradle/internal/operations/BuildOperationDescriptor$Builder;Lorg/gradle/internal/operations/BuildOperationState;Lorg/gradle/internal/operations/DefaultBuildOperationRunner$BuildOperationExecution;)Ljava/lang/Object;+141
j  org.gradle.internal.operations.DefaultBuildOperationRunner.execute(Lorg/gradle/internal/operations/BuildOperation;Lorg/gradle/internal/operations/BuildOperationWorker;Lorg/gradle/internal/operations/BuildOperationState;)V+18
j  org.gradle.internal.operations.DefaultBuildOperationRunner.call(Lorg/gradle/internal/operations/CallableBuildOperation;)Ljava/lang/Object;+16
j  org.gradle.internal.operations.DefaultBuildOperationExecutor.call(Lorg/gradle/internal/operations/CallableBuildOperation;)Ljava/lang/Object;+5
j  org.gradle.launcher.exec.RunAsBuildOperationBuildActionExecutor.execute(Lorg/gradle/internal/invocation/BuildAction;Lorg/gradle/internal/session/BuildSessionContext;)Lorg/gradle/internal/buildtree/BuildActionRunner$Result;+23
j  org.gradle.launcher.exec.RunAsWorkerThreadBuildActionExecutor.lambda$execute$0(Lorg/gradle/internal/invocation/BuildAction;Lorg/gradle/internal/session/BuildSessionContext;)Lorg/gradle/internal/buildtree/BuildActionRunner$Result;+6
j  org.gradle.launcher.exec.RunAsWorkerThreadBuildActionExecutor$$Lambda$182+0x000002401c228238.create()Ljava/lang/Object;+12
j  org.gradle.internal.work.DefaultWorkerLeaseService.withLocks(Ljava/util/Collection;Lorg/gradle/internal/Factory;)Ljava/lang/Object;+28
j  org.gradle.internal.work.DefaultWorkerLeaseService.runAsWorkerThread(Lorg/gradle/internal/Factory;)Ljava/lang/Object;+33
j  org.gradle.launcher.exec.RunAsWorkerThreadBuildActionExecutor.execute(Lorg/gradle/internal/invocation/BuildAction;Lorg/gradle/internal/session/BuildSessionContext;)Lorg/gradle/internal/buildtree/BuildActionRunner$Result;+12
j  org.gradle.tooling.internal.provider.continuous.ContinuousBuildActionExecutor.execute(Lorg/gradle/internal/invocation/BuildAction;Lorg/gradle/internal/session/BuildSessionContext;)Lorg/gradle/internal/buildtree/BuildActionRunner$Result;+58
j  org.gradle.tooling.internal.provider.SubscribableBuildActionExecutor.execute(Lorg/gradle/internal/invocation/BuildAction;Lorg/gradle/internal/session/BuildSessionContext;)Lorg/gradle/internal/buildtree/BuildActionRunner$Result;+30
j  org.gradle.internal.session.DefaultBuildSessionContext.execute(Lorg/gradle/internal/invocation/BuildAction;)Lorg/gradle/internal/buildtree/BuildActionRunner$Result;+64
j  org.gradle.tooling.internal.provider.BuildSessionLifecycleBuildActionExecuter$ActionImpl.apply(Lorg/gradle/internal/session/BuildSessionContext;)Lorg/gradle/launcher/exec/BuildActionResult;+6
j  org.gradle.tooling.internal.provider.BuildSessionLifecycleBuildActionExecuter$ActionImpl.apply(Ljava/lang/Object;)Ljava/lang/Object;+5
j  org.gradle.internal.session.BuildSessionState.run(Ljava/util/function/Function;)Ljava/lang/Object;+5
j  org.gradle.tooling.internal.provider.BuildSessionLifecycleBuildActionExecuter.execute(Lorg/gradle/internal/invocation/BuildAction;Lorg/gradle/launcher/exec/BuildActionParameters;Lorg/gradle/initialization/BuildRequestContext;)Lorg/gradle/launcher/exec/BuildActionResult;+95
j  org.gradle.tooling.internal.provider.BuildSessionLifecycleBuildActionExecuter.execute(Lorg/gradle/internal/invocation/BuildAction;Ljava/lang/Object;Ljava/lang/Object;)Lorg/gradle/launcher/exec/BuildActionResult;+10
j  org.gradle.tooling.internal.provider.StartParamsValidatingActionExecuter.execute(Lorg/gradle/internal/invocation/BuildAction;Lorg/gradle/launcher/exec/BuildActionParameters;Lorg/gradle/initialization/BuildRequestContext;)Lorg/gradle/launcher/exec/BuildActionResult;+203
j  org.gradle.tooling.internal.provider.StartParamsValidatingActionExecuter.execute(Lorg/gradle/internal/invocation/BuildAction;Ljava/lang/Object;Ljava/lang/Object;)Lorg/gradle/launcher/exec/BuildActionResult;+10
j  org.gradle.tooling.internal.provider.SessionFailureReportingActionExecuter.execute(Lorg/gradle/internal/invocation/BuildAction;Lorg/gradle/launcher/exec/BuildActionParameters;Lorg/gradle/initialization/BuildRequestContext;)Lorg/gradle/launcher/exec/BuildActionResult;+7
j  org.gradle.tooling.internal.provider.SessionFailureReportingActionExecuter.execute(Lorg/gradle/internal/invocation/BuildAction;Ljava/lang/Object;Ljava/lang/Object;)Lorg/gradle/launcher/exec/BuildActionResult;+10
j  org.gradle.tooling.internal.provider.SetupLoggingActionExecuter.execute(Lorg/gradle/internal/invocation/BuildAction;Lorg/gradle/launcher/exec/BuildActionParameters;Lorg/gradle/initialization/BuildRequestContext;)Lorg/gradle/launcher/exec/BuildActionResult;+50
j  org.gradle.tooling.internal.provider.SetupLoggingActionExecuter.execute(Lorg/gradle/internal/invocation/BuildAction;Ljava/lang/Object;Ljava/lang/Object;)Lorg/gradle/launcher/exec/BuildActionResult;+10
j  org.gradle.launcher.daemon.server.exec.ExecuteBuild.doBuild(Lorg/gradle/launcher/daemon/server/api/DaemonCommandExecution;Lorg/gradle/launcher/daemon/protocol/Build;)V+117
j  org.gradle.launcher.daemon.server.exec.BuildCommandOnly.execute(Lorg/gradle/launcher/daemon/server/api/DaemonCommandExecution;)V+49
j  org.gradle.launcher.daemon.server.api.DaemonCommandExecution.proceed()Z+23
j  org.gradle.launcher.daemon.server.exec.WatchForDisconnection.execute(Lorg/gradle/launcher/daemon/server/api/DaemonCommandExecution;)V+19
j  org.gradle.launcher.daemon.server.api.DaemonCommandExecution.proceed()Z+23
j  org.gradle.launcher.daemon.server.exec.ResetDeprecationLogger.execute(Lorg/gradle/launcher/daemon/server/api/DaemonCommandExecution;)V+7
j  org.gradle.launcher.daemon.server.api.DaemonCommandExecution.proceed()Z+23
j  org.gradle.launcher.daemon.server.exec.RequestStopIfSingleUsedDaemon.execute(Lorg/gradle/launcher/daemon/server/api/DaemonCommandExecution;)V+33
j  org.gradle.launcher.daemon.server.api.DaemonCommandExecution.proceed()Z+23
j  org.gradle.launcher.daemon.server.exec.ForwardClientInput$2.create()Ljava/lang/Void;+4
j  org.gradle.launcher.daemon.server.exec.ForwardClientInput$2.create()Ljava/lang/Object;+1
j  org.gradle.util.internal.Swapper.swap(Ljava/lang/Object;Lorg/gradle/internal/Factory;)Ljava/lang/Object;+21
j  org.gradle.launcher.daemon.server.exec.ForwardClientInput.execute(Lorg/gradle/launcher/daemon/server/api/DaemonCommandExecution;)V+63
j  org.gradle.launcher.daemon.server.api.DaemonCommandExecution.proceed()Z+23
j  org.gradle.launcher.daemon.server.exec.LogAndCheckHealth.execute(Lorg/gradle/launcher/daemon/server/api/DaemonCommandExecution;)V+51
j  org.gradle.launcher.daemon.server.api.DaemonCommandExecution.proceed()Z+23
j  org.gradle.launcher.daemon.server.exec.LogToClient.doBuild(Lorg/gradle/launcher/daemon/server/api/DaemonCommandExecution;Lorg/gradle/launcher/daemon/protocol/Build;)V+87
j  org.gradle.launcher.daemon.server.exec.BuildCommandOnly.execute(Lorg/gradle/launcher/daemon/server/api/DaemonCommandExecution;)V+49
j  org.gradle.launcher.daemon.server.api.DaemonCommandExecution.proceed()Z+23
j  org.gradle.launcher.daemon.server.exec.EstablishBuildEnvironment.doBuild(Lorg/gradle/launcher/daemon/server/api/DaemonCommandExecution;Lorg/gradle/launcher/daemon/protocol/Build;)V+356
j  org.gradle.launcher.daemon.server.exec.BuildCommandOnly.execute(Lorg/gradle/launcher/daemon/server/api/DaemonCommandExecution;)V+49
j  org.gradle.launcher.daemon.server.api.DaemonCommandExecution.proceed()Z+23
j  org.gradle.launcher.daemon.server.exec.StartBuildOrRespondWithBusy$1.run()V+44
j  org.gradle.launcher.daemon.server.DaemonStateCoordinator$1.run()V+4
j  org.gradle.internal.concurrent.ExecutorPolicy$CatchAndRecordFailures.onExecute(Ljava/lang/Runnable;)V+1
j  org.gradle.internal.concurrent.AbstractManagedExecutor$1.run()V+25
j  java.util.concurrent.ThreadPoolExecutor.runWorker(Ljava/util/concurrent/ThreadPoolExecutor$Worker;)V+92 java.base@17.0.10
j  java.util.concurrent.ThreadPoolExecutor$Worker.run()V+5 java.base@17.0.10
j  java.lang.Thread.run()V+11 java.base@17.0.10
v  ~StubRoutines::call_stub

---------------  P R O C E S S  ---------------

Threads class SMR info:
_java_thread_list=0x00000240373489e0, length=38, elements={
0x0000024000033280, 0x000002401a807cc0, 0x000002401a808680, 0x000002401a8376a0,
0x000002401a822eb0, 0x000002401a823780, 0x000002401a826460, 0x000002401a827110,
0x000002401a827ee0, 0x000002401a832f10, 0x000002401a7f5610, 0x000002401aacae50,
0x00000240351134f0, 0x0000024035a32ac0, 0x00000240344864a0, 0x0000024034376490,
0x00000240343de430, 0x00000240346fd9c0, 0x00000240346fd4b0, 0x00000240346ff820,
0x00000240346ff310, 0x00000240346ffd30, 0x00000240346fcfa0, 0x00000240346fded0,
0x00000240346fc580, 0x00000240346fe8f0, 0x00000240346fee00, 0x0000024035af5c50,
0x0000024035af1a80, 0x0000024035af7ab0, 0x0000024035af84d0, 0x0000024035af7fc0,
0x0000024035af29b0, 0x0000024035af1060, 0x0000024035af6b80, 0x0000024035af24a0,
0x0000024035af89e0, 0x0000024035af38e0
}

Java Threads: ( => current thread )
  0x0000024000033280 JavaThread "main" [_thread_blocked, id=17740, stack(0x0000004626400000,0x0000004626500000)]
  0x000002401a807cc0 JavaThread "Reference Handler" daemon [_thread_blocked, id=33796, stack(0x0000004626b00000,0x0000004626c00000)]
  0x000002401a808680 JavaThread "Finalizer" daemon [_thread_blocked, id=15676, stack(0x0000004626c00000,0x0000004626d00000)]
  0x000002401a8376a0 JavaThread "Signal Dispatcher" daemon [_thread_blocked, id=43504, stack(0x0000004626d00000,0x0000004626e00000)]
  0x000002401a822eb0 JavaThread "Attach Listener" daemon [_thread_blocked, id=41244, stack(0x0000004626e00000,0x0000004626f00000)]
  0x000002401a823780 JavaThread "Service Thread" daemon [_thread_blocked, id=40048, stack(0x0000004626f00000,0x0000004627000000)]
  0x000002401a826460 JavaThread "Monitor Deflation Thread" daemon [_thread_blocked, id=2796, stack(0x0000004627000000,0x0000004627100000)]
  0x000002401a827110 JavaThread "C2 CompilerThread0" daemon [_thread_blocked, id=24484, stack(0x0000004627100000,0x0000004627200000)]
  0x000002401a827ee0 JavaThread "C1 CompilerThread0" daemon [_thread_in_native, id=17604, stack(0x0000004627200000,0x0000004627300000)]
  0x000002401a832f10 JavaThread "Sweeper thread" daemon [_thread_blocked, id=40148, stack(0x0000004627300000,0x0000004627400000)]
  0x000002401a7f5610 JavaThread "Common-Cleaner" daemon [_thread_blocked, id=15860, stack(0x0000004627400000,0x0000004627500000)]
  0x000002401aacae50 JavaThread "Notification Thread" daemon [_thread_blocked, id=36252, stack(0x0000004627500000,0x0000004627600000)]
  0x00000240351134f0 JavaThread "Daemon health stats" [_thread_blocked, id=28204, stack(0x0000004627900000,0x0000004627a00000)]
  0x0000024035a32ac0 JavaThread "Incoming local TCP Connector on port 60577" [_thread_in_native, id=20080, stack(0x0000004627c00000,0x0000004627d00000)]
  0x00000240344864a0 JavaThread "Daemon periodic checks" [_thread_blocked, id=9400, stack(0x0000004627d00000,0x0000004627e00000)]
  0x0000024034376490 JavaThread "Daemon" [_thread_blocked, id=8140, stack(0x0000004627e00000,0x0000004627f00000)]
  0x00000240343de430 JavaThread "Handler for socket connection from /127.0.0.1:60577 to /127.0.0.1:60579" [_thread_in_native, id=41404, stack(0x0000004627f00000,0x0000004628000000)]
  0x00000240346fd9c0 JavaThread "Cancel handler" [_thread_blocked, id=26904, stack(0x0000004628000000,0x0000004628100000)]
=>0x00000240346fd4b0 JavaThread "Daemon worker" [_thread_in_vm, id=30948, stack(0x0000004628100000,0x0000004628200000)]
  0x00000240346ff820 JavaThread "Asynchronous log dispatcher for DefaultDaemonConnection: socket connection from /127.0.0.1:60577 to /127.0.0.1:60579" [_thread_blocked, id=43536, stack(0x0000004628200000,0x0000004628300000)]
  0x00000240346ff310 JavaThread "Stdin handler" [_thread_blocked, id=16436, stack(0x0000004628300000,0x0000004628400000)]
  0x00000240346ffd30 JavaThread "Daemon client event forwarder" [_thread_blocked, id=43360, stack(0x0000004628400000,0x0000004628500000)]
  0x00000240346fcfa0 JavaThread "Cache worker for journal cache (C:\Users\user\.gradle\caches\journal-1)" [_thread_blocked, id=21556, stack(0x0000004628500000,0x0000004628600000)]
  0x00000240346fded0 JavaThread "File lock request listener" [_thread_in_native, id=25820, stack(0x0000004628600000,0x0000004628700000)]
  0x00000240346fc580 JavaThread "File lock release action executor" [_thread_blocked, id=2824, stack(0x0000004628700000,0x0000004628800000)]
  0x00000240346fe8f0 JavaThread "Cache worker for file hash cache (C:\Users\user\.gradle\caches\8.5\fileHashes)" [_thread_blocked, id=10884, stack(0x0000004628800000,0x0000004628900000)]
  0x00000240346fee00 JavaThread "File watcher server" daemon [_thread_in_native, id=34060, stack(0x0000004628b00000,0x0000004628c00000)]
  0x0000024035af5c50 JavaThread "File watcher consumer" daemon [_thread_blocked, id=31520, stack(0x0000004628c00000,0x0000004628d00000)]
  0x0000024035af1a80 JavaThread "Cache worker for checksums cache (C:\basket\.gradle\8.5\checksums)" [_thread_blocked, id=42012, stack(0x0000004629000000,0x0000004629100000)]
  0x0000024035af7ab0 JavaThread "Cache worker for file hash cache (C:\basket\.gradle\8.5\fileHashes)" [_thread_blocked, id=42620, stack(0x0000004629100000,0x0000004629200000)]
  0x0000024035af84d0 JavaThread "Cache worker for cache directory md-supplier (C:\Users\user\.gradle\caches\8.5\md-supplier)" [_thread_blocked, id=20004, stack(0x0000004629200000,0x0000004629300000)]
  0x0000024035af7fc0 JavaThread "Cache worker for cache directory md-rule (C:\Users\user\.gradle\caches\8.5\md-rule)" [_thread_blocked, id=23420, stack(0x0000004629300000,0x0000004629400000)]
  0x0000024035af29b0 JavaThread "Cache worker for file content cache (C:\Users\user\.gradle\caches\8.5\fileContent)" [_thread_blocked, id=39820, stack(0x0000004629400000,0x0000004629500000)]
  0x0000024035af1060 JavaThread "Cache worker for execution history cache (C:\Users\user\.gradle\caches\8.5\executionHistory)" [_thread_blocked, id=23828, stack(0x0000004629500000,0x0000004629600000)]
  0x0000024035af6b80 JavaThread "jar transforms" [_thread_blocked, id=42572, stack(0x0000004629600000,0x0000004629700000)]
  0x0000024035af24a0 JavaThread "jar transforms Thread 2" [_thread_blocked, id=34208, stack(0x0000004627a00000,0x0000004627b00000)]
  0x0000024035af89e0 JavaThread "jar transforms Thread 3" [_thread_blocked, id=35012, stack(0x0000004627b00000,0x0000004627c00000)]
  0x0000024035af38e0 JavaThread "jar transforms Thread 4" [_thread_blocked, id=41400, stack(0x0000004629700000,0x0000004629800000)]

Other Threads:
  0x000002401a803780 VMThread "VM Thread" [stack: 0x0000004626a00000,0x0000004626b00000] [id=43200] _threads_hazard_ptr=0x00000240373489e0
  0x0000024000035cc0 WatcherThread [stack: 0x0000004627600000,0x0000004627700000] [id=40852]
  0x0000024000063bb0 GCTaskThread "GC Thread#0" [stack: 0x0000004626500000,0x0000004626600000] [id=39136]
  0x00000240349b5420 GCTaskThread "GC Thread#1" [stack: 0x0000004626100000,0x0000004626200000] [id=1528]
  0x0000024034a7ea10 GCTaskThread "GC Thread#2" [stack: 0x0000004626200000,0x0000004626300000] [id=8720]
  0x0000024034a7ecd0 GCTaskThread "GC Thread#3" [stack: 0x0000004626300000,0x0000004626400000] [id=21680]
  0x00000240344f8e20 GCTaskThread "GC Thread#4" [stack: 0x0000004627700000,0x0000004627800000] [id=37756]
  0x00000240344f90e0 GCTaskThread "GC Thread#5" [stack: 0x0000004627800000,0x0000004627900000] [id=42584]
  0x000002403570d900 GCTaskThread "GC Thread#6" [stack: 0x0000004628d00000,0x0000004628e00000] [id=29548]
  0x000002403570dbc0 GCTaskThread "GC Thread#7" [stack: 0x0000004628e00000,0x0000004628f00000] [id=42660]
  0x0000024000068a00 ConcurrentGCThread "G1 Main Marker" [stack: 0x0000004626600000,0x0000004626700000] [id=19000]
  0x0000024000069310 ConcurrentGCThread "G1 Conc#0" [stack: 0x0000004626700000,0x0000004626800000] [id=24868]
  0x0000024035b06050 ConcurrentGCThread "G1 Conc#1" [stack: 0x0000004628f00000,0x0000004629000000] [id=41300]
  0x00000240000fe7c0 ConcurrentGCThread "G1 Refine#0" [stack: 0x0000004626800000,0x0000004626900000] [id=32336]
  0x000002401a6c6250 ConcurrentGCThread "G1 Service" [stack: 0x0000004626900000,0x0000004626a00000] [id=30184]

Threads with active compile tasks:
C1 CompilerThread0   355720 4293       3       java.lang.invoke.MethodHandleImpl::makePairwiseConvertByEditor (627 bytes)

VM state: synchronizing (normal execution)

VM Mutex/Monitor currently owned by a thread:  ([mutex/lock_event])
[0x000002400002f410] Threads_lock - owner thread: 0x000002401a803780

OutOfMemory and StackOverflow Exception counts:
OutOfMemoryError java_heap_errors=2
LinkageErrors=73

Heap address: 0x00000000e0000000, size: 512 MB, Compressed Oops mode: 32-bit

CDS archive(s) mapped at: [0x000002401b000000-0x000002401bbd0000-0x000002401bbd0000), size 12386304, SharedBaseAddress: 0x000002401b000000, ArchiveRelocationMode: 1.
Compressed class space mapped at: 0x000002401c000000-0x0000024030000000, reserved size: 335544320
Narrow klass base: 0x000002401b000000, Narrow klass shift: 0, Narrow klass range: 0x100000000

GC Precious Log:
 CPUs: 8 total, 8 available
 Memory: 7901M
 Large Page Support: Disabled
 NUMA Support: Disabled
 Compressed Oops: Enabled (32-bit)
 Heap Region Size: 1M
 Heap Min Capacity: 256M
 Heap Initial Capacity: 256M
 Heap Max Capacity: 512M
 Pre-touch: Disabled
 Parallel Workers: 8
 Concurrent Workers: 2
 Concurrent Refinement Workers: 8
 Periodic GC: Disabled

Heap:
 garbage-first heap   total 262144K, used 111889K [0x00000000e0000000, 0x0000000100000000)
  region size 1024K, 84 young (86016K), 1 survivors (1024K)
 Metaspace       used 34042K, committed 34432K, reserved 393216K
  class space    used 4701K, committed 4928K, reserved 327680K

Heap Regions: E=young(eden), S=young(survivor), O=old, HS=humongous(starts), HC=humongous(continues), CS=collection set, F=free, OA=open archive, CA=closed archive, TAMS=top-at-mark-start (previous, next)
|   0|0x00000000e0000000, 0x00000000e0100000, 0x00000000e0100000|100%|HS|  |TAMS 0x00000000e0100000, 0x00000000e0000000| Complete 
|   1|0x00000000e0100000, 0x00000000e0200000, 0x00000000e0200000|100%|HC|  |TAMS 0x00000000e0200000, 0x00000000e0100000| Complete 
|   2|0x00000000e0200000, 0x00000000e0300000, 0x00000000e0300000|100%|HC|  |TAMS 0x00000000e0300000, 0x00000000e0200000| Complete 
|   3|0x00000000e0300000, 0x00000000e0400000, 0x00000000e0400000|100%|HC|  |TAMS 0x00000000e0400000, 0x00000000e0300000| Complete 
|   4|0x00000000e0400000, 0x00000000e0500000, 0x00000000e0500000|100%| O|  |TAMS 0x00000000e0500000, 0x00000000e0400000| Untracked 
|   5|0x00000000e0500000, 0x00000000e0600000, 0x00000000e0600000|100%| O|  |TAMS 0x00000000e0600000, 0x00000000e0500000| Untracked 
|   6|0x00000000e0600000, 0x00000000e0700000, 0x00000000e0700000|100%| O|  |TAMS 0x00000000e0700000, 0x00000000e0600000| Untracked 
|   7|0x00000000e0700000, 0x00000000e0800000, 0x00000000e0800000|100%| O|  |TAMS 0x00000000e0800000, 0x00000000e0700000| Untracked 
|   8|0x00000000e0800000, 0x00000000e0900000, 0x00000000e0900000|100%| O|  |TAMS 0x00000000e0900000, 0x00000000e0800000| Untracked 
|   9|0x00000000e0900000, 0x00000000e0a00000, 0x00000000e0a00000|100%| O|  |TAMS 0x00000000e0a00000, 0x00000000e0900000| Untracked 
|  10|0x00000000e0a00000, 0x00000000e0b00000, 0x00000000e0b00000|100%| O|  |TAMS 0x00000000e0b00000, 0x00000000e0a00000| Untracked 
|  11|0x00000000e0b00000, 0x00000000e0c00000, 0x00000000e0c00000|100%| O|  |TAMS 0x00000000e0b00000, 0x00000000e0b00000| Untracked 
|  12|0x00000000e0c00000, 0x00000000e0d00000, 0x00000000e0d00000|100%| O|  |TAMS 0x00000000e0ca9c00, 0x00000000e0c00000| Untracked 
|  13|0x00000000e0d00000, 0x00000000e0e00000, 0x00000000e0e00000|100%| O|  |TAMS 0x00000000e0d00000, 0x00000000e0d00000| Untracked 
|  14|0x00000000e0e00000, 0x00000000e0f00000, 0x00000000e0f00000|100%| O|  |TAMS 0x00000000e0e00000, 0x00000000e0e00000| Untracked 
|  15|0x00000000e0f00000, 0x00000000e1000000, 0x00000000e1000000|100%| O|  |TAMS 0x00000000e0f00000, 0x00000000e0f00000| Untracked 
|  16|0x00000000e1000000, 0x00000000e1100000, 0x00000000e1100000|100%| O|  |TAMS 0x00000000e1000000, 0x00000000e1000000| Untracked 
|  17|0x00000000e1100000, 0x00000000e1200000, 0x00000000e1200000|100%| O|  |TAMS 0x00000000e1100000, 0x00000000e1100000| Untracked 
|  18|0x00000000e1200000, 0x00000000e1300000, 0x00000000e1300000|100%| O|  |TAMS 0x00000000e1200000, 0x00000000e1200000| Untracked 
|  19|0x00000000e1300000, 0x00000000e1400000, 0x00000000e1400000|100%| O|  |TAMS 0x00000000e1300000, 0x00000000e1300000| Untracked 
|  20|0x00000000e1400000, 0x00000000e1500000, 0x00000000e1500000|100%| O|  |TAMS 0x00000000e1400000, 0x00000000e1400000| Untracked 
|  21|0x00000000e1500000, 0x00000000e1600000, 0x00000000e1600000|100%| O|  |TAMS 0x00000000e1500000, 0x00000000e1500000| Untracked 
|  22|0x00000000e1600000, 0x00000000e1653c00, 0x00000000e1700000| 32%| O|  |TAMS 0x00000000e1600000, 0x00000000e1600000| Untracked 
|  23|0x00000000e1700000, 0x00000000e1800000, 0x00000000e1800000|100%|HS|  |TAMS 0x00000000e1700000, 0x00000000e1700000| Complete 
|  24|0x00000000e1800000, 0x00000000e1900000, 0x00000000e1900000|100%|HS|  |TAMS 0x00000000e1800000, 0x00000000e1800000| Complete 
|  25|0x00000000e1900000, 0x00000000e1a00000, 0x00000000e1a00000|100%|HC|  |TAMS 0x00000000e1900000, 0x00000000e1900000| Complete 
|  26|0x00000000e1a00000, 0x00000000e1b00000, 0x00000000e1b00000|100%|HS|  |TAMS 0x00000000e1a00000, 0x00000000e1a00000| Complete 
|  27|0x00000000e1b00000, 0x00000000e1c00000, 0x00000000e1c00000|100%|HC|  |TAMS 0x00000000e1b00000, 0x00000000e1b00000| Complete 
|  28|0x00000000e1c00000, 0x00000000e1c00000, 0x00000000e1d00000|  0%| F|  |TAMS 0x00000000e1c00000, 0x00000000e1c00000| Untracked 
|  29|0x00000000e1d00000, 0x00000000e1d00000, 0x00000000e1e00000|  0%| F|  |TAMS 0x00000000e1d00000, 0x00000000e1d00000| Untracked 
|  30|0x00000000e1e00000, 0x00000000e1e00000, 0x00000000e1f00000|  0%| F|  |TAMS 0x00000000e1e00000, 0x00000000e1e00000| Untracked 
|  31|0x00000000e1f00000, 0x00000000e1f00000, 0x00000000e2000000|  0%| F|  |TAMS 0x00000000e1f00000, 0x00000000e1f00000| Untracked 
|  32|0x00000000e2000000, 0x00000000e2000000, 0x00000000e2100000|  0%| F|  |TAMS 0x00000000e2000000, 0x00000000e2000000| Untracked 
|  33|0x00000000e2100000, 0x00000000e2100000, 0x00000000e2200000|  0%| F|  |TAMS 0x00000000e2100000, 0x00000000e2100000| Untracked 
|  34|0x00000000e2200000, 0x00000000e2200000, 0x00000000e2300000|  0%| F|  |TAMS 0x00000000e2200000, 0x00000000e2200000| Untracked 
|  35|0x00000000e2300000, 0x00000000e2300000, 0x00000000e2400000|  0%| F|  |TAMS 0x00000000e2300000, 0x00000000e2300000| Untracked 
|  36|0x00000000e2400000, 0x00000000e2400000, 0x00000000e2500000|  0%| F|  |TAMS 0x00000000e2400000, 0x00000000e2400000| Untracked 
|  37|0x00000000e2500000, 0x00000000e2500000, 0x00000000e2600000|  0%| F|  |TAMS 0x00000000e2500000, 0x00000000e2500000| Untracked 
|  38|0x00000000e2600000, 0x00000000e2600000, 0x00000000e2700000|  0%| F|  |TAMS 0x00000000e2600000, 0x00000000e2600000| Untracked 
|  39|0x00000000e2700000, 0x00000000e2700000, 0x00000000e2800000|  0%| F|  |TAMS 0x00000000e2700000, 0x00000000e2700000| Untracked 
|  40|0x00000000e2800000, 0x00000000e2800000, 0x00000000e2900000|  0%| F|  |TAMS 0x00000000e2800000, 0x00000000e2800000| Untracked 
|  41|0x00000000e2900000, 0x00000000e2900000, 0x00000000e2a00000|  0%| F|  |TAMS 0x00000000e2900000, 0x00000000e2900000| Untracked 
|  42|0x00000000e2a00000, 0x00000000e2a00000, 0x00000000e2b00000|  0%| F|  |TAMS 0x00000000e2a00000, 0x00000000e2a00000| Untracked 
|  43|0x00000000e2b00000, 0x00000000e2b00000, 0x00000000e2c00000|  0%| F|  |TAMS 0x00000000e2b00000, 0x00000000e2b00000| Untracked 
|  44|0x00000000e2c00000, 0x00000000e2c00000, 0x00000000e2d00000|  0%| F|  |TAMS 0x00000000e2c00000, 0x00000000e2c00000| Untracked 
|  45|0x00000000e2d00000, 0x00000000e2d00000, 0x00000000e2e00000|  0%| F|  |TAMS 0x00000000e2d00000, 0x00000000e2d00000| Untracked 
|  46|0x00000000e2e00000, 0x00000000e2e00000, 0x00000000e2f00000|  0%| F|  |TAMS 0x00000000e2e00000, 0x00000000e2e00000| Untracked 
|  47|0x00000000e2f00000, 0x00000000e2f00000, 0x00000000e3000000|  0%| F|  |TAMS 0x00000000e2f00000, 0x00000000e2f00000| Untracked 
|  48|0x00000000e3000000, 0x00000000e3000000, 0x00000000e3100000|  0%| F|  |TAMS 0x00000000e3000000, 0x00000000e3000000| Untracked 
|  49|0x00000000e3100000, 0x00000000e3100000, 0x00000000e3200000|  0%| F|  |TAMS 0x00000000e3100000, 0x00000000e3100000| Untracked 
|  50|0x00000000e3200000, 0x00000000e3200000, 0x00000000e3300000|  0%| F|  |TAMS 0x00000000e3200000, 0x00000000e3200000| Untracked 
|  51|0x00000000e3300000, 0x00000000e3300000, 0x00000000e3400000|  0%| F|  |TAMS 0x00000000e3300000, 0x00000000e3300000| Untracked 
|  52|0x00000000e3400000, 0x00000000e3400000, 0x00000000e3500000|  0%| F|  |TAMS 0x00000000e3400000, 0x00000000e3400000| Untracked 
|  53|0x00000000e3500000, 0x00000000e3500000, 0x00000000e3600000|  0%| F|  |TAMS 0x00000000e3500000, 0x00000000e3500000| Untracked 
|  54|0x00000000e3600000, 0x00000000e3600000, 0x00000000e3700000|  0%| F|  |TAMS 0x00000000e3600000, 0x00000000e3600000| Untracked 
|  55|0x00000000e3700000, 0x00000000e3700000, 0x00000000e3800000|  0%| F|  |TAMS 0x00000000e3700000, 0x00000000e3700000| Untracked 
|  56|0x00000000e3800000, 0x00000000e3800000, 0x00000000e3900000|  0%| F|  |TAMS 0x00000000e3800000, 0x00000000e3800000| Untracked 
|  57|0x00000000e3900000, 0x00000000e3900000, 0x00000000e3a00000|  0%| F|  |TAMS 0x00000000e3900000, 0x00000000e3900000| Untracked 
|  58|0x00000000e3a00000, 0x00000000e3a00000, 0x00000000e3b00000|  0%| F|  |TAMS 0x00000000e3a00000, 0x00000000e3a00000| Untracked 
|  59|0x00000000e3b00000, 0x00000000e3b00000, 0x00000000e3c00000|  0%| F|  |TAMS 0x00000000e3b00000, 0x00000000e3b00000| Untracked 
|  60|0x00000000e3c00000, 0x00000000e3c00000, 0x00000000e3d00000|  0%| F|  |TAMS 0x00000000e3c00000, 0x00000000e3c00000| Untracked 
|  61|0x00000000e3d00000, 0x00000000e3d00000, 0x00000000e3e00000|  0%| F|  |TAMS 0x00000000e3d00000, 0x00000000e3d00000| Untracked 
|  62|0x00000000e3e00000, 0x00000000e3e00000, 0x00000000e3f00000|  0%| F|  |TAMS 0x00000000e3e00000, 0x00000000e3e00000| Untracked 
|  63|0x00000000e3f00000, 0x00000000e3f00000, 0x00000000e4000000|  0%| F|  |TAMS 0x00000000e3f00000, 0x00000000e3f00000| Untracked 
|  64|0x00000000e4000000, 0x00000000e4000000, 0x00000000e4100000|  0%| F|  |TAMS 0x00000000e4000000, 0x00000000e4000000| Untracked 
|  65|0x00000000e4100000, 0x00000000e4100000, 0x00000000e4200000|  0%| F|  |TAMS 0x00000000e4100000, 0x00000000e4100000| Untracked 
|  66|0x00000000e4200000, 0x00000000e4200000, 0x00000000e4300000|  0%| F|  |TAMS 0x00000000e4200000, 0x00000000e4200000| Untracked 
|  67|0x00000000e4300000, 0x00000000e4300000, 0x00000000e4400000|  0%| F|  |TAMS 0x00000000e4300000, 0x00000000e4300000| Untracked 
|  68|0x00000000e4400000, 0x00000000e4400000, 0x00000000e4500000|  0%| F|  |TAMS 0x00000000e4400000, 0x00000000e4400000| Untracked 
|  69|0x00000000e4500000, 0x00000000e4500000, 0x00000000e4600000|  0%| F|  |TAMS 0x00000000e4500000, 0x00000000e4500000| Untracked 
|  70|0x00000000e4600000, 0x00000000e4600000, 0x00000000e4700000|  0%| F|  |TAMS 0x00000000e4600000, 0x00000000e4600000| Untracked 
|  71|0x00000000e4700000, 0x00000000e4700000, 0x00000000e4800000|  0%| F|  |TAMS 0x00000000e4700000, 0x00000000e4700000| Untracked 
|  72|0x00000000e4800000, 0x00000000e4800000, 0x00000000e4900000|  0%| F|  |TAMS 0x00000000e4800000, 0x00000000e4800000| Untracked 
|  73|0x00000000e4900000, 0x00000000e4900000, 0x00000000e4a00000|  0%| F|  |TAMS 0x00000000e4900000, 0x00000000e4900000| Untracked 
|  74|0x00000000e4a00000, 0x00000000e4a00000, 0x00000000e4b00000|  0%| F|  |TAMS 0x00000000e4a00000, 0x00000000e4a00000| Untracked 
|  75|0x00000000e4b00000, 0x00000000e4b00000, 0x00000000e4c00000|  0%| F|  |TAMS 0x00000000e4b00000, 0x00000000e4b00000| Untracked 
|  76|0x00000000e4c00000, 0x00000000e4c00000, 0x00000000e4d00000|  0%| F|  |TAMS 0x00000000e4c00000, 0x00000000e4c00000| Untracked 
|  77|0x00000000e4d00000, 0x00000000e4d00000, 0x00000000e4e00000|  0%| F|  |TAMS 0x00000000e4d00000, 0x00000000e4d00000| Untracked 
|  78|0x00000000e4e00000, 0x00000000e4e00000, 0x00000000e4f00000|  0%| F|  |TAMS 0x00000000e4e00000, 0x00000000e4e00000| Untracked 
|  79|0x00000000e4f00000, 0x00000000e4f00000, 0x00000000e5000000|  0%| F|  |TAMS 0x00000000e4f00000, 0x00000000e4f00000| Untracked 
|  80|0x00000000e5000000, 0x00000000e5000000, 0x00000000e5100000|  0%| F|  |TAMS 0x00000000e5000000, 0x00000000e5000000| Untracked 
|  81|0x00000000e5100000, 0x00000000e5100000, 0x00000000e5200000|  0%| F|  |TAMS 0x00000000e5100000, 0x00000000e5100000| Untracked 
|  82|0x00000000e5200000, 0x00000000e5200000, 0x00000000e5300000|  0%| F|  |TAMS 0x00000000e5200000, 0x00000000e5200000| Untracked 
|  83|0x00000000e5300000, 0x00000000e5300000, 0x00000000e5400000|  0%| F|  |TAMS 0x00000000e5300000, 0x00000000e5300000| Untracked 
|  84|0x00000000e5400000, 0x00000000e5400000, 0x00000000e5500000|  0%| F|  |TAMS 0x00000000e5400000, 0x00000000e5400000| Untracked 
|  85|0x00000000e5500000, 0x00000000e5500000, 0x00000000e5600000|  0%| F|  |TAMS 0x00000000e5500000, 0x00000000e5500000| Untracked 
|  86|0x00000000e5600000, 0x00000000e5600000, 0x00000000e5700000|  0%| F|  |TAMS 0x00000000e5600000, 0x00000000e5600000| Untracked 
|  87|0x00000000e5700000, 0x00000000e5700000, 0x00000000e5800000|  0%| F|  |TAMS 0x00000000e5700000, 0x00000000e5700000| Untracked 
|  88|0x00000000e5800000, 0x00000000e5800000, 0x00000000e5900000|  0%| F|  |TAMS 0x00000000e5800000, 0x00000000e5800000| Untracked 
|  89|0x00000000e5900000, 0x00000000e5900000, 0x00000000e5a00000|  0%| F|  |TAMS 0x00000000e5900000, 0x00000000e5900000| Untracked 
|  90|0x00000000e5a00000, 0x00000000e5a00000, 0x00000000e5b00000|  0%| F|  |TAMS 0x00000000e5a00000, 0x00000000e5a00000| Untracked 
|  91|0x00000000e5b00000, 0x00000000e5b00000, 0x00000000e5c00000|  0%| F|  |TAMS 0x00000000e5b00000, 0x00000000e5b00000| Untracked 
|  92|0x00000000e5c00000, 0x00000000e5c00000, 0x00000000e5d00000|  0%| F|  |TAMS 0x00000000e5c00000, 0x00000000e5c00000| Untracked 
|  93|0x00000000e5d00000, 0x00000000e5d00000, 0x00000000e5e00000|  0%| F|  |TAMS 0x00000000e5d00000, 0x00000000e5d00000| Untracked 
|  94|0x00000000e5e00000, 0x00000000e5e00000, 0x00000000e5f00000|  0%| F|  |TAMS 0x00000000e5e00000, 0x00000000e5e00000| Untracked 
|  95|0x00000000e5f00000, 0x00000000e5f00000, 0x00000000e6000000|  0%| F|  |TAMS 0x00000000e5f00000, 0x00000000e5f00000| Untracked 
|  96|0x00000000e6000000, 0x00000000e6000000, 0x00000000e6100000|  0%| F|  |TAMS 0x00000000e6000000, 0x00000000e6000000| Untracked 
|  97|0x00000000e6100000, 0x00000000e6100000, 0x00000000e6200000|  0%| F|  |TAMS 0x00000000e6100000, 0x00000000e6100000| Untracked 
|  98|0x00000000e6200000, 0x00000000e6200000, 0x00000000e6300000|  0%| F|  |TAMS 0x00000000e6200000, 0x00000000e6200000| Untracked 
|  99|0x00000000e6300000, 0x00000000e6300000, 0x00000000e6400000|  0%| F|  |TAMS 0x00000000e6300000, 0x00000000e6300000| Untracked 
| 100|0x00000000e6400000, 0x00000000e6400000, 0x00000000e6500000|  0%| F|  |TAMS 0x00000000e6400000, 0x00000000e6400000| Untracked 
| 101|0x00000000e6500000, 0x00000000e6500000, 0x00000000e6600000|  0%| F|  |TAMS 0x00000000e6500000, 0x00000000e6500000| Untracked 
| 102|0x00000000e6600000, 0x00000000e6600000, 0x00000000e6700000|  0%| F|  |TAMS 0x00000000e6600000, 0x00000000e6600000| Untracked 
| 103|0x00000000e6700000, 0x00000000e6700000, 0x00000000e6800000|  0%| F|  |TAMS 0x00000000e6700000, 0x00000000e6700000| Untracked 
| 104|0x00000000e6800000, 0x00000000e6800000, 0x00000000e6900000|  0%| F|  |TAMS 0x00000000e6800000, 0x00000000e6800000| Untracked 
| 105|0x00000000e6900000, 0x00000000e6900000, 0x00000000e6a00000|  0%| F|  |TAMS 0x00000000e6900000, 0x00000000e6900000| Untracked 
| 106|0x00000000e6a00000, 0x00000000e6a00000, 0x00000000e6b00000|  0%| F|  |TAMS 0x00000000e6a00000, 0x00000000e6a00000| Untracked 
| 107|0x00000000e6b00000, 0x00000000e6b00000, 0x00000000e6c00000|  0%| F|  |TAMS 0x00000000e6b00000, 0x00000000e6b00000| Untracked 
| 108|0x00000000e6c00000, 0x00000000e6c00000, 0x00000000e6d00000|  0%| F|  |TAMS 0x00000000e6c00000, 0x00000000e6c00000| Untracked 
| 109|0x00000000e6d00000, 0x00000000e6d00000, 0x00000000e6e00000|  0%| F|  |TAMS 0x00000000e6d00000, 0x00000000e6d00000| Untracked 
| 110|0x00000000e6e00000, 0x00000000e6e00000, 0x00000000e6f00000|  0%| F|  |TAMS 0x00000000e6e00000, 0x00000000e6e00000| Untracked 
| 111|0x00000000e6f00000, 0x00000000e6f00000, 0x00000000e7000000|  0%| F|  |TAMS 0x00000000e6f00000, 0x00000000e6f00000| Untracked 
| 112|0x00000000e7000000, 0x00000000e7000000, 0x00000000e7100000|  0%| F|  |TAMS 0x00000000e7000000, 0x00000000e7000000| Untracked 
| 113|0x00000000e7100000, 0x00000000e7100000, 0x00000000e7200000|  0%| F|  |TAMS 0x00000000e7100000, 0x00000000e7100000| Untracked 
| 114|0x00000000e7200000, 0x00000000e7200000, 0x00000000e7300000|  0%| F|  |TAMS 0x00000000e7200000, 0x00000000e7200000| Untracked 
| 115|0x00000000e7300000, 0x00000000e7300000, 0x00000000e7400000|  0%| F|  |TAMS 0x00000000e7300000, 0x00000000e7300000| Untracked 
| 116|0x00000000e7400000, 0x00000000e7400000, 0x00000000e7500000|  0%| F|  |TAMS 0x00000000e7400000, 0x00000000e7400000| Untracked 
| 117|0x00000000e7500000, 0x00000000e7500000, 0x00000000e7600000|  0%| F|  |TAMS 0x00000000e7500000, 0x00000000e7500000| Untracked 
| 118|0x00000000e7600000, 0x00000000e7600000, 0x00000000e7700000|  0%| F|  |TAMS 0x00000000e7600000, 0x00000000e7600000| Untracked 
| 119|0x00000000e7700000, 0x00000000e7700000, 0x00000000e7800000|  0%| F|  |TAMS 0x00000000e7700000, 0x00000000e7700000| Untracked 
| 120|0x00000000e7800000, 0x00000000e7800000, 0x00000000e7900000|  0%| F|  |TAMS 0x00000000e7800000, 0x00000000e7800000| Untracked 
| 121|0x00000000e7900000, 0x00000000e7900000, 0x00000000e7a00000|  0%| F|  |TAMS 0x00000000e7900000, 0x00000000e7900000| Untracked 
| 122|0x00000000e7a00000, 0x00000000e7a00000, 0x00000000e7b00000|  0%| F|  |TAMS 0x00000000e7a00000, 0x00000000e7a00000| Untracked 
| 123|0x00000000e7b00000, 0x00000000e7b00000, 0x00000000e7c00000|  0%| F|  |TAMS 0x00000000e7b00000, 0x00000000e7b00000| Untracked 
| 124|0x00000000e7c00000, 0x00000000e7c00000, 0x00000000e7d00000|  0%| F|  |TAMS 0x00000000e7c00000, 0x00000000e7c00000| Untracked 
| 125|0x00000000e7d00000, 0x00000000e7d00000, 0x00000000e7e00000|  0%| F|  |TAMS 0x00000000e7d00000, 0x00000000e7d00000| Untracked 
| 126|0x00000000e7e00000, 0x00000000e7e00000, 0x00000000e7f00000|  0%| F|  |TAMS 0x00000000e7e00000, 0x00000000e7e00000| Untracked 
| 127|0x00000000e7f00000, 0x00000000e7f00000, 0x00000000e8000000|  0%| F|  |TAMS 0x00000000e7f00000, 0x00000000e7f00000| Untracked 
| 128|0x00000000e8000000, 0x00000000e8000000, 0x00000000e8100000|  0%| F|  |TAMS 0x00000000e8000000, 0x00000000e8000000| Untracked 
| 129|0x00000000e8100000, 0x00000000e8100000, 0x00000000e8200000|  0%| F|  |TAMS 0x00000000e8100000, 0x00000000e8100000| Untracked 
| 130|0x00000000e8200000, 0x00000000e8200000, 0x00000000e8300000|  0%| F|  |TAMS 0x00000000e8200000, 0x00000000e8200000| Untracked 
| 131|0x00000000e8300000, 0x00000000e8300000, 0x00000000e8400000|  0%| F|  |TAMS 0x00000000e8300000, 0x00000000e8300000| Untracked 
| 132|0x00000000e8400000, 0x00000000e8400000, 0x00000000e8500000|  0%| F|  |TAMS 0x00000000e8400000, 0x00000000e8400000| Untracked 
| 133|0x00000000e8500000, 0x00000000e8500000, 0x00000000e8600000|  0%| F|  |TAMS 0x00000000e8500000, 0x00000000e8500000| Untracked 
| 134|0x00000000e8600000, 0x00000000e8600000, 0x00000000e8700000|  0%| F|  |TAMS 0x00000000e8600000, 0x00000000e8600000| Untracked 
| 135|0x00000000e8700000, 0x00000000e8700000, 0x00000000e8800000|  0%| F|  |TAMS 0x00000000e8700000, 0x00000000e8700000| Untracked 
| 136|0x00000000e8800000, 0x00000000e8800000, 0x00000000e8900000|  0%| F|  |TAMS 0x00000000e8800000, 0x00000000e8800000| Untracked 
| 137|0x00000000e8900000, 0x00000000e8900000, 0x00000000e8a00000|  0%| F|  |TAMS 0x00000000e8900000, 0x00000000e8900000| Untracked 
| 138|0x00000000e8a00000, 0x00000000e8a00000, 0x00000000e8b00000|  0%| F|  |TAMS 0x00000000e8a00000, 0x00000000e8a00000| Untracked 
| 139|0x00000000e8b00000, 0x00000000e8b00000, 0x00000000e8c00000|  0%| F|  |TAMS 0x00000000e8b00000, 0x00000000e8b00000| Untracked 
| 140|0x00000000e8c00000, 0x00000000e8c00000, 0x00000000e8d00000|  0%| F|  |TAMS 0x00000000e8c00000, 0x00000000e8c00000| Untracked 
| 141|0x00000000e8d00000, 0x00000000e8d00000, 0x00000000e8e00000|  0%| F|  |TAMS 0x00000000e8d00000, 0x00000000e8d00000| Untracked 
| 142|0x00000000e8e00000, 0x00000000e8e00000, 0x00000000e8f00000|  0%| F|  |TAMS 0x00000000e8e00000, 0x00000000e8e00000| Untracked 
| 143|0x00000000e8f00000, 0x00000000e8f00000, 0x00000000e9000000|  0%| F|  |TAMS 0x00000000e8f00000, 0x00000000e8f00000| Untracked 
| 144|0x00000000e9000000, 0x00000000e9000000, 0x00000000e9100000|  0%| F|  |TAMS 0x00000000e9000000, 0x00000000e9000000| Untracked 
| 145|0x00000000e9100000, 0x00000000e9100000, 0x00000000e9200000|  0%| F|  |TAMS 0x00000000e9100000, 0x00000000e9100000| Untracked 
| 146|0x00000000e9200000, 0x00000000e9200000, 0x00000000e9300000|  0%| F|  |TAMS 0x00000000e9200000, 0x00000000e9200000| Untracked 
| 147|0x00000000e9300000, 0x00000000e9300000, 0x00000000e9400000|  0%| F|  |TAMS 0x00000000e9300000, 0x00000000e9300000| Untracked 
| 148|0x00000000e9400000, 0x00000000e9400000, 0x00000000e9500000|  0%| F|  |TAMS 0x00000000e9400000, 0x00000000e9400000| Untracked 
| 149|0x00000000e9500000, 0x00000000e9500000, 0x00000000e9600000|  0%| F|  |TAMS 0x00000000e9500000, 0x00000000e9500000| Untracked 
| 150|0x00000000e9600000, 0x00000000e9600000, 0x00000000e9700000|  0%| F|  |TAMS 0x00000000e9600000, 0x00000000e9600000| Untracked 
| 151|0x00000000e9700000, 0x00000000e9700000, 0x00000000e9800000|  0%| F|  |TAMS 0x00000000e9700000, 0x00000000e9700000| Untracked 
| 152|0x00000000e9800000, 0x00000000e9800000, 0x00000000e9900000|  0%| F|  |TAMS 0x00000000e9800000, 0x00000000e9800000| Untracked 
| 153|0x00000000e9900000, 0x00000000e9900000, 0x00000000e9a00000|  0%| F|  |TAMS 0x00000000e9900000, 0x00000000e9900000| Untracked 
| 154|0x00000000e9a00000, 0x00000000e9a00000, 0x00000000e9b00000|  0%| F|  |TAMS 0x00000000e9a00000, 0x00000000e9a00000| Untracked 
| 155|0x00000000e9b00000, 0x00000000e9b00000, 0x00000000e9c00000|  0%| F|  |TAMS 0x00000000e9b00000, 0x00000000e9b00000| Untracked 
| 156|0x00000000e9c00000, 0x00000000e9c00000, 0x00000000e9d00000|  0%| F|  |TAMS 0x00000000e9c00000, 0x00000000e9c00000| Untracked 
| 157|0x00000000e9d00000, 0x00000000e9d00000, 0x00000000e9e00000|  0%| F|  |TAMS 0x00000000e9d00000, 0x00000000e9d00000| Untracked 
| 158|0x00000000e9e00000, 0x00000000e9e00000, 0x00000000e9f00000|  0%| F|  |TAMS 0x00000000e9e00000, 0x00000000e9e00000| Untracked 
| 159|0x00000000e9f00000, 0x00000000e9f00000, 0x00000000ea000000|  0%| F|  |TAMS 0x00000000e9f00000, 0x00000000e9f00000| Untracked 
| 160|0x00000000ea000000, 0x00000000ea000000, 0x00000000ea100000|  0%| F|  |TAMS 0x00000000ea000000, 0x00000000ea000000| Untracked 
| 161|0x00000000ea100000, 0x00000000ea100000, 0x00000000ea200000|  0%| F|  |TAMS 0x00000000ea100000, 0x00000000ea100000| Untracked 
| 162|0x00000000ea200000, 0x00000000ea200000, 0x00000000ea300000|  0%| F|  |TAMS 0x00000000ea200000, 0x00000000ea200000| Untracked 
| 163|0x00000000ea300000, 0x00000000ea300000, 0x00000000ea400000|  0%| F|  |TAMS 0x00000000ea300000, 0x00000000ea300000| Untracked 
| 164|0x00000000ea400000, 0x00000000ea400000, 0x00000000ea500000|  0%| F|  |TAMS 0x00000000ea400000, 0x00000000ea400000| Untracked 
| 165|0x00000000ea500000, 0x00000000ea500000, 0x00000000ea600000|  0%| F|  |TAMS 0x00000000ea500000, 0x00000000ea500000| Untracked 
| 166|0x00000000ea600000, 0x00000000ea600000, 0x00000000ea700000|  0%| F|  |TAMS 0x00000000ea600000, 0x00000000ea600000| Untracked 
| 167|0x00000000ea700000, 0x00000000ea700000, 0x00000000ea800000|  0%| F|  |TAMS 0x00000000ea700000, 0x00000000ea700000| Untracked 
| 168|0x00000000ea800000, 0x00000000ea800000, 0x00000000ea900000|  0%| F|  |TAMS 0x00000000ea800000, 0x00000000ea800000| Untracked 
| 169|0x00000000ea900000, 0x00000000ea900000, 0x00000000eaa00000|  0%| F|  |TAMS 0x00000000ea900000, 0x00000000ea900000| Untracked 
| 170|0x00000000eaa00000, 0x00000000eaa00000, 0x00000000eab00000|  0%| F|  |TAMS 0x00000000eaa00000, 0x00000000eaa00000| Untracked 
| 171|0x00000000eab00000, 0x00000000eab00000, 0x00000000eac00000|  0%| F|  |TAMS 0x00000000eab00000, 0x00000000eab00000| Untracked 
| 172|0x00000000eac00000, 0x00000000ead00000, 0x00000000ead00000|100%| E|  |TAMS 0x00000000eac00000, 0x00000000eac00000| Complete 
| 173|0x00000000ead00000, 0x00000000eae00000, 0x00000000eae00000|100%| E|CS|TAMS 0x00000000ead00000, 0x00000000ead00000| Complete 
| 174|0x00000000eae00000, 0x00000000eaf00000, 0x00000000eaf00000|100%| E|CS|TAMS 0x00000000eae00000, 0x00000000eae00000| Complete 
| 175|0x00000000eaf00000, 0x00000000eb000000, 0x00000000eb000000|100%| E|CS|TAMS 0x00000000eaf00000, 0x00000000eaf00000| Complete 
| 176|0x00000000eb000000, 0x00000000eb100000, 0x00000000eb100000|100%| E|CS|TAMS 0x00000000eb000000, 0x00000000eb000000| Complete 
| 177|0x00000000eb100000, 0x00000000eb200000, 0x00000000eb200000|100%| E|CS|TAMS 0x00000000eb100000, 0x00000000eb100000| Complete 
| 178|0x00000000eb200000, 0x00000000eb300000, 0x00000000eb300000|100%| E|CS|TAMS 0x00000000eb200000, 0x00000000eb200000| Complete 
| 179|0x00000000eb300000, 0x00000000eb400000, 0x00000000eb400000|100%| E|CS|TAMS 0x00000000eb300000, 0x00000000eb300000| Complete 
| 180|0x00000000eb400000, 0x00000000eb500000, 0x00000000eb500000|100%| E|CS|TAMS 0x00000000eb400000, 0x00000000eb400000| Complete 
| 181|0x00000000eb500000, 0x00000000eb600000, 0x00000000eb600000|100%| E|CS|TAMS 0x00000000eb500000, 0x00000000eb500000| Complete 
| 182|0x00000000eb600000, 0x00000000eb700000, 0x00000000eb700000|100%| E|CS|TAMS 0x00000000eb600000, 0x00000000eb600000| Complete 
| 183|0x00000000eb700000, 0x00000000eb800000, 0x00000000eb800000|100%| E|CS|TAMS 0x00000000eb700000, 0x00000000eb700000| Complete 
| 184|0x00000000eb800000, 0x00000000eb900000, 0x00000000eb900000|100%| E|CS|TAMS 0x00000000eb800000, 0x00000000eb800000| Complete 
| 185|0x00000000eb900000, 0x00000000eba00000, 0x00000000eba00000|100%| E|CS|TAMS 0x00000000eb900000, 0x00000000eb900000| Complete 
| 186|0x00000000eba00000, 0x00000000ebb00000, 0x00000000ebb00000|100%| E|CS|TAMS 0x00000000eba00000, 0x00000000eba00000| Complete 
| 187|0x00000000ebb00000, 0x00000000ebc00000, 0x00000000ebc00000|100%| E|CS|TAMS 0x00000000ebb00000, 0x00000000ebb00000| Complete 
| 188|0x00000000ebc00000, 0x00000000ebd00000, 0x00000000ebd00000|100%| E|CS|TAMS 0x00000000ebc00000, 0x00000000ebc00000| Complete 
| 189|0x00000000ebd00000, 0x00000000ebe00000, 0x00000000ebe00000|100%| E|CS|TAMS 0x00000000ebd00000, 0x00000000ebd00000| Complete 
| 190|0x00000000ebe00000, 0x00000000ebf00000, 0x00000000ebf00000|100%| E|CS|TAMS 0x00000000ebe00000, 0x00000000ebe00000| Complete 
| 191|0x00000000ebf00000, 0x00000000ec000000, 0x00000000ec000000|100%| E|CS|TAMS 0x00000000ebf00000, 0x00000000ebf00000| Complete 
| 192|0x00000000ec000000, 0x00000000ec100000, 0x00000000ec100000|100%| E|CS|TAMS 0x00000000ec000000, 0x00000000ec000000| Complete 
| 193|0x00000000ec100000, 0x00000000ec200000, 0x00000000ec200000|100%| E|CS|TAMS 0x00000000ec100000, 0x00000000ec100000| Complete 
| 194|0x00000000ec200000, 0x00000000ec300000, 0x00000000ec300000|100%| E|CS|TAMS 0x00000000ec200000, 0x00000000ec200000| Complete 
| 195|0x00000000ec300000, 0x00000000ec400000, 0x00000000ec400000|100%| E|CS|TAMS 0x00000000ec300000, 0x00000000ec300000| Complete 
| 196|0x00000000ec400000, 0x00000000ec500000, 0x00000000ec500000|100%| E|CS|TAMS 0x00000000ec400000, 0x00000000ec400000| Complete 
| 197|0x00000000ec500000, 0x00000000ec600000, 0x00000000ec600000|100%| E|CS|TAMS 0x00000000ec500000, 0x00000000ec500000| Complete 
| 198|0x00000000ec600000, 0x00000000ec700000, 0x00000000ec700000|100%| E|CS|TAMS 0x00000000ec600000, 0x00000000ec600000| Complete 
| 199|0x00000000ec700000, 0x00000000ec800000, 0x00000000ec800000|100%| E|CS|TAMS 0x00000000ec700000, 0x00000000ec700000| Complete 
| 200|0x00000000ec800000, 0x00000000ec900000, 0x00000000ec900000|100%| E|CS|TAMS 0x00000000ec800000, 0x00000000ec800000| Complete 
| 201|0x00000000ec900000, 0x00000000eca00000, 0x00000000eca00000|100%| E|CS|TAMS 0x00000000ec900000, 0x00000000ec900000| Complete 
| 202|0x00000000eca00000, 0x00000000ecb00000, 0x00000000ecb00000|100%| E|CS|TAMS 0x00000000eca00000, 0x00000000eca00000| Complete 
| 203|0x00000000ecb00000, 0x00000000ecc00000, 0x00000000ecc00000|100%| E|CS|TAMS 0x00000000ecb00000, 0x00000000ecb00000| Complete 
| 204|0x00000000ecc00000, 0x00000000ecd00000, 0x00000000ecd00000|100%| E|CS|TAMS 0x00000000ecc00000, 0x00000000ecc00000| Complete 
| 205|0x00000000ecd00000, 0x00000000ece00000, 0x00000000ece00000|100%| E|CS|TAMS 0x00000000ecd00000, 0x00000000ecd00000| Complete 
| 206|0x00000000ece00000, 0x00000000ecf00000, 0x00000000ecf00000|100%| E|CS|TAMS 0x00000000ece00000, 0x00000000ece00000| Complete 
| 207|0x00000000ecf00000, 0x00000000ed000000, 0x00000000ed000000|100%| E|CS|TAMS 0x00000000ecf00000, 0x00000000ecf00000| Complete 
| 208|0x00000000ed000000, 0x00000000ed100000, 0x00000000ed100000|100%| E|CS|TAMS 0x00000000ed000000, 0x00000000ed000000| Complete 
| 209|0x00000000ed100000, 0x00000000ed200000, 0x00000000ed200000|100%| E|CS|TAMS 0x00000000ed100000, 0x00000000ed100000| Complete 
| 210|0x00000000ed200000, 0x00000000ed300000, 0x00000000ed300000|100%| E|CS|TAMS 0x00000000ed200000, 0x00000000ed200000| Complete 
| 211|0x00000000ed300000, 0x00000000ed400000, 0x00000000ed400000|100%| E|CS|TAMS 0x00000000ed300000, 0x00000000ed300000| Complete 
| 212|0x00000000ed400000, 0x00000000ed500000, 0x00000000ed500000|100%| E|CS|TAMS 0x00000000ed400000, 0x00000000ed400000| Complete 
| 213|0x00000000ed500000, 0x00000000ed600000, 0x00000000ed600000|100%| E|  |TAMS 0x00000000ed500000, 0x00000000ed500000| Complete 
| 214|0x00000000ed600000, 0x00000000ed700000, 0x00000000ed700000|100%| E|CS|TAMS 0x00000000ed600000, 0x00000000ed600000| Complete 
| 215|0x00000000ed700000, 0x00000000ed800000, 0x00000000ed800000|100%| E|CS|TAMS 0x00000000ed700000, 0x00000000ed700000| Complete 
| 216|0x00000000ed800000, 0x00000000ed900000, 0x00000000ed900000|100%| E|CS|TAMS 0x00000000ed800000, 0x00000000ed800000| Complete 
| 217|0x00000000ed900000, 0x00000000eda00000, 0x00000000eda00000|100%| E|CS|TAMS 0x00000000ed900000, 0x00000000ed900000| Complete 
| 218|0x00000000eda00000, 0x00000000edb00000, 0x00000000edb00000|100%| E|CS|TAMS 0x00000000eda00000, 0x00000000eda00000| Complete 
| 219|0x00000000edb00000, 0x00000000edc00000, 0x00000000edc00000|100%| E|CS|TAMS 0x00000000edb00000, 0x00000000edb00000| Complete 
| 220|0x00000000edc00000, 0x00000000edd00000, 0x00000000edd00000|100%| E|CS|TAMS 0x00000000edc00000, 0x00000000edc00000| Complete 
| 221|0x00000000edd00000, 0x00000000ede00000, 0x00000000ede00000|100%| E|CS|TAMS 0x00000000edd00000, 0x00000000edd00000| Complete 
| 222|0x00000000ede00000, 0x00000000edf00000, 0x00000000edf00000|100%| E|CS|TAMS 0x00000000ede00000, 0x00000000ede00000| Complete 
| 223|0x00000000edf00000, 0x00000000ee000000, 0x00000000ee000000|100%| E|CS|TAMS 0x00000000edf00000, 0x00000000edf00000| Complete 
| 224|0x00000000ee000000, 0x00000000ee100000, 0x00000000ee100000|100%| E|CS|TAMS 0x00000000ee000000, 0x00000000ee000000| Complete 
| 225|0x00000000ee100000, 0x00000000ee200000, 0x00000000ee200000|100%| E|CS|TAMS 0x00000000ee100000, 0x00000000ee100000| Complete 
| 226|0x00000000ee200000, 0x00000000ee300000, 0x00000000ee300000|100%| E|CS|TAMS 0x00000000ee200000, 0x00000000ee200000| Complete 
| 227|0x00000000ee300000, 0x00000000ee400000, 0x00000000ee400000|100%| E|CS|TAMS 0x00000000ee300000, 0x00000000ee300000| Complete 
| 228|0x00000000ee400000, 0x00000000ee500000, 0x00000000ee500000|100%| E|CS|TAMS 0x00000000ee400000, 0x00000000ee400000| Complete 
| 229|0x00000000ee500000, 0x00000000ee600000, 0x00000000ee600000|100%| E|CS|TAMS 0x00000000ee500000, 0x00000000ee500000| Complete 
| 230|0x00000000ee600000, 0x00000000ee700000, 0x00000000ee700000|100%| E|CS|TAMS 0x00000000ee600000, 0x00000000ee600000| Complete 
| 231|0x00000000ee700000, 0x00000000ee800000, 0x00000000ee800000|100%| E|CS|TAMS 0x00000000ee700000, 0x00000000ee700000| Complete 
| 232|0x00000000ee800000, 0x00000000ee900000, 0x00000000ee900000|100%| E|CS|TAMS 0x00000000ee800000, 0x00000000ee800000| Complete 
| 233|0x00000000ee900000, 0x00000000eea00000, 0x00000000eea00000|100%| E|CS|TAMS 0x00000000ee900000, 0x00000000ee900000| Complete 
| 234|0x00000000eea00000, 0x00000000eeb00000, 0x00000000eeb00000|100%| E|CS|TAMS 0x00000000eea00000, 0x00000000eea00000| Complete 
| 235|0x00000000eeb00000, 0x00000000eec00000, 0x00000000eec00000|100%| E|CS|TAMS 0x00000000eeb00000, 0x00000000eeb00000| Complete 
| 236|0x00000000eec00000, 0x00000000eed00000, 0x00000000eed00000|100%| E|CS|TAMS 0x00000000eec00000, 0x00000000eec00000| Complete 
| 237|0x00000000eed00000, 0x00000000eedf09c0, 0x00000000eee00000| 93%| S|CS|TAMS 0x00000000eed00000, 0x00000000eed00000| Complete 
| 238|0x00000000eee00000, 0x00000000eef00000, 0x00000000eef00000|100%| E|CS|TAMS 0x00000000eee00000, 0x00000000eee00000| Complete 
| 239|0x00000000eef00000, 0x00000000ef000000, 0x00000000ef000000|100%| E|CS|TAMS 0x00000000eef00000, 0x00000000eef00000| Complete 
| 240|0x00000000ef000000, 0x00000000ef100000, 0x00000000ef100000|100%| E|CS|TAMS 0x00000000ef000000, 0x00000000ef000000| Complete 
| 241|0x00000000ef100000, 0x00000000ef200000, 0x00000000ef200000|100%| E|CS|TAMS 0x00000000ef100000, 0x00000000ef100000| Complete 
| 242|0x00000000ef200000, 0x00000000ef300000, 0x00000000ef300000|100%| E|CS|TAMS 0x00000000ef200000, 0x00000000ef200000| Complete 
| 243|0x00000000ef300000, 0x00000000ef400000, 0x00000000ef400000|100%| E|CS|TAMS 0x00000000ef300000, 0x00000000ef300000| Complete 
| 244|0x00000000ef400000, 0x00000000ef500000, 0x00000000ef500000|100%| E|CS|TAMS 0x00000000ef400000, 0x00000000ef400000| Complete 
| 245|0x00000000ef500000, 0x00000000ef600000, 0x00000000ef600000|100%| E|CS|TAMS 0x00000000ef500000, 0x00000000ef500000| Complete 
| 246|0x00000000ef600000, 0x00000000ef700000, 0x00000000ef700000|100%| E|CS|TAMS 0x00000000ef600000, 0x00000000ef600000| Complete 
| 247|0x00000000ef700000, 0x00000000ef800000, 0x00000000ef800000|100%| E|CS|TAMS 0x00000000ef700000, 0x00000000ef700000| Complete 
| 248|0x00000000ef800000, 0x00000000ef900000, 0x00000000ef900000|100%| E|CS|TAMS 0x00000000ef800000, 0x00000000ef800000| Complete 
| 249|0x00000000ef900000, 0x00000000efa00000, 0x00000000efa00000|100%| E|CS|TAMS 0x00000000ef900000, 0x00000000ef900000| Complete 
| 250|0x00000000efa00000, 0x00000000efb00000, 0x00000000efb00000|100%| E|CS|TAMS 0x00000000efa00000, 0x00000000efa00000| Complete 
| 251|0x00000000efb00000, 0x00000000efc00000, 0x00000000efc00000|100%| E|CS|TAMS 0x00000000efb00000, 0x00000000efb00000| Complete 
| 252|0x00000000efc00000, 0x00000000efd00000, 0x00000000efd00000|100%| E|CS|TAMS 0x00000000efc00000, 0x00000000efc00000| Complete 
| 253|0x00000000efd00000, 0x00000000efe00000, 0x00000000efe00000|100%| E|CS|TAMS 0x00000000efd00000, 0x00000000efd00000| Complete 
| 254|0x00000000efe00000, 0x00000000eff00000, 0x00000000eff00000|100%| E|CS|TAMS 0x00000000efe00000, 0x00000000efe00000| Complete 
| 255|0x00000000eff00000, 0x00000000f0000000, 0x00000000f0000000|100%| E|CS|TAMS 0x00000000eff00000, 0x00000000eff00000| Complete 

Card table byte_map: [0x0000024016c00000,0x0000024016d00000] _byte_map_base: 0x0000024016500000

Marking Bits (Prev, Next): (CMBitMap*) 0x0000024000064110, (CMBitMap*) 0x00000240000640d0
 Prev Bits: [0x0000024017600000, 0x0000024017e00000)
 Next Bits: [0x0000024016e00000, 0x0000024017600000)

Polling page: 0x000002407df60000

Metaspace:

Usage:
  Non-class:     28.65 MB used.
      Class:      4.59 MB used.
       Both:     33.24 MB used.

Virtual space:
  Non-class space:       64.00 MB reserved,      28.81 MB ( 45%) committed,  1 nodes.
      Class space:      320.00 MB reserved,       4.81 MB (  2%) committed,  1 nodes.
             Both:      384.00 MB reserved,      33.62 MB (  9%) committed. 

Chunk freelists:
   Non-Class:  2.62 MB
       Class:  11.23 MB
        Both:  13.86 MB

MaxMetaspaceSize: 384.00 MB
CompressedClassSpaceSize: 320.00 MB
Initial GC threshold: 21.00 MB
Current GC threshold: 35.12 MB
CDS: on
MetaspaceReclaimPolicy: balanced
 - commit_granule_bytes: 65536.
 - commit_granule_words: 8192.
 - virtual_space_node_default_size: 8388608.
 - enlarge_chunks_in_place: 1.
 - new_chunks_are_fully_committed: 0.
 - uncommit_free_chunks: 1.
 - use_allocation_guard: 0.
 - handle_deallocations: 1.


Internal statistics:

num_allocs_failed_limit: 3.
num_arena_births: 352.
num_arena_deaths: 0.
num_vsnodes_births: 2.
num_vsnodes_deaths: 0.
num_space_committed: 538.
num_space_uncommitted: 0.
num_chunks_returned_to_freelist: 3.
num_chunks_taken_from_freelist: 1560.
num_chunk_merges: 3.
num_chunk_splits: 1051.
num_chunks_enlarged: 755.
num_inconsistent_stats: 0.

CodeHeap 'non-profiled nmethods': size=120000Kb used=2328Kb max_used=2328Kb free=117671Kb
 bounds [0x000002400f3b0000, 0x000002400f620000, 0x00000240168e0000]
CodeHeap 'profiled nmethods': size=120000Kb used=8695Kb max_used=8695Kb free=111304Kb
 bounds [0x00000240078e0000, 0x0000024008160000, 0x000002400ee10000]
CodeHeap 'non-nmethods': size=5760Kb used=2300Kb max_used=2345Kb free=3459Kb
 bounds [0x000002400ee10000, 0x000002400f080000, 0x000002400f3b0000]
 total_blobs=5084 nmethods=4287 adapters=709
 compilation: enabled
              stopped_count=0, restarted_count=0
 full_count=0

Compilation events (20 events):
Event: 354.480 Thread 0x000002401a827ee0 nmethod 4277 0x000002400815d290 code [0x000002400815d420, 0x000002400815d558]
Event: 354.498 Thread 0x000002401a827ee0 4278       1       org.gradle.internal.operations.BuildOperationDescriptor::getId (5 bytes)
Event: 354.498 Thread 0x000002401a827ee0 nmethod 4278 0x000002400f5f1e10 code [0x000002400f5f1fa0, 0x000002400f5f2078]
Event: 354.511 Thread 0x000002401a827110 4279       4       java.util.zip.ZipFile$InflaterCleanupAction::run (12 bytes)
Event: 354.529 Thread 0x000002401a827110 nmethod 4279 0x000002400f5f2110 code [0x000002400f5f22c0, 0x000002400f5f2bf8]
Event: 354.529 Thread 0x000002401a827110 4280   !   4       java.util.zip.ZipFile$CleanableResource::releaseInflater (53 bytes)
Event: 354.541 Thread 0x000002401a827110 nmethod 4280 0x000002400f5f3010 code [0x000002400f5f31c0, 0x000002400f5f3ab8]
Event: 354.541 Thread 0x000002401a827110 4281   !   4       java.util.zip.Inflater::reset (64 bytes)
Event: 354.545 Thread 0x000002401a827110 nmethod 4281 0x000002400f5f3e90 code [0x000002400f5f4020, 0x000002400f5f4488]
Event: 354.559 Thread 0x000002401a827ee0 4282       1       org.gradle.internal.operations.BuildOperationDescriptor::getDetails (5 bytes)
Event: 354.559 Thread 0x000002401a827ee0 nmethod 4282 0x000002400f5f4610 code [0x000002400f5f47a0, 0x000002400f5f4878]
Event: 354.586 Thread 0x000002401a827ee0 4283       3       java.lang.ModuleLayer::boot (4 bytes)
Event: 354.586 Thread 0x000002401a827ee0 nmethod 4283 0x000002400815d610 code [0x000002400815d7a0, 0x000002400815d898]
Event: 354.587 Thread 0x000002401a827ee0 4284       1       java.lang.StackTraceElement::getLineNumber (5 bytes)
Event: 354.587 Thread 0x000002401a827ee0 nmethod 4284 0x000002400f5f4910 code [0x000002400f5f4aa0, 0x000002400f5f4b78]
Event: 354.587 Thread 0x000002401a827ee0 4285       1       java.lang.StackTraceElement::getFileName (5 bytes)
Event: 354.587 Thread 0x000002401a827ee0 nmethod 4285 0x000002400f5f4c10 code [0x000002400f5f4da0, 0x000002400f5f4e78]
Event: 354.658 Thread 0x000002401a827ee0 4292       3       java.lang.invoke.MethodHandleImpl::makePairwiseConvert (22 bytes)
Event: 354.660 Thread 0x000002401a827ee0 nmethod 4292 0x000002400815d910 code [0x000002400815dac0, 0x000002400815dce8]
Event: 354.660 Thread 0x000002401a827ee0 4293       3       java.lang.invoke.MethodHandleImpl::makePairwiseConvertByEditor (627 bytes)

GC Heap History (12 events):
Event: 90.416 GC heap before
{Heap before GC invocations=0 (full 0):
 garbage-first heap   total 262144K, used 26624K [0x00000000e0000000, 0x0000000100000000)
  region size 1024K, 23 young (23552K), 0 survivors (0K)
 Metaspace       used 3048K, committed 3200K, reserved 393216K
  class space    used 389K, committed 448K, reserved 327680K
}
Event: 90.938 GC heap after
{Heap after GC invocations=1 (full 0):
 garbage-first heap   total 262144K, used 10807K [0x00000000e0000000, 0x0000000100000000)
  region size 1024K, 3 young (3072K), 3 survivors (3072K)
 Metaspace       used 3048K, committed 3200K, reserved 393216K
  class space    used 389K, committed 448K, reserved 327680K
}
Event: 149.128 GC heap before
{Heap before GC invocations=1 (full 0):
 garbage-first heap   total 262144K, used 26167K [0x00000000e0000000, 0x0000000100000000)
  region size 1024K, 18 young (18432K), 3 survivors (3072K)
 Metaspace       used 4036K, committed 4224K, reserved 393216K
  class space    used 496K, committed 576K, reserved 327680K
}
Event: 149.169 GC heap after
{Heap after GC invocations=2 (full 0):
 garbage-first heap   total 262144K, used 11594K [0x00000000e0000000, 0x0000000100000000)
  region size 1024K, 1 young (1024K), 1 survivors (1024K)
 Metaspace       used 4036K, committed 4224K, reserved 393216K
  class space    used 496K, committed 576K, reserved 327680K
}
Event: 170.741 GC heap before
{Heap before GC invocations=2 (full 0):
 garbage-first heap   total 262144K, used 41290K [0x00000000e0000000, 0x0000000100000000)
  region size 1024K, 30 young (30720K), 1 survivors (1024K)
 Metaspace       used 4679K, committed 4928K, reserved 393216K
  class space    used 586K, committed 704K, reserved 327680K
}
Event: 170.762 GC heap after
{Heap after GC invocations=3 (full 0):
 garbage-first heap   total 262144K, used 16039K [0x00000000e0000000, 0x0000000100000000)
  region size 1024K, 4 young (4096K), 4 survivors (4096K)
 Metaspace       used 4679K, committed 4928K, reserved 393216K
  class space    used 586K, committed 704K, reserved 327680K
}
Event: 225.174 GC heap before
{Heap before GC invocations=3 (full 0):
 garbage-first heap   total 262144K, used 116391K [0x00000000e0000000, 0x0000000100000000)
  region size 1024K, 103 young (105472K), 4 survivors (4096K)
 Metaspace       used 21190K, committed 21504K, reserved 393216K
  class space    used 3104K, committed 3264K, reserved 327680K
}
Event: 225.698 GC heap after
{Heap after GC invocations=4 (full 0):
 garbage-first heap   total 262144K, used 23016K [0x00000000e0000000, 0x0000000100000000)
  region size 1024K, 11 young (11264K), 11 survivors (11264K)
 Metaspace       used 21190K, committed 21504K, reserved 393216K
  class space    used 3104K, committed 3264K, reserved 327680K
}
Event: 226.119 GC heap before
{Heap before GC invocations=5 (full 0):
 garbage-first heap   total 262144K, used 24040K [0x00000000e0000000, 0x0000000100000000)
  region size 1024K, 12 young (12288K), 11 survivors (11264K)
 Metaspace       used 21278K, committed 21632K, reserved 393216K
  class space    used 3119K, committed 3264K, reserved 327680K
}
Event: 226.134 GC heap after
{Heap after GC invocations=6 (full 0):
 garbage-first heap   total 262144K, used 23887K [0x00000000e0000000, 0x0000000100000000)
  region size 1024K, 1 young (1024K), 1 survivors (1024K)
 Metaspace       used 21278K, committed 21632K, reserved 393216K
  class space    used 3119K, committed 3264K, reserved 327680K
}
Event: 232.474 GC heap before
{Heap before GC invocations=6 (full 0):
 garbage-first heap   total 262144K, used 41295K [0x00000000e0000000, 0x0000000100000000)
  region size 1024K, 18 young (18432K), 1 survivors (1024K)
 Metaspace       used 23192K, committed 23488K, reserved 393216K
  class space    used 3445K, committed 3584K, reserved 327680K
}
Event: 232.493 GC heap after
{Heap after GC invocations=7 (full 0):
 garbage-first heap   total 262144K, used 23825K [0x00000000e0000000, 0x0000000100000000)
  region size 1024K, 1 young (1024K), 1 survivors (1024K)
 Metaspace       used 23192K, committed 23488K, reserved 393216K
  class space    used 3445K, committed 3584K, reserved 327680K
}

Deoptimization events (20 events):
Event: 309.404 Thread 0x00000240344864a0 Uncommon trap: trap_request=0xffffff45 fr.pc=0x000002400f3f2f4c relative=0x000000000000068c
Event: 309.404 Thread 0x00000240344864a0 Uncommon trap: reason=unstable_if action=reinterpret pc=0x000002400f3f2f4c method=java.lang.AbstractStringBuilder.append(Ljava/lang/String;)Ljava/lang/AbstractStringBuilder; @ 1 c2
Event: 309.404 Thread 0x00000240344864a0 DEOPT PACKING pc=0x000002400f3f2f4c sp=0x0000004627dfe730
Event: 309.404 Thread 0x00000240344864a0 DEOPT UNPACKING pc=0x000002400ee65ba3 sp=0x0000004627dfe6b0 mode 2
Event: 309.410 Thread 0x00000240344864a0 Uncommon trap: trap_request=0xffffff45 fr.pc=0x000002400f4086e0 relative=0x00000000000006a0
Event: 309.410 Thread 0x00000240344864a0 Uncommon trap: reason=unstable_if action=reinterpret pc=0x000002400f4086e0 method=java.lang.AbstractStringBuilder.append(Ljava/lang/String;)Ljava/lang/AbstractStringBuilder; @ 1 c2
Event: 309.410 Thread 0x00000240344864a0 DEOPT PACKING pc=0x000002400f4086e0 sp=0x0000004627dfe6c0
Event: 309.410 Thread 0x00000240344864a0 DEOPT UNPACKING pc=0x000002400ee65ba3 sp=0x0000004627dfe6a8 mode 2
Event: 313.627 Thread 0x00000240346fd4b0 Uncommon trap: trap_request=0xffffffde fr.pc=0x000002400f500d18 relative=0x0000000000000078
Event: 313.628 Thread 0x00000240346fd4b0 Uncommon trap: reason=class_check action=maybe_recompile pc=0x000002400f500d18 method=java.util.Collections$SetFromMap.remove(Ljava/lang/Object;)Z @ 5 c2
Event: 313.628 Thread 0x00000240346fd4b0 DEOPT PACKING pc=0x000002400f500d18 sp=0x00000046281fb050
Event: 313.628 Thread 0x00000240346fd4b0 DEOPT UNPACKING pc=0x000002400ee65ba3 sp=0x00000046281fafe8 mode 2
Event: 313.966 Thread 0x00000240346fd4b0 Uncommon trap: trap_request=0xffffff45 fr.pc=0x000002400f505020 relative=0x00000000000001c0
Event: 313.966 Thread 0x00000240346fd4b0 Uncommon trap: reason=unstable_if action=reinterpret pc=0x000002400f505020 method=java.util.HashMap.putVal(ILjava/lang/Object;Ljava/lang/Object;ZZ)Ljava/lang/Object; @ 162 c2
Event: 313.966 Thread 0x00000240346fd4b0 DEOPT PACKING pc=0x000002400f505020 sp=0x00000046281fa3f0
Event: 313.966 Thread 0x00000240346fd4b0 DEOPT UNPACKING pc=0x000002400ee65ba3 sp=0x00000046281fa380 mode 2
Event: 354.496 Thread 0x00000240346fd4b0 Uncommon trap: trap_request=0xffffffde fr.pc=0x000002400f500d18 relative=0x0000000000000078
Event: 354.496 Thread 0x00000240346fd4b0 Uncommon trap: reason=class_check action=maybe_recompile pc=0x000002400f500d18 method=java.util.Collections$SetFromMap.remove(Ljava/lang/Object;)Z @ 5 c2
Event: 354.496 Thread 0x00000240346fd4b0 DEOPT PACKING pc=0x000002400f500d18 sp=0x00000046281fad20
Event: 354.496 Thread 0x00000240346fd4b0 DEOPT UNPACKING pc=0x000002400ee65ba3 sp=0x00000046281facb8 mode 2

Classes unloaded (0 events):
No events

Classes redefined (0 events):
No events

Internal exceptions (20 events):
Event: 291.119 Thread 0x00000240346fd4b0 Exception <a 'java/lang/ClassNotFoundException'{0x00000000eb72c928}: groovy/lang/Closure$1Customizer> (0x00000000eb72c928) 
thrown [s\open\src\hotspot\share\classfile\systemDictionary.cpp, line 256]
Event: 309.404 Thread 0x00000240344864a0 Implicit null exception at 0x000002400f3f28f2 to 0x000002400f3f2f34
Event: 309.410 Thread 0x00000240344864a0 Implicit null exception at 0x000002400f408072 to 0x000002400f4086c8
Event: 312.502 Thread 0x00000240346fd4b0 Exception <a 'java/lang/ClassNotFoundException'{0x00000000eb33bae8}: ijresolvers1_5fwfkmhltlox5s0ema87djrzgBeanInfo> (0x00000000eb33bae8) 
thrown [s\open\src\hotspot\share\classfile\systemDictionary.cpp, line 256]
Event: 312.505 Thread 0x00000240346fd4b0 Exception <a 'java/lang/ClassNotFoundException'{0x00000000eb341748}: ijresolvers1_5fwfkmhltlox5s0ema87djrzgCustomizer> (0x00000000eb341748) 
thrown [s\open\src\hotspot\share\classfile\systemDictionary.cpp, line 256]
Event: 312.983 Thread 0x00000240346fd4b0 Exception <a 'java/lang/ClassNotFoundException'{0x00000000eb3f5d30}: org/gradle/execution/taskgraph/DefaultTaskExecutionGraphBeanInfo> (0x00000000eb3f5d30) 
thrown [s\open\src\hotspot\share\classfile\systemDictionary.cpp, line 256]
Event: 312.988 Thread 0x00000240346fd4b0 Exception <a 'java/lang/ClassNotFoundException'{0x00000000eb204d18}: org/gradle/execution/taskgraph/DefaultTaskExecutionGraphCustomizer> (0x00000000eb204d18) 
thrown [s\open\src\hotspot\share\classfile\systemDictionary.cpp, line 256]
Event: 313.607 Thread 0x00000240346fd4b0 Exception <a 'java/lang/ClassNotFoundException'{0x00000000eb125600}: org/gradle/configuration/internal/DefaultListenerBuildOperationDecorator$BuildOperationEmittingClosureBeanInfo> (0x00000000eb125600) 
thrown [s\open\src\hotspot\share\classfile\systemDictionary.cpp, line 256]
Event: 313.613 Thread 0x00000240346fd4b0 Exception <a 'java/lang/ClassNotFoundException'{0x00000000eb134b78}: org/gradle/configuration/internal/DefaultListenerBuildOperationDecorator$BuildOperationEmittingClosureCustomizer> (0x00000000eb134b78) 
thrown [s\open\src\hotspot\share\classfile\systemDictionary.cpp, line 256]
Event: 314.132 Thread 0x00000240346fd4b0 Exception <a 'java/lang/NoSuchMethodError'{0x00000000eb0c0220}: 'java.lang.Object java.lang.invoke.DirectMethodHandle$Holder.newInvokeSpecial(java.lang.Object, java.lang.Object, int, int)'> (0x00000000eb0c0220) 
thrown [s\open\src\hotspot\share\interpreter\linkResolver.cpp, line 759]
Event: 314.221 Thread 0x00000240346fd4b0 Exception <a 'sun/nio/fs/WindowsException'{0x00000000eaf2d8c8}> (0x00000000eaf2d8c8) 
thrown [s\open\src\hotspot\share\prims\jni.cpp, line 516]
Event: 314.227 Thread 0x00000240346fd4b0 Exception <a 'sun/nio/fs/WindowsException'{0x00000000eaf2ee78}> (0x00000000eaf2ee78) 
thrown [s\open\src\hotspot\share\prims\jni.cpp, line 516]
Event: 314.232 Thread 0x00000240346fd4b0 Exception <a 'sun/nio/fs/WindowsException'{0x00000000eaf303e0}> (0x00000000eaf303e0) 
thrown [s\open\src\hotspot\share\prims\jni.cpp, line 516]
Event: 314.236 Thread 0x00000240346fd4b0 Exception <a 'sun/nio/fs/WindowsException'{0x00000000eaf31968}> (0x00000000eaf31968) 
thrown [s\open\src\hotspot\share\prims\jni.cpp, line 516]
Event: 354.492 Thread 0x00000240346fd4b0 Exception <a 'java/lang/OutOfMemoryError'{0x00000000eadf6ff8}: unable to create native thread: possibly out of memory or process/resource limits reached> (0x00000000eadf6ff8) 
thrown [s\open\src\hotspot\share\prims\jvm.cpp, line 2923]
Event: 354.597 Thread 0x00000240346fd4b0 Exception <a 'java/lang/OutOfMemoryError'{0x00000000eac379d8}> (0x00000000eac379d8) 
thrown [s\open\src\hotspot\share\prims\jni.cpp, line 535]
Event: 354.637 Thread 0x00000240346fd4b0 Exception <a 'java/lang/NoSuchMethodError'{0x00000000eac525a0}: 'java.lang.Object java.lang.invoke.Invokers$Holder.linkToTargetMethod(java.lang.Object, java.lang.Object, java.lang.Object, int, java.lang.Object, java.lang.Object)'> (0x00000000eac525a0) 
thrown [s\open\src\hotspot\share\interpreter\linkResolver.cpp, line 759]
Event: 354.655 Thread 0x00000240346fd4b0 Exception <a 'java/lang/NoSuchMethodError'{0x00000000eac76130}: 'java.lang.Object java.lang.invoke.DirectMethodHandle$Holder.newInvokeSpecial(java.lang.Object, java.lang.Object, java.lang.Object, java.lang.Object, int)'> (0x00000000eac76130) 
thrown [s\open\src\hotspot\share\interpreter\linkResolver.cpp, line 759]
Event: 354.656 Thread 0x00000240346fd4b0 Exception <a 'java/lang/NoSuchMethodError'{0x00000000eac7a9b8}: 'java.lang.Object java.lang.invoke.DirectMethodHandle$Holder.invokeSpecial(java.lang.Object, java.lang.Object, java.lang.Object, java.lang.Object, java.lang.Object, int)'> (0x00000000eac7a9b8) 
thrown [s\open\src\hotspot\share\interpreter\linkResolver.cpp, line 759]
Event: 354.657 Thread 0x00000240346fd4b0 Exception <a 'java/lang/NoSuchMethodError'{0x00000000eac7ebf0}: 'java.lang.Object java.lang.invoke.Invokers$Holder.linkToTargetMethod(java.lang.Object, java.lang.Object, java.lang.Object, int, java.lang.Object)'> (0x00000000eac7ebf0) 
thrown [s\open\src\hotspot\share\interpreter\linkResolver.cpp, line 759]

VM Operations (20 events):
Event: 295.273 Executing VM operation: Cleanup
Event: 295.274 Executing VM operation: Cleanup done
Event: 301.850 Executing VM operation: HandshakeAllThreads
Event: 301.850 Executing VM operation: HandshakeAllThreads done
Event: 307.930 Executing VM operation: Cleanup
Event: 307.930 Executing VM operation: Cleanup done
Event: 308.972 Executing VM operation: Cleanup
Event: 309.206 Executing VM operation: Cleanup done
Event: 310.212 Executing VM operation: Cleanup
Event: 310.213 Executing VM operation: Cleanup done
Event: 313.260 Executing VM operation: Cleanup
Event: 313.291 Executing VM operation: Cleanup done
Event: 314.306 Executing VM operation: Cleanup
Event: 314.310 Executing VM operation: Cleanup done
Event: 321.369 Executing VM operation: Cleanup
Event: 321.371 Executing VM operation: Cleanup done
Event: 322.374 Executing VM operation: Cleanup
Event: 322.831 Executing VM operation: Cleanup done
Event: 330.887 Executing VM operation: Cleanup
Event: 330.916 Executing VM operation: Cleanup done

Events (20 events):
Event: 290.817 loading class sun/reflect/MagicAccessorImpl
Event: 290.817 loading class sun/reflect/MagicAccessorImpl done
Event: 291.120 loading class com/sun/beans/finder/MethodFinder
Event: 291.120 loading class com/sun/beans/finder/AbstractFinder
Event: 291.121 loading class com/sun/beans/finder/AbstractFinder done
Event: 291.121 loading class com/sun/beans/finder/MethodFinder done
Event: 291.121 loading class com/sun/beans/finder/MethodFinder$1
Event: 291.121 loading class com/sun/beans/finder/MethodFinder$1 done
Event: 291.121 loading class com/sun/beans/finder/FinderUtils
Event: 291.121 loading class com/sun/beans/finder/FinderUtils done
Event: 294.058 Thread 0x0000024035af89e0 Thread added: 0x0000024035af89e0
Event: 308.809 Thread 0x0000024035af38e0 Thread added: 0x0000024035af38e0
Event: 314.099 loading class java/util/BitSet$1BitSetSpliterator
Event: 314.101 loading class java/util/BitSet$1BitSetSpliterator done
Event: 314.155 loading class jdk/internal/reflect/UnsafeStaticIntegerFieldAccessorImpl
Event: 314.157 loading class jdk/internal/reflect/UnsafeStaticIntegerFieldAccessorImpl done
Event: 314.219 loading class sun/nio/fs/WindowsException
Event: 314.221 loading class sun/nio/fs/WindowsException done
Event: 354.582 loading class java/lang/StackTraceElement$HashedModules
Event: 354.583 loading class java/lang/StackTraceElement$HashedModules done


Dynamic libraries:
0x00007ff6d2d40000 - 0x00007ff6d2d50000 	C:\Program Files\Java\jdk-17\bin\java.exe
0x00007fff176b0000 - 0x00007fff178c7000 	C:\WINDOWS\SYSTEM32\ntdll.dll
0x00007fff16220000 - 0x00007fff162e4000 	C:\WINDOWS\System32\KERNEL32.DLL
0x00007fff14d80000 - 0x00007fff15126000 	C:\WINDOWS\System32\KERNELBASE.dll
0x00007fff149f0000 - 0x00007fff14b01000 	C:\WINDOWS\System32\ucrtbase.dll
0x00007ffef5840000 - 0x00007ffef5859000 	C:\Program Files\Java\jdk-17\bin\jli.dll
0x00007fff16ac0000 - 0x00007fff16b73000 	C:\WINDOWS\System32\ADVAPI32.dll
0x00007fff16bb0000 - 0x00007fff16c57000 	C:\WINDOWS\System32\msvcrt.dll
0x00007fff16100000 - 0x00007fff161a8000 	C:\WINDOWS\System32\sechost.dll
0x00007fff14b80000 - 0x00007fff14ba8000 	C:\WINDOWS\System32\bcrypt.dll
0x00007fff15e40000 - 0x00007fff15f57000 	C:\WINDOWS\System32\RPCRT4.dll
0x00007fff16530000 - 0x00007fff166de000 	C:\WINDOWS\System32\USER32.dll
0x00007fff14d50000 - 0x00007fff14d76000 	C:\WINDOWS\System32\win32u.dll
0x00007fff16070000 - 0x00007fff16099000 	C:\WINDOWS\System32\GDI32.dll
0x00007fff14bb0000 - 0x00007fff14cc8000 	C:\WINDOWS\System32\gdi32full.dll
0x00007fff15360000 - 0x00007fff153fa000 	C:\WINDOWS\System32\msvcp_win.dll
0x00007ffeee4b0000 - 0x00007ffeee4cb000 	C:\Program Files\Java\jdk-17\bin\VCRUNTIME140.dll
0x00007ffef76c0000 - 0x00007ffef7953000 	C:\WINDOWS\WinSxS\amd64_microsoft.windows.common-controls_6595b64144ccf1df_6.0.22621.2506_none_270c5ae97388e100\COMCTL32.dll
0x00007fff0b1b0000 - 0x00007fff0b1ba000 	C:\WINDOWS\SYSTEM32\VERSION.dll
0x00007fff166e0000 - 0x00007fff16711000 	C:\WINDOWS\System32\IMM32.DLL
0x00007fff013a0000 - 0x00007fff013ac000 	C:\Program Files\Java\jdk-17\bin\vcruntime140_1.dll
0x00007ffed02b0000 - 0x00007ffed033e000 	C:\Program Files\Java\jdk-17\bin\msvcp140.dll
0x00007ffe67680000 - 0x00007ffe6825f000 	C:\Program Files\Java\jdk-17\bin\server\jvm.dll
0x00007fff16ba0000 - 0x00007fff16ba8000 	C:\WINDOWS\System32\PSAPI.DLL
0x00007fff06290000 - 0x00007fff06299000 	C:\WINDOWS\SYSTEM32\WSOCK32.dll
0x00007fff15450000 - 0x00007fff154c1000 	C:\WINDOWS\System32\WS2_32.dll
0x00007fff0c8d0000 - 0x00007fff0c904000 	C:\WINDOWS\SYSTEM32\WINMM.dll
0x00007fff139f0000 - 0x00007fff13a08000 	C:\WINDOWS\SYSTEM32\kernel.appcore.dll
0x00007fff012a0000 - 0x00007fff012aa000 	C:\Program Files\Java\jdk-17\bin\jimage.dll
0x00007fff12110000 - 0x00007fff12343000 	C:\WINDOWS\SYSTEM32\DBGHELP.DLL
0x00007fff16730000 - 0x00007fff16ab9000 	C:\WINDOWS\System32\combase.dll
0x00007fff158e0000 - 0x00007fff159b7000 	C:\WINDOWS\System32\OLEAUT32.dll
0x00007fff0e350000 - 0x00007fff0e382000 	C:\WINDOWS\SYSTEM32\dbgcore.DLL
0x00007fff14cd0000 - 0x00007fff14d4a000 	C:\WINDOWS\System32\bcryptPrimitives.dll
0x00007ffef7440000 - 0x00007ffef744e000 	C:\Program Files\Java\jdk-17\bin\instrument.dll
0x00007ffeed270000 - 0x00007ffeed295000 	C:\Program Files\Java\jdk-17\bin\java.dll
0x00007ffecfd60000 - 0x00007ffecfe37000 	C:\Program Files\Java\jdk-17\bin\jsvml.dll
0x00007fff16c60000 - 0x00007fff174ba000 	C:\WINDOWS\System32\SHELL32.dll
0x00007fff128f0000 - 0x00007fff131e6000 	C:\WINDOWS\SYSTEM32\windows.storage.dll
0x00007fff127b0000 - 0x00007fff128ee000 	C:\WINDOWS\SYSTEM32\wintypes.dll
0x00007fff16420000 - 0x00007fff16513000 	C:\WINDOWS\System32\SHCORE.dll
0x00007fff174c0000 - 0x00007fff1751e000 	C:\WINDOWS\System32\shlwapi.dll
0x00007fff14920000 - 0x00007fff14946000 	C:\WINDOWS\SYSTEM32\profapi.dll
0x00007ffeed8c0000 - 0x00007ffeed8d8000 	C:\Program Files\Java\jdk-17\bin\zip.dll
0x00007ffeed1d0000 - 0x00007ffeed1e9000 	C:\Program Files\Java\jdk-17\bin\net.dll
0x00007fff0e820000 - 0x00007fff0e957000 	C:\WINDOWS\SYSTEM32\WINHTTP.dll
0x00007fff13e80000 - 0x00007fff13ee9000 	C:\WINDOWS\system32\mswsock.dll
0x00007ffeed180000 - 0x00007ffeed196000 	C:\Program Files\Java\jdk-17\bin\nio.dll
0x00007ffef76b0000 - 0x00007ffef76c0000 	C:\Program Files\Java\jdk-17\bin\verify.dll
0x00007ffeebdf0000 - 0x00007ffeebe17000 	C:\Users\user\.gradle\native\c067742578af261105cb4f569cf0c3c89f3d7b1fecec35dd04571415982c5e48\windows-amd64\native-platform.dll
0x00007ffec81d0000 - 0x00007ffec8314000 	C:\Users\user\.gradle\native\38dada09dfb8b06ba9b0570ebf7e218e3eb74d4ef43ca46872605cf95ebc2f47\windows-amd64\native-platform-file-events.dll
0x00007ffef6fc0000 - 0x00007ffef6fca000 	C:\Program Files\Java\jdk-17\bin\management.dll
0x00007ffef6530000 - 0x00007ffef653b000 	C:\Program Files\Java\jdk-17\bin\management_ext.dll
0x00007fff140f0000 - 0x00007fff1410b000 	C:\WINDOWS\SYSTEM32\CRYPTSP.dll
0x00007fff13950000 - 0x00007fff13985000 	C:\WINDOWS\system32\rsaenh.dll
0x00007fff13f90000 - 0x00007fff13fbc000 	C:\WINDOWS\SYSTEM32\USERENV.dll
0x00007fff14110000 - 0x00007fff1411c000 	C:\WINDOWS\SYSTEM32\CRYPTBASE.dll
0x00007fff13450000 - 0x00007fff1347d000 	C:\WINDOWS\SYSTEM32\IPHLPAPI.DLL
0x00007fff16520000 - 0x00007fff16529000 	C:\WINDOWS\System32\NSI.dll
0x00007fff0e670000 - 0x00007fff0e689000 	C:\WINDOWS\SYSTEM32\dhcpcsvc6.DLL
0x00007fff0e390000 - 0x00007fff0e3af000 	C:\WINDOWS\SYSTEM32\dhcpcsvc.DLL
0x00007fff134c0000 - 0x00007fff135b9000 	C:\WINDOWS\SYSTEM32\DNSAPI.dll
0x00007ffef5f60000 - 0x00007ffef5f6e000 	C:\Program Files\Java\jdk-17\bin\sunmscapi.dll
0x00007fff15130000 - 0x00007fff15296000 	C:\WINDOWS\System32\CRYPT32.dll
0x00007fff142b0000 - 0x00007fff142de000 	C:\WINDOWS\SYSTEM32\ncrypt.dll
0x00007fff14270000 - 0x00007fff142a7000 	C:\WINDOWS\SYSTEM32\NTASN1.dll
0x00007fff01a00000 - 0x00007fff01a08000 	C:\WINDOWS\system32\wshunix.dll

dbghelp: loaded successfully - version: 4.0.5 - missing functions: none
symbol engine: initialized successfully - sym options: 0x614 - pdb path: .;C:\Program Files\Java\jdk-17\bin;C:\WINDOWS\SYSTEM32;C:\WINDOWS\WinSxS\amd64_microsoft.windows.common-controls_6595b64144ccf1df_6.0.22621.2506_none_270c5ae97388e100;C:\Program Files\Java\jdk-17\bin\server;C:\Users\user\.gradle\native\c067742578af261105cb4f569cf0c3c89f3d7b1fecec35dd04571415982c5e48\windows-amd64;C:\Users\user\.gradle\native\38dada09dfb8b06ba9b0570ebf7e218e3eb74d4ef43ca46872605cf95ebc2f47\windows-amd64

VM Arguments:
jvm_args: --add-opens=java.base/java.util=ALL-UNNAMED --add-opens=java.base/java.lang=ALL-UNNAMED --add-opens=java.base/java.lang.invoke=ALL-UNNAMED --add-opens=java.prefs/java.util.prefs=ALL-UNNAMED --add-opens=java.base/java.nio.charset=ALL-UNNAMED --add-opens=java.base/java.net=ALL-UNNAMED --add-opens=java.base/java.util.concurrent.atomic=ALL-UNNAMED -XX:MaxMetaspaceSize=384m -XX:+HeapDumpOnOutOfMemoryError -Xms256m -Xmx512m -Dfile.encoding=x-windows-949 -Duser.country=KR -Duser.language=ko -Duser.variant -javaagent:C:\Users\user\.gradle\wrapper\dists\gradle-8.5-bin\5t9huq95ubn472n8rpzujfbqh\gradle-8.5\lib\agents\gradle-instrumentation-agent-8.5.jar 
java_command: org.gradle.launcher.daemon.bootstrap.GradleDaemon 8.5
java_class_path (initial): C:\Users\user\.gradle\wrapper\dists\gradle-8.5-bin\5t9huq95ubn472n8rpzujfbqh\gradle-8.5\lib\gradle-launcher-8.5.jar
Launcher Type: SUN_STANDARD

[Global flags]
     intx CICompilerCount                          = 4                                         {product} {ergonomic}
   size_t CompressedClassSpaceSize                 = 335544320                                 {product} {ergonomic}
     uint ConcGCThreads                            = 2                                         {product} {ergonomic}
     uint G1ConcRefinementThreads                  = 8                                         {product} {ergonomic}
   size_t G1HeapRegionSize                         = 1048576                                   {product} {ergonomic}
    uintx GCDrainStackTargetSize                   = 64                                        {product} {ergonomic}
     bool HeapDumpOnOutOfMemoryError               = true                                   {manageable} {command line}
   size_t InitialHeapSize                          = 268435456                                 {product} {command line}
   size_t MarkStackSize                            = 4194304                                   {product} {ergonomic}
   size_t MaxHeapSize                              = 536870912                                 {product} {command line}
   size_t MaxMetaspaceSize                         = 402653184                                 {product} {command line}
   size_t MaxNewSize                               = 321912832                                 {product} {ergonomic}
   size_t MinHeapDeltaBytes                        = 1048576                                   {product} {ergonomic}
   size_t MinHeapSize                              = 268435456                                 {product} {command line}
    uintx NonNMethodCodeHeapSize                   = 5839372                                {pd product} {ergonomic}
    uintx NonProfiledCodeHeapSize                  = 122909434                              {pd product} {ergonomic}
    uintx ProfiledCodeHeapSize                     = 122909434                              {pd product} {ergonomic}
    uintx ReservedCodeCacheSize                    = 251658240                              {pd product} {ergonomic}
     bool SegmentedCodeCache                       = true                                      {product} {ergonomic}
   size_t SoftMaxHeapSize                          = 536870912                              {manageable} {ergonomic}
     bool UseCompressedClassPointers               = true                           {product lp64_product} {ergonomic}
     bool UseCompressedOops                        = true                           {product lp64_product} {ergonomic}
     bool UseG1GC                                  = true                                      {product} {ergonomic}
     bool UseLargePagesIndividualAllocation        = false                                  {pd product} {ergonomic}

Logging:
Log output configuration:
 #0: stdout all=warning uptime,level,tags
 #1: stderr all=off uptime,level,tags

Environment Variables:
JAVA_HOME=C:\Program Files\Java\jdk-17
PATH=C:\Program Files\Common Files\Oracle\Java\javapath;C:\Program Files (x86)\Windows Resource Kits\Tools\;C:\app\user\product\21c\dbhomeXE\bin;C:\WINDOWS\system32;C:\WINDOWS;C:\WINDOWS\System32\Wbem;C:\WINDOWS\System32\WindowsPowerShell\v1.0\;C:\WINDOWS\System32\OpenSSH\;C:\Program Files\Java\jdk-11\bin;C:\Program Files\Bandizip\;%MAVEN_HOME%\bin;C:\Program Files\nodejs\;C:\Program Files\Git\cmd;C:\Users\user\AppData\Local\Microsoft\WindowsApps;;C:\Program Files\JetBrains\IntelliJ IDEA 2023.3.2\bin;;C:\Users\user\AppData\Roaming\npm
USERNAME=user
OS=Windows_NT
PROCESSOR_IDENTIFIER=Intel64 Family 6 Model 126 Stepping 5, GenuineIntel



---------------  S Y S T E M  ---------------

OS:
 Windows 11 , 64 bit Build 22621 (10.0.22621.2506)
OS uptime: 41 days 23:26 hours
Hyper-V role detected

CPU: total 8 (initial active 8) (4 cores per cpu, 2 threads per core) family 6 model 126 stepping 5 microcode 0x86, cx8, cmov, fxsr, ht, mmx, 3dnowpref, sse, sse2, sse3, ssse3, sse4.1, sse4.2, popcnt, lzcnt, tsc, tscinvbit, avx, avx2, aes, erms, clmul, bmi1, bmi2, adx, avx512f, avx512dq, avx512cd, avx512bw, avx512vl, sha, fma, vzeroupper, avx512_vpopcntdq, avx512_vpclmulqdq, avx512_vaes, avx512_vnni, clflush, clflushopt, avx512_vbmi2, avx512_vbmi, hv

Memory: 4k page, system-wide physical 7901M (1013M free)
TotalPageFile size 32477M (AvailPageFile size 0M)
current process WorkingSet (physical memory assigned to process): 51M, peak: 144M
current process commit charge ("private bytes"): 419M, peak: 440M

vm_info: Java HotSpot(TM) 64-Bit Server VM (17.0.10+11-LTS-240) for windows-amd64 JRE (17.0.10+11-LTS-240), built on Dec 19 2023 21:47:25 by "mach5one" with MS VC++ 17.1 (VS2022)

END.
