#
# There is insufficient memory for the Java Runtime Environment to continue.
# Native memory allocation (malloc) failed to allocate 1452544 bytes for Chunk::new
# Possible reasons:
#   The system is out of physical RAM or swap space
#   The process is running with CompressedOops enabled, and the Java Heap may be blocking the growth of the native heap
# Possible solutions:
#   Reduce memory load on the system
#   Increase physical memory or swap space
#   Check if swap backing store is full
#   Decrease Java heap size (-Xmx/-Xms)
#   Decrease number of Java threads
#   Decrease Java thread stack sizes (-Xss)
#   Set larger code cache with -XX:ReservedCodeCacheSize=
#   JVM is running with Unscaled Compressed Oops mode in which the Java heap is
#     placed in the first 4GB address space. The Java Heap base address is the
#     maximum limit for the native heap growth. Please use -XX:HeapBaseMinAddress
#     to set the Java Heap base and to place the Java Heap above 4GB virtual address.
# This output file may be truncated or incomplete.
#
#  Out of Memory Error (arena.cpp:189), pid=25556, tid=18032
#
# JRE version: Java(TM) SE Runtime Environment (17.0.10+11) (build 17.0.10+11-LTS-240)
# Java VM: Java HotSpot(TM) 64-Bit Server VM (17.0.10+11-LTS-240, mixed mode, sharing, tiered, compressed oops, compressed class ptrs, g1 gc, windows-amd64)
# No core dump will be written. Minidumps are not enabled by default on client versions of Windows
#

---------------  S U M M A R Y ------------

Command Line: --add-opens=java.base/java.util=ALL-UNNAMED --add-opens=java.base/java.lang=ALL-UNNAMED --add-opens=java.base/java.lang.invoke=ALL-UNNAMED --add-opens=java.prefs/java.util.prefs=ALL-UNNAMED --add-opens=java.base/java.nio.charset=ALL-UNNAMED --add-opens=java.base/java.net=ALL-UNNAMED --add-opens=java.base/java.util.concurrent.atomic=ALL-UNNAMED -XX:MaxMetaspaceSize=384m -XX:+HeapDumpOnOutOfMemoryError -Xms256m -Xmx512m -Dfile.encoding=x-windows-949 -Duser.country=KR -Duser.language=ko -Duser.variant -javaagent:C:\Users\user\.gradle\wrapper\dists\gradle-8.5-bin\5t9huq95ubn472n8rpzujfbqh\gradle-8.5\lib\agents\gradle-instrumentation-agent-8.5.jar org.gradle.launcher.daemon.bootstrap.GradleDaemon 8.5

Host: Intel(R) Core(TM) i5-1035G7 CPU @ 1.20GHz, 8 cores, 7G,  Windows 11 , 64 bit Build 22621 (10.0.22621.2506)
Time: Sat Mar  2 10:31:37 2024  Windows 11 , 64 bit Build 22621 (10.0.22621.2506) elapsed time: 770.651156 seconds (0d 0h 12m 50s)

---------------  T H R E A D  ---------------

Current thread (0x000002256d5879d0):  JavaThread "C2 CompilerThread0" daemon [_thread_in_native, id=18032, stack(0x000000b95a300000,0x000000b95a400000)]


Current CompileTask:
C2: 770656 6486   !   4       java.net.URLClassLoader::findClass (47 bytes)

Stack: [0x000000b95a300000,0x000000b95a400000]
Native frames: (J=compiled Java code, j=interpreted, Vv=VM code, C=native code)
V  [jvm.dll+0x677a5a]
V  [jvm.dll+0x7d8b2d]
V  [jvm.dll+0x7da48e]
V  [jvm.dll+0x7daaf3]
V  [jvm.dll+0x2455ff]
V  [jvm.dll+0xaaafb]
V  [jvm.dll+0xab09c]
V  [jvm.dll+0x361bae]
V  [jvm.dll+0x1bb1da]
V  [jvm.dll+0x217aa7]
V  [jvm.dll+0x216d81]
V  [jvm.dll+0x1a3410]
V  [jvm.dll+0x226aeb]
V  [jvm.dll+0x224cab]
V  [jvm.dll+0x78e45c]
V  [jvm.dll+0x78888a]
V  [jvm.dll+0x676935]
C  [ucrtbase.dll+0x29363]
C  [KERNEL32.DLL+0x1257d]
C  [ntdll.dll+0x5aa58]


---------------  P R O C E S S  ---------------

Threads class SMR info:
_java_thread_list=0x00000225739658b0, length=61, elements={
0x0000022552c70fd0, 0x000002256d567770, 0x000002256d568ad0, 0x000002256d595740,
0x000002256d581340, 0x000002256d583f10, 0x000002256d586ce0, 0x000002256d5879d0,
0x000002256d590b10, 0x000002256d591030, 0x000002256d551770, 0x000002256d736920,
0x0000022572c57ca0, 0x0000022572887250, 0x000002256d5dd8c0, 0x000002256d8e9710,
0x0000022572a08830, 0x000002256d988100, 0x000002256d989030, 0x000002256d987bf0,
0x000002256d988610, 0x000002256d988b20, 0x000002256d989a50, 0x000002256d989f60,
0x000002256d98a980, 0x000002256d9876e0, 0x000002256d9871d0, 0x0000022572a36060,
0x0000022572a3a740, 0x0000022572a3bb80, 0x0000022572a3a230, 0x0000022572a37ec0,
0x0000022572a39810, 0x0000022572a38df0, 0x0000022572a3ac50, 0x0000022572a383d0,
0x0000022572a39300, 0x0000022572a3b160, 0x0000022572a388e0, 0x0000022572a3b670,
0x0000022572a39d20, 0x0000022572a3c090, 0x0000022572a3c5a0, 0x0000022572a36570,
0x0000022572a3cfc0, 0x0000022572a36f90, 0x0000022572a374a0, 0x0000022572a379b0,
0x000002256d98a470, 0x0000022574e9b9b0, 0x0000022574e9af90, 0x0000022574e95e90,
0x0000022574e9a570, 0x0000022574e96dc0, 0x0000022574e98710, 0x0000022574e963a0,
0x0000022574e94f60, 0x0000022574e977e0, 0x0000022574e99130, 0x0000022574e99b50,
0x0000022574e9c3d0
}

Java Threads: ( => current thread )
  0x0000022552c70fd0 JavaThread "main" [_thread_blocked, id=24052, stack(0x000000b959600000,0x000000b959700000)]
  0x000002256d567770 JavaThread "Reference Handler" daemon [_thread_blocked, id=26988, stack(0x000000b959d00000,0x000000b959e00000)]
  0x000002256d568ad0 JavaThread "Finalizer" daemon [_thread_blocked, id=13908, stack(0x000000b959e00000,0x000000b959f00000)]
  0x000002256d595740 JavaThread "Signal Dispatcher" daemon [_thread_blocked, id=25080, stack(0x000000b959f00000,0x000000b95a000000)]
  0x000002256d581340 JavaThread "Attach Listener" daemon [_thread_blocked, id=42392, stack(0x000000b95a000000,0x000000b95a100000)]
  0x000002256d583f10 JavaThread "Service Thread" daemon [_thread_blocked, id=14068, stack(0x000000b95a100000,0x000000b95a200000)]
  0x000002256d586ce0 JavaThread "Monitor Deflation Thread" daemon [_thread_blocked, id=22204, stack(0x000000b95a200000,0x000000b95a300000)]
=>0x000002256d5879d0 JavaThread "C2 CompilerThread0" daemon [_thread_in_native, id=18032, stack(0x000000b95a300000,0x000000b95a400000)]
  0x000002256d590b10 JavaThread "C1 CompilerThread0" daemon [_thread_blocked, id=18036, stack(0x000000b95a400000,0x000000b95a500000)]
  0x000002256d591030 JavaThread "Sweeper thread" daemon [_thread_blocked, id=34764, stack(0x000000b95a500000,0x000000b95a600000)]
  0x000002256d551770 JavaThread "Common-Cleaner" daemon [_thread_blocked, id=37144, stack(0x000000b95a600000,0x000000b95a700000)]
  0x000002256d736920 JavaThread "Notification Thread" daemon [_thread_blocked, id=37056, stack(0x000000b95a700000,0x000000b95a800000)]
  0x0000022572c57ca0 JavaThread "Daemon health stats" [_thread_blocked, id=43552, stack(0x000000b95ae00000,0x000000b95af00000)]
  0x0000022572887250 JavaThread "Incoming local TCP Connector on port 60362" [_thread_in_native, id=33612, stack(0x000000b95af00000,0x000000b95b000000)]
  0x000002256d5dd8c0 JavaThread "Daemon periodic checks" [_thread_blocked, id=30468, stack(0x000000b95b000000,0x000000b95b100000)]
  0x000002256d8e9710 JavaThread "Daemon" [_thread_blocked, id=1844, stack(0x000000b95b100000,0x000000b95b200000)]
  0x0000022572a08830 JavaThread "Handler for socket connection from /127.0.0.1:60362 to /127.0.0.1:60367" [_thread_in_native, id=18736, stack(0x000000b95b200000,0x000000b95b300000)]
  0x000002256d988100 JavaThread "Cancel handler" [_thread_blocked, id=39124, stack(0x000000b95b300000,0x000000b95b400000)]
  0x000002256d989030 JavaThread "Daemon worker" [_thread_blocked, id=19708, stack(0x000000b95b400000,0x000000b95b500000)]
  0x000002256d987bf0 JavaThread "Asynchronous log dispatcher for DefaultDaemonConnection: socket connection from /127.0.0.1:60362 to /127.0.0.1:60367" [_thread_blocked, id=31428, stack(0x000000b95b500000,0x000000b95b600000)]
  0x000002256d988610 JavaThread "Stdin handler" [_thread_blocked, id=23212, stack(0x000000b95b600000,0x000000b95b700000)]
  0x000002256d988b20 JavaThread "Daemon client event forwarder" [_thread_blocked, id=23972, stack(0x000000b95b700000,0x000000b95b800000)]
  0x000002256d989a50 JavaThread "Cache worker for journal cache (C:\Users\user\.gradle\caches\journal-1)" [_thread_blocked, id=28484, stack(0x000000b95b800000,0x000000b95b900000)]
  0x000002256d989f60 JavaThread "File lock request listener" [_thread_in_native, id=40452, stack(0x000000b95b900000,0x000000b95ba00000)]
  0x000002256d98a980 JavaThread "Cache worker for file hash cache (C:\Users\user\.gradle\caches\8.5\fileHashes)" [_thread_blocked, id=29152, stack(0x000000b95bd00000,0x000000b95be00000)]
  0x000002256d9876e0 JavaThread "File watcher server" daemon [_thread_in_native, id=10736, stack(0x000000b95be00000,0x000000b95bf00000)]
  0x000002256d9871d0 JavaThread "File watcher consumer" daemon [_thread_blocked, id=41636, stack(0x000000b95bf00000,0x000000b95c000000)]
  0x0000022572a36060 JavaThread "Cache worker for checksums cache (C:\basket\.gradle\8.5\checksums)" [_thread_blocked, id=19284, stack(0x000000b95c300000,0x000000b95c400000)]
  0x0000022572a3a740 JavaThread "Cache worker for file hash cache (C:\basket\.gradle\8.5\fileHashes)" [_thread_blocked, id=12680, stack(0x000000b95c400000,0x000000b95c500000)]
  0x0000022572a3bb80 JavaThread "Cache worker for cache directory md-supplier (C:\Users\user\.gradle\caches\8.5\md-supplier)" [_thread_blocked, id=40572, stack(0x000000b95c500000,0x000000b95c600000)]
  0x0000022572a3a230 JavaThread "Cache worker for cache directory md-rule (C:\Users\user\.gradle\caches\8.5\md-rule)" [_thread_blocked, id=5824, stack(0x000000b95c600000,0x000000b95c700000)]
  0x0000022572a37ec0 JavaThread "Cache worker for file content cache (C:\Users\user\.gradle\caches\8.5\fileContent)" [_thread_blocked, id=23884, stack(0x000000b95c700000,0x000000b95c800000)]
  0x0000022572a39810 JavaThread "Cache worker for execution history cache (C:\Users\user\.gradle\caches\8.5\executionHistory)" [_thread_blocked, id=40128, stack(0x000000b95c800000,0x000000b95c900000)]
  0x0000022572a38df0 JavaThread "jar transforms" [_thread_blocked, id=25276, stack(0x000000b959300000,0x000000b959400000)]
  0x0000022572a3ac50 JavaThread "jar transforms Thread 2" [_thread_blocked, id=20136, stack(0x000000b959400000,0x000000b959500000)]
  0x0000022572a383d0 JavaThread "jar transforms Thread 3" [_thread_blocked, id=30052, stack(0x000000b959500000,0x000000b959600000)]
  0x0000022572a39300 JavaThread "jar transforms Thread 4" [_thread_blocked, id=22044, stack(0x000000b95bb00000,0x000000b95bc00000)]
  0x0000022572a3b160 JavaThread "jar transforms Thread 5" [_thread_blocked, id=26672, stack(0x000000b95bc00000,0x000000b95bd00000)]
  0x0000022572a388e0 JavaThread "jar transforms Thread 6" [_thread_blocked, id=18872, stack(0x000000b95c900000,0x000000b95ca00000)]
  0x0000022572a3b670 JavaThread "Cache worker for dependencies-accessors (C:\basket\.gradle\8.5\dependencies-accessors)" [_thread_blocked, id=20092, stack(0x000000b95cb00000,0x000000b95cc00000)]
  0x0000022572a39d20 JavaThread "File lock release action executor Thread 3" [_thread_in_native, id=16476, stack(0x000000b95ba00000,0x000000b95bb00000)]
  0x0000022572a3c090 JavaThread "jar transforms Thread 7" [_thread_blocked, id=37892, stack(0x000000b95cc00000,0x000000b95cd00000)]
  0x0000022572a3c5a0 JavaThread "Cache worker for Build Output Cleanup Cache (C:\basket\.gradle\buildOutputCleanup)" [_thread_blocked, id=32356, stack(0x000000b95ca00000,0x000000b95cb00000)]
  0x0000022572a36570 JavaThread "Unconstrained build operations" [_thread_blocked, id=33616, stack(0x000000b95cd00000,0x000000b95ce00000)]
  0x0000022572a3cfc0 JavaThread "Unconstrained build operations Thread 2" [_thread_blocked, id=27132, stack(0x000000b95ce00000,0x000000b95cf00000)]
  0x0000022572a36f90 JavaThread "Unconstrained build operations Thread 3" [_thread_blocked, id=27464, stack(0x000000b95cf00000,0x000000b95d000000)]
  0x0000022572a374a0 JavaThread "Unconstrained build operations Thread 4" [_thread_blocked, id=12180, stack(0x000000b95d000000,0x000000b95d100000)]
  0x0000022572a379b0 JavaThread "Unconstrained build operations Thread 5" [_thread_blocked, id=16332, stack(0x000000b95d100000,0x000000b95d200000)]
  0x000002256d98a470 JavaThread "Unconstrained build operations Thread 6" [_thread_blocked, id=29984, stack(0x000000b95d200000,0x000000b95d300000)]
  0x0000022574e9b9b0 JavaThread "Unconstrained build operations Thread 7" [_thread_blocked, id=35204, stack(0x000000b95d300000,0x000000b95d400000)]
  0x0000022574e9af90 JavaThread "jar transforms Thread 8" [_thread_blocked, id=33508, stack(0x000000b95d500000,0x000000b95d600000)]
  0x0000022574e95e90 JavaThread "Memory manager" [_thread_blocked, id=12544, stack(0x000000b95d600000,0x000000b95d700000)]
  0x0000022574e9a570 JavaThread "included builds" [_thread_blocked, id=40712, stack(0x000000b95d700000,0x000000b95d800000)]
  0x0000022574e96dc0 JavaThread "Execution worker" [_thread_in_Java, id=17396, stack(0x000000b95d800000,0x000000b95d900000)]
  0x0000022574e98710 JavaThread "Execution worker Thread 2" [_thread_blocked, id=9276, stack(0x000000b95d900000,0x000000b95da00000)]
  0x0000022574e963a0 JavaThread "Execution worker Thread 3" [_thread_blocked, id=7528, stack(0x000000b95da00000,0x000000b95db00000)]
  0x0000022574e94f60 JavaThread "Execution worker Thread 4" [_thread_blocked, id=28064, stack(0x000000b95db00000,0x000000b95dc00000)]
  0x0000022574e977e0 JavaThread "Execution worker Thread 5" [_thread_blocked, id=40592, stack(0x000000b95dc00000,0x000000b95dd00000)]
  0x0000022574e99130 JavaThread "Execution worker Thread 6" [_thread_blocked, id=28376, stack(0x000000b95dd00000,0x000000b95de00000)]
  0x0000022574e99b50 JavaThread "Execution worker Thread 7" [_thread_blocked, id=13840, stack(0x000000b95de00000,0x000000b95df00000)]
  0x0000022574e9c3d0 JavaThread "Cache worker for execution history cache (C:\basket\.gradle\8.5\executionHistory)" [_thread_blocked, id=44028, stack(0x000000b95df00000,0x000000b95e000000)]

Other Threads:
  0x000002256d561120 VMThread "VM Thread" [stack: 0x000000b959c00000,0x000000b959d00000] [id=34648]
  0x0000022552c721c0 WatcherThread [stack: 0x000000b95a800000,0x000000b95a900000] [id=43832]
  0x0000022552ca1940 GCTaskThread "GC Thread#0" [stack: 0x000000b959700000,0x000000b959800000] [id=14196]
  0x000002257263d080 GCTaskThread "GC Thread#1" [stack: 0x000000b95a900000,0x000000b95aa00000] [id=35008]
  0x00000225725ed5f0 GCTaskThread "GC Thread#2" [stack: 0x000000b95aa00000,0x000000b95ab00000] [id=41376]
  0x00000225725ed8b0 GCTaskThread "GC Thread#3" [stack: 0x000000b95ab00000,0x000000b95ac00000] [id=27708]
  0x00000225725edb70 GCTaskThread "GC Thread#4" [stack: 0x000000b95ac00000,0x000000b95ad00000] [id=8380]
  0x00000225725ede30 GCTaskThread "GC Thread#5" [stack: 0x000000b95ad00000,0x000000b95ae00000] [id=31096]
  0x000002257329ced0 GCTaskThread "GC Thread#6" [stack: 0x000000b95c000000,0x000000b95c100000] [id=21440]
  0x000002257396ca60 GCTaskThread "GC Thread#7" [stack: 0x000000b95c100000,0x000000b95c200000] [id=26248]
  0x0000022552ca6890 ConcurrentGCThread "G1 Main Marker" [stack: 0x000000b959800000,0x000000b959900000] [id=23452]
  0x0000022552ca72a0 ConcurrentGCThread "G1 Conc#0" [stack: 0x000000b959900000,0x000000b959a00000] [id=18056]
  0x00000225735eaca0 ConcurrentGCThread "G1 Conc#1" [stack: 0x000000b95c200000,0x000000b95c300000] [id=37212]
  0x0000022552d3ec80 ConcurrentGCThread "G1 Refine#0" [stack: 0x000000b959a00000,0x000000b959b00000] [id=17708]
  0x000002256d422c10 ConcurrentGCThread "G1 Service" [stack: 0x000000b959b00000,0x000000b959c00000] [id=20952]

Threads with active compile tasks:
C2 CompilerThread0   770975 6486   !   4       java.net.URLClassLoader::findClass (47 bytes)
C1 CompilerThread0   770976 6511       3       io.spring.gradle.dependencymanagement.org.codehaus.plexus.util.xml.pull.MXParser::parseEndTag (443 bytes)

VM state: not at safepoint (normal execution)

VM Mutex/Monitor currently owned by a thread:  ([mutex/lock_event])
[0x0000022552c6eaa0] CompileThread_lock - owner thread: 0x000002256d590b10

Heap address: 0x00000000e0000000, size: 512 MB, Compressed Oops mode: 32-bit

CDS archive(s) mapped at: [0x0000022500000000-0x0000022500bd0000-0x0000022500bd0000), size 12386304, SharedBaseAddress: 0x0000022500000000, ArchiveRelocationMode: 1.
Compressed class space mapped at: 0x0000022501000000-0x0000022515000000, reserved size: 335544320
Narrow klass base: 0x0000022500000000, Narrow klass shift: 0, Narrow klass range: 0x100000000

GC Precious Log:
 CPUs: 8 total, 8 available
 Memory: 7901M
 Large Page Support: Disabled
 NUMA Support: Disabled
 Compressed Oops: Enabled (32-bit)
 Heap Region Size: 1M
 Heap Min Capacity: 256M
 Heap Initial Capacity: 256M
 Heap Max Capacity: 512M
 Pre-touch: Disabled
 Parallel Workers: 8
 Concurrent Workers: 2
 Concurrent Refinement Workers: 8
 Periodic GC: Disabled

Heap:
 garbage-first heap   total 262144K, used 42912K [0x00000000e0000000, 0x0000000100000000)
  region size 1024K, 5 young (5120K), 3 survivors (3072K)
 Metaspace       used 50267K, committed 50752K, reserved 393216K
  class space    used 7154K, committed 7360K, reserved 327680K

Heap Regions: E=young(eden), S=young(survivor), O=old, HS=humongous(starts), HC=humongous(continues), CS=collection set, F=free, OA=open archive, CA=closed archive, TAMS=top-at-mark-start (previous, next)
|   0|0x00000000e0000000, 0x00000000e0100000, 0x00000000e0100000|100%|HS|  |TAMS 0x00000000e0100000, 0x00000000e0000000| Complete 
|   1|0x00000000e0100000, 0x00000000e0200000, 0x00000000e0200000|100%|HC|  |TAMS 0x00000000e0200000, 0x00000000e0100000| Complete 
|   2|0x00000000e0200000, 0x00000000e0300000, 0x00000000e0300000|100%|HC|  |TAMS 0x00000000e0300000, 0x00000000e0200000| Complete 
|   3|0x00000000e0300000, 0x00000000e0400000, 0x00000000e0400000|100%|HC|  |TAMS 0x00000000e0400000, 0x00000000e0300000| Complete 
|   4|0x00000000e0400000, 0x00000000e0500000, 0x00000000e0500000|100%| O|  |TAMS 0x00000000e0500000, 0x00000000e0400000| Untracked 
|   5|0x00000000e0500000, 0x00000000e0600000, 0x00000000e0600000|100%| O|  |TAMS 0x00000000e0600000, 0x00000000e0500000| Untracked 
|   6|0x00000000e0600000, 0x00000000e0700000, 0x00000000e0700000|100%| O|  |TAMS 0x00000000e0700000, 0x00000000e0600000| Untracked 
|   7|0x00000000e0700000, 0x00000000e0800000, 0x00000000e0800000|100%| O|  |TAMS 0x00000000e0800000, 0x00000000e0700000| Untracked 
|   8|0x00000000e0800000, 0x00000000e0900000, 0x00000000e0900000|100%| O|  |TAMS 0x00000000e0900000, 0x00000000e0800000| Untracked 
|   9|0x00000000e0900000, 0x00000000e0a00000, 0x00000000e0a00000|100%| O|  |TAMS 0x00000000e0a00000, 0x00000000e0900000| Untracked 
|  10|0x00000000e0a00000, 0x00000000e0b00000, 0x00000000e0b00000|100%| O|  |TAMS 0x00000000e0af2200, 0x00000000e0a00000| Untracked 
|  11|0x00000000e0b00000, 0x00000000e0c00000, 0x00000000e0c00000|100%| O|  |TAMS 0x00000000e0b00000, 0x00000000e0b00000| Untracked 
|  12|0x00000000e0c00000, 0x00000000e0d00000, 0x00000000e0d00000|100%| O|  |TAMS 0x00000000e0c00000, 0x00000000e0c00000| Untracked 
|  13|0x00000000e0d00000, 0x00000000e0e00000, 0x00000000e0e00000|100%| O|  |TAMS 0x00000000e0d00000, 0x00000000e0d00000| Untracked 
|  14|0x00000000e0e00000, 0x00000000e0f00000, 0x00000000e0f00000|100%| O|  |TAMS 0x00000000e0e00000, 0x00000000e0e00000| Untracked 
|  15|0x00000000e0f00000, 0x00000000e1000000, 0x00000000e1000000|100%| O|  |TAMS 0x00000000e0f00000, 0x00000000e0f00000| Untracked 
|  16|0x00000000e1000000, 0x00000000e1100000, 0x00000000e1100000|100%| O|  |TAMS 0x00000000e1000000, 0x00000000e1000000| Untracked 
|  17|0x00000000e1100000, 0x00000000e1200000, 0x00000000e1200000|100%| O|  |TAMS 0x00000000e1100000, 0x00000000e1100000| Untracked 
|  18|0x00000000e1200000, 0x00000000e1300000, 0x00000000e1300000|100%| O|  |TAMS 0x00000000e1200000, 0x00000000e1200000| Untracked 
|  19|0x00000000e1300000, 0x00000000e1400000, 0x00000000e1400000|100%| O|  |TAMS 0x00000000e1300000, 0x00000000e1300000| Untracked 
|  20|0x00000000e1400000, 0x00000000e1500000, 0x00000000e1500000|100%| O|  |TAMS 0x00000000e1400000, 0x00000000e1400000| Untracked 
|  21|0x00000000e1500000, 0x00000000e1600000, 0x00000000e1600000|100%| O|  |TAMS 0x00000000e1500000, 0x00000000e1500000| Untracked 
|  22|0x00000000e1600000, 0x00000000e1700000, 0x00000000e1700000|100%| O|  |TAMS 0x00000000e1600000, 0x00000000e1600000| Untracked 
|  23|0x00000000e1700000, 0x00000000e1800000, 0x00000000e1800000|100%| O|  |TAMS 0x00000000e1700000, 0x00000000e1700000| Untracked 
|  24|0x00000000e1800000, 0x00000000e1900000, 0x00000000e1900000|100%| O|  |TAMS 0x00000000e1800000, 0x00000000e1800000| Untracked 
|  25|0x00000000e1900000, 0x00000000e1a00000, 0x00000000e1a00000|100%| O|  |TAMS 0x00000000e1900000, 0x00000000e1900000| Untracked 
|  26|0x00000000e1a00000, 0x00000000e1b00000, 0x00000000e1b00000|100%| O|  |TAMS 0x00000000e1a00000, 0x00000000e1a00000| Untracked 
|  27|0x00000000e1b00000, 0x00000000e1c00000, 0x00000000e1c00000|100%| O|  |TAMS 0x00000000e1b00000, 0x00000000e1b00000| Untracked 
|  28|0x00000000e1c00000, 0x00000000e1d00000, 0x00000000e1d00000|100%| O|  |TAMS 0x00000000e1c00000, 0x00000000e1c00000| Untracked 
|  29|0x00000000e1d00000, 0x00000000e1e00000, 0x00000000e1e00000|100%| O|  |TAMS 0x00000000e1d00000, 0x00000000e1d00000| Untracked 
|  30|0x00000000e1e00000, 0x00000000e1f00000, 0x00000000e1f00000|100%| O|  |TAMS 0x00000000e1e00000, 0x00000000e1e00000| Untracked 
|  31|0x00000000e1f00000, 0x00000000e2000000, 0x00000000e2000000|100%| O|  |TAMS 0x00000000e1f00000, 0x00000000e1f00000| Untracked 
|  32|0x00000000e2000000, 0x00000000e2100000, 0x00000000e2100000|100%| O|  |TAMS 0x00000000e2000000, 0x00000000e2000000| Untracked 
|  33|0x00000000e2100000, 0x00000000e2200000, 0x00000000e2200000|100%| O|  |TAMS 0x00000000e2100000, 0x00000000e2100000| Untracked 
|  34|0x00000000e2200000, 0x00000000e2300000, 0x00000000e2300000|100%| O|  |TAMS 0x00000000e2200000, 0x00000000e2200000| Untracked 
|  35|0x00000000e2300000, 0x00000000e2400000, 0x00000000e2400000|100%| O|  |TAMS 0x00000000e2300000, 0x00000000e2300000| Untracked 
|  36|0x00000000e2400000, 0x00000000e2500000, 0x00000000e2500000|100%| O|  |TAMS 0x00000000e2400000, 0x00000000e2400000| Untracked 
|  37|0x00000000e2500000, 0x00000000e2600000, 0x00000000e2600000|100%| O|  |TAMS 0x00000000e2500000, 0x00000000e2500000| Untracked 
|  38|0x00000000e2600000, 0x00000000e2655e00, 0x00000000e2700000| 33%| O|  |TAMS 0x00000000e2600000, 0x00000000e2600000| Untracked 
|  39|0x00000000e2700000, 0x00000000e2700000, 0x00000000e2800000|  0%| F|  |TAMS 0x00000000e2700000, 0x00000000e2700000| Untracked 
|  40|0x00000000e2800000, 0x00000000e2800000, 0x00000000e2900000|  0%| F|  |TAMS 0x00000000e2800000, 0x00000000e2800000| Untracked 
|  41|0x00000000e2900000, 0x00000000e2900000, 0x00000000e2a00000|  0%| F|  |TAMS 0x00000000e2900000, 0x00000000e2900000| Untracked 
|  42|0x00000000e2a00000, 0x00000000e2a00000, 0x00000000e2b00000|  0%| F|  |TAMS 0x00000000e2a00000, 0x00000000e2a00000| Untracked 
|  43|0x00000000e2b00000, 0x00000000e2b00000, 0x00000000e2c00000|  0%| F|  |TAMS 0x00000000e2b00000, 0x00000000e2b00000| Untracked 
|  44|0x00000000e2c00000, 0x00000000e2c00000, 0x00000000e2d00000|  0%| F|  |TAMS 0x00000000e2c00000, 0x00000000e2c00000| Untracked 
|  45|0x00000000e2d00000, 0x00000000e2d00000, 0x00000000e2e00000|  0%| F|  |TAMS 0x00000000e2d00000, 0x00000000e2d00000| Untracked 
|  46|0x00000000e2e00000, 0x00000000e2e00000, 0x00000000e2f00000|  0%| F|  |TAMS 0x00000000e2e00000, 0x00000000e2e00000| Untracked 
|  47|0x00000000e2f00000, 0x00000000e2f00000, 0x00000000e3000000|  0%| F|  |TAMS 0x00000000e2f00000, 0x00000000e2f00000| Untracked 
|  48|0x00000000e3000000, 0x00000000e3000000, 0x00000000e3100000|  0%| F|  |TAMS 0x00000000e3000000, 0x00000000e3000000| Untracked 
|  49|0x00000000e3100000, 0x00000000e3100000, 0x00000000e3200000|  0%| F|  |TAMS 0x00000000e3100000, 0x00000000e3100000| Untracked 
|  50|0x00000000e3200000, 0x00000000e3200000, 0x00000000e3300000|  0%| F|  |TAMS 0x00000000e3200000, 0x00000000e3200000| Untracked 
|  51|0x00000000e3300000, 0x00000000e3300000, 0x00000000e3400000|  0%| F|  |TAMS 0x00000000e3300000, 0x00000000e3300000| Untracked 
|  52|0x00000000e3400000, 0x00000000e3400000, 0x00000000e3500000|  0%| F|  |TAMS 0x00000000e3400000, 0x00000000e3400000| Untracked 
|  53|0x00000000e3500000, 0x00000000e3500000, 0x00000000e3600000|  0%| F|  |TAMS 0x00000000e3500000, 0x00000000e3500000| Untracked 
|  54|0x00000000e3600000, 0x00000000e3600000, 0x00000000e3700000|  0%| F|  |TAMS 0x00000000e3600000, 0x00000000e3600000| Untracked 
|  55|0x00000000e3700000, 0x00000000e3700000, 0x00000000e3800000|  0%| F|  |TAMS 0x00000000e3700000, 0x00000000e3700000| Untracked 
|  56|0x00000000e3800000, 0x00000000e3800000, 0x00000000e3900000|  0%| F|  |TAMS 0x00000000e3800000, 0x00000000e3800000| Untracked 
|  57|0x00000000e3900000, 0x00000000e3900000, 0x00000000e3a00000|  0%| F|  |TAMS 0x00000000e3900000, 0x00000000e3900000| Untracked 
|  58|0x00000000e3a00000, 0x00000000e3a00000, 0x00000000e3b00000|  0%| F|  |TAMS 0x00000000e3a00000, 0x00000000e3a00000| Untracked 
|  59|0x00000000e3b00000, 0x00000000e3b00000, 0x00000000e3c00000|  0%| F|  |TAMS 0x00000000e3b00000, 0x00000000e3b00000| Untracked 
|  60|0x00000000e3c00000, 0x00000000e3c00000, 0x00000000e3d00000|  0%| F|  |TAMS 0x00000000e3c00000, 0x00000000e3c00000| Untracked 
|  61|0x00000000e3d00000, 0x00000000e3d00000, 0x00000000e3e00000|  0%| F|  |TAMS 0x00000000e3d00000, 0x00000000e3d00000| Untracked 
|  62|0x00000000e3e00000, 0x00000000e3e00000, 0x00000000e3f00000|  0%| F|  |TAMS 0x00000000e3e00000, 0x00000000e3e00000| Untracked 
|  63|0x00000000e3f00000, 0x00000000e3f00000, 0x00000000e4000000|  0%| F|  |TAMS 0x00000000e3f00000, 0x00000000e3f00000| Untracked 
|  64|0x00000000e4000000, 0x00000000e4000000, 0x00000000e4100000|  0%| F|  |TAMS 0x00000000e4000000, 0x00000000e4000000| Untracked 
|  65|0x00000000e4100000, 0x00000000e4100000, 0x00000000e4200000|  0%| F|  |TAMS 0x00000000e4100000, 0x00000000e4100000| Untracked 
|  66|0x00000000e4200000, 0x00000000e4200000, 0x00000000e4300000|  0%| F|  |TAMS 0x00000000e4200000, 0x00000000e4200000| Untracked 
|  67|0x00000000e4300000, 0x00000000e4300000, 0x00000000e4400000|  0%| F|  |TAMS 0x00000000e4300000, 0x00000000e4300000| Untracked 
|  68|0x00000000e4400000, 0x00000000e4400000, 0x00000000e4500000|  0%| F|  |TAMS 0x00000000e4400000, 0x00000000e4400000| Untracked 
|  69|0x00000000e4500000, 0x00000000e4500000, 0x00000000e4600000|  0%| F|  |TAMS 0x00000000e4500000, 0x00000000e4500000| Untracked 
|  70|0x00000000e4600000, 0x00000000e4600000, 0x00000000e4700000|  0%| F|  |TAMS 0x00000000e4600000, 0x00000000e4600000| Untracked 
|  71|0x00000000e4700000, 0x00000000e4700000, 0x00000000e4800000|  0%| F|  |TAMS 0x00000000e4700000, 0x00000000e4700000| Untracked 
|  72|0x00000000e4800000, 0x00000000e4800000, 0x00000000e4900000|  0%| F|  |TAMS 0x00000000e4800000, 0x00000000e4800000| Untracked 
|  73|0x00000000e4900000, 0x00000000e4900000, 0x00000000e4a00000|  0%| F|  |TAMS 0x00000000e4900000, 0x00000000e4900000| Untracked 
|  74|0x00000000e4a00000, 0x00000000e4a00000, 0x00000000e4b00000|  0%| F|  |TAMS 0x00000000e4a00000, 0x00000000e4a00000| Untracked 
|  75|0x00000000e4b00000, 0x00000000e4b00000, 0x00000000e4c00000|  0%| F|  |TAMS 0x00000000e4b00000, 0x00000000e4b00000| Untracked 
|  76|0x00000000e4c00000, 0x00000000e4c00000, 0x00000000e4d00000|  0%| F|  |TAMS 0x00000000e4c00000, 0x00000000e4c00000| Untracked 
|  77|0x00000000e4d00000, 0x00000000e4d00000, 0x00000000e4e00000|  0%| F|  |TAMS 0x00000000e4d00000, 0x00000000e4d00000| Untracked 
|  78|0x00000000e4e00000, 0x00000000e4e00000, 0x00000000e4f00000|  0%| F|  |TAMS 0x00000000e4e00000, 0x00000000e4e00000| Untracked 
|  79|0x00000000e4f00000, 0x00000000e4f00000, 0x00000000e5000000|  0%| F|  |TAMS 0x00000000e4f00000, 0x00000000e4f00000| Untracked 
|  80|0x00000000e5000000, 0x00000000e5000000, 0x00000000e5100000|  0%| F|  |TAMS 0x00000000e5000000, 0x00000000e5000000| Untracked 
|  81|0x00000000e5100000, 0x00000000e5100000, 0x00000000e5200000|  0%| F|  |TAMS 0x00000000e5100000, 0x00000000e5100000| Untracked 
|  82|0x00000000e5200000, 0x00000000e5200000, 0x00000000e5300000|  0%| F|  |TAMS 0x00000000e5200000, 0x00000000e5200000| Untracked 
|  83|0x00000000e5300000, 0x00000000e5300000, 0x00000000e5400000|  0%| F|  |TAMS 0x00000000e5300000, 0x00000000e5300000| Untracked 
|  84|0x00000000e5400000, 0x00000000e5400000, 0x00000000e5500000|  0%| F|  |TAMS 0x00000000e5400000, 0x00000000e5400000| Untracked 
|  85|0x00000000e5500000, 0x00000000e5500000, 0x00000000e5600000|  0%| F|  |TAMS 0x00000000e5500000, 0x00000000e5500000| Untracked 
|  86|0x00000000e5600000, 0x00000000e5600000, 0x00000000e5700000|  0%| F|  |TAMS 0x00000000e5600000, 0x00000000e5600000| Untracked 
|  87|0x00000000e5700000, 0x00000000e5700000, 0x00000000e5800000|  0%| F|  |TAMS 0x00000000e5700000, 0x00000000e5700000| Untracked 
|  88|0x00000000e5800000, 0x00000000e5800000, 0x00000000e5900000|  0%| F|  |TAMS 0x00000000e5800000, 0x00000000e5800000| Untracked 
|  89|0x00000000e5900000, 0x00000000e5900000, 0x00000000e5a00000|  0%| F|  |TAMS 0x00000000e5900000, 0x00000000e5900000| Untracked 
|  90|0x00000000e5a00000, 0x00000000e5a00000, 0x00000000e5b00000|  0%| F|  |TAMS 0x00000000e5a00000, 0x00000000e5a00000| Untracked 
|  91|0x00000000e5b00000, 0x00000000e5b00000, 0x00000000e5c00000|  0%| F|  |TAMS 0x00000000e5b00000, 0x00000000e5b00000| Untracked 
|  92|0x00000000e5c00000, 0x00000000e5c00000, 0x00000000e5d00000|  0%| F|  |TAMS 0x00000000e5c00000, 0x00000000e5c00000| Untracked 
|  93|0x00000000e5d00000, 0x00000000e5d00000, 0x00000000e5e00000|  0%| F|  |TAMS 0x00000000e5d00000, 0x00000000e5d00000| Untracked 
|  94|0x00000000e5e00000, 0x00000000e5e00000, 0x00000000e5f00000|  0%| F|  |TAMS 0x00000000e5e00000, 0x00000000e5e00000| Untracked 
|  95|0x00000000e5f00000, 0x00000000e5f00000, 0x00000000e6000000|  0%| F|  |TAMS 0x00000000e5f00000, 0x00000000e5f00000| Untracked 
|  96|0x00000000e6000000, 0x00000000e6000000, 0x00000000e6100000|  0%| F|  |TAMS 0x00000000e6000000, 0x00000000e6000000| Untracked 
|  97|0x00000000e6100000, 0x00000000e6100000, 0x00000000e6200000|  0%| F|  |TAMS 0x00000000e6100000, 0x00000000e6100000| Untracked 
|  98|0x00000000e6200000, 0x00000000e6200000, 0x00000000e6300000|  0%| F|  |TAMS 0x00000000e6200000, 0x00000000e6200000| Untracked 
|  99|0x00000000e6300000, 0x00000000e6300000, 0x00000000e6400000|  0%| F|  |TAMS 0x00000000e6300000, 0x00000000e6300000| Untracked 
| 100|0x00000000e6400000, 0x00000000e6400000, 0x00000000e6500000|  0%| F|  |TAMS 0x00000000e6400000, 0x00000000e6400000| Untracked 
| 101|0x00000000e6500000, 0x00000000e6500000, 0x00000000e6600000|  0%| F|  |TAMS 0x00000000e6500000, 0x00000000e6500000| Untracked 
| 102|0x00000000e6600000, 0x00000000e6600000, 0x00000000e6700000|  0%| F|  |TAMS 0x00000000e6600000, 0x00000000e6600000| Untracked 
| 103|0x00000000e6700000, 0x00000000e6700000, 0x00000000e6800000|  0%| F|  |TAMS 0x00000000e6700000, 0x00000000e6700000| Untracked 
| 104|0x00000000e6800000, 0x00000000e6800000, 0x00000000e6900000|  0%| F|  |TAMS 0x00000000e6800000, 0x00000000e6800000| Untracked 
| 105|0x00000000e6900000, 0x00000000e6900000, 0x00000000e6a00000|  0%| F|  |TAMS 0x00000000e6900000, 0x00000000e6900000| Untracked 
| 106|0x00000000e6a00000, 0x00000000e6a00000, 0x00000000e6b00000|  0%| F|  |TAMS 0x00000000e6a00000, 0x00000000e6a00000| Untracked 
| 107|0x00000000e6b00000, 0x00000000e6b00000, 0x00000000e6c00000|  0%| F|  |TAMS 0x00000000e6b00000, 0x00000000e6b00000| Untracked 
| 108|0x00000000e6c00000, 0x00000000e6c00000, 0x00000000e6d00000|  0%| F|  |TAMS 0x00000000e6c00000, 0x00000000e6c00000| Untracked 
| 109|0x00000000e6d00000, 0x00000000e6d00000, 0x00000000e6e00000|  0%| F|  |TAMS 0x00000000e6d00000, 0x00000000e6d00000| Untracked 
| 110|0x00000000e6e00000, 0x00000000e6e00000, 0x00000000e6f00000|  0%| F|  |TAMS 0x00000000e6e00000, 0x00000000e6e00000| Untracked 
| 111|0x00000000e6f00000, 0x00000000e6f00000, 0x00000000e7000000|  0%| F|  |TAMS 0x00000000e6f00000, 0x00000000e6f00000| Untracked 
| 112|0x00000000e7000000, 0x00000000e7000000, 0x00000000e7100000|  0%| F|  |TAMS 0x00000000e7000000, 0x00000000e7000000| Untracked 
| 113|0x00000000e7100000, 0x00000000e7100000, 0x00000000e7200000|  0%| F|  |TAMS 0x00000000e7100000, 0x00000000e7100000| Untracked 
| 114|0x00000000e7200000, 0x00000000e7200000, 0x00000000e7300000|  0%| F|  |TAMS 0x00000000e7200000, 0x00000000e7200000| Untracked 
| 115|0x00000000e7300000, 0x00000000e7300000, 0x00000000e7400000|  0%| F|  |TAMS 0x00000000e7300000, 0x00000000e7300000| Untracked 
| 116|0x00000000e7400000, 0x00000000e7400000, 0x00000000e7500000|  0%| F|  |TAMS 0x00000000e7400000, 0x00000000e7400000| Untracked 
| 117|0x00000000e7500000, 0x00000000e7500000, 0x00000000e7600000|  0%| F|  |TAMS 0x00000000e7500000, 0x00000000e7500000| Untracked 
| 118|0x00000000e7600000, 0x00000000e7600000, 0x00000000e7700000|  0%| F|  |TAMS 0x00000000e7600000, 0x00000000e7600000| Untracked 
| 119|0x00000000e7700000, 0x00000000e7700000, 0x00000000e7800000|  0%| F|  |TAMS 0x00000000e7700000, 0x00000000e7700000| Untracked 
| 120|0x00000000e7800000, 0x00000000e7800000, 0x00000000e7900000|  0%| F|  |TAMS 0x00000000e7800000, 0x00000000e7800000| Untracked 
| 121|0x00000000e7900000, 0x00000000e7900000, 0x00000000e7a00000|  0%| F|  |TAMS 0x00000000e7900000, 0x00000000e7900000| Untracked 
| 122|0x00000000e7a00000, 0x00000000e7a00000, 0x00000000e7b00000|  0%| F|  |TAMS 0x00000000e7a00000, 0x00000000e7a00000| Untracked 
| 123|0x00000000e7b00000, 0x00000000e7b00000, 0x00000000e7c00000|  0%| F|  |TAMS 0x00000000e7b00000, 0x00000000e7b00000| Untracked 
| 124|0x00000000e7c00000, 0x00000000e7c00000, 0x00000000e7d00000|  0%| F|  |TAMS 0x00000000e7c00000, 0x00000000e7c00000| Untracked 
| 125|0x00000000e7d00000, 0x00000000e7d00000, 0x00000000e7e00000|  0%| F|  |TAMS 0x00000000e7d00000, 0x00000000e7d00000| Untracked 
| 126|0x00000000e7e00000, 0x00000000e7e00000, 0x00000000e7f00000|  0%| F|  |TAMS 0x00000000e7e00000, 0x00000000e7e00000| Untracked 
| 127|0x00000000e7f00000, 0x00000000e7f00000, 0x00000000e8000000|  0%| F|  |TAMS 0x00000000e7f00000, 0x00000000e7f00000| Untracked 
| 128|0x00000000e8000000, 0x00000000e8000000, 0x00000000e8100000|  0%| F|  |TAMS 0x00000000e8000000, 0x00000000e8000000| Untracked 
| 129|0x00000000e8100000, 0x00000000e8100000, 0x00000000e8200000|  0%| F|  |TAMS 0x00000000e8100000, 0x00000000e8100000| Untracked 
| 130|0x00000000e8200000, 0x00000000e8200000, 0x00000000e8300000|  0%| F|  |TAMS 0x00000000e8200000, 0x00000000e8200000| Untracked 
| 131|0x00000000e8300000, 0x00000000e8300000, 0x00000000e8400000|  0%| F|  |TAMS 0x00000000e8300000, 0x00000000e8300000| Untracked 
| 132|0x00000000e8400000, 0x00000000e8400000, 0x00000000e8500000|  0%| F|  |TAMS 0x00000000e8400000, 0x00000000e8400000| Untracked 
| 133|0x00000000e8500000, 0x00000000e8500000, 0x00000000e8600000|  0%| F|  |TAMS 0x00000000e8500000, 0x00000000e8500000| Untracked 
| 134|0x00000000e8600000, 0x00000000e8600000, 0x00000000e8700000|  0%| F|  |TAMS 0x00000000e8600000, 0x00000000e8600000| Untracked 
| 135|0x00000000e8700000, 0x00000000e8700000, 0x00000000e8800000|  0%| F|  |TAMS 0x00000000e8700000, 0x00000000e8700000| Untracked 
| 136|0x00000000e8800000, 0x00000000e8800000, 0x00000000e8900000|  0%| F|  |TAMS 0x00000000e8800000, 0x00000000e8800000| Untracked 
| 137|0x00000000e8900000, 0x00000000e8900000, 0x00000000e8a00000|  0%| F|  |TAMS 0x00000000e8900000, 0x00000000e8900000| Untracked 
| 138|0x00000000e8a00000, 0x00000000e8a00000, 0x00000000e8b00000|  0%| F|  |TAMS 0x00000000e8a00000, 0x00000000e8a00000| Untracked 
| 139|0x00000000e8b00000, 0x00000000e8b00000, 0x00000000e8c00000|  0%| F|  |TAMS 0x00000000e8b00000, 0x00000000e8b00000| Untracked 
| 140|0x00000000e8c00000, 0x00000000e8c00000, 0x00000000e8d00000|  0%| F|  |TAMS 0x00000000e8c00000, 0x00000000e8c00000| Untracked 
| 141|0x00000000e8d00000, 0x00000000e8d00000, 0x00000000e8e00000|  0%| F|  |TAMS 0x00000000e8d00000, 0x00000000e8d00000| Untracked 
| 142|0x00000000e8e00000, 0x00000000e8e00000, 0x00000000e8f00000|  0%| F|  |TAMS 0x00000000e8e00000, 0x00000000e8e00000| Untracked 
| 143|0x00000000e8f00000, 0x00000000e8f00000, 0x00000000e9000000|  0%| F|  |TAMS 0x00000000e8f00000, 0x00000000e8f00000| Untracked 
| 144|0x00000000e9000000, 0x00000000e9000000, 0x00000000e9100000|  0%| F|  |TAMS 0x00000000e9000000, 0x00000000e9000000| Untracked 
| 145|0x00000000e9100000, 0x00000000e9100000, 0x00000000e9200000|  0%| F|  |TAMS 0x00000000e9100000, 0x00000000e9100000| Untracked 
| 146|0x00000000e9200000, 0x00000000e9200000, 0x00000000e9300000|  0%| F|  |TAMS 0x00000000e9200000, 0x00000000e9200000| Untracked 
| 147|0x00000000e9300000, 0x00000000e9300000, 0x00000000e9400000|  0%| F|  |TAMS 0x00000000e9300000, 0x00000000e9300000| Untracked 
| 148|0x00000000e9400000, 0x00000000e9400000, 0x00000000e9500000|  0%| F|  |TAMS 0x00000000e9400000, 0x00000000e9400000| Untracked 
| 149|0x00000000e9500000, 0x00000000e9500000, 0x00000000e9600000|  0%| F|  |TAMS 0x00000000e9500000, 0x00000000e9500000| Untracked 
| 150|0x00000000e9600000, 0x00000000e9600000, 0x00000000e9700000|  0%| F|  |TAMS 0x00000000e9600000, 0x00000000e9600000| Untracked 
| 151|0x00000000e9700000, 0x00000000e9700000, 0x00000000e9800000|  0%| F|  |TAMS 0x00000000e9700000, 0x00000000e9700000| Untracked 
| 152|0x00000000e9800000, 0x00000000e9800000, 0x00000000e9900000|  0%| F|  |TAMS 0x00000000e9800000, 0x00000000e9800000| Untracked 
| 153|0x00000000e9900000, 0x00000000e9900000, 0x00000000e9a00000|  0%| F|  |TAMS 0x00000000e9900000, 0x00000000e9900000| Untracked 
| 154|0x00000000e9a00000, 0x00000000e9a00000, 0x00000000e9b00000|  0%| F|  |TAMS 0x00000000e9a00000, 0x00000000e9a00000| Untracked 
| 155|0x00000000e9b00000, 0x00000000e9b00000, 0x00000000e9c00000|  0%| F|  |TAMS 0x00000000e9b00000, 0x00000000e9b00000| Untracked 
| 156|0x00000000e9c00000, 0x00000000e9c00000, 0x00000000e9d00000|  0%| F|  |TAMS 0x00000000e9c00000, 0x00000000e9c00000| Untracked 
| 157|0x00000000e9d00000, 0x00000000e9d00000, 0x00000000e9e00000|  0%| F|  |TAMS 0x00000000e9d00000, 0x00000000e9d00000| Untracked 
| 158|0x00000000e9e00000, 0x00000000e9e00000, 0x00000000e9f00000|  0%| F|  |TAMS 0x00000000e9e00000, 0x00000000e9e00000| Untracked 
| 159|0x00000000e9f00000, 0x00000000e9f00000, 0x00000000ea000000|  0%| F|  |TAMS 0x00000000e9f00000, 0x00000000e9f00000| Untracked 
| 160|0x00000000ea000000, 0x00000000ea000000, 0x00000000ea100000|  0%| F|  |TAMS 0x00000000ea000000, 0x00000000ea000000| Untracked 
| 161|0x00000000ea100000, 0x00000000ea100000, 0x00000000ea200000|  0%| F|  |TAMS 0x00000000ea100000, 0x00000000ea100000| Untracked 
| 162|0x00000000ea200000, 0x00000000ea200000, 0x00000000ea300000|  0%| F|  |TAMS 0x00000000ea200000, 0x00000000ea200000| Untracked 
| 163|0x00000000ea300000, 0x00000000ea300000, 0x00000000ea400000|  0%| F|  |TAMS 0x00000000ea300000, 0x00000000ea300000| Untracked 
| 164|0x00000000ea400000, 0x00000000ea400000, 0x00000000ea500000|  0%| F|  |TAMS 0x00000000ea400000, 0x00000000ea400000| Untracked 
| 165|0x00000000ea500000, 0x00000000ea500000, 0x00000000ea600000|  0%| F|  |TAMS 0x00000000ea500000, 0x00000000ea500000| Untracked 
| 166|0x00000000ea600000, 0x00000000ea600000, 0x00000000ea700000|  0%| F|  |TAMS 0x00000000ea600000, 0x00000000ea600000| Untracked 
| 167|0x00000000ea700000, 0x00000000ea700000, 0x00000000ea800000|  0%| F|  |TAMS 0x00000000ea700000, 0x00000000ea700000| Untracked 
| 168|0x00000000ea800000, 0x00000000ea800000, 0x00000000ea900000|  0%| F|  |TAMS 0x00000000ea800000, 0x00000000ea800000| Untracked 
| 169|0x00000000ea900000, 0x00000000ea900000, 0x00000000eaa00000|  0%| F|  |TAMS 0x00000000ea900000, 0x00000000ea900000| Untracked 
| 170|0x00000000eaa00000, 0x00000000eaa00000, 0x00000000eab00000|  0%| F|  |TAMS 0x00000000eaa00000, 0x00000000eaa00000| Untracked 
| 171|0x00000000eab00000, 0x00000000eab00000, 0x00000000eac00000|  0%| F|  |TAMS 0x00000000eab00000, 0x00000000eab00000| Untracked 
| 172|0x00000000eac00000, 0x00000000eac00000, 0x00000000ead00000|  0%| F|  |TAMS 0x00000000eac00000, 0x00000000eac00000| Untracked 
| 173|0x00000000ead00000, 0x00000000ead00000, 0x00000000eae00000|  0%| F|  |TAMS 0x00000000ead00000, 0x00000000ead00000| Untracked 
| 174|0x00000000eae00000, 0x00000000eae00000, 0x00000000eaf00000|  0%| F|  |TAMS 0x00000000eae00000, 0x00000000eae00000| Untracked 
| 175|0x00000000eaf00000, 0x00000000eaf00000, 0x00000000eb000000|  0%| F|  |TAMS 0x00000000eaf00000, 0x00000000eaf00000| Untracked 
| 176|0x00000000eb000000, 0x00000000eb000000, 0x00000000eb100000|  0%| F|  |TAMS 0x00000000eb000000, 0x00000000eb000000| Untracked 
| 177|0x00000000eb100000, 0x00000000eb100000, 0x00000000eb200000|  0%| F|  |TAMS 0x00000000eb100000, 0x00000000eb100000| Untracked 
| 178|0x00000000eb200000, 0x00000000eb200000, 0x00000000eb300000|  0%| F|  |TAMS 0x00000000eb200000, 0x00000000eb200000| Untracked 
| 179|0x00000000eb300000, 0x00000000eb300000, 0x00000000eb400000|  0%| F|  |TAMS 0x00000000eb300000, 0x00000000eb300000| Untracked 
| 180|0x00000000eb400000, 0x00000000eb400000, 0x00000000eb500000|  0%| F|  |TAMS 0x00000000eb400000, 0x00000000eb400000| Untracked 
| 181|0x00000000eb500000, 0x00000000eb500000, 0x00000000eb600000|  0%| F|  |TAMS 0x00000000eb500000, 0x00000000eb500000| Untracked 
| 182|0x00000000eb600000, 0x00000000eb600000, 0x00000000eb700000|  0%| F|  |TAMS 0x00000000eb600000, 0x00000000eb600000| Untracked 
| 183|0x00000000eb700000, 0x00000000eb700000, 0x00000000eb800000|  0%| F|  |TAMS 0x00000000eb700000, 0x00000000eb700000| Untracked 
| 184|0x00000000eb800000, 0x00000000eb800000, 0x00000000eb900000|  0%| F|  |TAMS 0x00000000eb800000, 0x00000000eb800000| Untracked 
| 185|0x00000000eb900000, 0x00000000eb900000, 0x00000000eba00000|  0%| F|  |TAMS 0x00000000eb900000, 0x00000000eb900000| Untracked 
| 186|0x00000000eba00000, 0x00000000eba00000, 0x00000000ebb00000|  0%| F|  |TAMS 0x00000000eba00000, 0x00000000eba00000| Untracked 
| 187|0x00000000ebb00000, 0x00000000ebb00000, 0x00000000ebc00000|  0%| F|  |TAMS 0x00000000ebb00000, 0x00000000ebb00000| Untracked 
| 188|0x00000000ebc00000, 0x00000000ebc00000, 0x00000000ebd00000|  0%| F|  |TAMS 0x00000000ebc00000, 0x00000000ebc00000| Untracked 
| 189|0x00000000ebd00000, 0x00000000ebd00000, 0x00000000ebe00000|  0%| F|  |TAMS 0x00000000ebd00000, 0x00000000ebd00000| Untracked 
| 190|0x00000000ebe00000, 0x00000000ebe00000, 0x00000000ebf00000|  0%| F|  |TAMS 0x00000000ebe00000, 0x00000000ebe00000| Untracked 
| 191|0x00000000ebf00000, 0x00000000ebf00000, 0x00000000ec000000|  0%| F|  |TAMS 0x00000000ebf00000, 0x00000000ebf00000| Untracked 
| 192|0x00000000ec000000, 0x00000000ec000000, 0x00000000ec100000|  0%| F|  |TAMS 0x00000000ec000000, 0x00000000ec000000| Untracked 
| 193|0x00000000ec100000, 0x00000000ec100000, 0x00000000ec200000|  0%| F|  |TAMS 0x00000000ec100000, 0x00000000ec100000| Untracked 
| 194|0x00000000ec200000, 0x00000000ec200000, 0x00000000ec300000|  0%| F|  |TAMS 0x00000000ec200000, 0x00000000ec200000| Untracked 
| 195|0x00000000ec300000, 0x00000000ec300000, 0x00000000ec400000|  0%| F|  |TAMS 0x00000000ec300000, 0x00000000ec300000| Untracked 
| 196|0x00000000ec400000, 0x00000000ec400000, 0x00000000ec500000|  0%| F|  |TAMS 0x00000000ec400000, 0x00000000ec400000| Untracked 
| 197|0x00000000ec500000, 0x00000000ec500000, 0x00000000ec600000|  0%| F|  |TAMS 0x00000000ec500000, 0x00000000ec500000| Untracked 
| 198|0x00000000ec600000, 0x00000000ec600000, 0x00000000ec700000|  0%| F|  |TAMS 0x00000000ec600000, 0x00000000ec600000| Untracked 
| 199|0x00000000ec700000, 0x00000000ec700000, 0x00000000ec800000|  0%| F|  |TAMS 0x00000000ec700000, 0x00000000ec700000| Untracked 
| 200|0x00000000ec800000, 0x00000000ec800000, 0x00000000ec900000|  0%| F|  |TAMS 0x00000000ec800000, 0x00000000ec800000| Untracked 
| 201|0x00000000ec900000, 0x00000000ec900000, 0x00000000eca00000|  0%| F|  |TAMS 0x00000000ec900000, 0x00000000ec900000| Untracked 
| 202|0x00000000eca00000, 0x00000000eca00000, 0x00000000ecb00000|  0%| F|  |TAMS 0x00000000eca00000, 0x00000000eca00000| Untracked 
| 203|0x00000000ecb00000, 0x00000000ecb00000, 0x00000000ecc00000|  0%| F|  |TAMS 0x00000000ecb00000, 0x00000000ecb00000| Untracked 
| 204|0x00000000ecc00000, 0x00000000ecc00000, 0x00000000ecd00000|  0%| F|  |TAMS 0x00000000ecc00000, 0x00000000ecc00000| Untracked 
| 205|0x00000000ecd00000, 0x00000000ecd00000, 0x00000000ece00000|  0%| F|  |TAMS 0x00000000ecd00000, 0x00000000ecd00000| Untracked 
| 206|0x00000000ece00000, 0x00000000ece00000, 0x00000000ecf00000|  0%| F|  |TAMS 0x00000000ece00000, 0x00000000ece00000| Untracked 
| 207|0x00000000ecf00000, 0x00000000ecf00000, 0x00000000ed000000|  0%| F|  |TAMS 0x00000000ecf00000, 0x00000000ecf00000| Untracked 
| 208|0x00000000ed000000, 0x00000000ed000000, 0x00000000ed100000|  0%| F|  |TAMS 0x00000000ed000000, 0x00000000ed000000| Untracked 
| 209|0x00000000ed100000, 0x00000000ed100000, 0x00000000ed200000|  0%| F|  |TAMS 0x00000000ed100000, 0x00000000ed100000| Untracked 
| 210|0x00000000ed200000, 0x00000000ed200000, 0x00000000ed300000|  0%| F|  |TAMS 0x00000000ed200000, 0x00000000ed200000| Untracked 
| 211|0x00000000ed300000, 0x00000000ed300000, 0x00000000ed400000|  0%| F|  |TAMS 0x00000000ed300000, 0x00000000ed300000| Untracked 
| 212|0x00000000ed400000, 0x00000000ed400000, 0x00000000ed500000|  0%| F|  |TAMS 0x00000000ed400000, 0x00000000ed400000| Untracked 
| 213|0x00000000ed500000, 0x00000000ed500000, 0x00000000ed600000|  0%| F|  |TAMS 0x00000000ed500000, 0x00000000ed500000| Untracked 
| 214|0x00000000ed600000, 0x00000000ed600000, 0x00000000ed700000|  0%| F|  |TAMS 0x00000000ed600000, 0x00000000ed600000| Untracked 
| 215|0x00000000ed700000, 0x00000000ed700000, 0x00000000ed800000|  0%| F|  |TAMS 0x00000000ed700000, 0x00000000ed700000| Untracked 
| 216|0x00000000ed800000, 0x00000000ed800000, 0x00000000ed900000|  0%| F|  |TAMS 0x00000000ed800000, 0x00000000ed800000| Untracked 
| 217|0x00000000ed900000, 0x00000000ed900000, 0x00000000eda00000|  0%| F|  |TAMS 0x00000000ed900000, 0x00000000ed900000| Untracked 
| 218|0x00000000eda00000, 0x00000000eda00000, 0x00000000edb00000|  0%| F|  |TAMS 0x00000000eda00000, 0x00000000eda00000| Untracked 
| 219|0x00000000edb00000, 0x00000000edb00000, 0x00000000edc00000|  0%| F|  |TAMS 0x00000000edb00000, 0x00000000edb00000| Untracked 
| 220|0x00000000edc00000, 0x00000000edc00000, 0x00000000edd00000|  0%| F|  |TAMS 0x00000000edc00000, 0x00000000edc00000| Untracked 
| 221|0x00000000edd00000, 0x00000000edd00000, 0x00000000ede00000|  0%| F|  |TAMS 0x00000000edd00000, 0x00000000edd00000| Untracked 
| 222|0x00000000ede00000, 0x00000000ede00000, 0x00000000edf00000|  0%| F|  |TAMS 0x00000000ede00000, 0x00000000ede00000| Untracked 
| 223|0x00000000edf00000, 0x00000000edf00000, 0x00000000ee000000|  0%| F|  |TAMS 0x00000000edf00000, 0x00000000edf00000| Untracked 
| 224|0x00000000ee000000, 0x00000000ee000000, 0x00000000ee100000|  0%| F|  |TAMS 0x00000000ee000000, 0x00000000ee000000| Untracked 
| 225|0x00000000ee100000, 0x00000000ee100000, 0x00000000ee200000|  0%| F|  |TAMS 0x00000000ee100000, 0x00000000ee100000| Untracked 
| 226|0x00000000ee200000, 0x00000000ee200000, 0x00000000ee300000|  0%| F|  |TAMS 0x00000000ee200000, 0x00000000ee200000| Untracked 
| 227|0x00000000ee300000, 0x00000000ee300000, 0x00000000ee400000|  0%| F|  |TAMS 0x00000000ee300000, 0x00000000ee300000| Untracked 
| 228|0x00000000ee400000, 0x00000000ee400000, 0x00000000ee500000|  0%| F|  |TAMS 0x00000000ee400000, 0x00000000ee400000| Untracked 
| 229|0x00000000ee500000, 0x00000000ee500000, 0x00000000ee600000|  0%| F|  |TAMS 0x00000000ee500000, 0x00000000ee500000| Untracked 
| 230|0x00000000ee600000, 0x00000000ee600000, 0x00000000ee700000|  0%| F|  |TAMS 0x00000000ee600000, 0x00000000ee600000| Untracked 
| 231|0x00000000ee700000, 0x00000000ee700000, 0x00000000ee800000|  0%| F|  |TAMS 0x00000000ee700000, 0x00000000ee700000| Untracked 
| 232|0x00000000ee800000, 0x00000000ee800000, 0x00000000ee900000|  0%| F|  |TAMS 0x00000000ee800000, 0x00000000ee800000| Untracked 
| 233|0x00000000ee900000, 0x00000000ee900000, 0x00000000eea00000|  0%| F|  |TAMS 0x00000000ee900000, 0x00000000ee900000| Untracked 
| 234|0x00000000eea00000, 0x00000000eea00000, 0x00000000eeb00000|  0%| F|  |TAMS 0x00000000eea00000, 0x00000000eea00000| Untracked 
| 235|0x00000000eeb00000, 0x00000000eeb00000, 0x00000000eec00000|  0%| F|  |TAMS 0x00000000eeb00000, 0x00000000eeb00000| Untracked 
| 236|0x00000000eec00000, 0x00000000eec00000, 0x00000000eed00000|  0%| F|  |TAMS 0x00000000eec00000, 0x00000000eec00000| Untracked 
| 237|0x00000000eed00000, 0x00000000eed00000, 0x00000000eee00000|  0%| F|  |TAMS 0x00000000eed00000, 0x00000000eed00000| Untracked 
| 238|0x00000000eee00000, 0x00000000eee00000, 0x00000000eef00000|  0%| F|  |TAMS 0x00000000eee00000, 0x00000000eee00000| Untracked 
| 239|0x00000000eef00000, 0x00000000eef92340, 0x00000000ef000000| 57%| S|CS|TAMS 0x00000000eef00000, 0x00000000eef00000| Complete 
| 240|0x00000000ef000000, 0x00000000ef100000, 0x00000000ef100000|100%| S|CS|TAMS 0x00000000ef000000, 0x00000000ef000000| Complete 
| 241|0x00000000ef100000, 0x00000000ef200000, 0x00000000ef200000|100%| S|CS|TAMS 0x00000000ef100000, 0x00000000ef100000| Complete 
| 242|0x00000000ef200000, 0x00000000ef200000, 0x00000000ef300000|  0%| F|  |TAMS 0x00000000ef200000, 0x00000000ef200000| Untracked 
| 243|0x00000000ef300000, 0x00000000ef300000, 0x00000000ef400000|  0%| F|  |TAMS 0x00000000ef300000, 0x00000000ef300000| Untracked 
| 244|0x00000000ef400000, 0x00000000ef400000, 0x00000000ef500000|  0%| F|  |TAMS 0x00000000ef400000, 0x00000000ef400000| Untracked 
| 245|0x00000000ef500000, 0x00000000ef500000, 0x00000000ef600000|  0%| F|  |TAMS 0x00000000ef500000, 0x00000000ef500000| Untracked 
| 246|0x00000000ef600000, 0x00000000ef600000, 0x00000000ef700000|  0%| F|  |TAMS 0x00000000ef600000, 0x00000000ef600000| Untracked 
| 247|0x00000000ef700000, 0x00000000ef700000, 0x00000000ef800000|  0%| F|  |TAMS 0x00000000ef700000, 0x00000000ef700000| Untracked 
| 248|0x00000000ef800000, 0x00000000ef800000, 0x00000000ef900000|  0%| F|  |TAMS 0x00000000ef800000, 0x00000000ef800000| Untracked 
| 249|0x00000000ef900000, 0x00000000ef900000, 0x00000000efa00000|  0%| F|  |TAMS 0x00000000ef900000, 0x00000000ef900000| Untracked 
| 250|0x00000000efa00000, 0x00000000efa00000, 0x00000000efb00000|  0%| F|  |TAMS 0x00000000efa00000, 0x00000000efa00000| Untracked 
| 251|0x00000000efb00000, 0x00000000efb00000, 0x00000000efc00000|  0%| F|  |TAMS 0x00000000efb00000, 0x00000000efb00000| Untracked 
| 252|0x00000000efc00000, 0x00000000efc00000, 0x00000000efd00000|  0%| F|  |TAMS 0x00000000efc00000, 0x00000000efc00000| Untracked 
| 253|0x00000000efd00000, 0x00000000efd67330, 0x00000000efe00000| 40%| E|  |TAMS 0x00000000efd00000, 0x00000000efd00000| Complete 
| 254|0x00000000efe00000, 0x00000000eff00000, 0x00000000eff00000|100%| E|CS|TAMS 0x00000000efe00000, 0x00000000efe00000| Complete 
| 255|0x00000000eff00000, 0x00000000f0000000, 0x00000000f0000000|100%| E|CS|TAMS 0x00000000eff00000, 0x00000000eff00000| Complete 

Card table byte_map: [0x0000022569960000,0x0000022569a60000] _byte_map_base: 0x0000022569260000

Marking Bits (Prev, Next): (CMBitMap*) 0x0000022552ca1f60, (CMBitMap*) 0x0000022552ca1fa0
 Prev Bits: [0x0000022569b60000, 0x000002256a360000)
 Next Bits: [0x000002256a360000, 0x000002256ab60000)

Polling page: 0x0000022550bd0000

Metaspace:

Usage:
  Non-class:     42.15 MB used.
      Class:      6.99 MB used.
       Both:     49.14 MB used.

Virtual space:
  Non-class space:       64.00 MB reserved,      42.44 MB ( 66%) committed,  1 nodes.
      Class space:      320.00 MB reserved,       7.19 MB (  2%) committed,  1 nodes.
             Both:      384.00 MB reserved,      49.62 MB ( 13%) committed. 

Chunk freelists:
   Non-Class:  4.98 MB
       Class:  8.62 MB
        Both:  13.61 MB

MaxMetaspaceSize: 384.00 MB
CompressedClassSpaceSize: 320.00 MB
Initial GC threshold: 21.00 MB
Current GC threshold: 58.69 MB
CDS: on
MetaspaceReclaimPolicy: balanced
 - commit_granule_bytes: 65536.
 - commit_granule_words: 8192.
 - virtual_space_node_default_size: 8388608.
 - enlarge_chunks_in_place: 1.
 - new_chunks_are_fully_committed: 0.
 - uncommit_free_chunks: 1.
 - use_allocation_guard: 0.
 - handle_deallocations: 1.


Internal statistics:

num_allocs_failed_limit: 6.
num_arena_births: 556.
num_arena_deaths: 0.
num_vsnodes_births: 2.
num_vsnodes_deaths: 0.
num_space_committed: 794.
num_space_uncommitted: 0.
num_chunks_returned_to_freelist: 6.
num_chunks_taken_from_freelist: 2535.
num_chunk_merges: 6.
num_chunk_splits: 1687.
num_chunks_enlarged: 1148.
num_inconsistent_stats: 0.

CodeHeap 'non-profiled nmethods': size=120000Kb used=3444Kb max_used=3444Kb free=116555Kb
 bounds [0x0000022561ff0000, 0x0000022562350000, 0x0000022569520000]
CodeHeap 'profiled nmethods': size=120000Kb used=11155Kb max_used=11155Kb free=108844Kb
 bounds [0x000002255a520000, 0x000002255b010000, 0x0000022561a50000]
CodeHeap 'non-nmethods': size=5760Kb used=2330Kb max_used=2380Kb free=3429Kb
 bounds [0x0000022561a50000, 0x0000022561cc0000, 0x0000022561ff0000]
 total_blobs=6520 nmethods=5684 adapters=748
 compilation: enabled
              stopped_count=0, restarted_count=0
 full_count=0

Compilation events (20 events):
Event: 769.125 Thread 0x000002256d590b10 nmethod 6484 0x000002255afe2290 code [0x000002255afe2420, 0x000002255afe25a8]
Event: 769.130 Thread 0x000002256d590b10 6485       3       com.google.common.collect.MapMakerInternalMap$StrongKeyWeakValueEntry$LinkedStrongKeyWeakValueEntry::getNext (5 bytes)
Event: 769.130 Thread 0x000002256d590b10 nmethod 6485 0x000002255afe2690 code [0x000002255afe2820, 0x000002255afe2938]
Event: 769.130 Thread 0x000002256d5879d0 6486   !   4       java.net.URLClassLoader::findClass (47 bytes)
Event: 769.165 Thread 0x000002256d590b10 6487       3       java.util.zip.ZipFile$ZipFileInflaterInputStream::available (44 bytes)
Event: 769.167 Thread 0x000002256d590b10 nmethod 6487 0x000002255afe2a10 code [0x000002255afe2be0, 0x000002255afe2f68]
Event: 769.167 Thread 0x000002256d590b10 6488   !   3       java.util.zip.Inflater::getBytesWritten (23 bytes)
Event: 769.167 Thread 0x000002256d590b10 nmethod 6488 0x000002255afe3090 code [0x000002255afe3240, 0x000002255afe3468]
Event: 769.174 Thread 0x000002256d590b10 6489       3       org.gradle.internal.io.StreamByteBuffer::totalBytesUnread (52 bytes)
Event: 769.175 Thread 0x000002256d590b10 nmethod 6489 0x000002255afe3590 code [0x000002255afe3740, 0x000002255afe3a18]
Event: 769.206 Thread 0x000002256d590b10 6491       3       com.google.common.collect.MapMakerInternalMap$StrongKeyWeakValueEntry$Helper::newEntry (16 bytes)
Event: 769.207 Thread 0x000002256d590b10 nmethod 6491 0x000002255afe3b90 code [0x000002255afe3d40, 0x000002255afe4068]
Event: 769.207 Thread 0x000002256d590b10 6492       3       com.google.common.collect.MapMakerInternalMap$StrongKeyWeakValueEntry$Helper::setValue (14 bytes)
Event: 769.207 Thread 0x000002256d590b10 nmethod 6492 0x000002255afe4190 code [0x000002255afe4340, 0x000002255afe4668]
Event: 769.207 Thread 0x000002256d590b10 6493       3       com.google.common.collect.MapMakerInternalMap$StrongKeyWeakValueEntry$Helper::setValue (32 bytes)
Event: 769.208 Thread 0x000002256d590b10 nmethod 6493 0x000002255afe4790 code [0x000002255afe4980, 0x000002255afe4fa8]
Event: 769.208 Thread 0x000002256d590b10 6494       3       com.google.common.collect.MapMakerInternalMap$1::clear (1 bytes)
Event: 769.208 Thread 0x000002256d590b10 nmethod 6494 0x000002255afe5210 code [0x000002255afe53a0, 0x000002255afe54b8]
Event: 769.395 Thread 0x000002256d590b10 6495       3       org.gradle.internal.classloader.FilteringClassLoader::classAllowed (80 bytes)
Event: 769.423 Thread 0x000002256d590b10 nmethod 6495 0x000002255afe5590 code [0x000002255afe57e0, 0x000002255afe6178]

GC Heap History (20 events):
Event: 477.618 GC heap before
{Heap before GC invocations=7 (full 0):
 garbage-first heap   total 262144K, used 89148K [0x00000000e0000000, 0x0000000100000000)
  region size 1024K, 56 young (57344K), 2 survivors (2048K)
 Metaspace       used 42089K, committed 42624K, reserved 393216K
  class space    used 5843K, committed 6080K, reserved 327680K
}
Event: 481.024 GC heap after
{Heap after GC invocations=8 (full 0):
 garbage-first heap   total 262144K, used 33820K [0x00000000e0000000, 0x0000000100000000)
  region size 1024K, 3 young (3072K), 3 survivors (3072K)
 Metaspace       used 42089K, committed 42624K, reserved 393216K
  class space    used 5843K, committed 6080K, reserved 327680K
}
Event: 563.848 GC heap before
{Heap before GC invocations=8 (full 0):
 garbage-first heap   total 262144K, used 42012K [0x00000000e0000000, 0x0000000100000000)
  region size 1024K, 12 young (12288K), 3 survivors (3072K)
 Metaspace       used 42246K, committed 42688K, reserved 393216K
  class space    used 5857K, committed 6080K, reserved 327680K
}
Event: 563.951 GC heap after
{Heap after GC invocations=9 (full 0):
 garbage-first heap   total 262144K, used 34085K [0x00000000e0000000, 0x0000000100000000)
  region size 1024K, 1 young (1024K), 1 survivors (1024K)
 Metaspace       used 42246K, committed 42688K, reserved 393216K
  class space    used 5857K, committed 6080K, reserved 327680K
}
Event: 654.105 GC heap before
{Heap before GC invocations=9 (full 0):
 garbage-first heap   total 262144K, used 44325K [0x00000000e0000000, 0x0000000100000000)
  region size 1024K, 12 young (12288K), 1 survivors (1024K)
 Metaspace       used 42319K, committed 42752K, reserved 393216K
  class space    used 5862K, committed 6080K, reserved 327680K
}
Event: 654.177 GC heap after
{Heap after GC invocations=10 (full 0):
 garbage-first heap   total 262144K, used 33940K [0x00000000e0000000, 0x0000000100000000)
  region size 1024K, 1 young (1024K), 1 survivors (1024K)
 Metaspace       used 42319K, committed 42752K, reserved 393216K
  class space    used 5862K, committed 6080K, reserved 327680K
}
Event: 701.701 GC heap before
{Heap before GC invocations=10 (full 0):
 garbage-first heap   total 262144K, used 45204K [0x00000000e0000000, 0x0000000100000000)
  region size 1024K, 12 young (12288K), 1 survivors (1024K)
 Metaspace       used 43403K, committed 43840K, reserved 393216K
  class space    used 6046K, committed 6272K, reserved 327680K
}
Event: 701.732 GC heap after
{Heap after GC invocations=11 (full 0):
 garbage-first heap   total 262144K, used 34212K [0x00000000e0000000, 0x0000000100000000)
  region size 1024K, 1 young (1024K), 1 survivors (1024K)
 Metaspace       used 43403K, committed 43840K, reserved 393216K
  class space    used 6046K, committed 6272K, reserved 327680K
}
Event: 709.839 GC heap before
{Heap before GC invocations=11 (full 0):
 garbage-first heap   total 262144K, used 45476K [0x00000000e0000000, 0x0000000100000000)
  region size 1024K, 12 young (12288K), 1 survivors (1024K)
 Metaspace       used 44405K, committed 44864K, reserved 393216K
  class space    used 6219K, committed 6464K, reserved 327680K
}
Event: 709.905 GC heap after
{Heap after GC invocations=12 (full 0):
 garbage-first heap   total 262144K, used 34658K [0x00000000e0000000, 0x0000000100000000)
  region size 1024K, 2 young (2048K), 2 survivors (2048K)
 Metaspace       used 44405K, committed 44864K, reserved 393216K
  class space    used 6219K, committed 6464K, reserved 327680K
}
Event: 713.509 GC heap before
{Heap before GC invocations=12 (full 0):
 garbage-first heap   total 262144K, used 44898K [0x00000000e0000000, 0x0000000100000000)
  region size 1024K, 12 young (12288K), 2 survivors (2048K)
 Metaspace       used 45360K, committed 45824K, reserved 393216K
  class space    used 6397K, committed 6656K, reserved 327680K
}
Event: 713.533 GC heap after
{Heap after GC invocations=13 (full 0):
 garbage-first heap   total 262144K, used 35147K [0x00000000e0000000, 0x0000000100000000)
  region size 1024K, 2 young (2048K), 2 survivors (2048K)
 Metaspace       used 45360K, committed 45824K, reserved 393216K
  class space    used 6397K, committed 6656K, reserved 327680K
}
Event: 717.630 GC heap before
{Heap before GC invocations=13 (full 0):
 garbage-first heap   total 262144K, used 45387K [0x00000000e0000000, 0x0000000100000000)
  region size 1024K, 12 young (12288K), 2 survivors (2048K)
 Metaspace       used 46190K, committed 46720K, reserved 393216K
  class space    used 6510K, committed 6784K, reserved 327680K
}
Event: 717.649 GC heap after
{Heap after GC invocations=14 (full 0):
 garbage-first heap   total 262144K, used 36799K [0x00000000e0000000, 0x0000000100000000)
  region size 1024K, 2 young (2048K), 2 survivors (2048K)
 Metaspace       used 46190K, committed 46720K, reserved 393216K
  class space    used 6510K, committed 6784K, reserved 327680K
}
Event: 728.157 GC heap before
{Heap before GC invocations=14 (full 0):
 garbage-first heap   total 262144K, used 47039K [0x00000000e0000000, 0x0000000100000000)
  region size 1024K, 12 young (12288K), 2 survivors (2048K)
 Metaspace       used 46298K, committed 46784K, reserved 393216K
  class space    used 6521K, committed 6784K, reserved 327680K
}
Event: 728.184 GC heap after
{Heap after GC invocations=15 (full 0):
 garbage-first heap   total 262144K, used 38369K [0x00000000e0000000, 0x0000000100000000)
  region size 1024K, 2 young (2048K), 2 survivors (2048K)
 Metaspace       used 46298K, committed 46784K, reserved 393216K
  class space    used 6521K, committed 6784K, reserved 327680K
}
Event: 729.714 GC heap before
{Heap before GC invocations=15 (full 0):
 garbage-first heap   total 262144K, used 48609K [0x00000000e0000000, 0x0000000100000000)
  region size 1024K, 12 young (12288K), 2 survivors (2048K)
 Metaspace       used 46816K, committed 47360K, reserved 393216K
  class space    used 6615K, committed 6848K, reserved 327680K
}
Event: 729.729 GC heap after
{Heap after GC invocations=16 (full 0):
 garbage-first heap   total 262144K, used 39351K [0x00000000e0000000, 0x0000000100000000)
  region size 1024K, 1 young (1024K), 1 survivors (1024K)
 Metaspace       used 46816K, committed 47360K, reserved 393216K
  class space    used 6615K, committed 6848K, reserved 327680K
}
Event: 737.652 GC heap before
{Heap before GC invocations=16 (full 0):
 garbage-first heap   total 262144K, used 59831K [0x00000000e0000000, 0x0000000100000000)
  region size 1024K, 21 young (21504K), 1 survivors (1024K)
 Metaspace       used 48856K, committed 49408K, reserved 393216K
  class space    used 6980K, committed 7232K, reserved 327680K
}
Event: 737.705 GC heap after
{Heap after GC invocations=17 (full 0):
 garbage-first heap   total 262144K, used 40811K [0x00000000e0000000, 0x0000000100000000)
  region size 1024K, 3 young (3072K), 3 survivors (3072K)
 Metaspace       used 48856K, committed 49408K, reserved 393216K
  class space    used 6980K, committed 7232K, reserved 327680K
}

Deoptimization events (20 events):
Event: 736.258 Thread 0x0000022574e96dc0 DEOPT PACKING pc=0x0000022562212378 sp=0x000000b95d8fe410
Event: 736.259 Thread 0x0000022574e96dc0 DEOPT UNPACKING pc=0x0000022561aa5ba3 sp=0x000000b95d8fe2f8 mode 2
Event: 736.472 Thread 0x000002256d988b20 Uncommon trap: trap_request=0xffffff45 fr.pc=0x000002256220051c relative=0x000000000000043c
Event: 736.472 Thread 0x000002256d988b20 Uncommon trap: reason=unstable_if action=reinterpret pc=0x000002256220051c method=java.util.concurrent.LinkedBlockingQueue.poll(JLjava/util/concurrent/TimeUnit;)Ljava/lang/Object; @ 29 c2
Event: 736.472 Thread 0x000002256d988b20 DEOPT PACKING pc=0x000002256220051c sp=0x000000b95b7ff640
Event: 736.472 Thread 0x000002256d988b20 DEOPT UNPACKING pc=0x0000022561aa5ba3 sp=0x000000b95b7ff570 mode 2
Event: 736.750 Thread 0x000002256d988b20 Uncommon trap: trap_request=0xffffff76 fr.pc=0x00000225620173c8 relative=0x0000000000000708
Event: 736.750 Thread 0x000002256d988b20 Uncommon trap: reason=predicate action=maybe_recompile pc=0x00000225620173c8 method=java.util.ComparableTimSort.binarySort([Ljava/lang/Object;III)V @ 34 c2
Event: 736.750 Thread 0x000002256d988b20 DEOPT PACKING pc=0x00000225620173c8 sp=0x000000b95b7fe750
Event: 736.751 Thread 0x000002256d988b20 DEOPT UNPACKING pc=0x0000022561aa5ba3 sp=0x000000b95b7fe6f8 mode 2
Event: 739.191 Thread 0x0000022574e9c3d0 Uncommon trap: trap_request=0xffffffde fr.pc=0x000002256206454c relative=0x000000000000096c
Event: 739.191 Thread 0x0000022574e9c3d0 Uncommon trap: reason=class_check action=maybe_recompile pc=0x000002256206454c method=java.io.BufferedInputStream.read1([BII)I @ 39 c2
Event: 739.191 Thread 0x0000022574e9c3d0 DEOPT PACKING pc=0x000002256206454c sp=0x000000b95dffe4c0
Event: 739.191 Thread 0x0000022574e9c3d0 DEOPT UNPACKING pc=0x0000022561aa5ba3 sp=0x000000b95dffe3d8 mode 2
Event: 741.078 Thread 0x0000022574e96dc0 Uncommon trap: trap_request=0xffffff45 fr.pc=0x00000225620dd074 relative=0x00000000000005b4
Event: 741.078 Thread 0x0000022574e96dc0 Uncommon trap: reason=unstable_if action=reinterpret pc=0x00000225620dd074 method=java.lang.String.regionMatches(ZILjava/lang/String;II)Z @ 1 c2
Event: 741.081 Thread 0x0000022574e96dc0 DEOPT PACKING pc=0x00000225620dd074 sp=0x000000b95d8fa790
Event: 741.081 Thread 0x0000022574e96dc0 DEOPT UNPACKING pc=0x0000022561aa5ba3 sp=0x000000b95d8fa738 mode 2
Event: 766.951 Thread 0x0000022574e96dc0 DEOPT PACKING pc=0x000002255a9dafdc sp=0x000000b95d8fa040
Event: 766.951 Thread 0x0000022574e96dc0 DEOPT UNPACKING pc=0x0000022561aa66e3 sp=0x000000b95d8f95c0 mode 0

Classes unloaded (0 events):
No events

Classes redefined (0 events):
No events

Internal exceptions (20 events):
Event: 730.559 Thread 0x000002256d989030 Exception <a 'java/lang/NoSuchMethodError'{0x00000000ef762908}: 'java.lang.Object java.lang.invoke.DirectMethodHandle$Holder.newInvokeSpecial(java.lang.Object, java.lang.Object, java.lang.Object, java.lang.Object, java.lang.Object, java.lang.Object, int)'> (0x00000000ef762908) 
thrown [s\open\src\hotspot\share\interpreter\linkResolver.cpp, line 759]
Event: 730.560 Thread 0x000002256d989030 Exception <a 'java/lang/NoSuchMethodError'{0x00000000ef7680f8}: 'java.lang.Object java.lang.invoke.DirectMethodHandle$Holder.invokeSpecial(java.lang.Object, java.lang.Object, java.lang.Object, java.lang.Object, java.lang.Object, java.lang.Object, java.lang.Object, int)'> (0x00000000ef7680f8) 
thrown [s\open\src\hotspot\share\interpreter\linkResolver.cpp, line 759]
Event: 730.562 Thread 0x000002256d989030 Exception <a 'java/lang/NoSuchMethodError'{0x00000000ef76d4d0}: 'java.lang.Object java.lang.invoke.Invokers$Holder.linkToTargetMethod(java.lang.Object, java.lang.Object, java.lang.Object, java.lang.Object, java.lang.Object, int, java.lang.Object)'> (0x00000000ef76d4d0) 
thrown [s\open\src\hotspot\share\interpreter\linkResolver.cpp, line 759]
Event: 733.464 Thread 0x000002256d989030 Exception <a 'java/lang/ClassNotFoundException'{0x00000000ef187cd8}: com/google/common/collect/RegularImmutableListBeanInfo> (0x00000000ef187cd8) 
thrown [s\open\src\hotspot\share\classfile\systemDictionary.cpp, line 256]
Event: 733.466 Thread 0x000002256d989030 Exception <a 'java/lang/ClassNotFoundException'{0x00000000ef192410}: com/google/common/collect/ImmutableListBeanInfo> (0x00000000ef192410) 
thrown [s\open\src\hotspot\share\classfile\systemDictionary.cpp, line 256]
Event: 733.468 Thread 0x000002256d989030 Exception <a 'java/lang/ClassNotFoundException'{0x00000000ef19cbb0}: com/google/common/collect/ImmutableCollectionBeanInfo> (0x00000000ef19cbb0) 
thrown [s\open\src\hotspot\share\classfile\systemDictionary.cpp, line 256]
Event: 733.471 Thread 0x000002256d989030 Exception <a 'java/lang/ClassNotFoundException'{0x00000000ef1a7388}: com/google/common/collect/ImmutableCollectionCustomizer> (0x00000000ef1a7388) 
thrown [s\open\src\hotspot\share\classfile\systemDictionary.cpp, line 256]
Event: 733.486 Thread 0x000002256d989030 Exception <a 'java/lang/ClassNotFoundException'{0x00000000ef1c1058}: com/google/common/collect/ImmutableListCustomizer> (0x00000000ef1c1058) 
thrown [s\open\src\hotspot\share\classfile\systemDictionary.cpp, line 256]
Event: 733.503 Thread 0x000002256d989030 Exception <a 'java/lang/ClassNotFoundException'{0x00000000ef001c20}: com/google/common/collect/RegularImmutableListCustomizer> (0x00000000ef001c20) 
thrown [s\open\src\hotspot\share\classfile\systemDictionary.cpp, line 256]
Event: 734.210 Thread 0x0000022574e96dc0 Exception <a 'java/lang/NoSuchMethodError'{0x00000000eee56130}: 'java.lang.Object java.lang.invoke.DirectMethodHandle$Holder.newInvokeSpecial(java.lang.Object, java.lang.Object, java.lang.Object, java.lang.Object, int, java.lang.Object)'> (0x00000000eee56130) 
thrown [s\open\src\hotspot\share\interpreter\linkResolver.cpp, line 759]
Event: 734.211 Thread 0x0000022574e96dc0 Exception <a 'java/lang/NoSuchMethodError'{0x00000000eee5a1a8}: 'java.lang.Object java.lang.invoke.Invokers$Holder.linkToTargetMethod(java.lang.Object, java.lang.Object, java.lang.Object, int, java.lang.Object, java.lang.Object)'> (0x00000000eee5a1a8) 
thrown [s\open\src\hotspot\share\interpreter\linkResolver.cpp, line 759]
Event: 734.385 Thread 0x0000022574e96dc0 Exception <a 'java/lang/NoSuchMethodError'{0x00000000eeeeff60}: 'void java.lang.invoke.DirectMethodHandle$Holder.invokeInterface(java.lang.Object, java.lang.Object, java.lang.Object, java.lang.Object)'> (0x00000000eeeeff60) 
thrown [s\open\src\hotspot\share\interpreter\linkResolver.cpp, line 759]
Event: 736.741 Thread 0x000002256d988b20 Exception <a 'java/lang/NoSuchMethodError'{0x00000000eecf51b0}: static Lorg/gradle/internal/build/event/types/DefaultTaskStartedProgressEvent;.<clinit>()V> (0x00000000eecf51b0) 
thrown [s\open\src\hotspot\share\prims\jni.cpp, line 1107]
Event: 736.748 Thread 0x000002256d988b20 Exception <a 'java/lang/NoSuchMethodError'{0x00000000eeb00f48}: static Lorg/gradle/internal/build/event/types/AbstractProgressEvent;.<clinit>()V> (0x00000000eeb00f48) 
thrown [s\open\src\hotspot\share\prims\jni.cpp, line 1107]
Event: 736.753 Thread 0x000002256d988b20 Exception <a 'java/lang/NoSuchMethodError'{0x00000000eeb0e0d0}: static Lorg/gradle/internal/build/event/types/DefaultTaskDescriptor;.<clinit>()V> (0x00000000eeb0e0d0) 
thrown [s\open\src\hotspot\share\prims\jni.cpp, line 1107]
Event: 736.932 Thread 0x0000022574e96dc0 Exception <a 'java/lang/IncompatibleClassChangeError'{0x00000000eeb574c8}: Found class java.lang.Object, but interface was expected> (0x00000000eeb574c8) 
thrown [s\open\src\hotspot\share\interpreter\linkResolver.cpp, line 826]
Event: 736.966 Thread 0x000002256d988b20 Exception <a 'java/lang/NoSuchMethodError'{0x00000000eeb882f0}: static Lorg/gradle/internal/operations/OperationIdentifier;.<clinit>()V> (0x00000000eeb882f0) 
thrown [s\open\src\hotspot\share\prims\jni.cpp, line 1107]
Event: 737.050 Thread 0x000002256d988b20 Exception <a 'java/lang/NoSuchMethodError'{0x00000000eeb941f0}: static Lorg/gradle/internal/build/event/types/DefaultBinaryPluginIdentifier;.<clinit>()V> (0x00000000eeb941f0) 
thrown [s\open\src\hotspot\share\prims\jni.cpp, line 1107]
Event: 745.483 Thread 0x0000022574e96dc0 Exception <a 'java/lang/IncompatibleClassChangeError'{0x00000000efc3ab38}: Found class java.lang.Object, but interface was expected> (0x00000000efc3ab38) 
thrown [s\open\src\hotspot\share\interpreter\linkResolver.cpp, line 826]
Event: 745.541 Thread 0x0000022574e96dc0 Exception <a 'java/lang/NoSuchMethodError'{0x00000000efc53918}: static Ljava/lang/Object;.<clinit>()V> (0x00000000efc53918) 
thrown [s\open\src\hotspot\share\prims\jni.cpp, line 1107]

VM Operations (20 events):
Event: 745.795 Executing VM operation: Cleanup
Event: 745.796 Executing VM operation: Cleanup done
Event: 746.810 Executing VM operation: Cleanup
Event: 746.811 Executing VM operation: Cleanup done
Event: 748.843 Executing VM operation: Cleanup
Event: 748.844 Executing VM operation: Cleanup done
Event: 756.934 Executing VM operation: Cleanup
Event: 756.935 Executing VM operation: Cleanup done
Event: 757.948 Executing VM operation: Cleanup
Event: 757.964 Executing VM operation: Cleanup done
Event: 758.964 Executing VM operation: Cleanup
Event: 758.995 Executing VM operation: Cleanup done
Event: 760.006 Executing VM operation: Cleanup
Event: 760.006 Executing VM operation: Cleanup done
Event: 761.015 Executing VM operation: Cleanup
Event: 761.888 Executing VM operation: Cleanup done
Event: 762.898 Executing VM operation: Cleanup
Event: 762.898 Executing VM operation: Cleanup done
Event: 764.925 Executing VM operation: Cleanup
Event: 764.926 Executing VM operation: Cleanup done

Events (20 events):
Event: 736.762 loading class java/io/SerialCallbackContext done
Event: 739.643 loading class java/util/stream/ReferencePipeline$4
Event: 739.649 loading class java/util/stream/ReferencePipeline$4 done
Event: 739.657 loading class java/util/stream/ReduceOps$6
Event: 739.659 loading class java/util/stream/ReduceOps$6 done
Event: 739.659 loading class java/util/stream/ReduceOps$5ReducingSink
Event: 739.662 loading class java/util/stream/ReduceOps$5ReducingSink done
Event: 739.663 loading class java/util/stream/ReferencePipeline$4$1
Event: 739.664 loading class java/util/stream/ReferencePipeline$4$1 done
Event: 745.501 loading class java/util/concurrent/ConcurrentSkipListMap$KeySet
Event: 745.525 loading class java/util/concurrent/ConcurrentSkipListMap$KeySet done
Event: 745.525 loading class java/util/concurrent/ConcurrentSkipListMap$KeyIterator
Event: 745.528 loading class java/util/concurrent/ConcurrentSkipListMap$KeyIterator done
Event: 761.011 Thread 0x00000225734ea750 Thread added: 0x00000225734ea750
Event: 761.042 Thread 0x0000022573a7d840 Thread added: 0x0000022573a7d840
Event: 762.096 Thread 0x0000022573a7d840 Thread exited: 0x0000022573a7d840
Event: 762.376 Thread 0x00000225734ea750 Thread exited: 0x00000225734ea750
Event: 764.674 loading class java/time/Instant$1
Event: 764.682 loading class java/time/Instant$1 done
Event: 769.699 loading class java/text/MessageFormat


Dynamic libraries:
0x00007ff6d2d40000 - 0x00007ff6d2d50000 	C:\Program Files\Java\jdk-17\bin\java.exe
0x00007fff176b0000 - 0x00007fff178c7000 	C:\WINDOWS\SYSTEM32\ntdll.dll
0x00007fff16220000 - 0x00007fff162e4000 	C:\WINDOWS\System32\KERNEL32.DLL
0x00007fff14d80000 - 0x00007fff15126000 	C:\WINDOWS\System32\KERNELBASE.dll
0x00007fff149f0000 - 0x00007fff14b01000 	C:\WINDOWS\System32\ucrtbase.dll
0x00007ffef5840000 - 0x00007ffef5859000 	C:\Program Files\Java\jdk-17\bin\jli.dll
0x00007fff16ac0000 - 0x00007fff16b73000 	C:\WINDOWS\System32\ADVAPI32.dll
0x00007fff16bb0000 - 0x00007fff16c57000 	C:\WINDOWS\System32\msvcrt.dll
0x00007fff16100000 - 0x00007fff161a8000 	C:\WINDOWS\System32\sechost.dll
0x00007fff14b80000 - 0x00007fff14ba8000 	C:\WINDOWS\System32\bcrypt.dll
0x00007fff15e40000 - 0x00007fff15f57000 	C:\WINDOWS\System32\RPCRT4.dll
0x00007fff16530000 - 0x00007fff166de000 	C:\WINDOWS\System32\USER32.dll
0x00007fff14d50000 - 0x00007fff14d76000 	C:\WINDOWS\System32\win32u.dll
0x00007fff16070000 - 0x00007fff16099000 	C:\WINDOWS\System32\GDI32.dll
0x00007fff14bb0000 - 0x00007fff14cc8000 	C:\WINDOWS\System32\gdi32full.dll
0x00007fff15360000 - 0x00007fff153fa000 	C:\WINDOWS\System32\msvcp_win.dll
0x00007ffeee4b0000 - 0x00007ffeee4cb000 	C:\Program Files\Java\jdk-17\bin\VCRUNTIME140.dll
0x00007ffef76c0000 - 0x00007ffef7953000 	C:\WINDOWS\WinSxS\amd64_microsoft.windows.common-controls_6595b64144ccf1df_6.0.22621.2506_none_270c5ae97388e100\COMCTL32.dll
0x00007fff0b1b0000 - 0x00007fff0b1ba000 	C:\WINDOWS\SYSTEM32\VERSION.dll
0x00007fff166e0000 - 0x00007fff16711000 	C:\WINDOWS\System32\IMM32.DLL
0x00007fff013a0000 - 0x00007fff013ac000 	C:\Program Files\Java\jdk-17\bin\vcruntime140_1.dll
0x00007ffed02b0000 - 0x00007ffed033e000 	C:\Program Files\Java\jdk-17\bin\msvcp140.dll
0x00007ffe67680000 - 0x00007ffe6825f000 	C:\Program Files\Java\jdk-17\bin\server\jvm.dll
0x00007fff16ba0000 - 0x00007fff16ba8000 	C:\WINDOWS\System32\PSAPI.DLL
0x00007fff06290000 - 0x00007fff06299000 	C:\WINDOWS\SYSTEM32\WSOCK32.dll
0x00007fff15450000 - 0x00007fff154c1000 	C:\WINDOWS\System32\WS2_32.dll
0x00007fff0c8d0000 - 0x00007fff0c904000 	C:\WINDOWS\SYSTEM32\WINMM.dll
0x00007fff139f0000 - 0x00007fff13a08000 	C:\WINDOWS\SYSTEM32\kernel.appcore.dll
0x00007fff012a0000 - 0x00007fff012aa000 	C:\Program Files\Java\jdk-17\bin\jimage.dll
0x00007fff12110000 - 0x00007fff12343000 	C:\WINDOWS\SYSTEM32\DBGHELP.DLL
0x00007fff16730000 - 0x00007fff16ab9000 	C:\WINDOWS\System32\combase.dll
0x00007fff158e0000 - 0x00007fff159b7000 	C:\WINDOWS\System32\OLEAUT32.dll
0x00007fff0e350000 - 0x00007fff0e382000 	C:\WINDOWS\SYSTEM32\dbgcore.DLL
0x00007fff14cd0000 - 0x00007fff14d4a000 	C:\WINDOWS\System32\bcryptPrimitives.dll
0x00007ffef7440000 - 0x00007ffef744e000 	C:\Program Files\Java\jdk-17\bin\instrument.dll
0x00007ffeed270000 - 0x00007ffeed295000 	C:\Program Files\Java\jdk-17\bin\java.dll
0x00007ffecfd60000 - 0x00007ffecfe37000 	C:\Program Files\Java\jdk-17\bin\jsvml.dll
0x00007fff16c60000 - 0x00007fff174ba000 	C:\WINDOWS\System32\SHELL32.dll
0x00007fff128f0000 - 0x00007fff131e6000 	C:\WINDOWS\SYSTEM32\windows.storage.dll
0x00007fff127b0000 - 0x00007fff128ee000 	C:\WINDOWS\SYSTEM32\wintypes.dll
0x00007fff16420000 - 0x00007fff16513000 	C:\WINDOWS\System32\SHCORE.dll
0x00007fff174c0000 - 0x00007fff1751e000 	C:\WINDOWS\System32\shlwapi.dll
0x00007fff14920000 - 0x00007fff14946000 	C:\WINDOWS\SYSTEM32\profapi.dll
0x00007ffeed8c0000 - 0x00007ffeed8d8000 	C:\Program Files\Java\jdk-17\bin\zip.dll
0x00007ffeed1d0000 - 0x00007ffeed1e9000 	C:\Program Files\Java\jdk-17\bin\net.dll
0x00007fff0e820000 - 0x00007fff0e957000 	C:\WINDOWS\SYSTEM32\WINHTTP.dll
0x00007fff13e80000 - 0x00007fff13ee9000 	C:\WINDOWS\system32\mswsock.dll
0x00007ffeed180000 - 0x00007ffeed196000 	C:\Program Files\Java\jdk-17\bin\nio.dll
0x00007ffef76b0000 - 0x00007ffef76c0000 	C:\Program Files\Java\jdk-17\bin\verify.dll
0x00007ffeebdf0000 - 0x00007ffeebe17000 	C:\Users\user\.gradle\native\c067742578af261105cb4f569cf0c3c89f3d7b1fecec35dd04571415982c5e48\windows-amd64\native-platform.dll
0x00007ffec81d0000 - 0x00007ffec8314000 	C:\Users\user\.gradle\native\38dada09dfb8b06ba9b0570ebf7e218e3eb74d4ef43ca46872605cf95ebc2f47\windows-amd64\native-platform-file-events.dll
0x00007ffef6fc0000 - 0x00007ffef6fca000 	C:\Program Files\Java\jdk-17\bin\management.dll
0x00007ffef6530000 - 0x00007ffef653b000 	C:\Program Files\Java\jdk-17\bin\management_ext.dll
0x00007fff140f0000 - 0x00007fff1410b000 	C:\WINDOWS\SYSTEM32\CRYPTSP.dll
0x00007fff13950000 - 0x00007fff13985000 	C:\WINDOWS\system32\rsaenh.dll
0x00007fff13f90000 - 0x00007fff13fbc000 	C:\WINDOWS\SYSTEM32\USERENV.dll
0x00007fff14110000 - 0x00007fff1411c000 	C:\WINDOWS\SYSTEM32\CRYPTBASE.dll
0x00007fff13450000 - 0x00007fff1347d000 	C:\WINDOWS\SYSTEM32\IPHLPAPI.DLL
0x00007fff16520000 - 0x00007fff16529000 	C:\WINDOWS\System32\NSI.dll
0x00007fff0e670000 - 0x00007fff0e689000 	C:\WINDOWS\SYSTEM32\dhcpcsvc6.DLL
0x00007fff0e390000 - 0x00007fff0e3af000 	C:\WINDOWS\SYSTEM32\dhcpcsvc.DLL
0x00007fff134c0000 - 0x00007fff135b9000 	C:\WINDOWS\SYSTEM32\DNSAPI.dll
0x00007ffef5f60000 - 0x00007ffef5f6e000 	C:\Program Files\Java\jdk-17\bin\sunmscapi.dll
0x00007fff15130000 - 0x00007fff15296000 	C:\WINDOWS\System32\CRYPT32.dll
0x00007fff142b0000 - 0x00007fff142de000 	C:\WINDOWS\SYSTEM32\ncrypt.dll
0x00007fff14270000 - 0x00007fff142a7000 	C:\WINDOWS\SYSTEM32\NTASN1.dll
0x00007fff01a00000 - 0x00007fff01a08000 	C:\WINDOWS\system32\wshunix.dll

dbghelp: loaded successfully - version: 4.0.5 - missing functions: none
symbol engine: initialized successfully - sym options: 0x614 - pdb path: .;C:\Program Files\Java\jdk-17\bin;C:\WINDOWS\SYSTEM32;C:\WINDOWS\WinSxS\amd64_microsoft.windows.common-controls_6595b64144ccf1df_6.0.22621.2506_none_270c5ae97388e100;C:\Program Files\Java\jdk-17\bin\server;C:\Users\user\.gradle\native\c067742578af261105cb4f569cf0c3c89f3d7b1fecec35dd04571415982c5e48\windows-amd64;C:\Users\user\.gradle\native\38dada09dfb8b06ba9b0570ebf7e218e3eb74d4ef43ca46872605cf95ebc2f47\windows-amd64

VM Arguments:
jvm_args: --add-opens=java.base/java.util=ALL-UNNAMED --add-opens=java.base/java.lang=ALL-UNNAMED --add-opens=java.base/java.lang.invoke=ALL-UNNAMED --add-opens=java.prefs/java.util.prefs=ALL-UNNAMED --add-opens=java.base/java.nio.charset=ALL-UNNAMED --add-opens=java.base/java.net=ALL-UNNAMED --add-opens=java.base/java.util.concurrent.atomic=ALL-UNNAMED -XX:MaxMetaspaceSize=384m -XX:+HeapDumpOnOutOfMemoryError -Xms256m -Xmx512m -Dfile.encoding=x-windows-949 -Duser.country=KR -Duser.language=ko -Duser.variant -javaagent:C:\Users\user\.gradle\wrapper\dists\gradle-8.5-bin\5t9huq95ubn472n8rpzujfbqh\gradle-8.5\lib\agents\gradle-instrumentation-agent-8.5.jar 
java_command: org.gradle.launcher.daemon.bootstrap.GradleDaemon 8.5
java_class_path (initial): C:\Users\user\.gradle\wrapper\dists\gradle-8.5-bin\5t9huq95ubn472n8rpzujfbqh\gradle-8.5\lib\gradle-launcher-8.5.jar
Launcher Type: SUN_STANDARD

[Global flags]
     intx CICompilerCount                          = 4                                         {product} {ergonomic}
   size_t CompressedClassSpaceSize                 = 335544320                                 {product} {ergonomic}
     uint ConcGCThreads                            = 2                                         {product} {ergonomic}
     uint G1ConcRefinementThreads                  = 8                                         {product} {ergonomic}
   size_t G1HeapRegionSize                         = 1048576                                   {product} {ergonomic}
    uintx GCDrainStackTargetSize                   = 64                                        {product} {ergonomic}
     bool HeapDumpOnOutOfMemoryError               = true                                   {manageable} {command line}
   size_t InitialHeapSize                          = 268435456                                 {product} {command line}
   size_t MarkStackSize                            = 4194304                                   {product} {ergonomic}
   size_t MaxHeapSize                              = 536870912                                 {product} {command line}
   size_t MaxMetaspaceSize                         = 402653184                                 {product} {command line}
   size_t MaxNewSize                               = 321912832                                 {product} {ergonomic}
   size_t MinHeapDeltaBytes                        = 1048576                                   {product} {ergonomic}
   size_t MinHeapSize                              = 268435456                                 {product} {command line}
    uintx NonNMethodCodeHeapSize                   = 5839372                                {pd product} {ergonomic}
    uintx NonProfiledCodeHeapSize                  = 122909434                              {pd product} {ergonomic}
    uintx ProfiledCodeHeapSize                     = 122909434                              {pd product} {ergonomic}
    uintx ReservedCodeCacheSize                    = 251658240                              {pd product} {ergonomic}
     bool SegmentedCodeCache                       = true                                      {product} {ergonomic}
   size_t SoftMaxHeapSize                          = 536870912                              {manageable} {ergonomic}
     bool UseCompressedClassPointers               = true                           {product lp64_product} {ergonomic}
     bool UseCompressedOops                        = true                           {product lp64_product} {ergonomic}
     bool UseG1GC                                  = true                                      {product} {ergonomic}
     bool UseLargePagesIndividualAllocation        = false                                  {pd product} {ergonomic}

Logging:
Log output configuration:
 #0: stdout all=warning uptime,level,tags
 #1: stderr all=off uptime,level,tags

Environment Variables:
JAVA_HOME=C:\Program Files\Java\jdk-17
PATH=C:\Program Files\Common Files\Oracle\Java\javapath;C:\Program Files (x86)\Windows Resource Kits\Tools\;C:\app\user\product\21c\dbhomeXE\bin;C:\WINDOWS\system32;C:\WINDOWS;C:\WINDOWS\System32\Wbem;C:\WINDOWS\System32\WindowsPowerShell\v1.0\;C:\WINDOWS\System32\OpenSSH\;C:\Program Files\Java\jdk-11\bin;C:\Program Files\Bandizip\;%MAVEN_HOME%\bin;C:\Program Files\nodejs\;C:\Program Files\Git\cmd;C:\Users\user\AppData\Local\Microsoft\WindowsApps;;C:\Program Files\JetBrains\IntelliJ IDEA 2023.3.2\bin;;C:\Users\user\AppData\Roaming\npm
USERNAME=user
OS=Windows_NT
PROCESSOR_IDENTIFIER=Intel64 Family 6 Model 126 Stepping 5, GenuineIntel



---------------  S Y S T E M  ---------------

OS:
 Windows 11 , 64 bit Build 22621 (10.0.22621.2506)
OS uptime: 41 days 23:26 hours
Hyper-V role detected

CPU: total 8 (initial active 8) (4 cores per cpu, 2 threads per core) family 6 model 126 stepping 5 microcode 0x86, cx8, cmov, fxsr, ht, mmx, 3dnowpref, sse, sse2, sse3, ssse3, sse4.1, sse4.2, popcnt, lzcnt, tsc, tscinvbit, avx, avx2, aes, erms, clmul, bmi1, bmi2, adx, avx512f, avx512dq, avx512cd, avx512bw, avx512vl, sha, fma, vzeroupper, avx512_vpopcntdq, avx512_vpclmulqdq, avx512_vaes, avx512_vnni, clflush, clflushopt, avx512_vbmi2, avx512_vbmi, hv

Memory: 4k page, system-wide physical 7901M (938M free)
TotalPageFile size 32477M (AvailPageFile size 14M)
current process WorkingSet (physical memory assigned to process): 118M, peak: 191M
current process commit charge ("private bytes"): 468M, peak: 469M

vm_info: Java HotSpot(TM) 64-Bit Server VM (17.0.10+11-LTS-240) for windows-amd64 JRE (17.0.10+11-LTS-240), built on Dec 19 2023 21:47:25 by "mach5one" with MS VC++ 17.1 (VS2022)

END.
